[ 2018-04-20T16:31:35+08:00 ] 127.0.0.1 /index.php/practice/dou_show/cou_i12d/155/p/2.html
ERR: 1064:You have an error in your SQL syntax; check the manual that corresponds to your MySQL server version for the right syntax to use near 'and is_show=1 ) LIMIT 1' at line 1
 [ SQL语句 ] : SELECT COUNT(*) AS tp_count FROM `jt_ques_double` WHERE ( course_id= and is_show=1 ) LIMIT 1  
ERR: 1064:You have an error in your SQL syntax; check the manual that corresponds to your MySQL server version for the right syntax to use near 'and is_show=1 ) LIMIT 1' at line 1
 [ SQL语句 ] : SELECT COUNT(*) AS tp_count FROM `jt_ques_double` WHERE ( course_id= and is_show=1 ) LIMIT 1  

[ 2018-04-20T16:31:43+08:00 ] 127.0.0.1 /index.php/practice/dou_show/cou_i12d/155/p/2.html
ERR: 1064:You have an error in your SQL syntax; check the manual that corresponds to your MySQL server version for the right syntax to use near 'and is_show=1 ) LIMIT 1' at line 1
 [ SQL语句 ] : SELECT COUNT(*) AS tp_count FROM `jt_ques_double` WHERE ( course_id= and is_show=1 ) LIMIT 1  
ERR: 1064:You have an error in your SQL syntax; check the manual that corresponds to your MySQL server version for the right syntax to use near 'and is_show=1 ) LIMIT 1' at line 1
 [ SQL语句 ] : SELECT COUNT(*) AS tp_count FROM `jt_ques_double` WHERE ( course_id= and is_show=1 ) LIMIT 1  

[ 2018-04-20T16:31:47+08:00 ] 127.0.0.1 /index.php/practice/dou_show/cou_i12d/155/p/2.html
ERR: 1064:You have an error in your SQL syntax; check the manual that corresponds to your MySQL server version for the right syntax to use near 'and is_show=1 ) LIMIT 1' at line 1
 [ SQL语句 ] : SELECT COUNT(*) AS tp_count FROM `jt_ques_double` WHERE ( course_id= and is_show=1 ) LIMIT 1  
ERR: 1064:You have an error in your SQL syntax; check the manual that corresponds to your MySQL server version for the right syntax to use near 'and is_show=1 ) LIMIT 1' at line 1
 [ SQL语句 ] : SELECT COUNT(*) AS tp_count FROM `jt_ques_double` WHERE ( course_id= and is_show=1 ) LIMIT 1  

[ 2018-04-20T16:33:14+08:00 ] 127.0.0.1 /index.php/practice/dou_show/cou_i12d/155/p/2.html
INFO: [ app_init ] --START--
INFO: Run Behavior\BuildLiteBehavior [ RunTime:0.000053s ]
INFO: [ app_init ] --END-- [ RunTime:0.000906s ]
INFO: [ app_begin ] --START--
INFO: Run Behavior\ReadHtmlCacheBehavior [ RunTime:0.001110s ]
INFO: [ app_begin ] --END-- [ RunTime:0.001321s ]
SQL: SHOW COLUMNS FROM `jt_ques_double` [ RunTime:0.0592s ]
ERR: 1064:You have an error in your SQL syntax; check the manual that corresponds to your MySQL server version for the right syntax to use near 'and is_show=1 ) LIMIT 1' at line 1
 [ SQL语句 ] : SELECT COUNT(*) AS tp_count FROM `jt_ques_double` WHERE ( course_id= and is_show=1 ) LIMIT 1  
ERR: 1064:You have an error in your SQL syntax; check the manual that corresponds to your MySQL server version for the right syntax to use near 'and is_show=1 ) LIMIT 1' at line 1
 [ SQL语句 ] : SELECT COUNT(*) AS tp_count FROM `jt_ques_double` WHERE ( course_id= and is_show=1 ) LIMIT 1  

[ 2018-04-20T16:34:29+08:00 ] 127.0.0.1 /index.php/practice/dou_show/cou_i12d/155/p/2.html
INFO: [ app_init ] --START--
INFO: Run Behavior\BuildLiteBehavior [ RunTime:0.000050s ]
INFO: [ app_init ] --END-- [ RunTime:0.001140s ]
INFO: [ app_begin ] --START--
INFO: Run Behavior\ReadHtmlCacheBehavior [ RunTime:0.001403s ]
INFO: [ app_begin ] --END-- [ RunTime:0.001763s ]
SQL: SHOW COLUMNS FROM `jt_ques_double` [ RunTime:0.0164s ]
ERR: 1064:You have an error in your SQL syntax; check the manual that corresponds to your MySQL server version for the right syntax to use near 'and is_show=1 ) LIMIT 1' at line 1
 [ SQL语句 ] : SELECT COUNT(*) AS tp_count FROM `jt_ques_double` WHERE ( course_id= and is_show=1 ) LIMIT 1  
ERR: 1064:You have an error in your SQL syntax; check the manual that corresponds to your MySQL server version for the right syntax to use near 'and is_show=1 ) LIMIT 1' at line 1
 [ SQL语句 ] : SELECT COUNT(*) AS tp_count FROM `jt_ques_double` WHERE ( course_id= and is_show=1 ) LIMIT 1  

[ 2018-04-20T16:35:28+08:00 ] 127.0.0.1 /index.php/practice/dou_show/cou_i12d/155/p/2.html
ERR: 1064:You have an error in your SQL syntax; check the manual that corresponds to your MySQL server version for the right syntax to use near 'and is_show=1 ) LIMIT 1' at line 1
 [ SQL语句 ] : SELECT COUNT(*) AS tp_count FROM `jt_ques_double` WHERE ( course_id= and is_show=1 ) LIMIT 1  
ERR: 1064:You have an error in your SQL syntax; check the manual that corresponds to your MySQL server version for the right syntax to use near 'and is_show=1 ) LIMIT 1' at line 1
 [ SQL语句 ] : SELECT COUNT(*) AS tp_count FROM `jt_ques_double` WHERE ( course_id= and is_show=1 ) LIMIT 1  

[ 2018-04-20T16:36:00+08:00 ] 127.0.0.1 /index.php/practice/dou_show/cou_i12d/155/p/2.html
ERR: 1064:You have an error in your SQL syntax; check the manual that corresponds to your MySQL server version for the right syntax to use near 'and is_show=1 ) LIMIT 1' at line 1
 [ SQL语句 ] : SELECT COUNT(*) AS tp_count FROM `jt_ques_double` WHERE ( course_id= and is_show=1 ) LIMIT 1  
ERR: 1064:You have an error in your SQL syntax; check the manual that corresponds to your MySQL server version for the right syntax to use near 'and is_show=1 ) LIMIT 1' at line 1
 [ SQL语句 ] : SELECT COUNT(*) AS tp_count FROM `jt_ques_double` WHERE ( course_id= and is_show=1 ) LIMIT 1  

[ 2018-04-20T16:36:22+08:00 ] 127.0.0.1 /index.php/practice/dou_show/cou_i12d/155/p/2.html
ERR: 1064:You have an error in your SQL syntax; check the manual that corresponds to your MySQL server version for the right syntax to use near 'and is_show=1 ) LIMIT 1' at line 1
 [ SQL语句 ] : SELECT COUNT(*) AS tp_count FROM `jt_ques_double` WHERE ( course_id= and is_show=1 ) LIMIT 1  
ERR: 1064:You have an error in your SQL syntax; check the manual that corresponds to your MySQL server version for the right syntax to use near 'and is_show=1 ) LIMIT 1' at line 1
 [ SQL语句 ] : SELECT COUNT(*) AS tp_count FROM `jt_ques_double` WHERE ( course_id= and is_show=1 ) LIMIT 1  

[ 2018-04-20T16:37:06+08:00 ] 127.0.0.1 /index.php/practice/dou_show/cou_i12d/155/p/2.html
ERR: 1064:You have an error in your SQL syntax; check the manual that corresponds to your MySQL server version for the right syntax to use near 'and is_show=1 ) LIMIT 1' at line 1
 [ SQL语句 ] : SELECT COUNT(*) AS tp_count FROM `jt_ques_double` WHERE ( course_id= and is_show=1 ) LIMIT 1  
ERR: 1064:You have an error in your SQL syntax; check the manual that corresponds to your MySQL server version for the right syntax to use near 'and is_show=1 ) LIMIT 1' at line 1
 [ SQL语句 ] : SELECT COUNT(*) AS tp_count FROM `jt_ques_double` WHERE ( course_id= and is_show=1 ) LIMIT 1  

[ 2018-04-20T16:37:28+08:00 ] 127.0.0.1 /index.php/practice/dou_show/cou_i12d/155/p/2.html
ERR: 1064:You have an error in your SQL syntax; check the manual that corresponds to your MySQL server version for the right syntax to use near 'and is_show=1 ) LIMIT 1' at line 1
 [ SQL语句 ] : SELECT COUNT(*) AS tp_count FROM `jt_ques_double` WHERE ( course_id= and is_show=1 ) LIMIT 1  
ERR: 1064:You have an error in your SQL syntax; check the manual that corresponds to your MySQL server version for the right syntax to use near 'and is_show=1 ) LIMIT 1' at line 1
 [ SQL语句 ] : SELECT COUNT(*) AS tp_count FROM `jt_ques_double` WHERE ( course_id= and is_show=1 ) LIMIT 1  

[ 2018-04-20T16:38:06+08:00 ] 127.0.0.1 /index.php/practice/dou_show/cou_i12d/155/p/2.html
ERR: 1064:You have an error in your SQL syntax; check the manual that corresponds to your MySQL server version for the right syntax to use near 'and is_show=1 ) LIMIT 1' at line 1
 [ SQL语句 ] : SELECT COUNT(*) AS tp_count FROM `jt_ques_double` WHERE ( course_id= and is_show=1 ) LIMIT 1  
ERR: 1064:You have an error in your SQL syntax; check the manual that corresponds to your MySQL server version for the right syntax to use near 'and is_show=1 ) LIMIT 1' at line 1
 [ SQL语句 ] : SELECT COUNT(*) AS tp_count FROM `jt_ques_double` WHERE ( course_id= and is_show=1 ) LIMIT 1  

[ 2018-04-20T16:38:36+08:00 ] 127.0.0.1 /index.php/practice/dou_show/cou_i12d/155/p/2.html
ERR: 1064:You have an error in your SQL syntax; check the manual that corresponds to your MySQL server version for the right syntax to use near 'and is_show=1 ) LIMIT 1' at line 1
 [ SQL语句 ] : SELECT COUNT(*) AS tp_count FROM `jt_ques_double` WHERE ( course_id= and is_show=1 ) LIMIT 1  
ERR: 1064:You have an error in your SQL syntax; check the manual that corresponds to your MySQL server version for the right syntax to use near 'and is_show=1 ) LIMIT 1' at line 1
 [ SQL语句 ] : SELECT COUNT(*) AS tp_count FROM `jt_ques_double` WHERE ( course_id= and is_show=1 ) LIMIT 1  

[ 2018-04-20T16:39:35+08:00 ] 127.0.0.1 /index.php/practice/dou_show/cou_i12d/155/p/2.html
ERR: 1064:You have an error in your SQL syntax; check the manual that corresponds to your MySQL server version for the right syntax to use near 'and is_show=1 ) LIMIT 1' at line 1
 [ SQL语句 ] : SELECT COUNT(*) AS tp_count FROM `jt_ques_double` WHERE ( course_id= and is_show=1 ) LIMIT 1  
ERR: 1064:You have an error in your SQL syntax; check the manual that corresponds to your MySQL server version for the right syntax to use near 'and is_show=1 ) LIMIT 1' at line 1
 [ SQL语句 ] : SELECT COUNT(*) AS tp_count FROM `jt_ques_double` WHERE ( course_id= and is_show=1 ) LIMIT 1  

[ 2018-04-20T16:40:42+08:00 ] 127.0.0.1 /index.php/practice/dou_show/cou_i12d/155/p/2.html
ERR: 1064:You have an error in your SQL syntax; check the manual that corresponds to your MySQL server version for the right syntax to use near 'and is_show=1 ) LIMIT 1' at line 1
 [ SQL语句 ] : SELECT COUNT(*) AS tp_count FROM `jt_ques_double` WHERE ( course_id= and is_show=1 ) LIMIT 1  
ERR: 1064:You have an error in your SQL syntax; check the manual that corresponds to your MySQL server version for the right syntax to use near 'and is_show=1 ) LIMIT 1' at line 1
 [ SQL语句 ] : SELECT COUNT(*) AS tp_count FROM `jt_ques_double` WHERE ( course_id= and is_show=1 ) LIMIT 1  

[ 2018-04-20T16:41:05+08:00 ] 127.0.0.1 /index.php/practice/dou_show/cou_i12d/155/p/2.html
ERR: 1064:You have an error in your SQL syntax; check the manual that corresponds to your MySQL server version for the right syntax to use near 'and is_show=1 ) LIMIT 1' at line 1
 [ SQL语句 ] : SELECT COUNT(*) AS tp_count FROM `jt_ques_double` WHERE ( course_id= and is_show=1 ) LIMIT 1  
ERR: 1064:You have an error in your SQL syntax; check the manual that corresponds to your MySQL server version for the right syntax to use near 'and is_show=1 ) LIMIT 1' at line 1
 [ SQL语句 ] : SELECT COUNT(*) AS tp_count FROM `jt_ques_double` WHERE ( course_id= and is_show=1 ) LIMIT 1  

[ 2018-04-20T16:41:13+08:00 ] 127.0.0.1 /index.php/practice/dou_show/cou_i12d/155/p/2.html
ERR: 1064:You have an error in your SQL syntax; check the manual that corresponds to your MySQL server version for the right syntax to use near 'and is_show=1 ) LIMIT 1' at line 1
 [ SQL语句 ] : SELECT COUNT(*) AS tp_count FROM `jt_ques_double` WHERE ( course_id= and is_show=1 ) LIMIT 1  
ERR: 1064:You have an error in your SQL syntax; check the manual that corresponds to your MySQL server version for the right syntax to use near 'and is_show=1 ) LIMIT 1' at line 1
 [ SQL语句 ] : SELECT COUNT(*) AS tp_count FROM `jt_ques_double` WHERE ( course_id= and is_show=1 ) LIMIT 1  

[ 2018-04-20T16:41:21+08:00 ] 127.0.0.1 /index.php/practice/dou_show/cou_i12d/155/p/2.html
ERR: 1064:You have an error in your SQL syntax; check the manual that corresponds to your MySQL server version for the right syntax to use near 'and is_show=1 ) LIMIT 1' at line 1
 [ SQL语句 ] : SELECT COUNT(*) AS tp_count FROM `jt_ques_double` WHERE ( course_id= and is_show=1 ) LIMIT 1  
ERR: 1064:You have an error in your SQL syntax; check the manual that corresponds to your MySQL server version for the right syntax to use near 'and is_show=1 ) LIMIT 1' at line 1
 [ SQL语句 ] : SELECT COUNT(*) AS tp_count FROM `jt_ques_double` WHERE ( course_id= and is_show=1 ) LIMIT 1  

[ 2018-04-20T16:41:23+08:00 ] 127.0.0.1 /index.php/practice/dou_show/cou_i12d/155/p/2.html
ERR: 1064:You have an error in your SQL syntax; check the manual that corresponds to your MySQL server version for the right syntax to use near 'and is_show=1 ) LIMIT 1' at line 1
 [ SQL语句 ] : SELECT COUNT(*) AS tp_count FROM `jt_ques_double` WHERE ( course_id= and is_show=1 ) LIMIT 1  
ERR: 1064:You have an error in your SQL syntax; check the manual that corresponds to your MySQL server version for the right syntax to use near 'and is_show=1 ) LIMIT 1' at line 1
 [ SQL语句 ] : SELECT COUNT(*) AS tp_count FROM `jt_ques_double` WHERE ( course_id= and is_show=1 ) LIMIT 1  

[ 2018-04-20T16:47:50+08:00 ] 127.0.0.1 /index.php/practice/dou_show/cou_i12d/155/p/2.html
ERR: 1064:You have an error in your SQL syntax; check the manual that corresponds to your MySQL server version for the right syntax to use near 'and is_show=1 ) LIMIT 1' at line 1
 [ SQL语句 ] : SELECT COUNT(*) AS tp_count FROM `jt_ques_double` WHERE ( course_id= and is_show=1 ) LIMIT 1  
ERR: 1064:You have an error in your SQL syntax; check the manual that corresponds to your MySQL server version for the right syntax to use near 'and is_show=1 ) LIMIT 1' at line 1
 [ SQL语句 ] : SELECT COUNT(*) AS tp_count FROM `jt_ques_double` WHERE ( course_id= and is_show=1 ) LIMIT 1  

[ 2018-04-20T17:21:20+08:00 ] 127.0.0.1 /index.php/practice/sin_show/cou_id/155+or+1%3D1/p/2.html
ERR: 1064:You have an error in your SQL syntax; check the manual that corresponds to your MySQL server version for the right syntax to use near 'or+1=1 and is_show=1 ) LIMIT 1' at line 1
 [ SQL语句 ] : SELECT COUNT(*) AS tp_count FROM `jt_ques_single` WHERE ( course_id=155+or+1=1 and is_show=1 ) LIMIT 1  
ERR: 1064:You have an error in your SQL syntax; check the manual that corresponds to your MySQL server version for the right syntax to use near 'or+1=1 and is_show=1 ) LIMIT 1' at line 1
 [ SQL语句 ] : SELECT COUNT(*) AS tp_count FROM `jt_ques_single` WHERE ( course_id=155+or+1=1 and is_show=1 ) LIMIT 1  

[ 2018-04-20T17:22:58+08:00 ] 127.0.0.1 /index.php/practice/sin_show/cou_id/155)
ERR: 1064:You have an error in your SQL syntax; check the manual that corresponds to your MySQL server version for the right syntax to use near ') LIMIT 1' at line 1
 [ SQL语句 ] : SELECT COUNT(*) AS tp_count FROM `jt_ques_single` WHERE ( course_id=155) and is_show=1 ) LIMIT 1  
ERR: 1064:You have an error in your SQL syntax; check the manual that corresponds to your MySQL server version for the right syntax to use near ') LIMIT 1' at line 1
 [ SQL语句 ] : SELECT COUNT(*) AS tp_count FROM `jt_ques_single` WHERE ( course_id=155) and is_show=1 ) LIMIT 1  

[ 2018-04-20T20:04:18+08:00 ] 127.0.0.1 /index.php/practice/jud_show/cou_id/155/p/2.html
INFO: [ app_init ] --START--
INFO: Run Behavior\BuildLiteBehavior [ RunTime:0.000171s ]
INFO: [ app_init ] --END-- [ RunTime:0.001883s ]
INFO: [ app_begin ] --START--
INFO: Run Behavior\ReadHtmlCacheBehavior [ RunTime:0.001677s ]
INFO: [ app_begin ] --END-- [ RunTime:0.002083s ]
SQL: SHOW COLUMNS FROM `jt_ques_judge` [ RunTime:0.0296s ]
SQL: SELECT COUNT(*) AS tp_count FROM `jt_ques_judge` WHERE ( course_id=155 and is_show=1 ) LIMIT 1   [ RunTime:0.0008s ]
SQL: SHOW COLUMNS FROM `jt_course` [ RunTime:0.0135s ]
SQL: SELECT COUNT(*) AS tp_count FROM `jt_course` WHERE ( id=155 and display=1 ) LIMIT 1   [ RunTime:0.0006s ]
SQL: SELECT * FROM `jt_ques_judge` WHERE ( course_id=155 and is_show=1 ) LIMIT 1,1   [ RunTime:0.0008s ]
SQL: SELECT * FROM `jt_course` WHERE `id` = 155 LIMIT 1   [ RunTime:0.0005s ]
INFO: [ view_parse ] --START--
INFO: [ template_filter ] --START--
INFO: Run Behavior\ContentReplaceBehavior [ RunTime:0.000234s ]
INFO: [ template_filter ] --END-- [ RunTime:0.000545s ]
INFO: Run Behavior\ParseTemplateBehavior [ RunTime:0.017479s ]
INFO: [ view_parse ] --END-- [ RunTime:0.017874s ]
INFO: [ view_filter ] --START--
INFO: Run Behavior\WriteHtmlCacheBehavior [ RunTime:0.001389s ]
INFO: [ view_filter ] --END-- [ RunTime:0.001707s ]
INFO: [ app_end ] --START--
INFO: Run Behavior\ShowPageTraceBehavior [ RunTime:0.001275s ]
INFO: [ app_end ] --END-- [ RunTime:0.001563s ]

[ 2018-04-20T20:04:21+08:00 ] 127.0.0.1 /index.php/Practice/check_jud
INFO: [ app_init ] --START--
INFO: Run Behavior\BuildLiteBehavior [ RunTime:0.000059s ]
INFO: [ app_init ] --END-- [ RunTime:0.001213s ]
INFO: [ app_begin ] --START--
INFO: Run Behavior\ReadHtmlCacheBehavior [ RunTime:0.001129s ]
INFO: [ app_begin ] --END-- [ RunTime:0.001339s ]

[ 2018-04-20T20:04:22+08:00 ] 127.0.0.1 /index.php/Practice/check_jud
INFO: [ app_init ] --START--
INFO: Run Behavior\BuildLiteBehavior [ RunTime:0.000050s ]
INFO: [ app_init ] --END-- [ RunTime:0.000817s ]
INFO: [ app_begin ] --START--
INFO: Run Behavior\ReadHtmlCacheBehavior [ RunTime:0.000736s ]
INFO: [ app_begin ] --END-- [ RunTime:0.000892s ]

[ 2018-04-20T20:04:28+08:00 ] 127.0.0.1 /index.php/Practice/sin_show/cou_id/155
INFO: [ app_init ] --START--
INFO: Run Behavior\BuildLiteBehavior [ RunTime:0.000053s ]
INFO: [ app_init ] --END-- [ RunTime:0.001147s ]
INFO: [ app_begin ] --START--
INFO: Run Behavior\ReadHtmlCacheBehavior [ RunTime:0.001113s ]
INFO: [ app_begin ] --END-- [ RunTime:0.001362s ]
NOTIC: [8] Use of undefined constant int - assumed 'int' F:\JMoocTest\Application\Home\Controller\PracticeController.class.php 第 8 行.
SQL: SHOW COLUMNS FROM `jt_ques_single` [ RunTime:0.1016s ]
SQL: SELECT COUNT(*) AS tp_count FROM `jt_ques_single` WHERE ( course_id=155 and is_show=1 ) LIMIT 1   [ RunTime:0.0007s ]
SQL: SHOW COLUMNS FROM `jt_course` [ RunTime:0.0120s ]
SQL: SELECT COUNT(*) AS tp_count FROM `jt_course` WHERE ( id=155 and display=1 ) LIMIT 1   [ RunTime:0.0007s ]
SQL: SELECT * FROM `jt_ques_single` WHERE ( course_id=155 and is_show=1 ) LIMIT 0,1   [ RunTime:0.0009s ]
SQL: SELECT * FROM `jt_course` WHERE `id` = 155 LIMIT 1   [ RunTime:0.0007s ]
INFO: [ view_parse ] --START--
INFO: [ template_filter ] --START--
INFO: Run Behavior\ContentReplaceBehavior [ RunTime:0.000278s ]
INFO: [ template_filter ] --END-- [ RunTime:0.000621s ]
INFO: Run Behavior\ParseTemplateBehavior [ RunTime:0.016359s ]
INFO: [ view_parse ] --END-- [ RunTime:0.016692s ]
INFO: [ view_filter ] --START--
INFO: Run Behavior\WriteHtmlCacheBehavior [ RunTime:0.000987s ]
INFO: [ view_filter ] --END-- [ RunTime:0.001260s ]
INFO: [ app_end ] --START--
INFO: Run Behavior\ShowPageTraceBehavior [ RunTime:0.001436s ]
INFO: [ app_end ] --END-- [ RunTime:0.001717s ]

[ 2018-04-20T20:04:31+08:00 ] 127.0.0.1 /index.php/Practice/sin_show/cou_id/155/p/2.html
INFO: [ app_init ] --START--
INFO: Run Behavior\BuildLiteBehavior [ RunTime:0.000085s ]
INFO: [ app_init ] --END-- [ RunTime:0.001699s ]
INFO: [ app_begin ] --START--
INFO: Run Behavior\ReadHtmlCacheBehavior [ RunTime:0.001990s ]
INFO: [ app_begin ] --END-- [ RunTime:0.002342s ]
NOTIC: [8] Use of undefined constant int - assumed 'int' F:\JMoocTest\Application\Home\Controller\PracticeController.class.php 第 8 行.
SQL: SHOW COLUMNS FROM `jt_ques_single` [ RunTime:0.0149s ]
SQL: SELECT COUNT(*) AS tp_count FROM `jt_ques_single` WHERE ( course_id=155 and is_show=1 ) LIMIT 1   [ RunTime:0.0010s ]
SQL: SHOW COLUMNS FROM `jt_course` [ RunTime:0.0136s ]
SQL: SELECT COUNT(*) AS tp_count FROM `jt_course` WHERE ( id=155 and display=1 ) LIMIT 1   [ RunTime:0.0008s ]
SQL: SELECT * FROM `jt_ques_single` WHERE ( course_id=155 and is_show=1 ) LIMIT 1,1   [ RunTime:0.0009s ]
SQL: SELECT * FROM `jt_course` WHERE `id` = 155 LIMIT 1   [ RunTime:0.0003s ]
INFO: [ view_parse ] --START--
INFO: [ template_filter ] --START--
INFO: Run Behavior\ContentReplaceBehavior [ RunTime:0.000229s ]
INFO: [ template_filter ] --END-- [ RunTime:0.000518s ]
INFO: Run Behavior\ParseTemplateBehavior [ RunTime:0.019251s ]
INFO: [ view_parse ] --END-- [ RunTime:0.019655s ]
INFO: [ view_filter ] --START--
INFO: Run Behavior\WriteHtmlCacheBehavior [ RunTime:0.001340s ]
INFO: [ view_filter ] --END-- [ RunTime:0.001677s ]
INFO: [ app_end ] --START--
INFO: Run Behavior\ShowPageTraceBehavior [ RunTime:0.001464s ]
INFO: [ app_end ] --END-- [ RunTime:0.001814s ]

[ 2018-04-20T20:04:40+08:00 ] 127.0.0.1 /index.php/Practice/sin_show/cou_id/1er/p/2.html
INFO: [ app_init ] --START--
INFO: Run Behavior\BuildLiteBehavior [ RunTime:0.000052s ]
INFO: [ app_init ] --END-- [ RunTime:0.000997s ]
INFO: [ app_begin ] --START--
INFO: Run Behavior\ReadHtmlCacheBehavior [ RunTime:0.001761s ]
INFO: [ app_begin ] --END-- [ RunTime:0.002063s ]
NOTIC: [8] Use of undefined constant int - assumed 'int' F:\JMoocTest\Application\Home\Controller\PracticeController.class.php 第 8 行.
SQL: SHOW COLUMNS FROM `jt_ques_single` [ RunTime:0.0107s ]
ERR: 1064:You have an error in your SQL syntax; check the manual that corresponds to your MySQL server version for the right syntax to use near 'and is_show=1 ) LIMIT 1' at line 1
 [ SQL语句 ] : SELECT COUNT(*) AS tp_count FROM `jt_ques_single` WHERE ( course_id= and is_show=1 ) LIMIT 1  
ERR: 1064:You have an error in your SQL syntax; check the manual that corresponds to your MySQL server version for the right syntax to use near 'and is_show=1 ) LIMIT 1' at line 1
 [ SQL语句 ] : SELECT COUNT(*) AS tp_count FROM `jt_ques_single` WHERE ( course_id= and is_show=1 ) LIMIT 1  

[ 2018-04-20T20:05:10+08:00 ] 127.0.0.1 /index.php/Practice/sin_show/cou_id/1er/p/2.html
ERR: 1064:You have an error in your SQL syntax; check the manual that corresponds to your MySQL server version for the right syntax to use near 'and is_show=1 ) LIMIT 1' at line 1
 [ SQL语句 ] : SELECT COUNT(*) AS tp_count FROM `jt_ques_single` WHERE ( course_id= and is_show=1 ) LIMIT 1  
ERR: 1064:You have an error in your SQL syntax; check the manual that corresponds to your MySQL server version for the right syntax to use near 'and is_show=1 ) LIMIT 1' at line 1
 [ SQL语句 ] : SELECT COUNT(*) AS tp_count FROM `jt_ques_single` WHERE ( course_id= and is_show=1 ) LIMIT 1  

[ 2018-04-20T20:05:21+08:00 ] 127.0.0.1 /index.php/Practice/sin_show/cou_id/1er/p/2.html
ERR: 1054:Unknown column '1er' in 'where clause'
 [ SQL语句 ] : SELECT COUNT(*) AS tp_count FROM `jt_ques_single` WHERE ( course_id=1er and is_show=1 ) LIMIT 1  
ERR: 1054:Unknown column '1er' in 'where clause'
 [ SQL语句 ] : SELECT COUNT(*) AS tp_count FROM `jt_ques_single` WHERE ( course_id=1er and is_show=1 ) LIMIT 1  

[ 2018-04-20T20:06:01+08:00 ] 127.0.0.1 /index.php/Practice/sin_show/cou_id/1.1/p/2.html
ERR: 1064:You have an error in your SQL syntax; check the manual that corresponds to your MySQL server version for the right syntax to use near 'and is_show=1 ) LIMIT 1' at line 1
 [ SQL语句 ] : SELECT COUNT(*) AS tp_count FROM `jt_ques_single` WHERE ( course_id= and is_show=1 ) LIMIT 1  
ERR: 1064:You have an error in your SQL syntax; check the manual that corresponds to your MySQL server version for the right syntax to use near 'and is_show=1 ) LIMIT 1' at line 1
 [ SQL语句 ] : SELECT COUNT(*) AS tp_count FROM `jt_ques_single` WHERE ( course_id= and is_show=1 ) LIMIT 1  

[ 2018-04-20T20:06:07+08:00 ] 127.0.0.1 /index.php/Practice/sin_show/cou_id/1.1/p/2.html
ERR: 1064:You have an error in your SQL syntax; check the manual that corresponds to your MySQL server version for the right syntax to use near 'and is_show=1 ) LIMIT 1' at line 1
 [ SQL语句 ] : SELECT COUNT(*) AS tp_count FROM `jt_ques_single` WHERE ( course_id= and is_show=1 ) LIMIT 1  
ERR: 1064:You have an error in your SQL syntax; check the manual that corresponds to your MySQL server version for the right syntax to use near 'and is_show=1 ) LIMIT 1' at line 1
 [ SQL语句 ] : SELECT COUNT(*) AS tp_count FROM `jt_ques_single` WHERE ( course_id= and is_show=1 ) LIMIT 1  

[ 2018-04-20T20:06:29+08:00 ] 127.0.0.1 /index.php/Practice/sin_show/cou_id/121dd/p/2.html
ERR: 1064:You have an error in your SQL syntax; check the manual that corresponds to your MySQL server version for the right syntax to use near 'and is_show=1 ) LIMIT 1' at line 1
 [ SQL语句 ] : SELECT COUNT(*) AS tp_count FROM `jt_ques_single` WHERE ( course_id= and is_show=1 ) LIMIT 1  
ERR: 1064:You have an error in your SQL syntax; check the manual that corresponds to your MySQL server version for the right syntax to use near 'and is_show=1 ) LIMIT 1' at line 1
 [ SQL语句 ] : SELECT COUNT(*) AS tp_count FROM `jt_ques_single` WHERE ( course_id= and is_show=1 ) LIMIT 1  

[ 2018-04-20T20:07:00+08:00 ] 127.0.0.1 /index.php/Practice/sin_show/cou_id/12.1/p/2.html
ERR: 1064:You have an error in your SQL syntax; check the manual that corresponds to your MySQL server version for the right syntax to use near 'and is_show=1 ) LIMIT 1' at line 1
 [ SQL语句 ] : SELECT COUNT(*) AS tp_count FROM `jt_ques_single` WHERE ( course_id= and is_show=1 ) LIMIT 1  
ERR: 1064:You have an error in your SQL syntax; check the manual that corresponds to your MySQL server version for the right syntax to use near 'and is_show=1 ) LIMIT 1' at line 1
 [ SQL语句 ] : SELECT COUNT(*) AS tp_count FROM `jt_ques_single` WHERE ( course_id= and is_show=1 ) LIMIT 1  

[ 2018-04-20T20:07:32+08:00 ] 127.0.0.1 /index.php/Practice/sin_show/cou_id/12.1/p/2.html
ERR: 1064:You have an error in your SQL syntax; check the manual that corresponds to your MySQL server version for the right syntax to use near 'and is_show=1 ) LIMIT 1' at line 1
 [ SQL语句 ] : SELECT COUNT(*) AS tp_count FROM `jt_ques_single` WHERE ( course_id= and is_show=1 ) LIMIT 1  
ERR: 1064:You have an error in your SQL syntax; check the manual that corresponds to your MySQL server version for the right syntax to use near 'and is_show=1 ) LIMIT 1' at line 1
 [ SQL语句 ] : SELECT COUNT(*) AS tp_count FROM `jt_ques_single` WHERE ( course_id= and is_show=1 ) LIMIT 1  

[ 2018-04-20T20:07:44+08:00 ] 127.0.0.1 /index.php/Practice/sin_show/cou_id/1121w/p/2.html
ERR: 1064:You have an error in your SQL syntax; check the manual that corresponds to your MySQL server version for the right syntax to use near 'and is_show=1 ) LIMIT 1' at line 1
 [ SQL语句 ] : SELECT COUNT(*) AS tp_count FROM `jt_ques_single` WHERE ( course_id= and is_show=1 ) LIMIT 1  
ERR: 1064:You have an error in your SQL syntax; check the manual that corresponds to your MySQL server version for the right syntax to use near 'and is_show=1 ) LIMIT 1' at line 1
 [ SQL语句 ] : SELECT COUNT(*) AS tp_count FROM `jt_ques_single` WHERE ( course_id= and is_show=1 ) LIMIT 1  

[ 2018-04-20T20:07:52+08:00 ] 127.0.0.1 /index.php/Practice/sin_show
ERR: 1064:You have an error in your SQL syntax; check the manual that corresponds to your MySQL server version for the right syntax to use near 'and is_show=1 ) LIMIT 1' at line 1
 [ SQL语句 ] : SELECT COUNT(*) AS tp_count FROM `jt_ques_single` WHERE ( course_id= and is_show=1 ) LIMIT 1  
ERR: 1064:You have an error in your SQL syntax; check the manual that corresponds to your MySQL server version for the right syntax to use near 'and is_show=1 ) LIMIT 1' at line 1
 [ SQL语句 ] : SELECT COUNT(*) AS tp_count FROM `jt_ques_single` WHERE ( course_id= and is_show=1 ) LIMIT 1  

[ 2018-04-20T20:08:48+08:00 ] 127.0.0.1 /index.php/practice/sin_show/cou_id/155%20or%201=1%20/p/1.html
ERR: 1064:You have an error in your SQL syntax; check the manual that corresponds to your MySQL server version for the right syntax to use near 'and is_show=1 ) LIMIT 1' at line 1
 [ SQL语句 ] : SELECT COUNT(*) AS tp_count FROM `jt_ques_single` WHERE ( course_id= and is_show=1 ) LIMIT 1  
ERR: 1064:You have an error in your SQL syntax; check the manual that corresponds to your MySQL server version for the right syntax to use near 'and is_show=1 ) LIMIT 1' at line 1
 [ SQL语句 ] : SELECT COUNT(*) AS tp_count FROM `jt_ques_single` WHERE ( course_id= and is_show=1 ) LIMIT 1  

