[ 2018-07-02T11:12:53+08:00 ] 127.0.0.1 /index.php/Public/login
INFO: [ app_init ] --START--
INFO: Run Behavior\BuildLiteBehavior [ RunTime:0.000060s ]
INFO: [ app_init ] --END-- [ RunTime:0.001664s ]
INFO: [ app_begin ] --START--
INFO: Run Behavior\ReadHtmlCacheBehavior [ RunTime:0.002405s ]
INFO: [ app_begin ] --END-- [ RunTime:0.002800s ]
INFO: [ view_parse ] --START--
INFO: [ template_filter ] --START--
INFO: Run Behavior\ContentReplaceBehavior [ RunTime:0.000662s ]
INFO: [ template_filter ] --END-- [ RunTime:0.001066s ]
INFO: Run Behavior\ParseTemplateBehavior [ RunTime:0.123757s ]
INFO: [ view_parse ] --END-- [ RunTime:0.124182s ]
INFO: [ view_filter ] --START--
INFO: Run Behavior\WriteHtmlCacheBehavior [ RunTime:0.003146s ]
INFO: [ view_filter ] --END-- [ RunTime:0.003539s ]
INFO: [ app_end ] --START--
INFO: Run Behavior\ShowPageTraceBehavior [ RunTime:0.003074s ]
INFO: [ app_end ] --END-- [ RunTime:0.003434s ]

[ 2018-07-02T11:12:54+08:00 ] 127.0.0.1 /index.php/Public/verifyImg
INFO: [ app_init ] --START--
INFO: Run Behavior\BuildLiteBehavior [ RunTime:0.000100s ]
INFO: [ app_init ] --END-- [ RunTime:0.002414s ]
INFO: [ app_begin ] --START--
INFO: Run Behavior\ReadHtmlCacheBehavior [ RunTime:0.003315s ]
INFO: [ app_begin ] --END-- [ RunTime:0.003803s ]
INFO: [ app_end ] --START--
INFO: Run Behavior\ShowPageTraceBehavior [ RunTime:0.002199s ]
INFO: [ app_end ] --END-- [ RunTime:0.002517s ]

[ 2018-07-02T11:13:13+08:00 ] 127.0.0.1 /index.php/Public/login
INFO: [ app_init ] --START--
INFO: Run Behavior\BuildLiteBehavior [ RunTime:0.000079s ]
INFO: [ app_init ] --END-- [ RunTime:0.001425s ]
INFO: [ app_begin ] --START--
INFO: Run Behavior\ReadHtmlCacheBehavior [ RunTime:0.002226s ]
INFO: [ app_begin ] --END-- [ RunTime:0.002498s ]
SQL: SHOW COLUMNS FROM `jt_stu` [ RunTime:0.0204s ]
NOTIC: [8] Undefined index: validate D:\wamp\www\jmooctest\ThinkPHP\Library\Think\Model.class.php 第 1185 行.
NOTIC: [8] Undefined index: telphone D:\wamp\www\jmooctest\ThinkPHP\Library\Think\Model.class.php 第 1217 行.
NOTIC: [8] Undefined index: telphone D:\wamp\www\jmooctest\ThinkPHP\Library\Think\Model.class.php 第 1217 行.
NOTIC: [8] Undefined index: email D:\wamp\www\jmooctest\ThinkPHP\Library\Think\Model.class.php 第 1217 行.
NOTIC: [8] Undefined index: auto D:\wamp\www\jmooctest\ThinkPHP\Library\Think\Model.class.php 第 1128 行.
SQL: SELECT * FROM `jt_stu` WHERE `xuehao` = '151110213' LIMIT 1   [ RunTime:0.0015s ]
SQL: SHOW COLUMNS FROM `jt_stu_log` [ RunTime:0.0131s ]
SQL: INSERT INTO `jt_stu_log` (`lgip`,`lgdate`,`sid`) VALUES ('127.0.0.1','1530501193','23') [ RunTime:0.0834s ]

[ 2018-07-02T11:13:14+08:00 ] 127.0.0.1 /index.php/index/index
INFO: [ app_init ] --START--
INFO: Run Behavior\BuildLiteBehavior [ RunTime:0.000115s ]
INFO: [ app_init ] --END-- [ RunTime:0.001910s ]
INFO: [ app_begin ] --START--
INFO: Run Behavior\ReadHtmlCacheBehavior [ RunTime:0.004382s ]
INFO: [ app_begin ] --END-- [ RunTime:0.004918s ]
SQL: SHOW COLUMNS FROM `jt_stu` [ RunTime:0.0133s ]
SQL: SELECT * FROM `jt_stu` WHERE `id` = 23 LIMIT 1   [ RunTime:0.0008s ]
SQL: SHOW COLUMNS FROM `jt_course` [ RunTime:0.0149s ]
SQL: SELECT * FROM `jt_course` WHERE ( display=1 )  [ RunTime:0.0008s ]
SQL: SHOW COLUMNS FROM `jt_ques_single` [ RunTime:0.0131s ]
SQL: SELECT COUNT(*) AS tp_count FROM `jt_ques_single` WHERE ( course_id=155 and is_show=1 ) LIMIT 1   [ RunTime:0.0015s ]
SQL: SHOW COLUMNS FROM `jt_ques_double` [ RunTime:0.0151s ]
SQL: SELECT COUNT(*) AS tp_count FROM `jt_ques_double` WHERE ( course_id=155 and is_show=1 ) LIMIT 1   [ RunTime:0.0011s ]
SQL: SHOW COLUMNS FROM `jt_ques_judge` [ RunTime:0.0156s ]
SQL: SELECT COUNT(*) AS tp_count FROM `jt_ques_judge` WHERE ( course_id=155 and is_show=1 ) LIMIT 1   [ RunTime:0.0012s ]
SQL: SHOW COLUMNS FROM `jt_ques_subj` [ RunTime:0.0158s ]
SQL: SELECT COUNT(*) AS tp_count FROM `jt_ques_subj` WHERE ( course_id=155  and is_show=1 ) LIMIT 1   [ RunTime:0.0013s ]
SQL: SELECT COUNT(*) AS tp_count FROM `jt_ques_single` WHERE ( course_id=157 and is_show=1 ) LIMIT 1   [ RunTime:0.0007s ]
SQL: SELECT COUNT(*) AS tp_count FROM `jt_ques_double` WHERE ( course_id=157 and is_show=1 ) LIMIT 1   [ RunTime:0.0006s ]
SQL: SELECT COUNT(*) AS tp_count FROM `jt_ques_judge` WHERE ( course_id=157 and is_show=1 ) LIMIT 1   [ RunTime:0.0005s ]
SQL: SELECT COUNT(*) AS tp_count FROM `jt_ques_subj` WHERE ( course_id=157  and is_show=1 ) LIMIT 1   [ RunTime:0.0005s ]
INFO: [ view_parse ] --START--
INFO: [ template_filter ] --START--
INFO: Run Behavior\ContentReplaceBehavior [ RunTime:0.000422s ]
INFO: [ template_filter ] --END-- [ RunTime:0.000728s ]
INFO: Run Behavior\ParseTemplateBehavior [ RunTime:0.060232s ]
INFO: [ view_parse ] --END-- [ RunTime:0.060638s ]
INFO: [ view_filter ] --START--
INFO: Run Behavior\WriteHtmlCacheBehavior [ RunTime:0.003857s ]
INFO: [ view_filter ] --END-- [ RunTime:0.004201s ]
INFO: [ app_end ] --START--
INFO: Run Behavior\ShowPageTraceBehavior [ RunTime:0.005033s ]
INFO: [ app_end ] --END-- [ RunTime:0.005529s ]

[ 2018-07-02T11:13:14+08:00 ] 127.0.0.1 /index.php/Announce/show.html
INFO: [ app_init ] --START--
INFO: Run Behavior\BuildLiteBehavior [ RunTime:0.000096s ]
INFO: [ app_init ] --END-- [ RunTime:0.001869s ]
INFO: [ app_begin ] --START--
INFO: Run Behavior\ReadHtmlCacheBehavior [ RunTime:0.003600s ]
INFO: [ app_begin ] --END-- [ RunTime:0.003982s ]
NOTIC: [2048] Declaration of Home\Controller\AnnounceController::show() should be compatible with Think\Controller::show($content, $charset = '', $contentType = '', $prefix = '') D:\wamp\www\jmooctest\Application\Home\Controller\AnnounceController.class.php 第 5 行.
SQL: SHOW COLUMNS FROM `jt_announce` [ RunTime:0.0158s ]
SQL: SELECT a.*,u.name as pubname FROM jt_announce a inner join jt_user as u on a.pub_id=u.id  WHERE ( top=1 ) ORDER BY id desc  [ RunTime:0.0025s ]
SQL: SELECT a.*,u.name as pubname FROM jt_announce a inner join jt_user as u on a.pub_id=u.id  WHERE ( top=0 ) ORDER BY id desc  [ RunTime:0.0012s ]
INFO: [ view_parse ] --START--
INFO: [ template_filter ] --START--
INFO: Run Behavior\ContentReplaceBehavior [ RunTime:0.000516s ]
INFO: [ template_filter ] --END-- [ RunTime:0.001107s ]
INFO: Run Behavior\ParseTemplateBehavior [ RunTime:0.062609s ]
INFO: [ view_parse ] --END-- [ RunTime:0.063045s ]
INFO: [ view_filter ] --START--
INFO: Run Behavior\WriteHtmlCacheBehavior [ RunTime:0.003473s ]
INFO: [ view_filter ] --END-- [ RunTime:0.004069s ]
INFO: [ app_end ] --START--
INFO: Run Behavior\ShowPageTraceBehavior [ RunTime:0.004100s ]
INFO: [ app_end ] --END-- [ RunTime:0.004569s ]

[ 2018-07-02T11:13:38+08:00 ] 127.0.0.1 /index.php/Test/show.html
INFO: [ app_init ] --START--
INFO: Run Behavior\BuildLiteBehavior [ RunTime:0.000044s ]
INFO: [ app_init ] --END-- [ RunTime:0.000733s ]
INFO: [ app_begin ] --START--
INFO: Run Behavior\ReadHtmlCacheBehavior [ RunTime:0.001367s ]
INFO: [ app_begin ] --END-- [ RunTime:0.001598s ]
NOTIC: [2048] Declaration of Home\Controller\TestController::show() should be compatible with Think\Controller::show($content, $charset = '', $contentType = '', $prefix = '') D:\wamp\www\jmooctest\Application\Home\Controller\TestController.class.php 第 5 行.
SQL: SHOW COLUMNS FROM `jt_paper_basic` [ RunTime:0.0146s ]
SQL: SELECT * FROM `jt_paper_basic` WHERE ( startdate < 1530501218 and enddate > 1530501218 and  review_status=1 ) ORDER BY id desc  [ RunTime:0.0007s ]
SQL: SHOW COLUMNS FROM `jt_user` [ RunTime:0.0087s ]
SQL: SELECT `name` FROM `jt_user` WHERE `id` = 31 LIMIT 1   [ RunTime:0.0004s ]
SQL: SELECT * FROM `jt_paper_basic` WHERE ( startdate > 1530501218 and review_status=1 ) ORDER BY id desc LIMIT 6   [ RunTime:0.0003s ]
SQL: SELECT * FROM `jt_paper_basic` WHERE ( enddate < 1530501218 and review_status=1 ) ORDER BY id desc LIMIT 6   [ RunTime:0.0003s ]
SQL: SELECT `name` FROM `jt_user` WHERE `id` = 32 LIMIT 1   [ RunTime:0.0002s ]
SQL: SELECT `name` FROM `jt_user` WHERE `id` = 32 LIMIT 1   [ RunTime:0.0001s ]
SQL: SELECT `name` FROM `jt_user` WHERE `id` = 31 LIMIT 1   [ RunTime:0.0002s ]
SQL: SELECT `name` FROM `jt_user` WHERE `id` = 31 LIMIT 1   [ RunTime:0.0002s ]
INFO: [ view_parse ] --START--
INFO: [ template_filter ] --START--
INFO: Run Behavior\ContentReplaceBehavior [ RunTime:0.000211s ]
INFO: [ template_filter ] --END-- [ RunTime:0.000419s ]
INFO: Run Behavior\ParseTemplateBehavior [ RunTime:0.056225s ]
INFO: [ view_parse ] --END-- [ RunTime:0.056476s ]
INFO: [ view_filter ] --START--
INFO: Run Behavior\WriteHtmlCacheBehavior [ RunTime:0.000923s ]
INFO: [ view_filter ] --END-- [ RunTime:0.001116s ]
INFO: [ app_end ] --START--
INFO: Run Behavior\ShowPageTraceBehavior [ RunTime:0.001190s ]
INFO: [ app_end ] --END-- [ RunTime:0.001383s ]

[ 2018-07-02T11:13:43+08:00 ] 127.0.0.1 /index.php/Practice/sin_show/cou_id/155
INFO: [ app_init ] --START--
INFO: Run Behavior\BuildLiteBehavior [ RunTime:0.000102s ]
INFO: [ app_init ] --END-- [ RunTime:0.000906s ]
INFO: [ app_begin ] --START--
INFO: Run Behavior\ReadHtmlCacheBehavior [ RunTime:0.001203s ]
INFO: [ app_begin ] --END-- [ RunTime:0.001436s ]
SQL: SHOW COLUMNS FROM `jt_ques_single` [ RunTime:0.0130s ]
SQL: SELECT COUNT(*) AS tp_count FROM `jt_ques_single` WHERE ( course_id=155 and is_show=1 ) LIMIT 1   [ RunTime:0.0006s ]
SQL: SHOW COLUMNS FROM `jt_course` [ RunTime:0.0093s ]
SQL: SELECT COUNT(*) AS tp_count FROM `jt_course` WHERE ( id=155 and display=1 ) LIMIT 1   [ RunTime:0.0006s ]
SQL: SELECT * FROM `jt_ques_single` WHERE ( course_id=155 and is_show=1 ) LIMIT 0,1   [ RunTime:0.0009s ]
SQL: SELECT * FROM `jt_course` WHERE `id` = 155 LIMIT 1   [ RunTime:0.0003s ]
INFO: [ view_parse ] --START--
INFO: [ template_filter ] --START--
INFO: Run Behavior\ContentReplaceBehavior [ RunTime:0.000536s ]
INFO: [ template_filter ] --END-- [ RunTime:0.001113s ]
INFO: Run Behavior\ParseTemplateBehavior [ RunTime:0.154331s ]
INFO: [ view_parse ] --END-- [ RunTime:0.154765s ]
INFO: [ view_filter ] --START--
INFO: Run Behavior\WriteHtmlCacheBehavior [ RunTime:0.001961s ]
INFO: [ view_filter ] --END-- [ RunTime:0.002483s ]
INFO: [ app_end ] --START--
INFO: Run Behavior\ShowPageTraceBehavior [ RunTime:0.003932s ]
INFO: [ app_end ] --END-- [ RunTime:0.004821s ]

[ 2018-07-02T11:14:08+08:00 ] 127.0.0.1 /index.php/Practice/sin_show/cou_id/155/p/2.html
INFO: [ app_init ] --START--
INFO: Run Behavior\BuildLiteBehavior [ RunTime:0.000050s ]
INFO: [ app_init ] --END-- [ RunTime:0.000914s ]
INFO: [ app_begin ] --START--
INFO: Run Behavior\ReadHtmlCacheBehavior [ RunTime:0.001128s ]
INFO: [ app_begin ] --END-- [ RunTime:0.001333s ]
SQL: SHOW COLUMNS FROM `jt_ques_single` [ RunTime:0.0277s ]
SQL: SELECT COUNT(*) AS tp_count FROM `jt_ques_single` WHERE ( course_id=155 and is_show=1 ) LIMIT 1   [ RunTime:0.0005s ]
SQL: SHOW COLUMNS FROM `jt_course` [ RunTime:0.0095s ]
SQL: SELECT COUNT(*) AS tp_count FROM `jt_course` WHERE ( id=155 and display=1 ) LIMIT 1   [ RunTime:0.0004s ]
SQL: SELECT * FROM `jt_ques_single` WHERE ( course_id=155 and is_show=1 ) LIMIT 1,1   [ RunTime:0.0007s ]
SQL: SELECT * FROM `jt_course` WHERE `id` = 155 LIMIT 1   [ RunTime:0.0002s ]
INFO: [ view_parse ] --START--
INFO: [ template_filter ] --START--
INFO: Run Behavior\ContentReplaceBehavior [ RunTime:0.000193s ]
INFO: [ template_filter ] --END-- [ RunTime:0.000398s ]
INFO: Run Behavior\ParseTemplateBehavior [ RunTime:0.013988s ]
INFO: [ view_parse ] --END-- [ RunTime:0.014197s ]
INFO: [ view_filter ] --START--
INFO: Run Behavior\WriteHtmlCacheBehavior [ RunTime:0.000699s ]
INFO: [ view_filter ] --END-- [ RunTime:0.000879s ]
INFO: [ app_end ] --START--
INFO: Run Behavior\ShowPageTraceBehavior [ RunTime:0.001028s ]
INFO: [ app_end ] --END-- [ RunTime:0.001285s ]

[ 2018-07-02T11:14:10+08:00 ] 127.0.0.1 /index.php/Practice/check_sin
INFO: [ app_init ] --START--
INFO: Run Behavior\BuildLiteBehavior [ RunTime:0.000053s ]
INFO: [ app_init ] --END-- [ RunTime:0.001524s ]
INFO: [ app_begin ] --START--
INFO: Run Behavior\ReadHtmlCacheBehavior [ RunTime:0.001207s ]
INFO: [ app_begin ] --END-- [ RunTime:0.001398s ]

[ 2018-07-02T11:14:11+08:00 ] 127.0.0.1 /index.php/Practice/check_sin
INFO: [ app_init ] --START--
INFO: Run Behavior\BuildLiteBehavior [ RunTime:0.000053s ]
INFO: [ app_init ] --END-- [ RunTime:0.000900s ]
INFO: [ app_begin ] --START--
INFO: Run Behavior\ReadHtmlCacheBehavior [ RunTime:0.001493s ]
INFO: [ app_begin ] --END-- [ RunTime:0.001726s ]

[ 2018-07-02T11:14:12+08:00 ] 127.0.0.1 /index.php/Practice/check_sin
INFO: [ app_init ] --START--
INFO: Run Behavior\BuildLiteBehavior [ RunTime:0.000054s ]
INFO: [ app_init ] --END-- [ RunTime:0.000950s ]
INFO: [ app_begin ] --START--
INFO: Run Behavior\ReadHtmlCacheBehavior [ RunTime:0.002168s ]
INFO: [ app_begin ] --END-- [ RunTime:0.002420s ]

[ 2018-07-02T11:14:12+08:00 ] 127.0.0.1 /index.php/Practice/check_sin
INFO: [ app_init ] --START--
INFO: Run Behavior\BuildLiteBehavior [ RunTime:0.000050s ]
INFO: [ app_init ] --END-- [ RunTime:0.000898s ]
INFO: [ app_begin ] --START--
INFO: Run Behavior\ReadHtmlCacheBehavior [ RunTime:0.001247s ]
INFO: [ app_begin ] --END-- [ RunTime:0.001439s ]

[ 2018-07-02T11:14:17+08:00 ] 127.0.0.1 /index.php/Practice/sin_show/cou_id/155/p/3.html
INFO: [ app_init ] --START--
INFO: Run Behavior\BuildLiteBehavior [ RunTime:0.000051s ]
INFO: [ app_init ] --END-- [ RunTime:0.000881s ]
INFO: [ app_begin ] --START--
INFO: Run Behavior\ReadHtmlCacheBehavior [ RunTime:0.001203s ]
INFO: [ app_begin ] --END-- [ RunTime:0.001450s ]
SQL: SHOW COLUMNS FROM `jt_ques_single` [ RunTime:0.0190s ]
SQL: SELECT COUNT(*) AS tp_count FROM `jt_ques_single` WHERE ( course_id=155 and is_show=1 ) LIMIT 1   [ RunTime:0.0009s ]
SQL: SHOW COLUMNS FROM `jt_course` [ RunTime:0.0102s ]
SQL: SELECT COUNT(*) AS tp_count FROM `jt_course` WHERE ( id=155 and display=1 ) LIMIT 1   [ RunTime:0.0008s ]
SQL: SELECT * FROM `jt_ques_single` WHERE ( course_id=155 and is_show=1 ) LIMIT 2,1   [ RunTime:0.0008s ]
SQL: SELECT * FROM `jt_course` WHERE `id` = 155 LIMIT 1   [ RunTime:0.0005s ]
INFO: [ view_parse ] --START--
INFO: [ template_filter ] --START--
INFO: Run Behavior\ContentReplaceBehavior [ RunTime:0.000228s ]
INFO: [ template_filter ] --END-- [ RunTime:0.000478s ]
INFO: Run Behavior\ParseTemplateBehavior [ RunTime:0.015730s ]
INFO: [ view_parse ] --END-- [ RunTime:0.015989s ]
INFO: [ view_filter ] --START--
INFO: Run Behavior\WriteHtmlCacheBehavior [ RunTime:0.000825s ]
INFO: [ view_filter ] --END-- [ RunTime:0.001039s ]
INFO: [ app_end ] --START--
INFO: Run Behavior\ShowPageTraceBehavior [ RunTime:0.001928s ]
INFO: [ app_end ] --END-- [ RunTime:0.002231s ]

[ 2018-07-02T11:14:20+08:00 ] 127.0.0.1 /index.php/Practice/check_sin
INFO: [ app_init ] --START--
INFO: Run Behavior\BuildLiteBehavior [ RunTime:0.000052s ]
INFO: [ app_init ] --END-- [ RunTime:0.000927s ]
INFO: [ app_begin ] --START--
INFO: Run Behavior\ReadHtmlCacheBehavior [ RunTime:0.001431s ]
INFO: [ app_begin ] --END-- [ RunTime:0.001665s ]

[ 2018-07-02T11:14:21+08:00 ] 127.0.0.1 /index.php/Practice/check_sin
INFO: [ app_init ] --START--
INFO: Run Behavior\BuildLiteBehavior [ RunTime:0.000058s ]
INFO: [ app_init ] --END-- [ RunTime:0.001026s ]
INFO: [ app_begin ] --START--
INFO: Run Behavior\ReadHtmlCacheBehavior [ RunTime:0.001324s ]
INFO: [ app_begin ] --END-- [ RunTime:0.001533s ]

[ 2018-07-02T11:14:21+08:00 ] 127.0.0.1 /index.php/Practice/check_sin
INFO: [ app_init ] --START--
INFO: Run Behavior\BuildLiteBehavior [ RunTime:0.000051s ]
INFO: [ app_init ] --END-- [ RunTime:0.000844s ]
INFO: [ app_begin ] --START--
INFO: Run Behavior\ReadHtmlCacheBehavior [ RunTime:0.001740s ]
INFO: [ app_begin ] --END-- [ RunTime:0.001991s ]

[ 2018-07-02T11:14:22+08:00 ] 127.0.0.1 /index.php/Practice/check_sin
INFO: [ app_init ] --START--
INFO: Run Behavior\BuildLiteBehavior [ RunTime:0.000049s ]
INFO: [ app_init ] --END-- [ RunTime:0.000881s ]
INFO: [ app_begin ] --START--
INFO: Run Behavior\ReadHtmlCacheBehavior [ RunTime:0.001049s ]
INFO: [ app_begin ] --END-- [ RunTime:0.001217s ]

[ 2018-07-02T11:14:23+08:00 ] 127.0.0.1 /index.php/Practice/check_sin
INFO: [ app_init ] --START--
INFO: Run Behavior\BuildLiteBehavior [ RunTime:0.000056s ]
INFO: [ app_init ] --END-- [ RunTime:0.000971s ]
INFO: [ app_begin ] --START--
INFO: Run Behavior\ReadHtmlCacheBehavior [ RunTime:0.001461s ]
INFO: [ app_begin ] --END-- [ RunTime:0.001689s ]

[ 2018-07-02T11:14:23+08:00 ] 127.0.0.1 /index.php/Practice/check_sin
INFO: [ app_init ] --START--
INFO: Run Behavior\BuildLiteBehavior [ RunTime:0.000060s ]
INFO: [ app_init ] --END-- [ RunTime:0.000962s ]
INFO: [ app_begin ] --START--
INFO: Run Behavior\ReadHtmlCacheBehavior [ RunTime:0.001328s ]
INFO: [ app_begin ] --END-- [ RunTime:0.001557s ]

[ 2018-07-02T11:14:24+08:00 ] 127.0.0.1 /index.php/Practice/check_sin
INFO: [ app_init ] --START--
INFO: Run Behavior\BuildLiteBehavior [ RunTime:0.000050s ]
INFO: [ app_init ] --END-- [ RunTime:0.000972s ]
INFO: [ app_begin ] --START--
INFO: Run Behavior\ReadHtmlCacheBehavior [ RunTime:0.001210s ]
INFO: [ app_begin ] --END-- [ RunTime:0.001386s ]

[ 2018-07-02T11:14:24+08:00 ] 127.0.0.1 /index.php/Practice/check_sin
INFO: [ app_init ] --START--
INFO: Run Behavior\BuildLiteBehavior [ RunTime:0.000051s ]
INFO: [ app_init ] --END-- [ RunTime:0.000926s ]
INFO: [ app_begin ] --START--
INFO: Run Behavior\ReadHtmlCacheBehavior [ RunTime:0.001346s ]
INFO: [ app_begin ] --END-- [ RunTime:0.001629s ]

[ 2018-07-02T11:14:25+08:00 ] 127.0.0.1 /index.php/Practice/check_sin
INFO: [ app_init ] --START--
INFO: Run Behavior\BuildLiteBehavior [ RunTime:0.000052s ]
INFO: [ app_init ] --END-- [ RunTime:0.000891s ]
INFO: [ app_begin ] --START--
INFO: Run Behavior\ReadHtmlCacheBehavior [ RunTime:0.001278s ]
INFO: [ app_begin ] --END-- [ RunTime:0.001478s ]

[ 2018-07-02T11:19:23+08:00 ] 127.0.0.1 /index.php/Practice/check_sin
INFO: [ app_init ] --START--
INFO: Run Behavior\BuildLiteBehavior [ RunTime:0.000056s ]
INFO: [ app_init ] --END-- [ RunTime:0.001080s ]
INFO: [ app_begin ] --START--
INFO: Run Behavior\ReadHtmlCacheBehavior [ RunTime:0.001723s ]
INFO: [ app_begin ] --END-- [ RunTime:0.001961s ]

[ 2018-07-02T11:19:31+08:00 ] 127.0.0.1 /index.php/Practice/sin_show/cou_id/155/p/3.html
INFO: [ app_init ] --START--
INFO: Run Behavior\BuildLiteBehavior [ RunTime:0.000052s ]
INFO: [ app_init ] --END-- [ RunTime:0.000922s ]
INFO: [ app_begin ] --START--
INFO: Run Behavior\ReadHtmlCacheBehavior [ RunTime:0.001349s ]
INFO: [ app_begin ] --END-- [ RunTime:0.001590s ]
SQL: SHOW COLUMNS FROM `jt_ques_single` [ RunTime:0.0128s ]
SQL: SELECT COUNT(*) AS tp_count FROM `jt_ques_single` WHERE ( course_id=155 and is_show=1 ) LIMIT 1   [ RunTime:0.0012s ]
SQL: SHOW COLUMNS FROM `jt_course` [ RunTime:0.0081s ]
SQL: SELECT COUNT(*) AS tp_count FROM `jt_course` WHERE ( id=155 and display=1 ) LIMIT 1   [ RunTime:0.0004s ]
SQL: SELECT * FROM `jt_ques_single` WHERE ( course_id=155 and is_show=1 ) LIMIT 2,1   [ RunTime:0.0008s ]
SQL: SELECT * FROM `jt_course` WHERE `id` = 155 LIMIT 1   [ RunTime:0.0007s ]
INFO: [ view_parse ] --START--
INFO: [ template_filter ] --START--
INFO: Run Behavior\ContentReplaceBehavior [ RunTime:0.000222s ]
INFO: [ template_filter ] --END-- [ RunTime:0.000458s ]
INFO: Run Behavior\ParseTemplateBehavior [ RunTime:0.014161s ]
INFO: [ view_parse ] --END-- [ RunTime:0.014410s ]
INFO: [ view_filter ] --START--
INFO: Run Behavior\WriteHtmlCacheBehavior [ RunTime:0.000981s ]
INFO: [ view_filter ] --END-- [ RunTime:0.001195s ]
INFO: [ app_end ] --START--
INFO: Run Behavior\ShowPageTraceBehavior [ RunTime:0.001393s ]
INFO: [ app_end ] --END-- [ RunTime:0.001772s ]

[ 2018-07-02T11:19:34+08:00 ] 127.0.0.1 /index.php/Practice/check_sin
INFO: [ app_init ] --START--
INFO: Run Behavior\BuildLiteBehavior [ RunTime:0.000051s ]
INFO: [ app_init ] --END-- [ RunTime:0.000929s ]
INFO: [ app_begin ] --START--
INFO: Run Behavior\ReadHtmlCacheBehavior [ RunTime:0.001359s ]
INFO: [ app_begin ] --END-- [ RunTime:0.001561s ]

[ 2018-07-02T11:19:37+08:00 ] 127.0.0.1 /index.php/Practice/check_sin
INFO: [ app_init ] --START--
INFO: Run Behavior\BuildLiteBehavior [ RunTime:0.000044s ]
INFO: [ app_init ] --END-- [ RunTime:0.000754s ]
INFO: [ app_begin ] --START--
INFO: Run Behavior\ReadHtmlCacheBehavior [ RunTime:0.001710s ]
INFO: [ app_begin ] --END-- [ RunTime:0.001958s ]

[ 2018-07-02T11:19:38+08:00 ] 127.0.0.1 /index.php/Practice/check_sin
INFO: [ app_init ] --START--
INFO: Run Behavior\BuildLiteBehavior [ RunTime:0.000046s ]
INFO: [ app_init ] --END-- [ RunTime:0.000870s ]
INFO: [ app_begin ] --START--
INFO: Run Behavior\ReadHtmlCacheBehavior [ RunTime:0.001133s ]
INFO: [ app_begin ] --END-- [ RunTime:0.001312s ]

[ 2018-07-02T11:19:39+08:00 ] 127.0.0.1 /index.php/Practice/check_sin
INFO: [ app_init ] --START--
INFO: Run Behavior\BuildLiteBehavior [ RunTime:0.000056s ]
INFO: [ app_init ] --END-- [ RunTime:0.000973s ]
INFO: [ app_begin ] --START--
INFO: Run Behavior\ReadHtmlCacheBehavior [ RunTime:0.001315s ]
INFO: [ app_begin ] --END-- [ RunTime:0.001514s ]

[ 2018-07-02T11:19:41+08:00 ] 127.0.0.1 /index.php/index/index
INFO: [ app_init ] --START--
INFO: Run Behavior\BuildLiteBehavior [ RunTime:0.000142s ]
INFO: [ app_init ] --END-- [ RunTime:0.001395s ]
INFO: [ app_begin ] --START--
INFO: Run Behavior\ReadHtmlCacheBehavior [ RunTime:0.003682s ]
INFO: [ app_begin ] --END-- [ RunTime:0.004009s ]
SQL: SHOW COLUMNS FROM `jt_stu` [ RunTime:0.0297s ]
SQL: SELECT * FROM `jt_stu` WHERE `id` = 23 LIMIT 1   [ RunTime:0.0008s ]
SQL: SHOW COLUMNS FROM `jt_course` [ RunTime:0.0099s ]
SQL: SELECT * FROM `jt_course` WHERE ( display=1 )  [ RunTime:0.0004s ]
SQL: SHOW COLUMNS FROM `jt_ques_single` [ RunTime:0.0098s ]
SQL: SELECT COUNT(*) AS tp_count FROM `jt_ques_single` WHERE ( course_id=155 and is_show=1 ) LIMIT 1   [ RunTime:0.0006s ]
SQL: SHOW COLUMNS FROM `jt_ques_double` [ RunTime:0.0106s ]
SQL: SELECT COUNT(*) AS tp_count FROM `jt_ques_double` WHERE ( course_id=155 and is_show=1 ) LIMIT 1   [ RunTime:0.0006s ]
SQL: SHOW COLUMNS FROM `jt_ques_judge` [ RunTime:0.0094s ]
SQL: SELECT COUNT(*) AS tp_count FROM `jt_ques_judge` WHERE ( course_id=155 and is_show=1 ) LIMIT 1   [ RunTime:0.0007s ]
SQL: SHOW COLUMNS FROM `jt_ques_subj` [ RunTime:0.0102s ]
SQL: SELECT COUNT(*) AS tp_count FROM `jt_ques_subj` WHERE ( course_id=155  and is_show=1 ) LIMIT 1   [ RunTime:0.0005s ]
SQL: SELECT COUNT(*) AS tp_count FROM `jt_ques_single` WHERE ( course_id=157 and is_show=1 ) LIMIT 1   [ RunTime:0.0003s ]
SQL: SELECT COUNT(*) AS tp_count FROM `jt_ques_double` WHERE ( course_id=157 and is_show=1 ) LIMIT 1   [ RunTime:0.0002s ]
SQL: SELECT COUNT(*) AS tp_count FROM `jt_ques_judge` WHERE ( course_id=157 and is_show=1 ) LIMIT 1   [ RunTime:0.0008s ]
SQL: SELECT COUNT(*) AS tp_count FROM `jt_ques_subj` WHERE ( course_id=157  and is_show=1 ) LIMIT 1   [ RunTime:0.0006s ]
INFO: [ view_parse ] --START--
INFO: [ template_filter ] --START--
INFO: Run Behavior\ContentReplaceBehavior [ RunTime:0.000440s ]
INFO: [ template_filter ] --END-- [ RunTime:0.000802s ]
INFO: Run Behavior\ParseTemplateBehavior [ RunTime:0.044149s ]
INFO: [ view_parse ] --END-- [ RunTime:0.044503s ]
INFO: [ view_filter ] --START--
INFO: Run Behavior\WriteHtmlCacheBehavior [ RunTime:0.001740s ]
INFO: [ view_filter ] --END-- [ RunTime:0.002094s ]
INFO: [ app_end ] --START--
INFO: Run Behavior\ShowPageTraceBehavior [ RunTime:0.006641s ]
INFO: [ app_end ] --END-- [ RunTime:0.032590s ]

[ 2018-07-02T11:19:41+08:00 ] 127.0.0.1 /index.php/Announce/show.html
INFO: [ app_init ] --START--
INFO: Run Behavior\BuildLiteBehavior [ RunTime:0.000084s ]
INFO: [ app_init ] --END-- [ RunTime:0.001684s ]
INFO: [ app_begin ] --START--
INFO: Run Behavior\ReadHtmlCacheBehavior [ RunTime:0.002211s ]
INFO: [ app_begin ] --END-- [ RunTime:0.002617s ]
NOTIC: [2048] Declaration of Home\Controller\AnnounceController::show() should be compatible with Think\Controller::show($content, $charset = '', $contentType = '', $prefix = '') D:\wamp\www\jmooctest\Application\Home\Controller\AnnounceController.class.php 第 5 行.
SQL: SHOW COLUMNS FROM `jt_announce` [ RunTime:0.0151s ]
SQL: SELECT a.*,u.name as pubname FROM jt_announce a inner join jt_user as u on a.pub_id=u.id  WHERE ( top=1 ) ORDER BY id desc  [ RunTime:0.0016s ]
SQL: SELECT a.*,u.name as pubname FROM jt_announce a inner join jt_user as u on a.pub_id=u.id  WHERE ( top=0 ) ORDER BY id desc  [ RunTime:0.0013s ]
INFO: [ view_parse ] --START--
INFO: [ template_filter ] --START--
INFO: Run Behavior\ContentReplaceBehavior [ RunTime:0.000292s ]
INFO: [ template_filter ] --END-- [ RunTime:0.000678s ]
INFO: Run Behavior\ParseTemplateBehavior [ RunTime:0.032357s ]
INFO: [ view_parse ] --END-- [ RunTime:0.032758s ]
INFO: [ view_filter ] --START--
INFO: Run Behavior\WriteHtmlCacheBehavior [ RunTime:0.001387s ]
INFO: [ view_filter ] --END-- [ RunTime:0.001772s ]
INFO: [ app_end ] --START--
INFO: Run Behavior\ShowPageTraceBehavior [ RunTime:0.002990s ]
INFO: [ app_end ] --END-- [ RunTime:0.003383s ]

[ 2018-07-02T11:19:47+08:00 ] 127.0.0.1 /index.php/Practice/sub_show/cou_id/157
INFO: [ app_init ] --START--
INFO: Run Behavior\BuildLiteBehavior [ RunTime:0.000054s ]
INFO: [ app_init ] --END-- [ RunTime:0.000950s ]
INFO: [ app_begin ] --START--
INFO: Run Behavior\ReadHtmlCacheBehavior [ RunTime:0.001283s ]
INFO: [ app_begin ] --END-- [ RunTime:0.001524s ]
SQL: SHOW COLUMNS FROM `jt_course` [ RunTime:0.0283s ]
SQL: SELECT COUNT(*) AS tp_count FROM `jt_course` WHERE ( id=157 and display=1 ) LIMIT 1   [ RunTime:0.0005s ]
SQL: SELECT * FROM `jt_course` WHERE `id` = 157 LIMIT 1   [ RunTime:0.0003s ]
INFO: [ view_parse ] --START--
INFO: [ template_filter ] --START--
INFO: Run Behavior\ContentReplaceBehavior [ RunTime:0.000230s ]
INFO: [ template_filter ] --END-- [ RunTime:0.000458s ]
INFO: Run Behavior\ParseTemplateBehavior [ RunTime:0.036888s ]
INFO: [ view_parse ] --END-- [ RunTime:0.037126s ]
INFO: [ view_filter ] --START--
INFO: Run Behavior\WriteHtmlCacheBehavior [ RunTime:0.000702s ]
INFO: [ view_filter ] --END-- [ RunTime:0.001072s ]
INFO: [ app_end ] --START--
INFO: Run Behavior\ShowPageTraceBehavior [ RunTime:0.001316s ]
INFO: [ app_end ] --END-- [ RunTime:0.001549s ]

[ 2018-07-02T11:19:48+08:00 ] 127.0.0.1 /index.php/Practice/sub_show/cou_id/157
INFO: [ app_init ] --START--
INFO: Run Behavior\BuildLiteBehavior [ RunTime:0.000078s ]
INFO: [ app_init ] --END-- [ RunTime:0.001509s ]
INFO: [ app_begin ] --START--
INFO: Run Behavior\ReadHtmlCacheBehavior [ RunTime:0.002771s ]
INFO: [ app_begin ] --END-- [ RunTime:0.003202s ]
SQL: SHOW COLUMNS FROM `jt_course` [ RunTime:0.0161s ]
SQL: SELECT COUNT(*) AS tp_count FROM `jt_course` WHERE ( id=157 and display=1 ) LIMIT 1   [ RunTime:0.0008s ]
SQL: SELECT * FROM `jt_course` WHERE `id` = 157 LIMIT 1   [ RunTime:0.0004s ]
SQL: SHOW COLUMNS FROM `jt_ques_subj` [ RunTime:0.0121s ]
SQL: SELECT * FROM `jt_ques_subj` WHERE ( course_id=157 and is_show=1 ) ORDER BY id desc LIMIT 0,10   [ RunTime:0.0009s ]
SQL: SELECT COUNT(*) AS tp_count FROM `jt_ques_subj` WHERE ( course_id=157 and is_show=1 ) LIMIT 1   [ RunTime:0.0006s ]
SQL: SHOW COLUMNS FROM `jt_ques_subj` [ RunTime:0.0104s ]

[ 2018-07-02T11:20:13+08:00 ] 127.0.0.1 /index.php/Paper/show.html
INFO: [ app_init ] --START--
INFO: Run Behavior\BuildLiteBehavior [ RunTime:0.000050s ]
INFO: [ app_init ] --END-- [ RunTime:0.000836s ]
INFO: [ app_begin ] --START--
INFO: Run Behavior\ReadHtmlCacheBehavior [ RunTime:0.001138s ]
INFO: [ app_begin ] --END-- [ RunTime:0.001351s ]
NOTIC: [2048] Declaration of Home\Controller\PaperController::show() should be compatible with Think\Controller::show($content, $charset = '', $contentType = '', $prefix = '') D:\wamp\www\jmooctest\Application\Home\Controller\PaperController.class.php 第 5 行.
SQL: SHOW COLUMNS FROM `jt_stu_score` [ RunTime:0.0298s ]
SQL: SHOW COLUMNS FROM `jt_paper_basic` [ RunTime:0.0104s ]
SQL: SELECT `id` FROM `jt_paper_basic` WHERE ( answ_status=1 )  [ RunTime:0.0006s ]
NOTIC: [8] Undefined variable: ids D:\wamp\www\jmooctest\Application\Home\Controller\PaperController.class.php 第 14 行.
SQL: SHOW COLUMNS FROM `jt_stu_score` [ RunTime:0.0099s ]
SQL: SELECT * FROM `jt_stu_score` WHERE ( stu_id=23 and paper_id in(52,53) ) ORDER BY id desc  [ RunTime:0.0012s ]
SQL: SHOW COLUMNS FROM `jt_stu_answ` [ RunTime:0.0093s ]
SQL: SELECT `name`,`type` FROM `jt_paper_basic` WHERE `id` = 52 LIMIT 1   [ RunTime:0.0008s ]
SQL: SHOW COLUMNS FROM `jt_paper_ques_fixed` [ RunTime:0.0098s ]
SQL: SELECT `whole_score`,`sub_score` FROM `jt_paper_ques_fixed` WHERE ( paper_id=52 ) LIMIT 1   [ RunTime:0.0010s ]
SQL: SELECT `stime`,`etime` FROM `jt_stu_answ` WHERE ( stu_id=23 and paper_id=52 ) LIMIT 1   [ RunTime:0.0016s ]
INFO: [ view_parse ] --START--
INFO: [ template_filter ] --START--
INFO: Run Behavior\ContentReplaceBehavior [ RunTime:0.000196s ]
INFO: [ template_filter ] --END-- [ RunTime:0.000439s ]
INFO: Run Behavior\ParseTemplateBehavior [ RunTime:0.027985s ]
INFO: [ view_parse ] --END-- [ RunTime:0.028237s ]
INFO: [ view_filter ] --START--
INFO: Run Behavior\WriteHtmlCacheBehavior [ RunTime:0.000971s ]
INFO: [ view_filter ] --END-- [ RunTime:0.001309s ]
INFO: [ app_end ] --START--
INFO: Run Behavior\ShowPageTraceBehavior [ RunTime:0.001212s ]
INFO: [ app_end ] --END-- [ RunTime:0.001428s ]

[ 2018-07-02T11:20:14+08:00 ] 127.0.0.1 /index.php/Paper/show.html?sort=id&order=desc&limit=20&offset=0&_=1530501613882
INFO: [ app_init ] --START--
INFO: Run Behavior\BuildLiteBehavior [ RunTime:0.000084s ]
INFO: [ app_init ] --END-- [ RunTime:0.001736s ]
INFO: [ app_begin ] --START--
INFO: Run Behavior\ReadHtmlCacheBehavior [ RunTime:0.002671s ]
INFO: [ app_begin ] --END-- [ RunTime:0.003032s ]
NOTIC: [2048] Declaration of Home\Controller\PaperController::show() should be compatible with Think\Controller::show($content, $charset = '', $contentType = '', $prefix = '') D:\wamp\www\jmooctest\Application\Home\Controller\PaperController.class.php 第 5 行.
SQL: SHOW COLUMNS FROM `jt_stu_score` [ RunTime:0.0208s ]
SQL: SHOW COLUMNS FROM `jt_paper_basic` [ RunTime:0.0118s ]
SQL: SELECT `id` FROM `jt_paper_basic` WHERE ( answ_status=1 )  [ RunTime:0.0006s ]
NOTIC: [8] Undefined variable: ids D:\wamp\www\jmooctest\Application\Home\Controller\PaperController.class.php 第 14 行.
SQL: SHOW COLUMNS FROM `jt_stu_score` [ RunTime:0.0151s ]
SQL: SELECT * FROM `jt_stu_score` WHERE ( stu_id=23 and paper_id in(52,53) ) ORDER BY id desc  [ RunTime:0.0008s ]
SQL: SHOW COLUMNS FROM `jt_stu_answ` [ RunTime:0.0139s ]
SQL: SELECT `name`,`type` FROM `jt_paper_basic` WHERE `id` = 52 LIMIT 1   [ RunTime:0.0006s ]
SQL: SHOW COLUMNS FROM `jt_paper_ques_fixed` [ RunTime:0.0129s ]
SQL: SELECT `whole_score`,`sub_score` FROM `jt_paper_ques_fixed` WHERE ( paper_id=52 ) LIMIT 1   [ RunTime:0.0008s ]
SQL: SELECT `stime`,`etime` FROM `jt_stu_answ` WHERE ( stu_id=23 and paper_id=52 ) LIMIT 1   [ RunTime:0.0009s ]

[ 2018-07-02T11:20:20+08:00 ] 127.0.0.1 /index.php/Test/show.html
INFO: [ app_init ] --START--
INFO: Run Behavior\BuildLiteBehavior [ RunTime:0.000058s ]
INFO: [ app_init ] --END-- [ RunTime:0.000928s ]
INFO: [ app_begin ] --START--
INFO: Run Behavior\ReadHtmlCacheBehavior [ RunTime:0.001359s ]
INFO: [ app_begin ] --END-- [ RunTime:0.001612s ]
NOTIC: [2048] Declaration of Home\Controller\TestController::show() should be compatible with Think\Controller::show($content, $charset = '', $contentType = '', $prefix = '') D:\wamp\www\jmooctest\Application\Home\Controller\TestController.class.php 第 5 行.
SQL: SHOW COLUMNS FROM `jt_paper_basic` [ RunTime:0.0108s ]
SQL: SELECT * FROM `jt_paper_basic` WHERE ( startdate < 1530501620 and enddate > 1530501620 and  review_status=1 ) ORDER BY id desc  [ RunTime:0.0005s ]
SQL: SHOW COLUMNS FROM `jt_user` [ RunTime:0.0109s ]
SQL: SELECT `name` FROM `jt_user` WHERE `id` = 31 LIMIT 1   [ RunTime:0.0004s ]
SQL: SELECT * FROM `jt_paper_basic` WHERE ( startdate > 1530501620 and review_status=1 ) ORDER BY id desc LIMIT 6   [ RunTime:0.0003s ]
SQL: SELECT * FROM `jt_paper_basic` WHERE ( enddate < 1530501620 and review_status=1 ) ORDER BY id desc LIMIT 6   [ RunTime:0.0003s ]
SQL: SELECT `name` FROM `jt_user` WHERE `id` = 32 LIMIT 1   [ RunTime:0.0002s ]
SQL: SELECT `name` FROM `jt_user` WHERE `id` = 32 LIMIT 1   [ RunTime:0.0003s ]
SQL: SELECT `name` FROM `jt_user` WHERE `id` = 31 LIMIT 1   [ RunTime:0.0002s ]
SQL: SELECT `name` FROM `jt_user` WHERE `id` = 31 LIMIT 1   [ RunTime:0.0002s ]
INFO: [ view_parse ] --START--
INFO: [ template_filter ] --START--
INFO: Run Behavior\ContentReplaceBehavior [ RunTime:0.000222s ]
INFO: [ template_filter ] --END-- [ RunTime:0.000423s ]
INFO: Run Behavior\ParseTemplateBehavior [ RunTime:0.022291s ]
INFO: [ view_parse ] --END-- [ RunTime:0.022541s ]
INFO: [ view_filter ] --START--
INFO: Run Behavior\WriteHtmlCacheBehavior [ RunTime:0.000816s ]
INFO: [ view_filter ] --END-- [ RunTime:0.001016s ]
INFO: [ app_end ] --START--
INFO: Run Behavior\ShowPageTraceBehavior [ RunTime:0.001402s ]
INFO: [ app_end ] --END-- [ RunTime:0.001617s ]

[ 2018-07-02T11:20:24+08:00 ] 127.0.0.1 /index.php/Personal/show.html
INFO: [ app_init ] --START--
INFO: Run Behavior\BuildLiteBehavior [ RunTime:0.000043s ]
INFO: [ app_init ] --END-- [ RunTime:0.000757s ]
INFO: [ app_begin ] --START--
INFO: Run Behavior\ReadHtmlCacheBehavior [ RunTime:0.001036s ]
INFO: [ app_begin ] --END-- [ RunTime:0.001230s ]
NOTIC: [2048] Declaration of Home\Controller\PersonalController::show() should be compatible with Think\Controller::show($content, $charset = '', $contentType = '', $prefix = '') D:\wamp\www\jmooctest\Application\Home\Controller\PersonalController.class.php 第 5 行.
SQL: SHOW COLUMNS FROM `jt_stu` [ RunTime:0.0088s ]
SQL: SELECT * FROM `jt_stu` WHERE `id` = 23 LIMIT 1   [ RunTime:0.0005s ]
SQL: select count(*) as num from jt_stu_log group by sid having sid=23 [ RunTime:0.0003s ]
SQL: select max(lgdate) as mdate  from jt_stu_log where sid=23 [ RunTime:0.0112s ]
SQL: select max(lgdate) as sdate  from jt_stu_log where sid=23 and lgdate<1530501193 [ RunTime:0.0007s ]
SQL: SHOW COLUMNS FROM `jt_stu_log` [ RunTime:0.0089s ]
SQL: SELECT * FROM `jt_stu_log` WHERE ( sid=23 and lgdate=1530429436 ) LIMIT 1   [ RunTime:0.0005s ]
INFO: [ view_parse ] --START--
INFO: [ template_filter ] --START--
INFO: Run Behavior\ContentReplaceBehavior [ RunTime:0.000386s ]
INFO: [ template_filter ] --END-- [ RunTime:0.000608s ]
INFO: Run Behavior\ParseTemplateBehavior [ RunTime:0.036998s ]
INFO: [ view_parse ] --END-- [ RunTime:0.037222s ]
INFO: [ view_filter ] --START--
INFO: Run Behavior\WriteHtmlCacheBehavior [ RunTime:0.000804s ]
INFO: [ view_filter ] --END-- [ RunTime:0.000996s ]
INFO: [ app_end ] --START--
INFO: Run Behavior\ShowPageTraceBehavior [ RunTime:0.002003s ]
INFO: [ app_end ] --END-- [ RunTime:0.002344s ]

[ 2018-07-02T11:20:47+08:00 ] 127.0.0.1 /index.php/Test/show.html
INFO: [ app_init ] --START--
INFO: Run Behavior\BuildLiteBehavior [ RunTime:0.000066s ]
INFO: [ app_init ] --END-- [ RunTime:0.000853s ]
INFO: [ app_begin ] --START--
INFO: Run Behavior\ReadHtmlCacheBehavior [ RunTime:0.001644s ]
INFO: [ app_begin ] --END-- [ RunTime:0.001915s ]
NOTIC: [2048] Declaration of Home\Controller\TestController::show() should be compatible with Think\Controller::show($content, $charset = '', $contentType = '', $prefix = '') D:\wamp\www\jmooctest\Application\Home\Controller\TestController.class.php 第 5 行.
SQL: SHOW COLUMNS FROM `jt_paper_basic` [ RunTime:0.0176s ]
SQL: SELECT * FROM `jt_paper_basic` WHERE ( startdate < 1530501647 and enddate > 1530501647 and  review_status=1 ) ORDER BY id desc  [ RunTime:0.0008s ]
SQL: SHOW COLUMNS FROM `jt_user` [ RunTime:0.0098s ]
SQL: SELECT `name` FROM `jt_user` WHERE `id` = 31 LIMIT 1   [ RunTime:0.0004s ]
SQL: SELECT * FROM `jt_paper_basic` WHERE ( startdate > 1530501647 and review_status=1 ) ORDER BY id desc LIMIT 6   [ RunTime:0.0004s ]
SQL: SELECT * FROM `jt_paper_basic` WHERE ( enddate < 1530501647 and review_status=1 ) ORDER BY id desc LIMIT 6   [ RunTime:0.0008s ]
SQL: SELECT `name` FROM `jt_user` WHERE `id` = 32 LIMIT 1   [ RunTime:0.0009s ]
SQL: SELECT `name` FROM `jt_user` WHERE `id` = 32 LIMIT 1   [ RunTime:0.0006s ]
SQL: SELECT `name` FROM `jt_user` WHERE `id` = 31 LIMIT 1   [ RunTime:0.0003s ]
SQL: SELECT `name` FROM `jt_user` WHERE `id` = 31 LIMIT 1   [ RunTime:0.0005s ]
INFO: [ view_parse ] --START--
INFO: [ template_filter ] --START--
INFO: Run Behavior\ContentReplaceBehavior [ RunTime:0.000214s ]
INFO: [ template_filter ] --END-- [ RunTime:0.000454s ]
INFO: Run Behavior\ParseTemplateBehavior [ RunTime:0.024916s ]
INFO: [ view_parse ] --END-- [ RunTime:0.025165s ]
INFO: [ view_filter ] --START--
INFO: Run Behavior\WriteHtmlCacheBehavior [ RunTime:0.001546s ]
INFO: [ view_filter ] --END-- [ RunTime:0.001797s ]
INFO: [ app_end ] --START--
INFO: Run Behavior\ShowPageTraceBehavior [ RunTime:0.001577s ]
INFO: [ app_end ] --END-- [ RunTime:0.001797s ]

[ 2018-07-02T11:22:59+08:00 ] 127.0.0.1 /index.php/Paper/show.html
INFO: [ app_init ] --START--
INFO: Run Behavior\BuildLiteBehavior [ RunTime:0.000043s ]
INFO: [ app_init ] --END-- [ RunTime:0.000873s ]
INFO: [ app_begin ] --START--
INFO: Run Behavior\ReadHtmlCacheBehavior [ RunTime:0.001711s ]
INFO: [ app_begin ] --END-- [ RunTime:0.002137s ]
NOTIC: [2048] Declaration of Home\Controller\PaperController::show() should be compatible with Think\Controller::show($content, $charset = '', $contentType = '', $prefix = '') D:\wamp\www\jmooctest\Application\Home\Controller\PaperController.class.php 第 5 行.
SQL: SHOW COLUMNS FROM `jt_stu_score` [ RunTime:0.0102s ]
SQL: SHOW COLUMNS FROM `jt_paper_basic` [ RunTime:0.0116s ]
SQL: SELECT `id` FROM `jt_paper_basic` WHERE ( answ_status=1 )  [ RunTime:0.0006s ]
NOTIC: [8] Undefined variable: ids D:\wamp\www\jmooctest\Application\Home\Controller\PaperController.class.php 第 14 行.
SQL: SHOW COLUMNS FROM `jt_stu_score` [ RunTime:0.0115s ]
SQL: SELECT * FROM `jt_stu_score` WHERE ( stu_id=23 and paper_id in(52,53) ) ORDER BY id desc  [ RunTime:0.0009s ]
SQL: SHOW COLUMNS FROM `jt_stu_answ` [ RunTime:0.0096s ]
SQL: SELECT `name`,`type` FROM `jt_paper_basic` WHERE `id` = 52 LIMIT 1   [ RunTime:0.0007s ]
SQL: SHOW COLUMNS FROM `jt_paper_ques_fixed` [ RunTime:0.0135s ]
SQL: SELECT `whole_score`,`sub_score` FROM `jt_paper_ques_fixed` WHERE ( paper_id=52 ) LIMIT 1   [ RunTime:0.0006s ]
SQL: SELECT `stime`,`etime` FROM `jt_stu_answ` WHERE ( stu_id=23 and paper_id=52 ) LIMIT 1   [ RunTime:0.0006s ]
INFO: [ view_parse ] --START--
INFO: [ template_filter ] --START--
INFO: Run Behavior\ContentReplaceBehavior [ RunTime:0.000223s ]
INFO: [ template_filter ] --END-- [ RunTime:0.000492s ]
INFO: Run Behavior\ParseTemplateBehavior [ RunTime:0.015430s ]
INFO: [ view_parse ] --END-- [ RunTime:0.015709s ]
INFO: [ view_filter ] --START--
INFO: Run Behavior\WriteHtmlCacheBehavior [ RunTime:0.001231s ]
INFO: [ view_filter ] --END-- [ RunTime:0.001443s ]
INFO: [ app_end ] --START--
INFO: Run Behavior\ShowPageTraceBehavior [ RunTime:0.001778s ]
INFO: [ app_end ] --END-- [ RunTime:0.002012s ]

[ 2018-07-02T11:23:00+08:00 ] 127.0.0.1 /index.php/Paper/show.html?sort=id&order=desc&limit=20&offset=0&_=1530501779808
INFO: [ app_init ] --START--
INFO: Run Behavior\BuildLiteBehavior [ RunTime:0.000064s ]
INFO: [ app_init ] --END-- [ RunTime:0.001437s ]
INFO: [ app_begin ] --START--
INFO: Run Behavior\ReadHtmlCacheBehavior [ RunTime:0.001903s ]
INFO: [ app_begin ] --END-- [ RunTime:0.002157s ]
NOTIC: [2048] Declaration of Home\Controller\PaperController::show() should be compatible with Think\Controller::show($content, $charset = '', $contentType = '', $prefix = '') D:\wamp\www\jmooctest\Application\Home\Controller\PaperController.class.php 第 5 行.
SQL: SHOW COLUMNS FROM `jt_stu_score` [ RunTime:0.0188s ]
SQL: SHOW COLUMNS FROM `jt_paper_basic` [ RunTime:0.0121s ]
SQL: SELECT `id` FROM `jt_paper_basic` WHERE ( answ_status=1 )  [ RunTime:0.0005s ]
NOTIC: [8] Undefined variable: ids D:\wamp\www\jmooctest\Application\Home\Controller\PaperController.class.php 第 14 行.
SQL: SHOW COLUMNS FROM `jt_stu_score` [ RunTime:0.0134s ]
SQL: SELECT * FROM `jt_stu_score` WHERE ( stu_id=23 and paper_id in(52,53) ) ORDER BY id desc  [ RunTime:0.0009s ]
SQL: SHOW COLUMNS FROM `jt_stu_answ` [ RunTime:0.0137s ]
SQL: SELECT `name`,`type` FROM `jt_paper_basic` WHERE `id` = 52 LIMIT 1   [ RunTime:0.0006s ]
SQL: SHOW COLUMNS FROM `jt_paper_ques_fixed` [ RunTime:0.0172s ]
SQL: SELECT `whole_score`,`sub_score` FROM `jt_paper_ques_fixed` WHERE ( paper_id=52 ) LIMIT 1   [ RunTime:0.0006s ]
SQL: SELECT `stime`,`etime` FROM `jt_stu_answ` WHERE ( stu_id=23 and paper_id=52 ) LIMIT 1   [ RunTime:0.0009s ]

[ 2018-07-02T11:24:15+08:00 ] 127.0.0.1 /index.php/Test/show.html
INFO: [ app_init ] --START--
INFO: Run Behavior\BuildLiteBehavior [ RunTime:0.000051s ]
INFO: [ app_init ] --END-- [ RunTime:0.000871s ]
INFO: [ app_begin ] --START--
INFO: Run Behavior\ReadHtmlCacheBehavior [ RunTime:0.001822s ]
INFO: [ app_begin ] --END-- [ RunTime:0.002060s ]
NOTIC: [2048] Declaration of Home\Controller\TestController::show() should be compatible with Think\Controller::show($content, $charset = '', $contentType = '', $prefix = '') D:\wamp\www\jmooctest\Application\Home\Controller\TestController.class.php 第 5 行.
SQL: SHOW COLUMNS FROM `jt_paper_basic` [ RunTime:0.0086s ]
SQL: SELECT * FROM `jt_paper_basic` WHERE ( startdate < 1530501855 and enddate > 1530501855 and  review_status=1 ) ORDER BY id desc  [ RunTime:0.0005s ]
SQL: SHOW COLUMNS FROM `jt_user` [ RunTime:0.0096s ]
SQL: SELECT `name` FROM `jt_user` WHERE `id` = 31 LIMIT 1   [ RunTime:0.0005s ]
SQL: SELECT * FROM `jt_paper_basic` WHERE ( startdate > 1530501855 and review_status=1 ) ORDER BY id desc LIMIT 6   [ RunTime:0.0006s ]
SQL: SELECT * FROM `jt_paper_basic` WHERE ( enddate < 1530501855 and review_status=1 ) ORDER BY id desc LIMIT 6   [ RunTime:0.0007s ]
SQL: SELECT `name` FROM `jt_user` WHERE `id` = 32 LIMIT 1   [ RunTime:0.0005s ]
SQL: SELECT `name` FROM `jt_user` WHERE `id` = 32 LIMIT 1   [ RunTime:0.0002s ]
SQL: SELECT `name` FROM `jt_user` WHERE `id` = 31 LIMIT 1   [ RunTime:0.0002s ]
SQL: SELECT `name` FROM `jt_user` WHERE `id` = 31 LIMIT 1   [ RunTime:0.0002s ]
INFO: [ view_parse ] --START--
INFO: [ template_filter ] --START--
INFO: Run Behavior\ContentReplaceBehavior [ RunTime:0.000280s ]
INFO: [ template_filter ] --END-- [ RunTime:0.000567s ]
INFO: Run Behavior\ParseTemplateBehavior [ RunTime:0.025005s ]
INFO: [ view_parse ] --END-- [ RunTime:0.025291s ]
INFO: [ view_filter ] --START--
INFO: Run Behavior\WriteHtmlCacheBehavior [ RunTime:0.001476s ]
INFO: [ view_filter ] --END-- [ RunTime:0.001741s ]
INFO: [ app_end ] --START--
INFO: Run Behavior\ShowPageTraceBehavior [ RunTime:0.002136s ]
INFO: [ app_end ] --END-- [ RunTime:0.002395s ]

[ 2018-07-02T11:24:17+08:00 ] 127.0.0.1 /index.php/Test/exam/id/52
INFO: [ app_init ] --START--
INFO: Run Behavior\BuildLiteBehavior [ RunTime:0.000074s ]
INFO: [ app_init ] --END-- [ RunTime:0.002148s ]
INFO: [ app_begin ] --START--
INFO: Run Behavior\ReadHtmlCacheBehavior [ RunTime:0.003251s ]
INFO: [ app_begin ] --END-- [ RunTime:0.003620s ]
NOTIC: [2048] Declaration of Home\Controller\TestController::show() should be compatible with Think\Controller::show($content, $charset = '', $contentType = '', $prefix = '') D:\wamp\www\jmooctest\Application\Home\Controller\TestController.class.php 第 5 行.
SQL: SHOW COLUMNS FROM `jt_paper_basic` [ RunTime:0.0165s ]
SQL: SHOW COLUMNS FROM `jt_paper_basic` [ RunTime:0.0144s ]
SQL: SELECT `startdate`,`enddate`,`review_status` FROM `jt_paper_basic` WHERE `id` = 52 LIMIT 1   [ RunTime:0.0007s ]
SQL: SHOW COLUMNS FROM `jt_stu` [ RunTime:0.0117s ]
SQL: SELECT `xuehao`,`stu_class` FROM `jt_stu` WHERE `id` = 23 LIMIT 1   [ RunTime:0.0007s ]
SQL: SHOW COLUMNS FROM `jt_paper_limit` [ RunTime:0.0126s ]
SQL: SELECT * FROM `jt_paper_limit` WHERE ( paper_id=52 ) LIMIT 1   [ RunTime:0.0010s ]
SQL: SHOW COLUMNS FROM `jt_stu_score` [ RunTime:0.0116s ]
SQL: SELECT * FROM `jt_stu_score` WHERE ( paper_id=52 and stu_id=23 ) LIMIT 1   [ RunTime:0.0007s ]
SQL: SHOW COLUMNS FROM `jt_stu_answ` [ RunTime:0.0093s ]
SQL: SHOW COLUMNS FROM `jt_stu_answ` [ RunTime:0.0126s ]
SQL: SELECT `stime` FROM `jt_stu_answ` WHERE ( stu_id=23 and paper_id=52 ) LIMIT 1   [ RunTime:0.0007s ]
SQL: SELECT * FROM `jt_paper_basic` WHERE `id` = 52 LIMIT 1   [ RunTime:0.0005s ]
SQL: SHOW COLUMNS FROM `jt_course` [ RunTime:0.0110s ]
SQL: SELECT `name` FROM `jt_course` WHERE `id` = 155 LIMIT 1   [ RunTime:0.0005s ]
SQL: SHOW COLUMNS FROM `jt_user` [ RunTime:0.0089s ]
SQL: SELECT `name` FROM `jt_user` WHERE `id` = 31 LIMIT 1   [ RunTime:0.0006s ]
SQL: SHOW COLUMNS FROM `jt_paper_ques_fixed` [ RunTime:0.0095s ]
SQL: SELECT * FROM `jt_paper_ques_fixed` WHERE ( paper_id=52 ) LIMIT 1   [ RunTime:0.0009s ]
SQL: SHOW COLUMNS FROM `jt_stu_paper` [ RunTime:0.0106s ]
SQL: SELECT * FROM `jt_stu_paper` WHERE ( paper_id=52 and stu_id=23 ) LIMIT 1   [ RunTime:0.0008s ]
SQL: INSERT INTO `jt_stu_paper` (`single_ids`,`double_ids`,`judge_ids`,`subj_ids`,`paper_id`,`stu_id`) VALUES ('6,1,4,2,3,5','11,3,10,8,9,2,4,5,1,7,6','6,2,3,1,5,4,7','2,1,4,3','52','23') [ RunTime:0.2568s ]
SQL: INSERT INTO `jt_stu_answ` (`paper_id`,`stu_id`,`stime`) VALUES ('52','23','1530501857') [ RunTime:0.0425s ]
SQL: SHOW COLUMNS FROM `jt_ques_single` [ RunTime:0.0227s ]
SQL: SELECT * FROM `jt_ques_single` WHERE ( id in (6,1,4,2,3,5) ) ORDER BY field(id,6,1,4,2,3,5)  [ RunTime:0.0009s ]
SQL: SHOW COLUMNS FROM `jt_ques_double` [ RunTime:0.0107s ]
SQL: SELECT * FROM `jt_ques_double` WHERE ( id in (11,3,10,8,9,2,4,5,1,7,6) ) ORDER BY field(id,11,3,10,8,9,2,4,5,1,7,6)  [ RunTime:0.0010s ]
SQL: SHOW COLUMNS FROM `jt_ques_judge` [ RunTime:0.0094s ]
SQL: SELECT * FROM `jt_ques_judge` WHERE ( id in (6,2,3,1,5,4,7) ) ORDER BY field(id,6,2,3,1,5,4,7)  [ RunTime:0.0006s ]
SQL: SHOW COLUMNS FROM `jt_ques_subj` [ RunTime:0.0102s ]
SQL: SELECT * FROM `jt_ques_subj` WHERE ( id in (2,1,4,3) ) ORDER BY field(id,2,1,4,3)  [ RunTime:0.0007s ]
SQL: SHOW COLUMNS FROM `jt_stu_answ_cache` [ RunTime:0.0121s ]
SQL: SELECT * FROM `jt_stu_answ_cache` WHERE ( stu_id=23 and paper_id=52 ) LIMIT 1   [ RunTime:0.0006s ]
SQL: SELECT `stime` FROM `jt_stu_answ` WHERE ( paper_id=52 and stu_id=23 ) LIMIT 1   [ RunTime:0.0009s ]
INFO: [ view_parse ] --START--
INFO: [ template_filter ] --START--
INFO: Run Behavior\ContentReplaceBehavior [ RunTime:0.000473s ]
INFO: [ template_filter ] --END-- [ RunTime:0.000747s ]
NOTIC: [8] Use of undefined constant sin - assumed 'sin' D:\wamp\www\jmooctest\Application\Runtime\Cache\Home\b82fae0efcf3d735200d80cb9d6039f7.php 第 138 行.
NOTIC: [8] Use of undefined constant sin - assumed 'sin' D:\wamp\www\jmooctest\Application\Runtime\Cache\Home\b82fae0efcf3d735200d80cb9d6039f7.php 第 138 行.
NOTIC: [8] Undefined index: myansw D:\wamp\www\jmooctest\Application\Runtime\Cache\Home\b82fae0efcf3d735200d80cb9d6039f7.php 第 144 行.
NOTIC: [8] Undefined index: myansw D:\wamp\www\jmooctest\Application\Runtime\Cache\Home\b82fae0efcf3d735200d80cb9d6039f7.php 第 150 行.
NOTIC: [8] Undefined index: myansw D:\wamp\www\jmooctest\Application\Runtime\Cache\Home\b82fae0efcf3d735200d80cb9d6039f7.php 第 155 行.
NOTIC: [8] Undefined index: myansw D:\wamp\www\jmooctest\Application\Runtime\Cache\Home\b82fae0efcf3d735200d80cb9d6039f7.php 第 160 行.
NOTIC: [8] Undefined index: myansw D:\wamp\www\jmooctest\Application\Runtime\Cache\Home\b82fae0efcf3d735200d80cb9d6039f7.php 第 144 行.
NOTIC: [8] Undefined index: myansw D:\wamp\www\jmooctest\Application\Runtime\Cache\Home\b82fae0efcf3d735200d80cb9d6039f7.php 第 150 行.
NOTIC: [8] Undefined index: myansw D:\wamp\www\jmooctest\Application\Runtime\Cache\Home\b82fae0efcf3d735200d80cb9d6039f7.php 第 155 行.
NOTIC: [8] Undefined index: myansw D:\wamp\www\jmooctest\Application\Runtime\Cache\Home\b82fae0efcf3d735200d80cb9d6039f7.php 第 160 行.
NOTIC: [8] Undefined index: myansw D:\wamp\www\jmooctest\Application\Runtime\Cache\Home\b82fae0efcf3d735200d80cb9d6039f7.php 第 144 行.
NOTIC: [8] Undefined index: myansw D:\wamp\www\jmooctest\Application\Runtime\Cache\Home\b82fae0efcf3d735200d80cb9d6039f7.php 第 150 行.
NOTIC: [8] Undefined index: myansw D:\wamp\www\jmooctest\Application\Runtime\Cache\Home\b82fae0efcf3d735200d80cb9d6039f7.php 第 155 行.
NOTIC: [8] Undefined index: myansw D:\wamp\www\jmooctest\Application\Runtime\Cache\Home\b82fae0efcf3d735200d80cb9d6039f7.php 第 160 行.
NOTIC: [8] Undefined index: myansw D:\wamp\www\jmooctest\Application\Runtime\Cache\Home\b82fae0efcf3d735200d80cb9d6039f7.php 第 144 行.
NOTIC: [8] Undefined index: myansw D:\wamp\www\jmooctest\Application\Runtime\Cache\Home\b82fae0efcf3d735200d80cb9d6039f7.php 第 150 行.
NOTIC: [8] Undefined index: myansw D:\wamp\www\jmooctest\Application\Runtime\Cache\Home\b82fae0efcf3d735200d80cb9d6039f7.php 第 155 行.
NOTIC: [8] Undefined index: myansw D:\wamp\www\jmooctest\Application\Runtime\Cache\Home\b82fae0efcf3d735200d80cb9d6039f7.php 第 160 行.
NOTIC: [8] Undefined index: myansw D:\wamp\www\jmooctest\Application\Runtime\Cache\Home\b82fae0efcf3d735200d80cb9d6039f7.php 第 144 行.
NOTIC: [8] Undefined index: myansw D:\wamp\www\jmooctest\Application\Runtime\Cache\Home\b82fae0efcf3d735200d80cb9d6039f7.php 第 150 行.
NOTIC: [8] Undefined index: myansw D:\wamp\www\jmooctest\Application\Runtime\Cache\Home\b82fae0efcf3d735200d80cb9d6039f7.php 第 155 行.
NOTIC: [8] Undefined index: myansw D:\wamp\www\jmooctest\Application\Runtime\Cache\Home\b82fae0efcf3d735200d80cb9d6039f7.php 第 160 行.
NOTIC: [8] Undefined index: myansw D:\wamp\www\jmooctest\Application\Runtime\Cache\Home\b82fae0efcf3d735200d80cb9d6039f7.php 第 144 行.
NOTIC: [8] Undefined index: myansw D:\wamp\www\jmooctest\Application\Runtime\Cache\Home\b82fae0efcf3d735200d80cb9d6039f7.php 第 150 行.
NOTIC: [8] Undefined index: myansw D:\wamp\www\jmooctest\Application\Runtime\Cache\Home\b82fae0efcf3d735200d80cb9d6039f7.php 第 155 行.
NOTIC: [8] Undefined index: myansw D:\wamp\www\jmooctest\Application\Runtime\Cache\Home\b82fae0efcf3d735200d80cb9d6039f7.php 第 160 行.
NOTIC: [8] Use of undefined constant dou - assumed 'dou' D:\wamp\www\jmooctest\Application\Runtime\Cache\Home\b82fae0efcf3d735200d80cb9d6039f7.php 第 172 行.
NOTIC: [8] Use of undefined constant dou - assumed 'dou' D:\wamp\www\jmooctest\Application\Runtime\Cache\Home\b82fae0efcf3d735200d80cb9d6039f7.php 第 172 行.
NOTIC: [8] Use of undefined constant myansw - assumed 'myansw' D:\wamp\www\jmooctest\Application\Runtime\Cache\Home\b82fae0efcf3d735200d80cb9d6039f7.php 第 178 行.
NOTIC: [8] Undefined index: myansw D:\wamp\www\jmooctest\Application\Runtime\Cache\Home\b82fae0efcf3d735200d80cb9d6039f7.php 第 178 行.
NOTIC: [2] in_array() expects parameter 2 to be array, null given D:\wamp\www\jmooctest\Application\Runtime\Cache\Home\b82fae0efcf3d735200d80cb9d6039f7.php 第 178 行.
NOTIC: [8] Use of undefined constant myansw - assumed 'myansw' D:\wamp\www\jmooctest\Application\Runtime\Cache\Home\b82fae0efcf3d735200d80cb9d6039f7.php 第 183 行.
NOTIC: [8] Undefined index: myansw D:\wamp\www\jmooctest\Application\Runtime\Cache\Home\b82fae0efcf3d735200d80cb9d6039f7.php 第 183 行.
NOTIC: [2] in_array() expects parameter 2 to be array, null given D:\wamp\www\jmooctest\Application\Runtime\Cache\Home\b82fae0efcf3d735200d80cb9d6039f7.php 第 183 行.
NOTIC: [8] Use of undefined constant myansw - assumed 'myansw' D:\wamp\www\jmooctest\Application\Runtime\Cache\Home\b82fae0efcf3d735200d80cb9d6039f7.php 第 188 行.
NOTIC: [8] Undefined index: myansw D:\wamp\www\jmooctest\Application\Runtime\Cache\Home\b82fae0efcf3d735200d80cb9d6039f7.php 第 188 行.
NOTIC: [2] in_array() expects parameter 2 to be array, null given D:\wamp\www\jmooctest\Application\Runtime\Cache\Home\b82fae0efcf3d735200d80cb9d6039f7.php 第 188 行.
NOTIC: [8] Use of undefined constant myansw - assumed 'myansw' D:\wamp\www\jmooctest\Application\Runtime\Cache\Home\b82fae0efcf3d735200d80cb9d6039f7.php 第 193 行.
NOTIC: [8] Undefined index: myansw D:\wamp\www\jmooctest\Application\Runtime\Cache\Home\b82fae0efcf3d735200d80cb9d6039f7.php 第 193 行.
NOTIC: [2] in_array() expects parameter 2 to be array, null given D:\wamp\www\jmooctest\Application\Runtime\Cache\Home\b82fae0efcf3d735200d80cb9d6039f7.php 第 193 行.
NOTIC: [8] Use of undefined constant myansw - assumed 'myansw' D:\wamp\www\jmooctest\Application\Runtime\Cache\Home\b82fae0efcf3d735200d80cb9d6039f7.php 第 178 行.
NOTIC: [8] Undefined index: myansw D:\wamp\www\jmooctest\Application\Runtime\Cache\Home\b82fae0efcf3d735200d80cb9d6039f7.php 第 178 行.
NOTIC: [2] in_array() expects parameter 2 to be array, null given D:\wamp\www\jmooctest\Application\Runtime\Cache\Home\b82fae0efcf3d735200d80cb9d6039f7.php 第 178 行.
NOTIC: [8] Use of undefined constant myansw - assumed 'myansw' D:\wamp\www\jmooctest\Application\Runtime\Cache\Home\b82fae0efcf3d735200d80cb9d6039f7.php 第 183 行.
NOTIC: [8] Undefined index: myansw D:\wamp\www\jmooctest\Application\Runtime\Cache\Home\b82fae0efcf3d735200d80cb9d6039f7.php 第 183 行.
NOTIC: [2] in_array() expects parameter 2 to be array, null given D:\wamp\www\jmooctest\Application\Runtime\Cache\Home\b82fae0efcf3d735200d80cb9d6039f7.php 第 183 行.
NOTIC: [8] Use of undefined constant myansw - assumed 'myansw' D:\wamp\www\jmooctest\Application\Runtime\Cache\Home\b82fae0efcf3d735200d80cb9d6039f7.php 第 188 行.
NOTIC: [8] Undefined index: myansw D:\wamp\www\jmooctest\Application\Runtime\Cache\Home\b82fae0efcf3d735200d80cb9d6039f7.php 第 188 行.
NOTIC: [2] in_array() expects parameter 2 to be array, null given D:\wamp\www\jmooctest\Application\Runtime\Cache\Home\b82fae0efcf3d735200d80cb9d6039f7.php 第 188 行.
NOTIC: [8] Use of undefined constant myansw - assumed 'myansw' D:\wamp\www\jmooctest\Application\Runtime\Cache\Home\b82fae0efcf3d735200d80cb9d6039f7.php 第 193 行.
NOTIC: [8] Undefined index: myansw D:\wamp\www\jmooctest\Application\Runtime\Cache\Home\b82fae0efcf3d735200d80cb9d6039f7.php 第 193 行.
NOTIC: [2] in_array() expects parameter 2 to be array, null given D:\wamp\www\jmooctest\Application\Runtime\Cache\Home\b82fae0efcf3d735200d80cb9d6039f7.php 第 193 行.
NOTIC: [8] Use of undefined constant myansw - assumed 'myansw' D:\wamp\www\jmooctest\Application\Runtime\Cache\Home\b82fae0efcf3d735200d80cb9d6039f7.php 第 178 行.
NOTIC: [8] Undefined index: myansw D:\wamp\www\jmooctest\Application\Runtime\Cache\Home\b82fae0efcf3d735200d80cb9d6039f7.php 第 178 行.
NOTIC: [2] in_array() expects parameter 2 to be array, null given D:\wamp\www\jmooctest\Application\Runtime\Cache\Home\b82fae0efcf3d735200d80cb9d6039f7.php 第 178 行.
NOTIC: [8] Use of undefined constant myansw - assumed 'myansw' D:\wamp\www\jmooctest\Application\Runtime\Cache\Home\b82fae0efcf3d735200d80cb9d6039f7.php 第 183 行.
NOTIC: [8] Undefined index: myansw D:\wamp\www\jmooctest\Application\Runtime\Cache\Home\b82fae0efcf3d735200d80cb9d6039f7.php 第 183 行.
NOTIC: [2] in_array() expects parameter 2 to be array, null given D:\wamp\www\jmooctest\Application\Runtime\Cache\Home\b82fae0efcf3d735200d80cb9d6039f7.php 第 183 行.
NOTIC: [8] Use of undefined constant myansw - assumed 'myansw' D:\wamp\www\jmooctest\Application\Runtime\Cache\Home\b82fae0efcf3d735200d80cb9d6039f7.php 第 188 行.
NOTIC: [8] Undefined index: myansw D:\wamp\www\jmooctest\Application\Runtime\Cache\Home\b82fae0efcf3d735200d80cb9d6039f7.php 第 188 行.
NOTIC: [2] in_array() expects parameter 2 to be array, null given D:\wamp\www\jmooctest\Application\Runtime\Cache\Home\b82fae0efcf3d735200d80cb9d6039f7.php 第 188 行.
NOTIC: [8] Use of undefined constant myansw - assumed 'myansw' D:\wamp\www\jmooctest\Application\Runtime\Cache\Home\b82fae0efcf3d735200d80cb9d6039f7.php 第 193 行.
NOTIC: [8] Undefined index: myansw D:\wamp\www\jmooctest\Application\Runtime\Cache\Home\b82fae0efcf3d735200d80cb9d6039f7.php 第 193 行.
NOTIC: [2] in_array() expects parameter 2 to be array, null given D:\wamp\www\jmooctest\Application\Runtime\Cache\Home\b82fae0efcf3d735200d80cb9d6039f7.php 第 193 行.
NOTIC: [8] Use of undefined constant myansw - assumed 'myansw' D:\wamp\www\jmooctest\Application\Runtime\Cache\Home\b82fae0efcf3d735200d80cb9d6039f7.php 第 178 行.
NOTIC: [8] Undefined index: myansw D:\wamp\www\jmooctest\Application\Runtime\Cache\Home\b82fae0efcf3d735200d80cb9d6039f7.php 第 178 行.
NOTIC: [2] in_array() expects parameter 2 to be array, null given D:\wamp\www\jmooctest\Application\Runtime\Cache\Home\b82fae0efcf3d735200d80cb9d6039f7.php 第 178 行.
NOTIC: [8] Use of undefined constant myansw - assumed 'myansw' D:\wamp\www\jmooctest\Application\Runtime\Cache\Home\b82fae0efcf3d735200d80cb9d6039f7.php 第 183 行.
NOTIC: [8] Undefined index: myansw D:\wamp\www\jmooctest\Application\Runtime\Cache\Home\b82fae0efcf3d735200d80cb9d6039f7.php 第 183 行.
NOTIC: [2] in_array() expects parameter 2 to be array, null given D:\wamp\www\jmooctest\Application\Runtime\Cache\Home\b82fae0efcf3d735200d80cb9d6039f7.php 第 183 行.
NOTIC: [8] Use of undefined constant myansw - assumed 'myansw' D:\wamp\www\jmooctest\Application\Runtime\Cache\Home\b82fae0efcf3d735200d80cb9d6039f7.php 第 188 行.
NOTIC: [8] Undefined index: myansw D:\wamp\www\jmooctest\Application\Runtime\Cache\Home\b82fae0efcf3d735200d80cb9d6039f7.php 第 188 行.
NOTIC: [2] in_array() expects parameter 2 to be array, null given D:\wamp\www\jmooctest\Application\Runtime\Cache\Home\b82fae0efcf3d735200d80cb9d6039f7.php 第 188 行.
NOTIC: [8] Use of undefined constant myansw - assumed 'myansw' D:\wamp\www\jmooctest\Application\Runtime\Cache\Home\b82fae0efcf3d735200d80cb9d6039f7.php 第 193 行.
NOTIC: [8] Undefined index: myansw D:\wamp\www\jmooctest\Application\Runtime\Cache\Home\b82fae0efcf3d735200d80cb9d6039f7.php 第 193 行.
NOTIC: [2] in_array() expects parameter 2 to be array, null given D:\wamp\www\jmooctest\Application\Runtime\Cache\Home\b82fae0efcf3d735200d80cb9d6039f7.php 第 193 行.
NOTIC: [8] Use of undefined constant myansw - assumed 'myansw' D:\wamp\www\jmooctest\Application\Runtime\Cache\Home\b82fae0efcf3d735200d80cb9d6039f7.php 第 178 行.
NOTIC: [8] Undefined index: myansw D:\wamp\www\jmooctest\Application\Runtime\Cache\Home\b82fae0efcf3d735200d80cb9d6039f7.php 第 178 行.
NOTIC: [2] in_array() expects parameter 2 to be array, null given D:\wamp\www\jmooctest\Application\Runtime\Cache\Home\b82fae0efcf3d735200d80cb9d6039f7.php 第 178 行.
NOTIC: [8] Use of undefined constant myansw - assumed 'myansw' D:\wamp\www\jmooctest\Application\Runtime\Cache\Home\b82fae0efcf3d735200d80cb9d6039f7.php 第 183 行.
NOTIC: [8] Undefined index: myansw D:\wamp\www\jmooctest\Application\Runtime\Cache\Home\b82fae0efcf3d735200d80cb9d6039f7.php 第 183 行.
NOTIC: [2] in_array() expects parameter 2 to be array, null given D:\wamp\www\jmooctest\Application\Runtime\Cache\Home\b82fae0efcf3d735200d80cb9d6039f7.php 第 183 行.
NOTIC: [8] Use of undefined constant myansw - assumed 'myansw' D:\wamp\www\jmooctest\Application\Runtime\Cache\Home\b82fae0efcf3d735200d80cb9d6039f7.php 第 188 行.
NOTIC: [8] Undefined index: myansw D:\wamp\www\jmooctest\Application\Runtime\Cache\Home\b82fae0efcf3d735200d80cb9d6039f7.php 第 188 行.
NOTIC: [2] in_array() expects parameter 2 to be array, null given D:\wamp\www\jmooctest\Application\Runtime\Cache\Home\b82fae0efcf3d735200d80cb9d6039f7.php 第 188 行.
NOTIC: [8] Use of undefined constant myansw - assumed 'myansw' D:\wamp\www\jmooctest\Application\Runtime\Cache\Home\b82fae0efcf3d735200d80cb9d6039f7.php 第 193 行.
NOTIC: [8] Undefined index: myansw D:\wamp\www\jmooctest\Application\Runtime\Cache\Home\b82fae0efcf3d735200d80cb9d6039f7.php 第 193 行.
NOTIC: [2] in_array() expects parameter 2 to be array, null given D:\wamp\www\jmooctest\Application\Runtime\Cache\Home\b82fae0efcf3d735200d80cb9d6039f7.php 第 193 行.
NOTIC: [8] Use of undefined constant myansw - assumed 'myansw' D:\wamp\www\jmooctest\Application\Runtime\Cache\Home\b82fae0efcf3d735200d80cb9d6039f7.php 第 178 行.
NOTIC: [8] Undefined index: myansw D:\wamp\www\jmooctest\Application\Runtime\Cache\Home\b82fae0efcf3d735200d80cb9d6039f7.php 第 178 行.
NOTIC: [2] in_array() expects parameter 2 to be array, null given D:\wamp\www\jmooctest\Application\Runtime\Cache\Home\b82fae0efcf3d735200d80cb9d6039f7.php 第 178 行.
NOTIC: [8] Use of undefined constant myansw - assumed 'myansw' D:\wamp\www\jmooctest\Application\Runtime\Cache\Home\b82fae0efcf3d735200d80cb9d6039f7.php 第 183 行.
NOTIC: [8] Undefined index: myansw D:\wamp\www\jmooctest\Application\Runtime\Cache\Home\b82fae0efcf3d735200d80cb9d6039f7.php 第 183 行.
NOTIC: [2] in_array() expects parameter 2 to be array, null given D:\wamp\www\jmooctest\Application\Runtime\Cache\Home\b82fae0efcf3d735200d80cb9d6039f7.php 第 183 行.
NOTIC: [8] Use of undefined constant myansw - assumed 'myansw' D:\wamp\www\jmooctest\Application\Runtime\Cache\Home\b82fae0efcf3d735200d80cb9d6039f7.php 第 188 行.
NOTIC: [8] Undefined index: myansw D:\wamp\www\jmooctest\Application\Runtime\Cache\Home\b82fae0efcf3d735200d80cb9d6039f7.php 第 188 行.
NOTIC: [2] in_array() expects parameter 2 to be array, null given D:\wamp\www\jmooctest\Application\Runtime\Cache\Home\b82fae0efcf3d735200d80cb9d6039f7.php 第 188 行.
NOTIC: [8] Use of undefined constant myansw - assumed 'myansw' D:\wamp\www\jmooctest\Application\Runtime\Cache\Home\b82fae0efcf3d735200d80cb9d6039f7.php 第 193 行.
NOTIC: [8] Undefined index: myansw D:\wamp\www\jmooctest\Application\Runtime\Cache\Home\b82fae0efcf3d735200d80cb9d6039f7.php 第 193 行.
NOTIC: [2] in_array() expects parameter 2 to be array, null given D:\wamp\www\jmooctest\Application\Runtime\Cache\Home\b82fae0efcf3d735200d80cb9d6039f7.php 第 193 行.
NOTIC: [8] Use of undefined constant myansw - assumed 'myansw' D:\wamp\www\jmooctest\Application\Runtime\Cache\Home\b82fae0efcf3d735200d80cb9d6039f7.php 第 178 行.
NOTIC: [8] Undefined index: myansw D:\wamp\www\jmooctest\Application\Runtime\Cache\Home\b82fae0efcf3d735200d80cb9d6039f7.php 第 178 行.
NOTIC: [2] in_array() expects parameter 2 to be array, null given D:\wamp\www\jmooctest\Application\Runtime\Cache\Home\b82fae0efcf3d735200d80cb9d6039f7.php 第 178 行.
NOTIC: [8] Use of undefined constant myansw - assumed 'myansw' D:\wamp\www\jmooctest\Application\Runtime\Cache\Home\b82fae0efcf3d735200d80cb9d6039f7.php 第 183 行.
NOTIC: [8] Undefined index: myansw D:\wamp\www\jmooctest\Application\Runtime\Cache\Home\b82fae0efcf3d735200d80cb9d6039f7.php 第 183 行.
NOTIC: [2] in_array() expects parameter 2 to be array, null given D:\wamp\www\jmooctest\Application\Runtime\Cache\Home\b82fae0efcf3d735200d80cb9d6039f7.php 第 183 行.
NOTIC: [8] Use of undefined constant myansw - assumed 'myansw' D:\wamp\www\jmooctest\Application\Runtime\Cache\Home\b82fae0efcf3d735200d80cb9d6039f7.php 第 188 行.
NOTIC: [8] Undefined index: myansw D:\wamp\www\jmooctest\Application\Runtime\Cache\Home\b82fae0efcf3d735200d80cb9d6039f7.php 第 188 行.
NOTIC: [2] in_array() expects parameter 2 to be array, null given D:\wamp\www\jmooctest\Application\Runtime\Cache\Home\b82fae0efcf3d735200d80cb9d6039f7.php 第 188 行.
NOTIC: [8] Use of undefined constant myansw - assumed 'myansw' D:\wamp\www\jmooctest\Application\Runtime\Cache\Home\b82fae0efcf3d735200d80cb9d6039f7.php 第 193 行.
NOTIC: [8] Undefined index: myansw D:\wamp\www\jmooctest\Application\Runtime\Cache\Home\b82fae0efcf3d735200d80cb9d6039f7.php 第 193 行.
NOTIC: [2] in_array() expects parameter 2 to be array, null given D:\wamp\www\jmooctest\Application\Runtime\Cache\Home\b82fae0efcf3d735200d80cb9d6039f7.php 第 193 行.
NOTIC: [8] Use of undefined constant myansw - assumed 'myansw' D:\wamp\www\jmooctest\Application\Runtime\Cache\Home\b82fae0efcf3d735200d80cb9d6039f7.php 第 178 行.
NOTIC: [8] Undefined index: myansw D:\wamp\www\jmooctest\Application\Runtime\Cache\Home\b82fae0efcf3d735200d80cb9d6039f7.php 第 178 行.
NOTIC: [2] in_array() expects parameter 2 to be array, null given D:\wamp\www\jmooctest\Application\Runtime\Cache\Home\b82fae0efcf3d735200d80cb9d6039f7.php 第 178 行.
NOTIC: [8] Use of undefined constant myansw - assumed 'myansw' D:\wamp\www\jmooctest\Application\Runtime\Cache\Home\b82fae0efcf3d735200d80cb9d6039f7.php 第 183 行.
NOTIC: [8] Undefined index: myansw D:\wamp\www\jmooctest\Application\Runtime\Cache\Home\b82fae0efcf3d735200d80cb9d6039f7.php 第 183 行.
NOTIC: [2] in_array() expects parameter 2 to be array, null given D:\wamp\www\jmooctest\Application\Runtime\Cache\Home\b82fae0efcf3d735200d80cb9d6039f7.php 第 183 行.
NOTIC: [8] Use of undefined constant myansw - assumed 'myansw' D:\wamp\www\jmooctest\Application\Runtime\Cache\Home\b82fae0efcf3d735200d80cb9d6039f7.php 第 188 行.
NOTIC: [8] Undefined index: myansw D:\wamp\www\jmooctest\Application\Runtime\Cache\Home\b82fae0efcf3d735200d80cb9d6039f7.php 第 188 行.
NOTIC: [2] in_array() expects parameter 2 to be array, null given D:\wamp\www\jmooctest\Application\Runtime\Cache\Home\b82fae0efcf3d735200d80cb9d6039f7.php 第 188 行.
NOTIC: [8] Use of undefined constant myansw - assumed 'myansw' D:\wamp\www\jmooctest\Application\Runtime\Cache\Home\b82fae0efcf3d735200d80cb9d6039f7.php 第 193 行.
NOTIC: [8] Undefined index: myansw D:\wamp\www\jmooctest\Application\Runtime\Cache\Home\b82fae0efcf3d735200d80cb9d6039f7.php 第 193 行.
NOTIC: [2] in_array() expects parameter 2 to be array, null given D:\wamp\www\jmooctest\Application\Runtime\Cache\Home\b82fae0efcf3d735200d80cb9d6039f7.php 第 193 行.
NOTIC: [8] Use of undefined constant myansw - assumed 'myansw' D:\wamp\www\jmooctest\Application\Runtime\Cache\Home\b82fae0efcf3d735200d80cb9d6039f7.php 第 178 行.
NOTIC: [8] Undefined index: myansw D:\wamp\www\jmooctest\Application\Runtime\Cache\Home\b82fae0efcf3d735200d80cb9d6039f7.php 第 178 行.
NOTIC: [2] in_array() expects parameter 2 to be array, null given D:\wamp\www\jmooctest\Application\Runtime\Cache\Home\b82fae0efcf3d735200d80cb9d6039f7.php 第 178 行.
NOTIC: [8] Use of undefined constant myansw - assumed 'myansw' D:\wamp\www\jmooctest\Application\Runtime\Cache\Home\b82fae0efcf3d735200d80cb9d6039f7.php 第 183 行.
NOTIC: [8] Undefined index: myansw D:\wamp\www\jmooctest\Application\Runtime\Cache\Home\b82fae0efcf3d735200d80cb9d6039f7.php 第 183 行.
NOTIC: [2] in_array() expects parameter 2 to be array, null given D:\wamp\www\jmooctest\Application\Runtime\Cache\Home\b82fae0efcf3d735200d80cb9d6039f7.php 第 183 行.
NOTIC: [8] Use of undefined constant myansw - assumed 'myansw' D:\wamp\www\jmooctest\Application\Runtime\Cache\Home\b82fae0efcf3d735200d80cb9d6039f7.php 第 188 行.
NOTIC: [8] Undefined index: myansw D:\wamp\www\jmooctest\Application\Runtime\Cache\Home\b82fae0efcf3d735200d80cb9d6039f7.php 第 188 行.
NOTIC: [2] in_array() expects parameter 2 to be array, null given D:\wamp\www\jmooctest\Application\Runtime\Cache\Home\b82fae0efcf3d735200d80cb9d6039f7.php 第 188 行.
NOTIC: [8] Use of undefined constant myansw - assumed 'myansw' D:\wamp\www\jmooctest\Application\Runtime\Cache\Home\b82fae0efcf3d735200d80cb9d6039f7.php 第 193 行.
NOTIC: [8] Undefined index: myansw D:\wamp\www\jmooctest\Application\Runtime\Cache\Home\b82fae0efcf3d735200d80cb9d6039f7.php 第 193 行.
NOTIC: [2] in_array() expects parameter 2 to be array, null given D:\wamp\www\jmooctest\Application\Runtime\Cache\Home\b82fae0efcf3d735200d80cb9d6039f7.php 第 193 行.
NOTIC: [8] Use of undefined constant myansw - assumed 'myansw' D:\wamp\www\jmooctest\Application\Runtime\Cache\Home\b82fae0efcf3d735200d80cb9d6039f7.php 第 178 行.
NOTIC: [8] Undefined index: myansw D:\wamp\www\jmooctest\Application\Runtime\Cache\Home\b82fae0efcf3d735200d80cb9d6039f7.php 第 178 行.
NOTIC: [2] in_array() expects parameter 2 to be array, null given D:\wamp\www\jmooctest\Application\Runtime\Cache\Home\b82fae0efcf3d735200d80cb9d6039f7.php 第 178 行.
NOTIC: [8] Use of undefined constant myansw - assumed 'myansw' D:\wamp\www\jmooctest\Application\Runtime\Cache\Home\b82fae0efcf3d735200d80cb9d6039f7.php 第 183 行.
NOTIC: [8] Undefined index: myansw D:\wamp\www\jmooctest\Application\Runtime\Cache\Home\b82fae0efcf3d735200d80cb9d6039f7.php 第 183 行.
NOTIC: [2] in_array() expects parameter 2 to be array, null given D:\wamp\www\jmooctest\Application\Runtime\Cache\Home\b82fae0efcf3d735200d80cb9d6039f7.php 第 183 行.
NOTIC: [8] Use of undefined constant myansw - assumed 'myansw' D:\wamp\www\jmooctest\Application\Runtime\Cache\Home\b82fae0efcf3d735200d80cb9d6039f7.php 第 188 行.
NOTIC: [8] Undefined index: myansw D:\wamp\www\jmooctest\Application\Runtime\Cache\Home\b82fae0efcf3d735200d80cb9d6039f7.php 第 188 行.
NOTIC: [2] in_array() expects parameter 2 to be array, null given D:\wamp\www\jmooctest\Application\Runtime\Cache\Home\b82fae0efcf3d735200d80cb9d6039f7.php 第 188 行.
NOTIC: [8] Use of undefined constant myansw - assumed 'myansw' D:\wamp\www\jmooctest\Application\Runtime\Cache\Home\b82fae0efcf3d735200d80cb9d6039f7.php 第 193 行.
NOTIC: [8] Undefined index: myansw D:\wamp\www\jmooctest\Application\Runtime\Cache\Home\b82fae0efcf3d735200d80cb9d6039f7.php 第 193 行.
NOTIC: [2] in_array() expects parameter 2 to be array, null given D:\wamp\www\jmooctest\Application\Runtime\Cache\Home\b82fae0efcf3d735200d80cb9d6039f7.php 第 193 行.
NOTIC: [8] Use of undefined constant myansw - assumed 'myansw' D:\wamp\www\jmooctest\Application\Runtime\Cache\Home\b82fae0efcf3d735200d80cb9d6039f7.php 第 178 行.
NOTIC: [8] Undefined index: myansw D:\wamp\www\jmooctest\Application\Runtime\Cache\Home\b82fae0efcf3d735200d80cb9d6039f7.php 第 178 行.
NOTIC: [2] in_array() expects parameter 2 to be array, null given D:\wamp\www\jmooctest\Application\Runtime\Cache\Home\b82fae0efcf3d735200d80cb9d6039f7.php 第 178 行.
NOTIC: [8] Use of undefined constant myansw - assumed 'myansw' D:\wamp\www\jmooctest\Application\Runtime\Cache\Home\b82fae0efcf3d735200d80cb9d6039f7.php 第 183 行.
NOTIC: [8] Undefined index: myansw D:\wamp\www\jmooctest\Application\Runtime\Cache\Home\b82fae0efcf3d735200d80cb9d6039f7.php 第 183 行.
NOTIC: [2] in_array() expects parameter 2 to be array, null given D:\wamp\www\jmooctest\Application\Runtime\Cache\Home\b82fae0efcf3d735200d80cb9d6039f7.php 第 183 行.
NOTIC: [8] Use of undefined constant myansw - assumed 'myansw' D:\wamp\www\jmooctest\Application\Runtime\Cache\Home\b82fae0efcf3d735200d80cb9d6039f7.php 第 188 行.
NOTIC: [8] Undefined index: myansw D:\wamp\www\jmooctest\Application\Runtime\Cache\Home\b82fae0efcf3d735200d80cb9d6039f7.php 第 188 行.
NOTIC: [2] in_array() expects parameter 2 to be array, null given D:\wamp\www\jmooctest\Application\Runtime\Cache\Home\b82fae0efcf3d735200d80cb9d6039f7.php 第 188 行.
NOTIC: [8] Use of undefined constant myansw - assumed 'myansw' D:\wamp\www\jmooctest\Application\Runtime\Cache\Home\b82fae0efcf3d735200d80cb9d6039f7.php 第 193 行.
NOTIC: [8] Undefined index: myansw D:\wamp\www\jmooctest\Application\Runtime\Cache\Home\b82fae0efcf3d735200d80cb9d6039f7.php 第 193 行.
NOTIC: [2] in_array() expects parameter 2 to be array, null given D:\wamp\www\jmooctest\Application\Runtime\Cache\Home\b82fae0efcf3d735200d80cb9d6039f7.php 第 193 行.
NOTIC: [8] Use of undefined constant jud - assumed 'jud' D:\wamp\www\jmooctest\Application\Runtime\Cache\Home\b82fae0efcf3d735200d80cb9d6039f7.php 第 205 行.
NOTIC: [8] Use of undefined constant jud - assumed 'jud' D:\wamp\www\jmooctest\Application\Runtime\Cache\Home\b82fae0efcf3d735200d80cb9d6039f7.php 第 205 行.
NOTIC: [8] Undefined index: myansw D:\wamp\www\jmooctest\Application\Runtime\Cache\Home\b82fae0efcf3d735200d80cb9d6039f7.php 第 211 行.
NOTIC: [8] Undefined index: myansw D:\wamp\www\jmooctest\Application\Runtime\Cache\Home\b82fae0efcf3d735200d80cb9d6039f7.php 第 217 行.
NOTIC: [8] Undefined index: myansw D:\wamp\www\jmooctest\Application\Runtime\Cache\Home\b82fae0efcf3d735200d80cb9d6039f7.php 第 211 行.
NOTIC: [8] Undefined index: myansw D:\wamp\www\jmooctest\Application\Runtime\Cache\Home\b82fae0efcf3d735200d80cb9d6039f7.php 第 217 行.
NOTIC: [8] Undefined index: myansw D:\wamp\www\jmooctest\Application\Runtime\Cache\Home\b82fae0efcf3d735200d80cb9d6039f7.php 第 211 行.
NOTIC: [8] Undefined index: myansw D:\wamp\www\jmooctest\Application\Runtime\Cache\Home\b82fae0efcf3d735200d80cb9d6039f7.php 第 217 行.
NOTIC: [8] Undefined index: myansw D:\wamp\www\jmooctest\Application\Runtime\Cache\Home\b82fae0efcf3d735200d80cb9d6039f7.php 第 211 行.
NOTIC: [8] Undefined index: myansw D:\wamp\www\jmooctest\Application\Runtime\Cache\Home\b82fae0efcf3d735200d80cb9d6039f7.php 第 217 行.
NOTIC: [8] Undefined index: myansw D:\wamp\www\jmooctest\Application\Runtime\Cache\Home\b82fae0efcf3d735200d80cb9d6039f7.php 第 211 行.
NOTIC: [8] Undefined index: myansw D:\wamp\www\jmooctest\Application\Runtime\Cache\Home\b82fae0efcf3d735200d80cb9d6039f7.php 第 217 行.
NOTIC: [8] Undefined index: myansw D:\wamp\www\jmooctest\Application\Runtime\Cache\Home\b82fae0efcf3d735200d80cb9d6039f7.php 第 211 行.
NOTIC: [8] Undefined index: myansw D:\wamp\www\jmooctest\Application\Runtime\Cache\Home\b82fae0efcf3d735200d80cb9d6039f7.php 第 217 行.
NOTIC: [8] Undefined index: myansw D:\wamp\www\jmooctest\Application\Runtime\Cache\Home\b82fae0efcf3d735200d80cb9d6039f7.php 第 211 行.
NOTIC: [8] Undefined index: myansw D:\wamp\www\jmooctest\Application\Runtime\Cache\Home\b82fae0efcf3d735200d80cb9d6039f7.php 第 217 行.
NOTIC: [8] Use of undefined constant sub - assumed 'sub' D:\wamp\www\jmooctest\Application\Runtime\Cache\Home\b82fae0efcf3d735200d80cb9d6039f7.php 第 230 行.
NOTIC: [8] Use of undefined constant sub - assumed 'sub' D:\wamp\www\jmooctest\Application\Runtime\Cache\Home\b82fae0efcf3d735200d80cb9d6039f7.php 第 230 行.
NOTIC: [8] Undefined index: myansw D:\wamp\www\jmooctest\Application\Runtime\Cache\Home\b82fae0efcf3d735200d80cb9d6039f7.php 第 234 行.
NOTIC: [8] Undefined index: myansw D:\wamp\www\jmooctest\Application\Runtime\Cache\Home\b82fae0efcf3d735200d80cb9d6039f7.php 第 234 行.
NOTIC: [8] Undefined index: myansw D:\wamp\www\jmooctest\Application\Runtime\Cache\Home\b82fae0efcf3d735200d80cb9d6039f7.php 第 234 行.
NOTIC: [8] Undefined index: myansw D:\wamp\www\jmooctest\Application\Runtime\Cache\Home\b82fae0efcf3d735200d80cb9d6039f7.php 第 234 行.
NOTIC: [8] Undefined index: myansw D:\wamp\www\jmooctest\Application\Runtime\Cache\Home\b82fae0efcf3d735200d80cb9d6039f7.php 第 234 行.
NOTIC: [8] Undefined index: myansw D:\wamp\www\jmooctest\Application\Runtime\Cache\Home\b82fae0efcf3d735200d80cb9d6039f7.php 第 234 行.
NOTIC: [8] Undefined index: myansw D:\wamp\www\jmooctest\Application\Runtime\Cache\Home\b82fae0efcf3d735200d80cb9d6039f7.php 第 234 行.
NOTIC: [8] Undefined index: myansw D:\wamp\www\jmooctest\Application\Runtime\Cache\Home\b82fae0efcf3d735200d80cb9d6039f7.php 第 234 行.
INFO: Run Behavior\ParseTemplateBehavior [ RunTime:0.085760s ]
INFO: [ view_parse ] --END-- [ RunTime:0.086053s ]
INFO: [ view_filter ] --START--
INFO: Run Behavior\WriteHtmlCacheBehavior [ RunTime:0.002202s ]
INFO: [ view_filter ] --END-- [ RunTime:0.002454s ]
INFO: [ app_end ] --START--
INFO: Run Behavior\ShowPageTraceBehavior [ RunTime:0.003005s ]
INFO: [ app_end ] --END-- [ RunTime:0.003585s ]

[ 2018-07-02T11:24:28+08:00 ] 127.0.0.1 /index.php/Test/exam
INFO: [ app_init ] --START--
INFO: Run Behavior\BuildLiteBehavior [ RunTime:0.000069s ]
INFO: [ app_init ] --END-- [ RunTime:0.001241s ]
INFO: [ app_begin ] --START--
INFO: Run Behavior\ReadHtmlCacheBehavior [ RunTime:0.002670s ]
INFO: [ app_begin ] --END-- [ RunTime:0.002935s ]
NOTIC: [2048] Declaration of Home\Controller\TestController::show() should be compatible with Think\Controller::show($content, $charset = '', $contentType = '', $prefix = '') D:\wamp\www\jmooctest\Application\Home\Controller\TestController.class.php 第 5 行.
SQL: SHOW COLUMNS FROM `jt_stu_score` [ RunTime:0.0128s ]
SQL: SELECT * FROM `jt_stu_score` WHERE ( paper_id=52 and stu_id=23 ) LIMIT 1   [ RunTime:0.0007s ]
SQL: SHOW COLUMNS FROM `jt_stu_answ` [ RunTime:0.0113s ]
NOTIC: [8] Undefined variable: data D:\wamp\www\jmooctest\Application\Home\Model\Stu_answModel.class.php 第 206 行.
NOTIC: [8] Undefined index: single_answ D:\wamp\www\jmooctest\Application\Home\Model\Stu_answModel.class.php 第 206 行.
NOTIC: [8] Undefined variable: zz D:\wamp\www\jmooctest\Application\Home\Model\Stu_answModel.class.php 第 214 行.
NOTIC: [8] Undefined index: double_answ D:\wamp\www\jmooctest\Application\Home\Model\Stu_answModel.class.php 第 217 行.
NOTIC: [8] Undefined index: judge_answ D:\wamp\www\jmooctest\Application\Home\Model\Stu_answModel.class.php 第 232 行.
NOTIC: [8] Undefined index: subj_answ D:\wamp\www\jmooctest\Application\Home\Model\Stu_answModel.class.php 第 238 行.
SQL: SHOW COLUMNS FROM `jt_stu_answ_cache` [ RunTime:0.0126s ]
SQL: SELECT * FROM `jt_stu_answ_cache` WHERE ( paper_id=52 and stu_id=23 ) LIMIT 1   [ RunTime:0.0006s ]
SQL: INSERT INTO `jt_stu_answ_cache` (`single_answ`,`double_answ`,`judge_answ`,`subj_answ`,`stu_id`,`paper_id`) VALUES ('x,x,x,x,x,x','x-x,x-x,x-x,x-x,x-x,x-x,x-x,x-x,x-x,x-x,x-x','x,x,x,x,x,x,x','xx@%@xx@%@xx@%@xx','23','52') [ RunTime:0.1023s ]

[ 2018-07-02T11:24:38+08:00 ] 127.0.0.1 /index.php/Test/exam/id/52
INFO: [ app_init ] --START--
INFO: Run Behavior\BuildLiteBehavior [ RunTime:0.000077s ]
INFO: [ app_init ] --END-- [ RunTime:0.001608s ]
INFO: [ app_begin ] --START--
INFO: Run Behavior\ReadHtmlCacheBehavior [ RunTime:0.002726s ]
INFO: [ app_begin ] --END-- [ RunTime:0.003105s ]
NOTIC: [2048] Declaration of Home\Controller\TestController::show() should be compatible with Think\Controller::show($content, $charset = '', $contentType = '', $prefix = '') D:\wamp\www\jmooctest\Application\Home\Controller\TestController.class.php 第 5 行.
SQL: SHOW COLUMNS FROM `jt_paper_basic` [ RunTime:0.0164s ]
SQL: SHOW COLUMNS FROM `jt_paper_basic` [ RunTime:0.0144s ]
SQL: SELECT `startdate`,`enddate`,`review_status` FROM `jt_paper_basic` WHERE `id` = 52 LIMIT 1   [ RunTime:0.0006s ]
SQL: SHOW COLUMNS FROM `jt_stu` [ RunTime:0.0144s ]
SQL: SELECT `xuehao`,`stu_class` FROM `jt_stu` WHERE `id` = 23 LIMIT 1   [ RunTime:0.0005s ]
SQL: SHOW COLUMNS FROM `jt_paper_limit` [ RunTime:0.0145s ]
SQL: SELECT * FROM `jt_paper_limit` WHERE ( paper_id=52 ) LIMIT 1   [ RunTime:0.0006s ]
SQL: SHOW COLUMNS FROM `jt_stu_score` [ RunTime:0.0132s ]
SQL: SELECT * FROM `jt_stu_score` WHERE ( paper_id=52 and stu_id=23 ) LIMIT 1   [ RunTime:0.0006s ]
SQL: SHOW COLUMNS FROM `jt_stu_answ` [ RunTime:0.0175s ]
SQL: SHOW COLUMNS FROM `jt_stu_answ` [ RunTime:0.2408s ]
SQL: SELECT `stime` FROM `jt_stu_answ` WHERE ( stu_id=23 and paper_id=52 ) LIMIT 1   [ RunTime:0.0015s ]
SQL: SELECT `limittime` FROM `jt_paper_basic` WHERE `id` = 52 LIMIT 1   [ RunTime:0.0005s ]
SQL: SELECT * FROM `jt_paper_basic` WHERE `id` = 52 LIMIT 1   [ RunTime:0.0004s ]
SQL: SHOW COLUMNS FROM `jt_course` [ RunTime:0.0154s ]
SQL: SELECT `name` FROM `jt_course` WHERE `id` = 155 LIMIT 1   [ RunTime:0.0008s ]
SQL: SHOW COLUMNS FROM `jt_user` [ RunTime:0.0347s ]
SQL: SELECT `name` FROM `jt_user` WHERE `id` = 31 LIMIT 1   [ RunTime:0.0007s ]
SQL: SHOW COLUMNS FROM `jt_paper_ques_fixed` [ RunTime:0.0141s ]
SQL: SELECT * FROM `jt_paper_ques_fixed` WHERE ( paper_id=52 ) LIMIT 1   [ RunTime:0.0009s ]
SQL: SHOW COLUMNS FROM `jt_stu_paper` [ RunTime:0.0163s ]
SQL: SELECT * FROM `jt_stu_paper` WHERE ( paper_id=52 and stu_id=23 ) LIMIT 1   [ RunTime:0.0012s ]
SQL: SHOW COLUMNS FROM `jt_ques_single` [ RunTime:0.0139s ]
SQL: SELECT * FROM `jt_ques_single` WHERE ( id in (6,1,4,2,3,5) ) ORDER BY field(id,6,1,4,2,3,5)  [ RunTime:0.0010s ]
SQL: SHOW COLUMNS FROM `jt_ques_double` [ RunTime:0.0138s ]
SQL: SELECT * FROM `jt_ques_double` WHERE ( id in (11,3,10,8,9,2,4,5,1,7,6) ) ORDER BY field(id,11,3,10,8,9,2,4,5,1,7,6)  [ RunTime:0.0011s ]
SQL: SHOW COLUMNS FROM `jt_ques_judge` [ RunTime:0.0130s ]
SQL: SELECT * FROM `jt_ques_judge` WHERE ( id in (6,2,3,1,5,4,7) ) ORDER BY field(id,6,2,3,1,5,4,7)  [ RunTime:0.0010s ]
SQL: SHOW COLUMNS FROM `jt_ques_subj` [ RunTime:0.0140s ]
SQL: SELECT * FROM `jt_ques_subj` WHERE ( id in (2,1,4,3) ) ORDER BY field(id,2,1,4,3)  [ RunTime:0.0008s ]
SQL: SHOW COLUMNS FROM `jt_stu_answ_cache` [ RunTime:0.0140s ]
SQL: SELECT * FROM `jt_stu_answ_cache` WHERE ( stu_id=23 and paper_id=52 ) LIMIT 1   [ RunTime:0.0006s ]
SQL: SHOW COLUMNS FROM `jt_stu_score` [ RunTime:0.0127s ]
SQL: SELECT `stime` FROM `jt_stu_answ` WHERE ( paper_id=52 and stu_id=23 ) LIMIT 1   [ RunTime:0.0014s ]
INFO: [ view_parse ] --START--
INFO: [ template_filter ] --START--
INFO: Run Behavior\ContentReplaceBehavior [ RunTime:0.000594s ]
INFO: [ template_filter ] --END-- [ RunTime:0.000896s ]
NOTIC: [8] Use of undefined constant sin - assumed 'sin' D:\wamp\www\jmooctest\Application\Runtime\Cache\Home\b82fae0efcf3d735200d80cb9d6039f7.php 第 138 行.
NOTIC: [8] Use of undefined constant sin - assumed 'sin' D:\wamp\www\jmooctest\Application\Runtime\Cache\Home\b82fae0efcf3d735200d80cb9d6039f7.php 第 138 行.
NOTIC: [8] Use of undefined constant dou - assumed 'dou' D:\wamp\www\jmooctest\Application\Runtime\Cache\Home\b82fae0efcf3d735200d80cb9d6039f7.php 第 172 行.
NOTIC: [8] Use of undefined constant dou - assumed 'dou' D:\wamp\www\jmooctest\Application\Runtime\Cache\Home\b82fae0efcf3d735200d80cb9d6039f7.php 第 172 行.
NOTIC: [8] Use of undefined constant myansw - assumed 'myansw' D:\wamp\www\jmooctest\Application\Runtime\Cache\Home\b82fae0efcf3d735200d80cb9d6039f7.php 第 178 行.
NOTIC: [8] Use of undefined constant myansw - assumed 'myansw' D:\wamp\www\jmooctest\Application\Runtime\Cache\Home\b82fae0efcf3d735200d80cb9d6039f7.php 第 183 行.
NOTIC: [8] Use of undefined constant myansw - assumed 'myansw' D:\wamp\www\jmooctest\Application\Runtime\Cache\Home\b82fae0efcf3d735200d80cb9d6039f7.php 第 188 行.
NOTIC: [8] Use of undefined constant myansw - assumed 'myansw' D:\wamp\www\jmooctest\Application\Runtime\Cache\Home\b82fae0efcf3d735200d80cb9d6039f7.php 第 193 行.
NOTIC: [8] Use of undefined constant myansw - assumed 'myansw' D:\wamp\www\jmooctest\Application\Runtime\Cache\Home\b82fae0efcf3d735200d80cb9d6039f7.php 第 178 行.
NOTIC: [8] Use of undefined constant myansw - assumed 'myansw' D:\wamp\www\jmooctest\Application\Runtime\Cache\Home\b82fae0efcf3d735200d80cb9d6039f7.php 第 183 行.
NOTIC: [8] Use of undefined constant myansw - assumed 'myansw' D:\wamp\www\jmooctest\Application\Runtime\Cache\Home\b82fae0efcf3d735200d80cb9d6039f7.php 第 188 行.
NOTIC: [8] Use of undefined constant myansw - assumed 'myansw' D:\wamp\www\jmooctest\Application\Runtime\Cache\Home\b82fae0efcf3d735200d80cb9d6039f7.php 第 193 行.
NOTIC: [8] Use of undefined constant myansw - assumed 'myansw' D:\wamp\www\jmooctest\Application\Runtime\Cache\Home\b82fae0efcf3d735200d80cb9d6039f7.php 第 178 行.
NOTIC: [8] Use of undefined constant myansw - assumed 'myansw' D:\wamp\www\jmooctest\Application\Runtime\Cache\Home\b82fae0efcf3d735200d80cb9d6039f7.php 第 183 行.
NOTIC: [8] Use of undefined constant myansw - assumed 'myansw' D:\wamp\www\jmooctest\Application\Runtime\Cache\Home\b82fae0efcf3d735200d80cb9d6039f7.php 第 188 行.
NOTIC: [8] Use of undefined constant myansw - assumed 'myansw' D:\wamp\www\jmooctest\Application\Runtime\Cache\Home\b82fae0efcf3d735200d80cb9d6039f7.php 第 193 行.
NOTIC: [8] Use of undefined constant myansw - assumed 'myansw' D:\wamp\www\jmooctest\Application\Runtime\Cache\Home\b82fae0efcf3d735200d80cb9d6039f7.php 第 178 行.
NOTIC: [8] Use of undefined constant myansw - assumed 'myansw' D:\wamp\www\jmooctest\Application\Runtime\Cache\Home\b82fae0efcf3d735200d80cb9d6039f7.php 第 183 行.
NOTIC: [8] Use of undefined constant myansw - assumed 'myansw' D:\wamp\www\jmooctest\Application\Runtime\Cache\Home\b82fae0efcf3d735200d80cb9d6039f7.php 第 188 行.
NOTIC: [8] Use of undefined constant myansw - assumed 'myansw' D:\wamp\www\jmooctest\Application\Runtime\Cache\Home\b82fae0efcf3d735200d80cb9d6039f7.php 第 193 行.
NOTIC: [8] Use of undefined constant myansw - assumed 'myansw' D:\wamp\www\jmooctest\Application\Runtime\Cache\Home\b82fae0efcf3d735200d80cb9d6039f7.php 第 178 行.
NOTIC: [8] Use of undefined constant myansw - assumed 'myansw' D:\wamp\www\jmooctest\Application\Runtime\Cache\Home\b82fae0efcf3d735200d80cb9d6039f7.php 第 183 行.
NOTIC: [8] Use of undefined constant myansw - assumed 'myansw' D:\wamp\www\jmooctest\Application\Runtime\Cache\Home\b82fae0efcf3d735200d80cb9d6039f7.php 第 188 行.
NOTIC: [8] Use of undefined constant myansw - assumed 'myansw' D:\wamp\www\jmooctest\Application\Runtime\Cache\Home\b82fae0efcf3d735200d80cb9d6039f7.php 第 193 行.
NOTIC: [8] Use of undefined constant myansw - assumed 'myansw' D:\wamp\www\jmooctest\Application\Runtime\Cache\Home\b82fae0efcf3d735200d80cb9d6039f7.php 第 178 行.
NOTIC: [8] Use of undefined constant myansw - assumed 'myansw' D:\wamp\www\jmooctest\Application\Runtime\Cache\Home\b82fae0efcf3d735200d80cb9d6039f7.php 第 183 行.
NOTIC: [8] Use of undefined constant myansw - assumed 'myansw' D:\wamp\www\jmooctest\Application\Runtime\Cache\Home\b82fae0efcf3d735200d80cb9d6039f7.php 第 188 行.
NOTIC: [8] Use of undefined constant myansw - assumed 'myansw' D:\wamp\www\jmooctest\Application\Runtime\Cache\Home\b82fae0efcf3d735200d80cb9d6039f7.php 第 193 行.
NOTIC: [8] Use of undefined constant myansw - assumed 'myansw' D:\wamp\www\jmooctest\Application\Runtime\Cache\Home\b82fae0efcf3d735200d80cb9d6039f7.php 第 178 行.
NOTIC: [8] Use of undefined constant myansw - assumed 'myansw' D:\wamp\www\jmooctest\Application\Runtime\Cache\Home\b82fae0efcf3d735200d80cb9d6039f7.php 第 183 行.
NOTIC: [8] Use of undefined constant myansw - assumed 'myansw' D:\wamp\www\jmooctest\Application\Runtime\Cache\Home\b82fae0efcf3d735200d80cb9d6039f7.php 第 188 行.
NOTIC: [8] Use of undefined constant myansw - assumed 'myansw' D:\wamp\www\jmooctest\Application\Runtime\Cache\Home\b82fae0efcf3d735200d80cb9d6039f7.php 第 193 行.
NOTIC: [8] Use of undefined constant myansw - assumed 'myansw' D:\wamp\www\jmooctest\Application\Runtime\Cache\Home\b82fae0efcf3d735200d80cb9d6039f7.php 第 178 行.
NOTIC: [8] Use of undefined constant myansw - assumed 'myansw' D:\wamp\www\jmooctest\Application\Runtime\Cache\Home\b82fae0efcf3d735200d80cb9d6039f7.php 第 183 行.
NOTIC: [8] Use of undefined constant myansw - assumed 'myansw' D:\wamp\www\jmooctest\Application\Runtime\Cache\Home\b82fae0efcf3d735200d80cb9d6039f7.php 第 188 行.
NOTIC: [8] Use of undefined constant myansw - assumed 'myansw' D:\wamp\www\jmooctest\Application\Runtime\Cache\Home\b82fae0efcf3d735200d80cb9d6039f7.php 第 193 行.
NOTIC: [8] Use of undefined constant myansw - assumed 'myansw' D:\wamp\www\jmooctest\Application\Runtime\Cache\Home\b82fae0efcf3d735200d80cb9d6039f7.php 第 178 行.
NOTIC: [8] Use of undefined constant myansw - assumed 'myansw' D:\wamp\www\jmooctest\Application\Runtime\Cache\Home\b82fae0efcf3d735200d80cb9d6039f7.php 第 183 行.
NOTIC: [8] Use of undefined constant myansw - assumed 'myansw' D:\wamp\www\jmooctest\Application\Runtime\Cache\Home\b82fae0efcf3d735200d80cb9d6039f7.php 第 188 行.
NOTIC: [8] Use of undefined constant myansw - assumed 'myansw' D:\wamp\www\jmooctest\Application\Runtime\Cache\Home\b82fae0efcf3d735200d80cb9d6039f7.php 第 193 行.
NOTIC: [8] Use of undefined constant myansw - assumed 'myansw' D:\wamp\www\jmooctest\Application\Runtime\Cache\Home\b82fae0efcf3d735200d80cb9d6039f7.php 第 178 行.
NOTIC: [8] Use of undefined constant myansw - assumed 'myansw' D:\wamp\www\jmooctest\Application\Runtime\Cache\Home\b82fae0efcf3d735200d80cb9d6039f7.php 第 183 行.
NOTIC: [8] Use of undefined constant myansw - assumed 'myansw' D:\wamp\www\jmooctest\Application\Runtime\Cache\Home\b82fae0efcf3d735200d80cb9d6039f7.php 第 188 行.
NOTIC: [8] Use of undefined constant myansw - assumed 'myansw' D:\wamp\www\jmooctest\Application\Runtime\Cache\Home\b82fae0efcf3d735200d80cb9d6039f7.php 第 193 行.
NOTIC: [8] Use of undefined constant myansw - assumed 'myansw' D:\wamp\www\jmooctest\Application\Runtime\Cache\Home\b82fae0efcf3d735200d80cb9d6039f7.php 第 178 行.
NOTIC: [8] Use of undefined constant myansw - assumed 'myansw' D:\wamp\www\jmooctest\Application\Runtime\Cache\Home\b82fae0efcf3d735200d80cb9d6039f7.php 第 183 行.
NOTIC: [8] Use of undefined constant myansw - assumed 'myansw' D:\wamp\www\jmooctest\Application\Runtime\Cache\Home\b82fae0efcf3d735200d80cb9d6039f7.php 第 188 行.
NOTIC: [8] Use of undefined constant myansw - assumed 'myansw' D:\wamp\www\jmooctest\Application\Runtime\Cache\Home\b82fae0efcf3d735200d80cb9d6039f7.php 第 193 行.
NOTIC: [8] Use of undefined constant jud - assumed 'jud' D:\wamp\www\jmooctest\Application\Runtime\Cache\Home\b82fae0efcf3d735200d80cb9d6039f7.php 第 205 行.
NOTIC: [8] Use of undefined constant jud - assumed 'jud' D:\wamp\www\jmooctest\Application\Runtime\Cache\Home\b82fae0efcf3d735200d80cb9d6039f7.php 第 205 行.
NOTIC: [8] Use of undefined constant sub - assumed 'sub' D:\wamp\www\jmooctest\Application\Runtime\Cache\Home\b82fae0efcf3d735200d80cb9d6039f7.php 第 230 行.
NOTIC: [8] Use of undefined constant sub - assumed 'sub' D:\wamp\www\jmooctest\Application\Runtime\Cache\Home\b82fae0efcf3d735200d80cb9d6039f7.php 第 230 行.
INFO: Run Behavior\ParseTemplateBehavior [ RunTime:0.063982s ]
INFO: [ view_parse ] --END-- [ RunTime:0.064400s ]
INFO: [ view_filter ] --START--
INFO: Run Behavior\WriteHtmlCacheBehavior [ RunTime:0.003426s ]
INFO: [ view_filter ] --END-- [ RunTime:0.003744s ]
INFO: [ app_end ] --START--
INFO: Run Behavior\ShowPageTraceBehavior [ RunTime:0.005641s ]
INFO: [ app_end ] --END-- [ RunTime:0.006011s ]

[ 2018-07-02T11:24:39+08:00 ] 127.0.0.1 /index.php/Test/exam
INFO: [ app_init ] --START--
INFO: Run Behavior\BuildLiteBehavior [ RunTime:0.000083s ]
INFO: [ app_init ] --END-- [ RunTime:0.001405s ]
INFO: [ app_begin ] --START--
INFO: Run Behavior\ReadHtmlCacheBehavior [ RunTime:0.002384s ]
INFO: [ app_begin ] --END-- [ RunTime:0.002665s ]
NOTIC: [2048] Declaration of Home\Controller\TestController::show() should be compatible with Think\Controller::show($content, $charset = '', $contentType = '', $prefix = '') D:\wamp\www\jmooctest\Application\Home\Controller\TestController.class.php 第 5 行.
SQL: SHOW COLUMNS FROM `jt_stu_score` [ RunTime:0.3655s ]
SQL: SELECT * FROM `jt_stu_score` WHERE ( paper_id=52 and stu_id=23 ) LIMIT 1   [ RunTime:0.0008s ]
SQL: SHOW COLUMNS FROM `jt_stu_answ` [ RunTime:0.0138s ]
NOTIC: [8] Undefined variable: data D:\wamp\www\jmooctest\Application\Home\Model\Stu_answModel.class.php 第 206 行.
NOTIC: [8] Undefined index: single_answ D:\wamp\www\jmooctest\Application\Home\Model\Stu_answModel.class.php 第 206 行.
NOTIC: [8] Undefined variable: zz D:\wamp\www\jmooctest\Application\Home\Model\Stu_answModel.class.php 第 214 行.
NOTIC: [8] Undefined index: double_answ D:\wamp\www\jmooctest\Application\Home\Model\Stu_answModel.class.php 第 217 行.
NOTIC: [8] Undefined index: judge_answ D:\wamp\www\jmooctest\Application\Home\Model\Stu_answModel.class.php 第 232 行.
NOTIC: [8] Undefined index: subj_answ D:\wamp\www\jmooctest\Application\Home\Model\Stu_answModel.class.php 第 238 行.
SQL: SHOW COLUMNS FROM `jt_stu_answ_cache` [ RunTime:0.0161s ]
SQL: SELECT * FROM `jt_stu_answ_cache` WHERE ( paper_id=52 and stu_id=23 ) LIMIT 1   [ RunTime:0.0008s ]
SQL: UPDATE `jt_stu_answ_cache` SET `single_answ`='x,x,x,x,x,x',`double_answ`='x-x,x-x,x-x,x-x,x-x,x-x,x-x,x-x,x-x,x-x,x-x',`judge_answ`='x,x,x,x,x,x,x',`subj_answ`='xx@%@xx@%@xx@%@xx' WHERE ( paper_id=52 and stu_id=23 ) [ RunTime:0.1820s ]

[ 2018-07-02T11:55:22+08:00 ] 127.0.0.1 /index.php/Test/answ
INFO: [ app_init ] --START--
INFO: Run Behavior\BuildLiteBehavior [ RunTime:0.000048s ]
INFO: [ app_init ] --END-- [ RunTime:0.000861s ]
INFO: [ app_begin ] --START--
INFO: Run Behavior\ReadHtmlCacheBehavior [ RunTime:0.002471s ]
INFO: [ app_begin ] --END-- [ RunTime:0.002778s ]
NOTIC: [2048] Declaration of Home\Controller\TestController::show() should be compatible with Think\Controller::show($content, $charset = '', $contentType = '', $prefix = '') D:\wamp\www\jmooctest\Application\Home\Controller\TestController.class.php 第 5 行.
NOTIC: [8] Undefined index: fg_id D:\wamp\www\jmooctest\Application\Tools\HomeacceController.class.php 第 13 行.

[ 2018-07-02T11:55:22+08:00 ] 127.0.0.1 /index.php/Test/answ
INFO: [ app_init ] --START--
INFO: Run Behavior\BuildLiteBehavior [ RunTime:0.000071s ]
INFO: [ app_init ] --END-- [ RunTime:0.001205s ]
INFO: [ app_begin ] --START--
INFO: Run Behavior\ReadHtmlCacheBehavior [ RunTime:0.002272s ]
INFO: [ app_begin ] --END-- [ RunTime:0.002605s ]
NOTIC: [2048] Declaration of Home\Controller\TestController::show() should be compatible with Think\Controller::show($content, $charset = '', $contentType = '', $prefix = '') D:\wamp\www\jmooctest\Application\Home\Controller\TestController.class.php 第 5 行.
NOTIC: [8] Undefined index: fg_id D:\wamp\www\jmooctest\Application\Tools\HomeacceController.class.php 第 13 行.

[ 2018-07-02T11:55:24+08:00 ] 127.0.0.1 /index.php/Test/answ
INFO: [ app_init ] --START--
INFO: Run Behavior\BuildLiteBehavior [ RunTime:0.000080s ]
INFO: [ app_init ] --END-- [ RunTime:0.001416s ]
INFO: [ app_begin ] --START--
INFO: Run Behavior\ReadHtmlCacheBehavior [ RunTime:0.003869s ]
INFO: [ app_begin ] --END-- [ RunTime:0.004325s ]
NOTIC: [2048] Declaration of Home\Controller\TestController::show() should be compatible with Think\Controller::show($content, $charset = '', $contentType = '', $prefix = '') D:\wamp\www\jmooctest\Application\Home\Controller\TestController.class.php 第 5 行.
INFO: [ app_end ] --START--
INFO: Run Behavior\ShowPageTraceBehavior [ RunTime:0.006304s ]
INFO: [ app_end ] --END-- [ RunTime:0.006871s ]

[ 2018-07-02T11:55:24+08:00 ] 127.0.0.1 /index.php/Public/login
INFO: [ app_init ] --START--
INFO: Run Behavior\BuildLiteBehavior [ RunTime:0.000084s ]
INFO: [ app_init ] --END-- [ RunTime:0.001932s ]
INFO: [ app_begin ] --START--
INFO: Run Behavior\ReadHtmlCacheBehavior [ RunTime:0.002390s ]
INFO: [ app_begin ] --END-- [ RunTime:0.002883s ]
INFO: [ view_parse ] --START--
INFO: [ template_filter ] --START--
INFO: Run Behavior\ContentReplaceBehavior [ RunTime:0.000555s ]
INFO: [ template_filter ] --END-- [ RunTime:0.003686s ]
INFO: Run Behavior\ParseTemplateBehavior [ RunTime:0.051613s ]
INFO: [ view_parse ] --END-- [ RunTime:0.052025s ]
INFO: [ view_filter ] --START--
INFO: Run Behavior\WriteHtmlCacheBehavior [ RunTime:0.003162s ]
INFO: [ view_filter ] --END-- [ RunTime:0.003638s ]
INFO: [ app_end ] --START--
INFO: Run Behavior\ShowPageTraceBehavior [ RunTime:0.002379s ]
INFO: [ app_end ] --END-- [ RunTime:0.002825s ]

[ 2018-07-02T11:55:25+08:00 ] 127.0.0.1 /index.php/Public/verifyImg
INFO: [ app_init ] --START--
INFO: Run Behavior\BuildLiteBehavior [ RunTime:0.000086s ]
INFO: [ app_init ] --END-- [ RunTime:0.001639s ]
INFO: [ app_begin ] --START--
INFO: Run Behavior\ReadHtmlCacheBehavior [ RunTime:0.002332s ]
INFO: [ app_begin ] --END-- [ RunTime:0.002780s ]
INFO: [ app_end ] --START--
INFO: Run Behavior\ShowPageTraceBehavior [ RunTime:0.002171s ]
INFO: [ app_end ] --END-- [ RunTime:0.002580s ]

[ 2018-07-02T17:51:44+08:00 ] 127.0.0.1 /index.php/Announce/show.html
INFO: [ app_init ] --START--
INFO: Run Behavior\BuildLiteBehavior [ RunTime:0.000049s ]
INFO: [ app_init ] --END-- [ RunTime:0.000882s ]
INFO: [ app_begin ] --START--
INFO: Run Behavior\ReadHtmlCacheBehavior [ RunTime:0.001299s ]
INFO: [ app_begin ] --END-- [ RunTime:0.001549s ]
NOTIC: [2048] Declaration of Home\Controller\AnnounceController::show() should be compatible with Think\Controller::show($content, $charset = '', $contentType = '', $prefix = '') D:\wamp\www\jmooctest\Application\Home\Controller\AnnounceController.class.php 第 5 行.
SQL: SHOW COLUMNS FROM `jt_announce` [ RunTime:0.0245s ]
SQL: SELECT a.*,u.name as pubname FROM jt_announce a inner join jt_user as u on a.pub_id=u.id  WHERE ( top=1 ) ORDER BY id desc  [ RunTime:0.0025s ]
SQL: SELECT a.*,u.name as pubname FROM jt_announce a inner join jt_user as u on a.pub_id=u.id  WHERE ( top=0 ) ORDER BY id desc  [ RunTime:0.0012s ]
INFO: [ view_parse ] --START--
INFO: [ template_filter ] --START--
INFO: Run Behavior\ContentReplaceBehavior [ RunTime:0.000271s ]
INFO: [ template_filter ] --END-- [ RunTime:0.000529s ]
INFO: Run Behavior\ParseTemplateBehavior [ RunTime:0.023746s ]
INFO: [ view_parse ] --END-- [ RunTime:0.024025s ]
INFO: [ view_filter ] --START--
INFO: Run Behavior\WriteHtmlCacheBehavior [ RunTime:0.001195s ]
INFO: [ view_filter ] --END-- [ RunTime:0.001462s ]
INFO: [ app_end ] --START--
INFO: Run Behavior\ShowPageTraceBehavior [ RunTime:0.001609s ]
INFO: [ app_end ] --END-- [ RunTime:0.001927s ]

