[ 2018-06-06T10:40:17+08:00 ] 127.0.0.1 /index.php/index/index
INFO: [ app_init ] --START--
INFO: Run Behavior\BuildLiteBehavior [ RunTime:0.000125s ]
INFO: [ app_init ] --END-- [ RunTime:0.002448s ]
INFO: [ app_begin ] --START--
INFO: Run Behavior\ReadHtmlCacheBehavior [ RunTime:0.004757s ]
INFO: [ app_begin ] --END-- [ RunTime:0.005420s ]
SQL: SHOW COLUMNS FROM `jt_stu` [ RunTime:0.0244s ]
SQL: SELECT * FROM `jt_stu` WHERE `id` = 23 LIMIT 1   [ RunTime:0.0012s ]
SQL: SHOW COLUMNS FROM `jt_course` [ RunTime:0.0230s ]
SQL: SELECT * FROM `jt_course` WHERE ( display=1 )  [ RunTime:0.0007s ]
INFO: [ view_parse ] --START--
INFO: [ template_filter ] --START--
INFO: Run Behavior\ContentReplaceBehavior [ RunTime:0.000679s ]
INFO: [ template_filter ] --END-- [ RunTime:0.001279s ]
INFO: Run Behavior\ParseTemplateBehavior [ RunTime:0.068222s ]
INFO: [ view_parse ] --END-- [ RunTime:0.068856s ]
INFO: [ view_filter ] --START--
INFO: Run Behavior\WriteHtmlCacheBehavior [ RunTime:0.004444s ]
INFO: [ view_filter ] --END-- [ RunTime:0.005070s ]
INFO: [ app_end ] --START--
INFO: Run Behavior\ShowPageTraceBehavior [ RunTime:0.005165s ]
INFO: [ app_end ] --END-- [ RunTime:0.005808s ]

[ 2018-06-06T10:40:19+08:00 ] 127.0.0.1 /index.php/Announce/show.html
INFO: [ app_init ] --START--
INFO: Run Behavior\BuildLiteBehavior [ RunTime:0.000134s ]
INFO: [ app_init ] --END-- [ RunTime:0.002858s ]
INFO: [ app_begin ] --START--
INFO: Run Behavior\ReadHtmlCacheBehavior [ RunTime:0.005453s ]
INFO: [ app_begin ] --END-- [ RunTime:0.006142s ]
NOTIC: [2048] Declaration of Home\Controller\AnnounceController::show() should be compatible with Think\Controller::show($content, $charset = '', $contentType = '', $prefix = '') D:\wamp\www\jmooctest\Application\Home\Controller\AnnounceController.class.php 第 5 行.
SQL: SHOW COLUMNS FROM `jt_announce` [ RunTime:0.0289s ]
SQL: SELECT a.*,u.name as pubname FROM jt_announce a inner join jt_user as u on a.pub_id=u.id  WHERE ( top=1 ) ORDER BY id desc  [ RunTime:0.0012s ]
SQL: SELECT a.*,u.name as pubname FROM jt_announce a inner join jt_user as u on a.pub_id=u.id  WHERE ( top=0 ) ORDER BY id desc  [ RunTime:0.0010s ]
INFO: [ view_parse ] --START--
INFO: [ template_filter ] --START--
INFO: Run Behavior\ContentReplaceBehavior [ RunTime:0.000479s ]
INFO: [ template_filter ] --END-- [ RunTime:0.001123s ]
INFO: Run Behavior\ParseTemplateBehavior [ RunTime:0.052289s ]
INFO: [ view_parse ] --END-- [ RunTime:0.053245s ]
INFO: [ view_filter ] --START--
INFO: Run Behavior\WriteHtmlCacheBehavior [ RunTime:0.004055s ]
INFO: [ view_filter ] --END-- [ RunTime:0.004736s ]
INFO: [ app_end ] --START--
INFO: Run Behavior\ShowPageTraceBehavior [ RunTime:0.004507s ]
INFO: [ app_end ] --END-- [ RunTime:0.005105s ]

[ 2018-06-06T10:40:22+08:00 ] 127.0.0.1 /index.php/Announce/show.html
INFO: [ app_init ] --START--
INFO: Run Behavior\BuildLiteBehavior [ RunTime:0.000114s ]
INFO: [ app_init ] --END-- [ RunTime:0.002086s ]
INFO: [ app_begin ] --START--
INFO: Run Behavior\ReadHtmlCacheBehavior [ RunTime:0.004019s ]
INFO: [ app_begin ] --END-- [ RunTime:0.004652s ]
NOTIC: [2048] Declaration of Home\Controller\AnnounceController::show() should be compatible with Think\Controller::show($content, $charset = '', $contentType = '', $prefix = '') D:\wamp\www\jmooctest\Application\Home\Controller\AnnounceController.class.php 第 5 行.
SQL: SHOW COLUMNS FROM `jt_announce` [ RunTime:0.1398s ]
SQL: SELECT a.*,u.name as pubname FROM jt_announce a inner join jt_user as u on a.pub_id=u.id  WHERE ( top=1 ) ORDER BY id desc  [ RunTime:0.0010s ]
SQL: SELECT a.*,u.name as pubname FROM jt_announce a inner join jt_user as u on a.pub_id=u.id  WHERE ( top=0 ) ORDER BY id desc  [ RunTime:0.0006s ]
INFO: [ view_parse ] --START--
INFO: [ template_filter ] --START--
INFO: Run Behavior\ContentReplaceBehavior [ RunTime:0.000450s ]
INFO: [ template_filter ] --END-- [ RunTime:0.001024s ]
INFO: Run Behavior\ParseTemplateBehavior [ RunTime:0.059892s ]
INFO: [ view_parse ] --END-- [ RunTime:0.060499s ]
INFO: [ view_filter ] --START--
INFO: Run Behavior\WriteHtmlCacheBehavior [ RunTime:0.002982s ]
INFO: [ view_filter ] --END-- [ RunTime:0.003537s ]
INFO: [ app_end ] --START--
INFO: Run Behavior\ShowPageTraceBehavior [ RunTime:0.003907s ]
INFO: [ app_end ] --END-- [ RunTime:0.004484s ]

[ 2018-06-06T10:40:24+08:00 ] 127.0.0.1 /index.php/Personal/show.html
INFO: [ app_init ] --START--
INFO: Run Behavior\BuildLiteBehavior [ RunTime:0.000129s ]
INFO: [ app_init ] --END-- [ RunTime:0.002439s ]
INFO: [ app_begin ] --START--
INFO: Run Behavior\ReadHtmlCacheBehavior [ RunTime:0.004546s ]
INFO: [ app_begin ] --END-- [ RunTime:0.005360s ]
NOTIC: [2048] Declaration of Home\Controller\PersonalController::show() should be compatible with Think\Controller::show($content, $charset = '', $contentType = '', $prefix = '') D:\wamp\www\jmooctest\Application\Home\Controller\PersonalController.class.php 第 5 行.
SQL: SHOW COLUMNS FROM `jt_stu` [ RunTime:0.0270s ]
SQL: SELECT * FROM `jt_stu` WHERE `id` = 23 LIMIT 1   [ RunTime:0.0010s ]
SQL: select count(*) as num from jt_stu_log group by sid having sid=23 [ RunTime:0.0005s ]
SQL: select max(lgdate) as mdate  from jt_stu_log where sid=23 [ RunTime:0.0010s ]
SQL: select max(lgdate) as sdate  from jt_stu_log where sid=23 and lgdate<1528251143 [ RunTime:0.0006s ]
SQL: SHOW COLUMNS FROM `jt_stu_log` [ RunTime:0.0283s ]
SQL: SELECT * FROM `jt_stu_log` WHERE ( sid=23 and lgdate=1528025532 ) LIMIT 1   [ RunTime:0.0009s ]
INFO: [ view_parse ] --START--
INFO: [ template_filter ] --START--
INFO: Run Behavior\ContentReplaceBehavior [ RunTime:0.001205s ]
INFO: [ template_filter ] --END-- [ RunTime:0.001883s ]
INFO: Run Behavior\ParseTemplateBehavior [ RunTime:0.054249s ]
INFO: [ view_parse ] --END-- [ RunTime:0.055128s ]
INFO: [ view_filter ] --START--
INFO: Run Behavior\WriteHtmlCacheBehavior [ RunTime:0.004986s ]
INFO: [ view_filter ] --END-- [ RunTime:0.005836s ]
INFO: [ app_end ] --START--
INFO: Run Behavior\ShowPageTraceBehavior [ RunTime:0.005824s ]
INFO: [ app_end ] --END-- [ RunTime:0.006539s ]

