[ 2018-06-12T08:47:07+08:00 ] 127.0.0.1 /
INFO: [ app_init ] --START--
INFO: Run Behavior\BuildLiteBehavior [ RunTime:0.000115s ]
INFO: [ app_init ] --END-- [ RunTime:0.002272s ]
INFO: [ app_begin ] --START--
INFO: Run Behavior\ReadHtmlCacheBehavior [ RunTime:0.003931s ]
INFO: [ app_begin ] --END-- [ RunTime:0.004568s ]
NOTIC: [8] Undefined index: fg_id D:\wamp\www\jmooctest\Application\Tools\HomeacceController.class.php 第 13 行.

[ 2018-06-12T08:47:15+08:00 ] 127.0.0.1 /index.php/index/index
INFO: [ app_init ] --START--
INFO: Run Behavior\BuildLiteBehavior [ RunTime:0.000120s ]
INFO: [ app_init ] --END-- [ RunTime:0.002539s ]
INFO: [ app_begin ] --START--
INFO: Run Behavior\ReadHtmlCacheBehavior [ RunTime:0.003995s ]
INFO: [ app_begin ] --END-- [ RunTime:0.004575s ]
NOTIC: [8] Undefined index: fg_id D:\wamp\www\jmooctest\Application\Tools\HomeacceController.class.php 第 13 行.

[ 2018-06-12T08:47:17+08:00 ] 127.0.0.1 /index.php/Public/login
INFO: [ app_init ] --START--
INFO: Run Behavior\BuildLiteBehavior [ RunTime:0.000142s ]
INFO: [ app_init ] --END-- [ RunTime:0.002448s ]
INFO: [ app_begin ] --START--
INFO: Run Behavior\ReadHtmlCacheBehavior [ RunTime:0.010923s ]
INFO: [ app_begin ] --END-- [ RunTime:0.011643s ]
INFO: [ view_parse ] --START--
INFO: [ template_filter ] --START--
INFO: Run Behavior\ContentReplaceBehavior [ RunTime:0.000706s ]
INFO: [ template_filter ] --END-- [ RunTime:0.001351s ]
INFO: Run Behavior\ParseTemplateBehavior [ RunTime:0.044486s ]
INFO: [ view_parse ] --END-- [ RunTime:0.045130s ]
INFO: [ view_filter ] --START--
INFO: Run Behavior\WriteHtmlCacheBehavior [ RunTime:0.004158s ]
INFO: [ view_filter ] --END-- [ RunTime:0.004728s ]
INFO: [ app_end ] --START--
INFO: Run Behavior\ShowPageTraceBehavior [ RunTime:0.006039s ]
INFO: [ app_end ] --END-- [ RunTime:0.006683s ]

[ 2018-06-12T08:47:18+08:00 ] 127.0.0.1 /index.php/Public/verifyImg
INFO: [ app_init ] --START--
INFO: Run Behavior\BuildLiteBehavior [ RunTime:0.000129s ]
INFO: [ app_init ] --END-- [ RunTime:0.002899s ]
INFO: [ app_begin ] --START--
INFO: Run Behavior\ReadHtmlCacheBehavior [ RunTime:0.004940s ]
INFO: [ app_begin ] --END-- [ RunTime:0.005634s ]
INFO: [ app_end ] --START--
INFO: Run Behavior\ShowPageTraceBehavior [ RunTime:0.006018s ]
INFO: [ app_end ] --END-- [ RunTime:0.006727s ]

[ 2018-06-12T08:47:27+08:00 ] 127.0.0.1 /index.php/Public/login
INFO: [ app_init ] --START--
INFO: Run Behavior\BuildLiteBehavior [ RunTime:0.000122s ]
INFO: [ app_init ] --END-- [ RunTime:0.003174s ]
INFO: [ app_begin ] --START--
INFO: Run Behavior\ReadHtmlCacheBehavior [ RunTime:0.005614s ]
INFO: [ app_begin ] --END-- [ RunTime:0.006140s ]

[ 2018-06-12T08:47:28+08:00 ] 127.0.0.1 /index.php/Public/verifyImg/0.6375193723006443
INFO: [ app_init ] --START--
INFO: Run Behavior\BuildLiteBehavior [ RunTime:0.000114s ]
INFO: [ app_init ] --END-- [ RunTime:0.002118s ]
INFO: [ app_begin ] --START--
INFO: Run Behavior\ReadHtmlCacheBehavior [ RunTime:0.005142s ]
INFO: [ app_begin ] --END-- [ RunTime:0.005969s ]
INFO: [ app_end ] --START--
INFO: Run Behavior\ShowPageTraceBehavior [ RunTime:0.005645s ]
INFO: [ app_end ] --END-- [ RunTime:0.006872s ]

[ 2018-06-12T08:47:32+08:00 ] 127.0.0.1 /index.php/Public/login
INFO: [ app_init ] --START--
INFO: Run Behavior\BuildLiteBehavior [ RunTime:0.000137s ]
INFO: [ app_init ] --END-- [ RunTime:0.002455s ]
INFO: [ app_begin ] --START--
INFO: Run Behavior\ReadHtmlCacheBehavior [ RunTime:0.004213s ]
INFO: [ app_begin ] --END-- [ RunTime:0.004718s ]
SQL: SHOW COLUMNS FROM `jt_stu` [ RunTime:0.0573s ]
NOTIC: [8] Undefined index: validate D:\wamp\www\jmooctest\ThinkPHP\Library\Think\Model.class.php 第 1185 行.
NOTIC: [8] Undefined index: telphone D:\wamp\www\jmooctest\ThinkPHP\Library\Think\Model.class.php 第 1217 行.
NOTIC: [8] Undefined index: telphone D:\wamp\www\jmooctest\ThinkPHP\Library\Think\Model.class.php 第 1217 行.
NOTIC: [8] Undefined index: email D:\wamp\www\jmooctest\ThinkPHP\Library\Think\Model.class.php 第 1217 行.
NOTIC: [8] Undefined index: auto D:\wamp\www\jmooctest\ThinkPHP\Library\Think\Model.class.php 第 1128 行.
SQL: SELECT * FROM `jt_stu` WHERE `xuehao` = '151110213' LIMIT 1   [ RunTime:0.0013s ]

[ 2018-06-12T08:47:32+08:00 ] 127.0.0.1 /index.php/Public/verifyImg/0.22582621443981665
INFO: [ app_init ] --START--
INFO: Run Behavior\BuildLiteBehavior [ RunTime:0.000119s ]
INFO: [ app_init ] --END-- [ RunTime:0.003270s ]
INFO: [ app_begin ] --START--
INFO: Run Behavior\ReadHtmlCacheBehavior [ RunTime:0.005005s ]
INFO: [ app_begin ] --END-- [ RunTime:0.005626s ]
INFO: [ app_end ] --START--
INFO: Run Behavior\ShowPageTraceBehavior [ RunTime:0.005646s ]
INFO: [ app_end ] --END-- [ RunTime:0.006351s ]

[ 2018-06-12T08:47:41+08:00 ] 127.0.0.1 /index.php/Public/login
INFO: [ app_init ] --START--
INFO: Run Behavior\BuildLiteBehavior [ RunTime:0.000130s ]
INFO: [ app_init ] --END-- [ RunTime:0.002375s ]
INFO: [ app_begin ] --START--
INFO: Run Behavior\ReadHtmlCacheBehavior [ RunTime:0.004100s ]
INFO: [ app_begin ] --END-- [ RunTime:0.004654s ]

[ 2018-06-12T08:47:41+08:00 ] 127.0.0.1 /index.php/Public/verifyImg/0.6432424871967786
INFO: [ app_init ] --START--
INFO: Run Behavior\BuildLiteBehavior [ RunTime:0.000114s ]
INFO: [ app_init ] --END-- [ RunTime:0.002278s ]
INFO: [ app_begin ] --START--
INFO: Run Behavior\ReadHtmlCacheBehavior [ RunTime:0.004919s ]
INFO: [ app_begin ] --END-- [ RunTime:0.005701s ]
INFO: [ app_end ] --START--
INFO: Run Behavior\ShowPageTraceBehavior [ RunTime:0.004551s ]
INFO: [ app_end ] --END-- [ RunTime:0.005310s ]

[ 2018-06-12T08:47:46+08:00 ] 127.0.0.1 /index.php/Public/login
INFO: [ app_init ] --START--
INFO: Run Behavior\BuildLiteBehavior [ RunTime:0.000121s ]
INFO: [ app_init ] --END-- [ RunTime:0.003031s ]
INFO: [ app_begin ] --START--
INFO: Run Behavior\ReadHtmlCacheBehavior [ RunTime:0.004639s ]
INFO: [ app_begin ] --END-- [ RunTime:0.005150s ]
SQL: SHOW COLUMNS FROM `jt_stu` [ RunTime:0.0511s ]
NOTIC: [8] Undefined index: validate D:\wamp\www\jmooctest\ThinkPHP\Library\Think\Model.class.php 第 1185 行.
NOTIC: [8] Undefined index: telphone D:\wamp\www\jmooctest\ThinkPHP\Library\Think\Model.class.php 第 1217 行.
NOTIC: [8] Undefined index: telphone D:\wamp\www\jmooctest\ThinkPHP\Library\Think\Model.class.php 第 1217 行.
NOTIC: [8] Undefined index: email D:\wamp\www\jmooctest\ThinkPHP\Library\Think\Model.class.php 第 1217 行.
NOTIC: [8] Undefined index: auto D:\wamp\www\jmooctest\ThinkPHP\Library\Think\Model.class.php 第 1128 行.
SQL: SELECT * FROM `jt_stu` WHERE `xuehao` = '151110213' LIMIT 1   [ RunTime:0.0011s ]

[ 2018-06-12T08:47:46+08:00 ] 127.0.0.1 /index.php/Public/verifyImg/0.7016177531383525
INFO: [ app_init ] --START--
INFO: Run Behavior\BuildLiteBehavior [ RunTime:0.000148s ]
INFO: [ app_init ] --END-- [ RunTime:0.002918s ]
INFO: [ app_begin ] --START--
INFO: Run Behavior\ReadHtmlCacheBehavior [ RunTime:0.005256s ]
INFO: [ app_begin ] --END-- [ RunTime:0.005902s ]
INFO: [ app_end ] --START--
INFO: Run Behavior\ShowPageTraceBehavior [ RunTime:0.004767s ]
INFO: [ app_end ] --END-- [ RunTime:0.005483s ]

[ 2018-06-12T08:47:55+08:00 ] 127.0.0.1 /index.php/Public/login
INFO: [ app_init ] --START--
INFO: Run Behavior\BuildLiteBehavior [ RunTime:0.000139s ]
INFO: [ app_init ] --END-- [ RunTime:0.002700s ]
INFO: [ app_begin ] --START--
INFO: Run Behavior\ReadHtmlCacheBehavior [ RunTime:0.004968s ]
INFO: [ app_begin ] --END-- [ RunTime:0.005498s ]
SQL: SHOW COLUMNS FROM `jt_stu` [ RunTime:0.0563s ]
NOTIC: [8] Undefined index: validate D:\wamp\www\jmooctest\ThinkPHP\Library\Think\Model.class.php 第 1185 行.
NOTIC: [8] Undefined index: telphone D:\wamp\www\jmooctest\ThinkPHP\Library\Think\Model.class.php 第 1217 行.
NOTIC: [8] Undefined index: telphone D:\wamp\www\jmooctest\ThinkPHP\Library\Think\Model.class.php 第 1217 行.
NOTIC: [8] Undefined index: email D:\wamp\www\jmooctest\ThinkPHP\Library\Think\Model.class.php 第 1217 行.
NOTIC: [8] Undefined index: auto D:\wamp\www\jmooctest\ThinkPHP\Library\Think\Model.class.php 第 1128 行.
SQL: SELECT * FROM `jt_stu` WHERE `xuehao` = '151110213' LIMIT 1   [ RunTime:0.0012s ]
SQL: SHOW COLUMNS FROM `jt_stu_log` [ RunTime:0.0477s ]
SQL: INSERT INTO `jt_stu_log` (`lgip`,`lgdate`,`sid`) VALUES ('127.0.0.1','1528764475','23') [ RunTime:0.0528s ]

[ 2018-06-12T08:47:56+08:00 ] 127.0.0.1 /index.php/index/index
INFO: [ app_init ] --START--
INFO: Run Behavior\BuildLiteBehavior [ RunTime:0.000148s ]
INFO: [ app_init ] --END-- [ RunTime:0.004961s ]
INFO: [ app_begin ] --START--
INFO: Run Behavior\ReadHtmlCacheBehavior [ RunTime:0.004435s ]
INFO: [ app_begin ] --END-- [ RunTime:0.005071s ]
SQL: SHOW COLUMNS FROM `jt_stu` [ RunTime:0.0422s ]
SQL: SELECT * FROM `jt_stu` WHERE `id` = 23 LIMIT 1   [ RunTime:0.0011s ]
SQL: SHOW COLUMNS FROM `jt_course` [ RunTime:0.0503s ]
SQL: SELECT * FROM `jt_course` WHERE ( display=1 )  [ RunTime:0.0013s ]
SQL: SHOW COLUMNS FROM `jt_ques_single` [ RunTime:0.0427s ]
SQL: SELECT COUNT(*) AS tp_count FROM `jt_ques_single` WHERE ( course_id=147 and is_show=1 ) LIMIT 1   [ RunTime:0.0036s ]
SQL: SHOW COLUMNS FROM `jt_ques_double` [ RunTime:0.0464s ]
SQL: SELECT COUNT(*) AS tp_count FROM `jt_ques_double` WHERE ( course_id=147 and is_show=1 ) LIMIT 1   [ RunTime:0.0025s ]
SQL: SHOW COLUMNS FROM `jt_ques_judge` [ RunTime:0.0459s ]
SQL: SELECT COUNT(*) AS tp_count FROM `jt_ques_judge` WHERE ( course_id=147 and is_show=1 ) LIMIT 1   [ RunTime:0.0024s ]
SQL: SHOW COLUMNS FROM `jt_ques_subj` [ RunTime:0.0558s ]
SQL: SELECT COUNT(*) AS tp_count FROM `jt_ques_subj` WHERE ( course_id=147  and is_show=1 ) LIMIT 1   [ RunTime:0.0022s ]
SQL: SELECT COUNT(*) AS tp_count FROM `jt_ques_single` WHERE ( course_id=148 and is_show=1 ) LIMIT 1   [ RunTime:0.0014s ]
SQL: SELECT COUNT(*) AS tp_count FROM `jt_ques_double` WHERE ( course_id=148 and is_show=1 ) LIMIT 1   [ RunTime:0.0009s ]
SQL: SELECT COUNT(*) AS tp_count FROM `jt_ques_judge` WHERE ( course_id=148 and is_show=1 ) LIMIT 1   [ RunTime:0.0011s ]
SQL: SELECT COUNT(*) AS tp_count FROM `jt_ques_subj` WHERE ( course_id=148  and is_show=1 ) LIMIT 1   [ RunTime:0.0010s ]
SQL: SELECT COUNT(*) AS tp_count FROM `jt_ques_single` WHERE ( course_id=155 and is_show=1 ) LIMIT 1   [ RunTime:0.0013s ]
SQL: SELECT COUNT(*) AS tp_count FROM `jt_ques_double` WHERE ( course_id=155 and is_show=1 ) LIMIT 1   [ RunTime:0.0015s ]
SQL: SELECT COUNT(*) AS tp_count FROM `jt_ques_judge` WHERE ( course_id=155 and is_show=1 ) LIMIT 1   [ RunTime:0.0011s ]
SQL: SELECT COUNT(*) AS tp_count FROM `jt_ques_subj` WHERE ( course_id=155  and is_show=1 ) LIMIT 1   [ RunTime:0.0013s ]
SQL: SELECT COUNT(*) AS tp_count FROM `jt_ques_single` WHERE ( course_id=157 and is_show=1 ) LIMIT 1   [ RunTime:0.0009s ]
SQL: SELECT COUNT(*) AS tp_count FROM `jt_ques_double` WHERE ( course_id=157 and is_show=1 ) LIMIT 1   [ RunTime:0.0006s ]
SQL: SELECT COUNT(*) AS tp_count FROM `jt_ques_judge` WHERE ( course_id=157 and is_show=1 ) LIMIT 1   [ RunTime:0.0012s ]
SQL: SELECT COUNT(*) AS tp_count FROM `jt_ques_subj` WHERE ( course_id=157  and is_show=1 ) LIMIT 1   [ RunTime:0.0017s ]
INFO: [ view_parse ] --START--
INFO: [ template_filter ] --START--
INFO: Run Behavior\ContentReplaceBehavior [ RunTime:0.001254s ]
INFO: [ template_filter ] --END-- [ RunTime:0.002947s ]
INFO: Run Behavior\ParseTemplateBehavior [ RunTime:0.091708s ]
INFO: [ view_parse ] --END-- [ RunTime:0.092351s ]
INFO: [ view_filter ] --START--
INFO: Run Behavior\WriteHtmlCacheBehavior [ RunTime:0.006367s ]
INFO: [ view_filter ] --END-- [ RunTime:0.007410s ]
INFO: [ app_end ] --START--
INFO: Run Behavior\ShowPageTraceBehavior [ RunTime:0.010385s ]
INFO: [ app_end ] --END-- [ RunTime:0.013923s ]

[ 2018-06-12T08:47:57+08:00 ] 127.0.0.1 /index.php/Announce/show.html
INFO: [ app_init ] --START--
INFO: Run Behavior\BuildLiteBehavior [ RunTime:0.000127s ]
INFO: [ app_init ] --END-- [ RunTime:0.002302s ]
INFO: [ app_begin ] --START--
INFO: Run Behavior\ReadHtmlCacheBehavior [ RunTime:0.005818s ]
INFO: [ app_begin ] --END-- [ RunTime:0.006855s ]
NOTIC: [2048] Declaration of Home\Controller\AnnounceController::show() should be compatible with Think\Controller::show($content, $charset = '', $contentType = '', $prefix = '') D:\wamp\www\jmooctest\Application\Home\Controller\AnnounceController.class.php 第 5 行.
SQL: SHOW COLUMNS FROM `jt_announce` [ RunTime:0.0857s ]
SQL: SELECT a.*,u.name as pubname FROM jt_announce a inner join jt_user as u on a.pub_id=u.id  WHERE ( top=1 ) ORDER BY id desc  [ RunTime:0.0018s ]
SQL: SELECT a.*,u.name as pubname FROM jt_announce a inner join jt_user as u on a.pub_id=u.id  WHERE ( top=0 ) ORDER BY id desc  [ RunTime:0.0012s ]
INFO: [ view_parse ] --START--
INFO: [ template_filter ] --START--
INFO: Run Behavior\ContentReplaceBehavior [ RunTime:0.000511s ]
INFO: [ template_filter ] --END-- [ RunTime:0.001273s ]
INFO: Run Behavior\ParseTemplateBehavior [ RunTime:0.065614s ]
INFO: [ view_parse ] --END-- [ RunTime:0.066329s ]
INFO: [ view_filter ] --START--
INFO: Run Behavior\WriteHtmlCacheBehavior [ RunTime:0.027978s ]
INFO: [ view_filter ] --END-- [ RunTime:0.028634s ]
INFO: [ app_end ] --START--
INFO: Run Behavior\ShowPageTraceBehavior [ RunTime:0.005198s ]
INFO: [ app_end ] --END-- [ RunTime:0.005879s ]

