[ 2018-07-01T15:17:02+08:00 ] 127.0.0.1 /index.php/Public/login
INFO: [ app_init ] --START--
INFO: Run Behavior\BuildLiteBehavior [ RunTime:0.000125s ]
INFO: [ app_init ] --END-- [ RunTime:0.011966s ]
INFO: [ app_begin ] --START--
INFO: Run Behavior\ReadHtmlCacheBehavior [ RunTime:0.020785s ]
INFO: [ app_begin ] --END-- [ RunTime:0.021452s ]
INFO: [ view_parse ] --START--
INFO: [ template_filter ] --START--
INFO: Run Behavior\ContentReplaceBehavior [ RunTime:0.001002s ]
INFO: [ template_filter ] --END-- [ RunTime:0.001653s ]
INFO: Run Behavior\ParseTemplateBehavior [ RunTime:0.114827s ]
INFO: [ view_parse ] --END-- [ RunTime:0.115512s ]
INFO: [ view_filter ] --START--
INFO: Run Behavior\WriteHtmlCacheBehavior [ RunTime:0.019400s ]
INFO: [ view_filter ] --END-- [ RunTime:0.020028s ]
INFO: [ app_end ] --START--
INFO: Run Behavior\ShowPageTraceBehavior [ RunTime:0.019991s ]
INFO: [ app_end ] --END-- [ RunTime:0.020680s ]

[ 2018-07-01T15:17:03+08:00 ] 127.0.0.1 /index.php/Public/verifyImg
INFO: [ app_init ] --START--
INFO: Run Behavior\BuildLiteBehavior [ RunTime:0.000902s ]
INFO: [ app_init ] --END-- [ RunTime:0.008019s ]
INFO: [ app_begin ] --START--
INFO: Run Behavior\ReadHtmlCacheBehavior [ RunTime:0.024321s ]
INFO: [ app_begin ] --END-- [ RunTime:0.026480s ]
INFO: [ app_end ] --START--
INFO: Run Behavior\ShowPageTraceBehavior [ RunTime:0.008179s ]
INFO: [ app_end ] --END-- [ RunTime:0.009033s ]

[ 2018-07-01T15:17:17+08:00 ] 127.0.0.1 /index.php/Public/login
INFO: [ app_init ] --START--
INFO: Run Behavior\BuildLiteBehavior [ RunTime:0.000133s ]
INFO: [ app_init ] --END-- [ RunTime:0.002563s ]
INFO: [ app_begin ] --START--
INFO: Run Behavior\ReadHtmlCacheBehavior [ RunTime:0.004938s ]
INFO: [ app_begin ] --END-- [ RunTime:0.005550s ]
SQL: SHOW COLUMNS FROM `jt_stu` [ RunTime:0.0382s ]
NOTIC: [8] Undefined index: validate D:\wamp\www\jmooctest\ThinkPHP\Library\Think\Model.class.php 第 1185 行.
NOTIC: [8] Undefined index: telphone D:\wamp\www\jmooctest\ThinkPHP\Library\Think\Model.class.php 第 1217 行.
NOTIC: [8] Undefined index: telphone D:\wamp\www\jmooctest\ThinkPHP\Library\Think\Model.class.php 第 1217 行.
NOTIC: [8] Undefined index: email D:\wamp\www\jmooctest\ThinkPHP\Library\Think\Model.class.php 第 1217 行.
NOTIC: [8] Undefined index: auto D:\wamp\www\jmooctest\ThinkPHP\Library\Think\Model.class.php 第 1128 行.
SQL: SELECT * FROM `jt_stu` WHERE `xuehao` = '151110213' LIMIT 1   [ RunTime:0.0024s ]
SQL: SHOW COLUMNS FROM `jt_stu_log` [ RunTime:0.0830s ]
SQL: INSERT INTO `jt_stu_log` (`lgip`,`lgdate`,`sid`) VALUES ('127.0.0.1','1530429436','23') [ RunTime:0.0949s ]

[ 2018-07-01T15:17:17+08:00 ] 127.0.0.1 /index.php/index/index
INFO: [ app_init ] --START--
INFO: Run Behavior\BuildLiteBehavior [ RunTime:0.000138s ]
INFO: [ app_init ] --END-- [ RunTime:0.004248s ]
INFO: [ app_begin ] --START--
INFO: Run Behavior\ReadHtmlCacheBehavior [ RunTime:0.022397s ]
INFO: [ app_begin ] --END-- [ RunTime:0.023071s ]
SQL: SHOW COLUMNS FROM `jt_stu` [ RunTime:0.0232s ]
SQL: SELECT * FROM `jt_stu` WHERE `id` = 23 LIMIT 1   [ RunTime:0.0011s ]
SQL: SHOW COLUMNS FROM `jt_course` [ RunTime:0.0307s ]
SQL: SELECT * FROM `jt_course` WHERE ( display=1 )  [ RunTime:0.0012s ]
SQL: SHOW COLUMNS FROM `jt_ques_single` [ RunTime:0.0238s ]
SQL: SELECT COUNT(*) AS tp_count FROM `jt_ques_single` WHERE ( course_id=155 and is_show=1 ) LIMIT 1   [ RunTime:0.0030s ]
SQL: SHOW COLUMNS FROM `jt_ques_double` [ RunTime:0.0351s ]
SQL: SELECT COUNT(*) AS tp_count FROM `jt_ques_double` WHERE ( course_id=155 and is_show=1 ) LIMIT 1   [ RunTime:0.0018s ]
SQL: SHOW COLUMNS FROM `jt_ques_judge` [ RunTime:0.0269s ]
SQL: SELECT COUNT(*) AS tp_count FROM `jt_ques_judge` WHERE ( course_id=155 and is_show=1 ) LIMIT 1   [ RunTime:0.0019s ]
SQL: SHOW COLUMNS FROM `jt_ques_subj` [ RunTime:0.0351s ]
SQL: SELECT COUNT(*) AS tp_count FROM `jt_ques_subj` WHERE ( course_id=155  and is_show=1 ) LIMIT 1   [ RunTime:0.0018s ]
SQL: SELECT COUNT(*) AS tp_count FROM `jt_ques_single` WHERE ( course_id=157 and is_show=1 ) LIMIT 1   [ RunTime:0.0012s ]
SQL: SELECT COUNT(*) AS tp_count FROM `jt_ques_double` WHERE ( course_id=157 and is_show=1 ) LIMIT 1   [ RunTime:0.0010s ]
SQL: SELECT COUNT(*) AS tp_count FROM `jt_ques_judge` WHERE ( course_id=157 and is_show=1 ) LIMIT 1   [ RunTime:0.0009s ]
SQL: SELECT COUNT(*) AS tp_count FROM `jt_ques_subj` WHERE ( course_id=157  and is_show=1 ) LIMIT 1   [ RunTime:0.0015s ]
INFO: [ view_parse ] --START--
INFO: [ template_filter ] --START--
INFO: Run Behavior\ContentReplaceBehavior [ RunTime:0.004691s ]
INFO: [ template_filter ] --END-- [ RunTime:0.006000s ]
INFO: Run Behavior\ParseTemplateBehavior [ RunTime:0.150422s ]
INFO: [ view_parse ] --END-- [ RunTime:0.157429s ]
INFO: [ view_filter ] --START--
INFO: Run Behavior\WriteHtmlCacheBehavior [ RunTime:0.006034s ]
INFO: [ view_filter ] --END-- [ RunTime:0.007010s ]
INFO: [ app_end ] --START--
INFO: Run Behavior\ShowPageTraceBehavior [ RunTime:0.019277s ]
INFO: [ app_end ] --END-- [ RunTime:0.020573s ]

[ 2018-07-01T15:17:19+08:00 ] 127.0.0.1 /index.php/Announce/show.html
INFO: [ app_init ] --START--
INFO: Run Behavior\BuildLiteBehavior [ RunTime:0.000112s ]
INFO: [ app_init ] --END-- [ RunTime:0.001994s ]
INFO: [ app_begin ] --START--
INFO: Run Behavior\ReadHtmlCacheBehavior [ RunTime:0.003574s ]
INFO: [ app_begin ] --END-- [ RunTime:0.004174s ]
NOTIC: [2048] Declaration of Home\Controller\AnnounceController::show() should be compatible with Think\Controller::show($content, $charset = '', $contentType = '', $prefix = '') D:\wamp\www\jmooctest\Application\Home\Controller\AnnounceController.class.php 第 5 行.
SQL: SHOW COLUMNS FROM `jt_announce` [ RunTime:0.1009s ]
SQL: SELECT a.*,u.name as pubname FROM jt_announce a inner join jt_user as u on a.pub_id=u.id  WHERE ( top=1 ) ORDER BY id desc  [ RunTime:0.0045s ]
SQL: SELECT a.*,u.name as pubname FROM jt_announce a inner join jt_user as u on a.pub_id=u.id  WHERE ( top=0 ) ORDER BY id desc  [ RunTime:0.0026s ]
INFO: [ view_parse ] --START--
INFO: [ template_filter ] --START--
INFO: Run Behavior\ContentReplaceBehavior [ RunTime:0.000459s ]
INFO: [ template_filter ] --END-- [ RunTime:0.001075s ]
INFO: Run Behavior\ParseTemplateBehavior [ RunTime:0.099441s ]
INFO: [ view_parse ] --END-- [ RunTime:0.100182s ]
INFO: [ view_filter ] --START--
INFO: Run Behavior\WriteHtmlCacheBehavior [ RunTime:0.002336s ]
INFO: [ view_filter ] --END-- [ RunTime:0.002894s ]
INFO: [ app_end ] --START--
INFO: Run Behavior\ShowPageTraceBehavior [ RunTime:0.003632s ]
INFO: [ app_end ] --END-- [ RunTime:0.004347s ]

[ 2018-07-01T15:17:25+08:00 ] 127.0.0.1 /index.php/Test/show.html
INFO: [ app_init ] --START--
INFO: Run Behavior\BuildLiteBehavior [ RunTime:0.000149s ]
INFO: [ app_init ] --END-- [ RunTime:0.002543s ]
INFO: [ app_begin ] --START--
INFO: Run Behavior\ReadHtmlCacheBehavior [ RunTime:0.003990s ]
INFO: [ app_begin ] --END-- [ RunTime:0.004697s ]
NOTIC: [2048] Declaration of Home\Controller\TestController::show() should be compatible with Think\Controller::show($content, $charset = '', $contentType = '', $prefix = '') D:\wamp\www\jmooctest\Application\Home\Controller\TestController.class.php 第 5 行.
SQL: SHOW COLUMNS FROM `jt_paper_basic` [ RunTime:0.0216s ]
SQL: SELECT * FROM `jt_paper_basic` WHERE ( startdate < 1530429445 and enddate > 1530429445 and  review_status=1 ) ORDER BY id desc  [ RunTime:0.0016s ]
SQL: SHOW COLUMNS FROM `jt_user` [ RunTime:0.0228s ]
SQL: SELECT `name` FROM `jt_user` WHERE `id` = 31 LIMIT 1   [ RunTime:0.0008s ]
SQL: SELECT * FROM `jt_paper_basic` WHERE ( startdate > 1530429445 and review_status=1 ) ORDER BY id desc LIMIT 6   [ RunTime:0.0009s ]
SQL: SELECT * FROM `jt_paper_basic` WHERE ( enddate < 1530429445 and review_status=1 ) ORDER BY id desc LIMIT 6   [ RunTime:0.0012s ]
SQL: SELECT `name` FROM `jt_user` WHERE `id` = 32 LIMIT 1   [ RunTime:0.0007s ]
SQL: SELECT `name` FROM `jt_user` WHERE `id` = 32 LIMIT 1   [ RunTime:0.0012s ]
SQL: SELECT `name` FROM `jt_user` WHERE `id` = 31 LIMIT 1   [ RunTime:0.0007s ]
SQL: SELECT `name` FROM `jt_user` WHERE `id` = 31 LIMIT 1   [ RunTime:0.0008s ]
INFO: [ view_parse ] --START--
INFO: [ template_filter ] --START--
INFO: Run Behavior\ContentReplaceBehavior [ RunTime:0.001174s ]
INFO: [ template_filter ] --END-- [ RunTime:0.002309s ]
INFO: Run Behavior\ParseTemplateBehavior [ RunTime:0.083394s ]
INFO: [ view_parse ] --END-- [ RunTime:0.084007s ]
INFO: [ view_filter ] --START--
INFO: Run Behavior\WriteHtmlCacheBehavior [ RunTime:0.001859s ]
INFO: [ view_filter ] --END-- [ RunTime:0.002375s ]
INFO: [ app_end ] --START--
INFO: Run Behavior\ShowPageTraceBehavior [ RunTime:0.002838s ]
INFO: [ app_end ] --END-- [ RunTime:0.003374s ]

[ 2018-07-01T15:17:33+08:00 ] 127.0.0.1 /index.php/Practice/sub_show/cou_id/157
INFO: [ app_init ] --START--
INFO: Run Behavior\BuildLiteBehavior [ RunTime:0.000112s ]
INFO: [ app_init ] --END-- [ RunTime:0.002050s ]
INFO: [ app_begin ] --START--
INFO: Run Behavior\ReadHtmlCacheBehavior [ RunTime:0.002966s ]
INFO: [ app_begin ] --END-- [ RunTime:0.003540s ]
SQL: SHOW COLUMNS FROM `jt_course` [ RunTime:0.0238s ]
SQL: SELECT COUNT(*) AS tp_count FROM `jt_course` WHERE ( id=157 and display=1 ) LIMIT 1   [ RunTime:0.0009s ]
SQL: SELECT * FROM `jt_course` WHERE `id` = 157 LIMIT 1   [ RunTime:0.0009s ]
INFO: [ view_parse ] --START--
INFO: [ template_filter ] --START--
INFO: Run Behavior\ContentReplaceBehavior [ RunTime:0.000501s ]
INFO: [ template_filter ] --END-- [ RunTime:0.001087s ]
INFO: Run Behavior\ParseTemplateBehavior [ RunTime:0.053796s ]
INFO: [ view_parse ] --END-- [ RunTime:0.054489s ]
INFO: [ view_filter ] --START--
INFO: Run Behavior\WriteHtmlCacheBehavior [ RunTime:0.002237s ]
INFO: [ view_filter ] --END-- [ RunTime:0.002847s ]
INFO: [ app_end ] --START--
INFO: Run Behavior\ShowPageTraceBehavior [ RunTime:0.003431s ]
INFO: [ app_end ] --END-- [ RunTime:0.004096s ]

[ 2018-07-01T15:17:35+08:00 ] 127.0.0.1 /index.php/Practice/sub_show/cou_id/157
INFO: [ app_init ] --START--
INFO: Run Behavior\BuildLiteBehavior [ RunTime:0.000127s ]
INFO: [ app_init ] --END-- [ RunTime:0.003007s ]
INFO: [ app_begin ] --START--
INFO: Run Behavior\ReadHtmlCacheBehavior [ RunTime:0.004846s ]
INFO: [ app_begin ] --END-- [ RunTime:0.005392s ]
SQL: SHOW COLUMNS FROM `jt_course` [ RunTime:0.1021s ]
SQL: SELECT COUNT(*) AS tp_count FROM `jt_course` WHERE ( id=157 and display=1 ) LIMIT 1   [ RunTime:0.0009s ]
SQL: SELECT * FROM `jt_course` WHERE `id` = 157 LIMIT 1   [ RunTime:0.0011s ]
SQL: SHOW COLUMNS FROM `jt_ques_subj` [ RunTime:0.0257s ]
SQL: SELECT * FROM `jt_ques_subj` WHERE ( course_id=157 and is_show=1 ) ORDER BY id desc LIMIT 0,10   [ RunTime:0.0016s ]
SQL: SELECT COUNT(*) AS tp_count FROM `jt_ques_subj` WHERE ( course_id=157 and is_show=1 ) LIMIT 1   [ RunTime:0.0009s ]
SQL: SHOW COLUMNS FROM `jt_ques_subj` [ RunTime:0.0220s ]

[ 2018-07-01T15:17:42+08:00 ] 127.0.0.1 /index.php/Paper/show.html
INFO: [ app_init ] --START--
INFO: Run Behavior\BuildLiteBehavior [ RunTime:0.000113s ]
INFO: [ app_init ] --END-- [ RunTime:0.001959s ]
INFO: [ app_begin ] --START--
INFO: Run Behavior\ReadHtmlCacheBehavior [ RunTime:0.004357s ]
INFO: [ app_begin ] --END-- [ RunTime:0.004940s ]
NOTIC: [2048] Declaration of Home\Controller\PaperController::show() should be compatible with Think\Controller::show($content, $charset = '', $contentType = '', $prefix = '') D:\wamp\www\jmooctest\Application\Home\Controller\PaperController.class.php 第 5 行.
SQL: SHOW COLUMNS FROM `jt_stu_score` [ RunTime:0.0299s ]
SQL: SHOW COLUMNS FROM `jt_paper_basic` [ RunTime:0.0448s ]
SQL: SELECT `id` FROM `jt_paper_basic` WHERE ( answ_status=1 )  [ RunTime:0.0008s ]
NOTIC: [8] Undefined variable: ids D:\wamp\www\jmooctest\Application\Home\Controller\PaperController.class.php 第 14 行.
SQL: SHOW COLUMNS FROM `jt_stu_score` [ RunTime:0.0551s ]
SQL: SELECT * FROM `jt_stu_score` WHERE ( stu_id=23 and paper_id in(52,53) ) ORDER BY id desc  [ RunTime:0.0031s ]
SQL: SHOW COLUMNS FROM `jt_stu_answ` [ RunTime:0.0263s ]
SQL: SELECT `name`,`type` FROM `jt_paper_basic` WHERE `id` = 52 LIMIT 1   [ RunTime:0.0009s ]
SQL: SHOW COLUMNS FROM `jt_paper_ques_fixed` [ RunTime:0.1505s ]
SQL: SELECT `whole_score`,`sub_score` FROM `jt_paper_ques_fixed` WHERE ( paper_id=52 ) LIMIT 1   [ RunTime:0.0012s ]
SQL: SELECT `stime`,`etime` FROM `jt_stu_answ` WHERE ( stu_id=23 and paper_id=52 ) LIMIT 1   [ RunTime:0.0027s ]
INFO: [ view_parse ] --START--
INFO: [ template_filter ] --START--
INFO: Run Behavior\ContentReplaceBehavior [ RunTime:0.000489s ]
INFO: [ template_filter ] --END-- [ RunTime:0.001103s ]
INFO: Run Behavior\ParseTemplateBehavior [ RunTime:0.093434s ]
INFO: [ view_parse ] --END-- [ RunTime:0.094037s ]
INFO: [ view_filter ] --START--
INFO: Run Behavior\WriteHtmlCacheBehavior [ RunTime:0.015437s ]
INFO: [ view_filter ] --END-- [ RunTime:0.016127s ]
INFO: [ app_end ] --START--
INFO: Run Behavior\ShowPageTraceBehavior [ RunTime:0.005867s ]
INFO: [ app_end ] --END-- [ RunTime:0.006527s ]

[ 2018-07-01T15:17:43+08:00 ] 127.0.0.1 /index.php/Paper/show.html?sort=id&order=desc&limit=20&offset=0&_=1530429463045
INFO: [ app_init ] --START--
INFO: Run Behavior\BuildLiteBehavior [ RunTime:0.000132s ]
INFO: [ app_init ] --END-- [ RunTime:0.003758s ]
INFO: [ app_begin ] --START--
INFO: Run Behavior\ReadHtmlCacheBehavior [ RunTime:0.005066s ]
INFO: [ app_begin ] --END-- [ RunTime:0.005620s ]
NOTIC: [2048] Declaration of Home\Controller\PaperController::show() should be compatible with Think\Controller::show($content, $charset = '', $contentType = '', $prefix = '') D:\wamp\www\jmooctest\Application\Home\Controller\PaperController.class.php 第 5 行.
SQL: SHOW COLUMNS FROM `jt_stu_score` [ RunTime:0.0315s ]
SQL: SHOW COLUMNS FROM `jt_paper_basic` [ RunTime:0.0249s ]
SQL: SELECT `id` FROM `jt_paper_basic` WHERE ( answ_status=1 )  [ RunTime:0.0009s ]
NOTIC: [8] Undefined variable: ids D:\wamp\www\jmooctest\Application\Home\Controller\PaperController.class.php 第 14 行.
SQL: SHOW COLUMNS FROM `jt_stu_score` [ RunTime:0.0307s ]
SQL: SELECT * FROM `jt_stu_score` WHERE ( stu_id=23 and paper_id in(52,53) ) ORDER BY id desc  [ RunTime:0.0012s ]
SQL: SHOW COLUMNS FROM `jt_stu_answ` [ RunTime:0.0258s ]
SQL: SELECT `name`,`type` FROM `jt_paper_basic` WHERE `id` = 52 LIMIT 1   [ RunTime:0.0006s ]
SQL: SHOW COLUMNS FROM `jt_paper_ques_fixed` [ RunTime:0.0347s ]
SQL: SELECT `whole_score`,`sub_score` FROM `jt_paper_ques_fixed` WHERE ( paper_id=52 ) LIMIT 1   [ RunTime:0.0020s ]
SQL: SELECT `stime`,`etime` FROM `jt_stu_answ` WHERE ( stu_id=23 and paper_id=52 ) LIMIT 1   [ RunTime:0.0015s ]

[ 2018-07-01T15:17:55+08:00 ] 127.0.0.1 /index.php/Test/show.html
INFO: [ app_init ] --START--
INFO: Run Behavior\BuildLiteBehavior [ RunTime:0.000112s ]
INFO: [ app_init ] --END-- [ RunTime:0.002002s ]
INFO: [ app_begin ] --START--
INFO: Run Behavior\ReadHtmlCacheBehavior [ RunTime:0.005167s ]
INFO: [ app_begin ] --END-- [ RunTime:0.005785s ]
NOTIC: [2048] Declaration of Home\Controller\TestController::show() should be compatible with Think\Controller::show($content, $charset = '', $contentType = '', $prefix = '') D:\wamp\www\jmooctest\Application\Home\Controller\TestController.class.php 第 5 行.
SQL: SHOW COLUMNS FROM `jt_paper_basic` [ RunTime:0.0794s ]
SQL: SELECT * FROM `jt_paper_basic` WHERE ( startdate < 1530429475 and enddate > 1530429475 and  review_status=1 ) ORDER BY id desc  [ RunTime:0.0012s ]
SQL: SHOW COLUMNS FROM `jt_user` [ RunTime:0.0935s ]
SQL: SELECT `name` FROM `jt_user` WHERE `id` = 31 LIMIT 1   [ RunTime:0.0010s ]
SQL: SELECT * FROM `jt_paper_basic` WHERE ( startdate > 1530429475 and review_status=1 ) ORDER BY id desc LIMIT 6   [ RunTime:0.0008s ]
SQL: SELECT * FROM `jt_paper_basic` WHERE ( enddate < 1530429475 and review_status=1 ) ORDER BY id desc LIMIT 6   [ RunTime:0.0012s ]
SQL: SELECT `name` FROM `jt_user` WHERE `id` = 32 LIMIT 1   [ RunTime:0.0006s ]
SQL: SELECT `name` FROM `jt_user` WHERE `id` = 32 LIMIT 1   [ RunTime:0.0006s ]
SQL: SELECT `name` FROM `jt_user` WHERE `id` = 31 LIMIT 1   [ RunTime:0.0004s ]
SQL: SELECT `name` FROM `jt_user` WHERE `id` = 31 LIMIT 1   [ RunTime:0.0004s ]
INFO: [ view_parse ] --START--
INFO: [ template_filter ] --START--
INFO: Run Behavior\ContentReplaceBehavior [ RunTime:0.000605s ]
INFO: [ template_filter ] --END-- [ RunTime:0.001205s ]
INFO: Run Behavior\ParseTemplateBehavior [ RunTime:0.066223s ]
INFO: [ view_parse ] --END-- [ RunTime:0.066832s ]
INFO: [ view_filter ] --START--
INFO: Run Behavior\WriteHtmlCacheBehavior [ RunTime:0.003431s ]
INFO: [ view_filter ] --END-- [ RunTime:0.004135s ]
INFO: [ app_end ] --START--
INFO: Run Behavior\ShowPageTraceBehavior [ RunTime:0.004473s ]
INFO: [ app_end ] --END-- [ RunTime:0.005246s ]

[ 2018-07-01T15:17:58+08:00 ] 127.0.0.1 /index.php/Test/exam/id/52
INFO: [ app_init ] --START--
INFO: Run Behavior\BuildLiteBehavior [ RunTime:0.000613s ]
INFO: [ app_init ] --END-- [ RunTime:0.005553s ]
INFO: [ app_begin ] --START--
INFO: Run Behavior\ReadHtmlCacheBehavior [ RunTime:0.006403s ]
INFO: [ app_begin ] --END-- [ RunTime:0.007436s ]
NOTIC: [2048] Declaration of Home\Controller\TestController::show() should be compatible with Think\Controller::show($content, $charset = '', $contentType = '', $prefix = '') D:\wamp\www\jmooctest\Application\Home\Controller\TestController.class.php 第 5 行.
SQL: SHOW COLUMNS FROM `jt_paper_basic` [ RunTime:0.0599s ]
SQL: SHOW COLUMNS FROM `jt_paper_basic` [ RunTime:0.0370s ]
SQL: SELECT `startdate`,`enddate`,`review_status` FROM `jt_paper_basic` WHERE `id` = 52 LIMIT 1   [ RunTime:0.0011s ]
SQL: SHOW COLUMNS FROM `jt_stu` [ RunTime:0.0340s ]
SQL: SELECT `xuehao`,`stu_class` FROM `jt_stu` WHERE `id` = 23 LIMIT 1   [ RunTime:0.0009s ]
SQL: SHOW COLUMNS FROM `jt_paper_limit` [ RunTime:0.0664s ]
SQL: SELECT * FROM `jt_paper_limit` WHERE ( paper_id=52 ) LIMIT 1   [ RunTime:0.0013s ]
SQL: SHOW COLUMNS FROM `jt_stu_score` [ RunTime:0.0843s ]
SQL: SELECT * FROM `jt_stu_score` WHERE ( paper_id=52 and stu_id=23 ) LIMIT 1   [ RunTime:0.0018s ]

