[ 2018-06-06T10:45:18+08:00 ] 127.0.0.1 /manager.php/Course/showlist.html
INFO: [ app_init ] --START--
INFO: Run Behavior\BuildLiteBehavior [ RunTime:0.000128s ]
INFO: [ app_init ] --END-- [ RunTime:0.002165s ]
INFO: [ app_begin ] --START--
INFO: Run Behavior\ReadHtmlCacheBehavior [ RunTime:0.003610s ]
INFO: [ app_begin ] --END-- [ RunTime:0.004190s ]
INFO: [ view_parse ] --START--
INFO: [ template_filter ] --START--
INFO: Run Behavior\ContentReplaceBehavior [ RunTime:0.000412s ]
INFO: [ template_filter ] --END-- [ RunTime:0.000993s ]
INFO: Run Behavior\ParseTemplateBehavior [ RunTime:0.032249s ]
INFO: [ view_parse ] --END-- [ RunTime:0.032878s ]
INFO: [ view_filter ] --START--
INFO: Run Behavior\WriteHtmlCacheBehavior [ RunTime:0.002996s ]
INFO: [ view_filter ] --END-- [ RunTime:0.003607s ]

[ 2018-06-06T10:52:05+08:00 ] 127.0.0.1 /manager.php/Course/showlist.html
INFO: [ app_init ] --START--
INFO: Run Behavior\BuildLiteBehavior [ RunTime:0.000112s ]
INFO: [ app_init ] --END-- [ RunTime:0.002031s ]
INFO: [ app_begin ] --START--
INFO: Run Behavior\ReadHtmlCacheBehavior [ RunTime:0.004344s ]
INFO: [ app_begin ] --END-- [ RunTime:0.004978s ]
INFO: [ view_parse ] --START--
INFO: [ template_filter ] --START--
INFO: Run Behavior\ContentReplaceBehavior [ RunTime:0.000394s ]
INFO: [ template_filter ] --END-- [ RunTime:0.000957s ]
INFO: Run Behavior\ParseTemplateBehavior [ RunTime:0.032650s ]
INFO: [ view_parse ] --END-- [ RunTime:0.033247s ]
INFO: [ view_filter ] --START--
INFO: Run Behavior\WriteHtmlCacheBehavior [ RunTime:0.003446s ]
INFO: [ view_filter ] --END-- [ RunTime:0.004064s ]

[ 2018-06-06T10:52:36+08:00 ] 127.0.0.1 /manager.php/Course/showlist.html
INFO: [ app_init ] --START--
INFO: Run Behavior\BuildLiteBehavior [ RunTime:0.000112s ]
INFO: [ app_init ] --END-- [ RunTime:0.002083s ]
INFO: [ app_begin ] --START--
INFO: Run Behavior\ReadHtmlCacheBehavior [ RunTime:0.003667s ]
INFO: [ app_begin ] --END-- [ RunTime:0.004241s ]
INFO: [ view_parse ] --START--
INFO: [ template_filter ] --START--
INFO: Run Behavior\ContentReplaceBehavior [ RunTime:0.000396s ]
INFO: [ template_filter ] --END-- [ RunTime:0.000994s ]
INFO: Run Behavior\ParseTemplateBehavior [ RunTime:0.042573s ]
INFO: [ view_parse ] --END-- [ RunTime:0.043248s ]
INFO: [ view_filter ] --START--
INFO: Run Behavior\WriteHtmlCacheBehavior [ RunTime:0.003215s ]
INFO: [ view_filter ] --END-- [ RunTime:0.003787s ]

[ 2018-06-06T10:52:49+08:00 ] 127.0.0.1 /manager.php/Course/showlist.html
INFO: [ app_init ] --START--
INFO: Run Behavior\BuildLiteBehavior [ RunTime:0.000116s ]
INFO: [ app_init ] --END-- [ RunTime:0.002589s ]
INFO: [ app_begin ] --START--
INFO: Run Behavior\ReadHtmlCacheBehavior [ RunTime:0.003693s ]
INFO: [ app_begin ] --END-- [ RunTime:0.004277s ]
INFO: [ view_parse ] --START--
INFO: [ template_filter ] --START--
INFO: Run Behavior\ContentReplaceBehavior [ RunTime:0.000387s ]
INFO: [ template_filter ] --END-- [ RunTime:0.000965s ]
INFO: Run Behavior\ParseTemplateBehavior [ RunTime:0.034223s ]
INFO: [ view_parse ] --END-- [ RunTime:0.034828s ]
INFO: [ view_filter ] --START--
INFO: Run Behavior\WriteHtmlCacheBehavior [ RunTime:0.003396s ]
INFO: [ view_filter ] --END-- [ RunTime:0.004177s ]

[ 2018-06-06T10:53:47+08:00 ] 127.0.0.1 /manager.php/Course/showlist.html
INFO: [ app_init ] --START--
INFO: Run Behavior\BuildLiteBehavior [ RunTime:0.000121s ]
INFO: [ app_init ] --END-- [ RunTime:0.002336s ]
INFO: [ app_begin ] --START--
INFO: Run Behavior\ReadHtmlCacheBehavior [ RunTime:0.004019s ]
INFO: [ app_begin ] --END-- [ RunTime:0.004617s ]
SQL: SHOW COLUMNS FROM `jt_role` [ RunTime:0.0222s ]
SQL: SELECT * FROM `jt_role` WHERE `id` = 0 LIMIT 1   [ RunTime:0.0009s ]
SQL: SHOW COLUMNS FROM `jt_course` [ RunTime:0.0195s ]
SQL: SELECT * FROM `jt_course`  [ RunTime:0.0008s ]
NOTIC: [8] Undefined index: p D:\wamp\www\jmooctest\Application\Common\Common\function.php 第 6 行.
INFO: [ view_parse ] --START--
INFO: [ template_filter ] --START--
INFO: Run Behavior\ContentReplaceBehavior [ RunTime:0.000991s ]
INFO: [ template_filter ] --END-- [ RunTime:0.001606s ]
INFO: Run Behavior\ParseTemplateBehavior [ RunTime:0.050743s ]
INFO: [ view_parse ] --END-- [ RunTime:0.051367s ]
INFO: [ view_filter ] --START--
INFO: Run Behavior\WriteHtmlCacheBehavior [ RunTime:0.003103s ]
INFO: [ view_filter ] --END-- [ RunTime:0.003630s ]
INFO: [ app_end ] --START--
INFO: Run Behavior\ShowPageTraceBehavior [ RunTime:0.005119s ]
INFO: [ app_end ] --END-- [ RunTime:0.005781s ]

