[ 2018-06-03T09:57:58+08:00 ] 127.0.0.1 /manager.php/Public/login
INFO: [ app_init ] --START--
INFO: Run Behavior\BuildLiteBehavior [ RunTime:0.000110s ]
INFO: [ app_init ] --END-- [ RunTime:0.002942s ]
INFO: [ app_begin ] --START--
INFO: Run Behavior\ReadHtmlCacheBehavior [ RunTime:0.004516s ]
INFO: [ app_begin ] --END-- [ RunTime:0.004912s ]
INFO: [ view_parse ] --START--
INFO: [ template_filter ] --START--
INFO: Run Behavior\ContentReplaceBehavior [ RunTime:0.000368s ]
INFO: [ template_filter ] --END-- [ RunTime:0.000738s ]
INFO: Run Behavior\ParseTemplateBehavior [ RunTime:0.124030s ]
INFO: [ view_parse ] --END-- [ RunTime:0.124537s ]
INFO: [ view_filter ] --START--
INFO: Run Behavior\WriteHtmlCacheBehavior [ RunTime:0.002408s ]
INFO: [ view_filter ] --END-- [ RunTime:0.002827s ]
INFO: [ app_end ] --START--
INFO: Run Behavior\ShowPageTraceBehavior [ RunTime:0.003200s ]
INFO: [ app_end ] --END-- [ RunTime:0.003980s ]

[ 2018-06-03T09:57:58+08:00 ] 127.0.0.1 /manager.php/Public/verifyImg
INFO: [ app_init ] --START--
INFO: Run Behavior\BuildLiteBehavior [ RunTime:0.000071s ]
INFO: [ app_init ] --END-- [ RunTime:0.001402s ]
INFO: [ app_begin ] --START--
INFO: Run Behavior\ReadHtmlCacheBehavior [ RunTime:0.002383s ]
INFO: [ app_begin ] --END-- [ RunTime:0.002799s ]
INFO: [ app_end ] --START--
INFO: Run Behavior\ShowPageTraceBehavior [ RunTime:0.002494s ]
INFO: [ app_end ] --END-- [ RunTime:0.002907s ]

[ 2018-06-03T09:58:23+08:00 ] 127.0.0.1 /manager.php/Public/login
INFO: [ app_init ] --START--
INFO: Run Behavior\BuildLiteBehavior [ RunTime:0.000088s ]
INFO: [ app_init ] --END-- [ RunTime:0.001576s ]
INFO: [ app_begin ] --START--
INFO: Run Behavior\ReadHtmlCacheBehavior [ RunTime:0.002839s ]
INFO: [ app_begin ] --END-- [ RunTime:0.003191s ]
NOTIC: [8] Use of undefined constant code - assumed 'code' D:\wamp\www\jmooctest\Application\Admin\Controller\PublicController.class.php 第 12 行.
SQL: SHOW COLUMNS FROM `jt_user` [ RunTime:0.0389s ]
SQL: SELECT * FROM `jt_user` WHERE ( email='494025451@qq.com' ) LIMIT 1   [ RunTime:0.0015s ]
NOTIC: [8] Use of undefined constant password - assumed 'password' D:\wamp\www\jmooctest\Application\Admin\Controller\PublicController.class.php 第 14 行.
NOTIC: [8] Use of undefined constant pwd - assumed 'pwd' D:\wamp\www\jmooctest\Application\Admin\Controller\PublicController.class.php 第 14 行.
SQL: UPDATE `jt_user` SET `email`='494025451@qq.com',`pwd`='$2y$10$/tsKYctqQKNZt8B9RfvanulZtp02zcoppQiRxCGDjJOV5LejbmAle',`name`='陈文',`rgdate`='1501586745',`role_id`='0',`telphone`='17875511965',`course_ids`='',`status`='1',`last_ip`='127.0.0.1',`last_lgdate`='1527991103' WHERE `id` = 1 [ RunTime:0.0510s ]

[ 2018-06-03T09:58:24+08:00 ] 127.0.0.1 /manager.php/Index/index
INFO: [ app_init ] --START--
INFO: Run Behavior\BuildLiteBehavior [ RunTime:0.000088s ]
INFO: [ app_init ] --END-- [ RunTime:0.001523s ]
INFO: [ app_begin ] --START--
INFO: Run Behavior\ReadHtmlCacheBehavior [ RunTime:0.003099s ]
INFO: [ app_begin ] --END-- [ RunTime:0.003558s ]
SQL: SHOW COLUMNS FROM `jt_role` [ RunTime:0.0415s ]
SQL: SELECT * FROM `jt_role` WHERE `id` = 0 LIMIT 1   [ RunTime:0.0012s ]
SQL: SHOW COLUMNS FROM `jt_user` [ RunTime:0.0415s ]
SQL: SELECT `name` FROM `jt_user` WHERE `id` = 1 LIMIT 1   [ RunTime:0.0010s ]
SQL: SHOW COLUMNS FROM `jt_role` [ RunTime:0.0426s ]
SQL: SELECT * FROM `jt_role` WHERE `id` = 0 LIMIT 1   [ RunTime:0.0010s ]
SQL: SHOW COLUMNS FROM `jt_authority` [ RunTime:0.0382s ]
SQL: SELECT * FROM `jt_authority` WHERE ( auth_level=0 and display=1 )  [ RunTime:0.0011s ]
SQL: SELECT * FROM `jt_authority` WHERE ( auth_level=1 and display=1 )  [ RunTime:0.0008s ]
INFO: [ view_parse ] --START--
INFO: [ template_filter ] --START--
INFO: Run Behavior\ContentReplaceBehavior [ RunTime:0.000354s ]
INFO: [ template_filter ] --END-- [ RunTime:0.000728s ]
INFO: Run Behavior\ParseTemplateBehavior [ RunTime:0.075077s ]
INFO: [ view_parse ] --END-- [ RunTime:0.075739s ]
INFO: [ view_filter ] --START--
INFO: Run Behavior\WriteHtmlCacheBehavior [ RunTime:0.002385s ]
INFO: [ view_filter ] --END-- [ RunTime:0.002792s ]
INFO: [ app_end ] --START--
INFO: Run Behavior\ShowPageTraceBehavior [ RunTime:0.029104s ]
INFO: [ app_end ] --END-- [ RunTime:0.029577s ]

[ 2018-06-03T09:58:24+08:00 ] 127.0.0.1 /manager.php/Personal/show.html
INFO: [ app_init ] --START--
INFO: Run Behavior\BuildLiteBehavior [ RunTime:0.000076s ]
INFO: [ app_init ] --END-- [ RunTime:0.001463s ]
INFO: [ app_begin ] --START--
INFO: Run Behavior\ReadHtmlCacheBehavior [ RunTime:0.002914s ]
INFO: [ app_begin ] --END-- [ RunTime:0.003316s ]
NOTIC: [2048] Declaration of Admin\Controller\PersonalController::show() should be compatible with Think\Controller::show($content, $charset = '', $contentType = '', $prefix = '') D:\wamp\www\jmooctest\Application\Admin\Controller\PersonalController.class.php 第 5 行.
SQL: SHOW COLUMNS FROM `jt_role` [ RunTime:0.0330s ]
SQL: SELECT * FROM `jt_role` WHERE `id` = 0 LIMIT 1   [ RunTime:0.0006s ]
SQL: SHOW COLUMNS FROM `jt_user` [ RunTime:0.0341s ]
SQL: SELECT * FROM `jt_user` WHERE `id` = 1 LIMIT 1   [ RunTime:0.0009s ]
SQL: SHOW COLUMNS FROM `jt_course` [ RunTime:0.0331s ]
SQL: SELECT `name` FROM `jt_course` WHERE `id` = 0  [ RunTime:0.0006s ]
NOTIC: [8] Undefined index: cou_name D:\wamp\www\jmooctest\Application\Admin\Controller\PersonalController.class.php 第 20 行.
INFO: [ view_parse ] --START--
INFO: [ template_filter ] --START--
INFO: Run Behavior\ContentReplaceBehavior [ RunTime:0.000400s ]
INFO: [ template_filter ] --END-- [ RunTime:0.000775s ]
INFO: Run Behavior\ParseTemplateBehavior [ RunTime:0.060030s ]
INFO: [ view_parse ] --END-- [ RunTime:0.060439s ]
INFO: [ view_filter ] --START--
INFO: Run Behavior\WriteHtmlCacheBehavior [ RunTime:0.001871s ]
INFO: [ view_filter ] --END-- [ RunTime:0.002173s ]
INFO: [ app_end ] --START--
INFO: Run Behavior\ShowPageTraceBehavior [ RunTime:0.002941s ]
INFO: [ app_end ] --END-- [ RunTime:0.003349s ]

[ 2018-06-03T09:58:28+08:00 ] 127.0.0.1 /manager.php/Personal/sys_info.html
INFO: [ app_init ] --START--
INFO: Run Behavior\BuildLiteBehavior [ RunTime:0.000104s ]
INFO: [ app_init ] --END-- [ RunTime:0.002246s ]
INFO: [ app_begin ] --START--
INFO: Run Behavior\ReadHtmlCacheBehavior [ RunTime:0.008190s ]
INFO: [ app_begin ] --END-- [ RunTime:0.009460s ]
NOTIC: [2048] Declaration of Admin\Controller\PersonalController::show() should be compatible with Think\Controller::show($content, $charset = '', $contentType = '', $prefix = '') D:\wamp\www\jmooctest\Application\Admin\Controller\PersonalController.class.php 第 5 行.
SQL: SHOW COLUMNS FROM `jt_role` [ RunTime:0.0463s ]
SQL: SELECT * FROM `jt_role` WHERE `id` = 0 LIMIT 1   [ RunTime:0.0012s ]
SQL: select count(1) as sum,college from jt_stu group by college [ RunTime:0.0306s ]
SQL: SHOW COLUMNS FROM `jt_stu` [ RunTime:0.0500s ]
SQL: SHOW COLUMNS FROM `jt_stu` [ RunTime:0.0566s ]
SQL: SELECT COUNT(*) AS tp_count FROM `jt_stu` WHERE ( last_lgdate > 1527955200 ) LIMIT 1   [ RunTime:0.0011s ]
SQL: SELECT COUNT(*) AS tp_count FROM `jt_stu` WHERE ( rgdate > 1527955200 ) LIMIT 1   [ RunTime:0.0011s ]
SQL: SELECT SUM(lg_num) AS tp_sum FROM `jt_stu` LIMIT 1   [ RunTime:0.0114s ]
SQL: SHOW COLUMNS FROM `jt_user` [ RunTime:0.0666s ]
SQL: SELECT COUNT(*) AS tp_count FROM `jt_user` WHERE ( role_id=1 ) LIMIT 1   [ RunTime:0.0011s ]
SQL: SELECT COUNT(*) AS tp_count FROM `jt_user` WHERE ( role_id!=1 ) LIMIT 1   [ RunTime:0.0010s ]
SQL: SELECT COUNT(*) AS tp_count FROM `jt_stu` LIMIT 1   [ RunTime:0.0010s ]
SQL: SHOW COLUMNS FROM `jt_course` [ RunTime:0.0575s ]
SQL: SELECT COUNT(*) AS tp_count FROM `jt_course` LIMIT 1   [ RunTime:0.0011s ]
SQL: SHOW COLUMNS FROM `jt_paper_basic` [ RunTime:0.0590s ]
SQL: SELECT COUNT(*) AS tp_count FROM `jt_paper_basic` WHERE ( startdate<1528041600 && startdate>1527955200 ) LIMIT 1   [ RunTime:0.0013s ]
SQL: SELECT COUNT(*) AS tp_count FROM `jt_paper_basic` WHERE ( enddate<1528041600 && enddate>1527955200 ) LIMIT 1   [ RunTime:0.0010s ]
SQL: SELECT COUNT(*) AS tp_count FROM `jt_paper_basic` LIMIT 1   [ RunTime:0.0200s ]
SQL: SELECT COUNT(*) AS tp_count FROM `jt_paper_basic` WHERE ( create_date<1528041600 && create_date>1527955200 ) LIMIT 1   [ RunTime:0.0009s ]
SQL: SELECT COUNT(*) AS tp_count FROM `jt_paper_basic` WHERE ( review_status=1 ) LIMIT 1   [ RunTime:0.0009s ]
SQL: SELECT COUNT(*) AS tp_count FROM `jt_paper_basic` WHERE ( review_status!=1 ) LIMIT 1   [ RunTime:0.0008s ]
SQL: SELECT COUNT(*) AS tp_count FROM `jt_paper_basic` WHERE ( startdate>1527991107 ) LIMIT 1   [ RunTime:0.0009s ]
SQL: SELECT COUNT(*) AS tp_count FROM `jt_paper_basic` WHERE ( enddate<1527991107 ) LIMIT 1   [ RunTime:0.0010s ]
SQL: SELECT COUNT(*) AS tp_count FROM `jt_paper_basic` WHERE ( enddate>1527991107 && startdate<1527991107 ) LIMIT 1   [ RunTime:0.0009s ]
SQL: SELECT COUNT(*) AS tp_count FROM `jt_paper_basic` WHERE ( type=1 ) LIMIT 1   [ RunTime:0.0010s ]
SQL: SELECT COUNT(*) AS tp_count FROM `jt_paper_basic` WHERE ( type=2 ) LIMIT 1   [ RunTime:0.0006s ]
SQL: SHOW COLUMNS FROM `jt_ques_single` [ RunTime:0.0532s ]
SQL: SELECT COUNT(*) AS tp_count FROM `jt_ques_single` LIMIT 1   [ RunTime:0.0170s ]
SQL: SELECT COUNT(*) AS tp_count FROM `jt_ques_single` WHERE ( is_show=1 ) LIMIT 1   [ RunTime:0.0010s ]
SQL: SELECT COUNT(*) AS tp_count FROM `jt_ques_single` WHERE ( is_show=0 ) LIMIT 1   [ RunTime:0.0008s ]
SQL: SELECT COUNT(*) AS tp_count FROM `jt_ques_single` WHERE ( difficulty=1 ) LIMIT 1   [ RunTime:0.0009s ]
SQL: SELECT COUNT(*) AS tp_count FROM `jt_ques_single` WHERE ( difficulty=2 ) LIMIT 1   [ RunTime:0.0007s ]
SQL: SELECT COUNT(*) AS tp_count FROM `jt_ques_single` WHERE ( difficulty=3 ) LIMIT 1   [ RunTime:0.0009s ]
SQL: select name,count(*) as num from jt_ques_single qs join jt_course c on c.id=qs.course_id group by course_id  [ RunTime:0.0054s ]
SQL: SHOW COLUMNS FROM `jt_ques_double` [ RunTime:0.0390s ]
SQL: SELECT COUNT(*) AS tp_count FROM `jt_ques_double` LIMIT 1   [ RunTime:0.0115s ]
SQL: SELECT COUNT(*) AS tp_count FROM `jt_ques_double` WHERE ( is_show=1 ) LIMIT 1   [ RunTime:0.0006s ]
SQL: SELECT COUNT(*) AS tp_count FROM `jt_ques_double` WHERE ( is_show=0 ) LIMIT 1   [ RunTime:0.0003s ]
SQL: SELECT COUNT(*) AS tp_count FROM `jt_ques_double` WHERE ( difficulty=1 ) LIMIT 1   [ RunTime:0.0003s ]
SQL: SELECT COUNT(*) AS tp_count FROM `jt_ques_double` WHERE ( difficulty=2 ) LIMIT 1   [ RunTime:0.0003s ]
SQL: SELECT COUNT(*) AS tp_count FROM `jt_ques_double` WHERE ( difficulty=3 ) LIMIT 1   [ RunTime:0.0009s ]
SQL: select name,count(*) as num from jt_ques_double qd join jt_course c on c.id=qd.course_id group by course_id  [ RunTime:0.0038s ]
SQL: SHOW COLUMNS FROM `jt_ques_judge` [ RunTime:0.0322s ]
SQL: SELECT COUNT(*) AS tp_count FROM `jt_ques_judge` LIMIT 1   [ RunTime:0.0134s ]
SQL: SELECT COUNT(*) AS tp_count FROM `jt_ques_judge` WHERE ( is_show=1 ) LIMIT 1   [ RunTime:0.0006s ]
SQL: SELECT COUNT(*) AS tp_count FROM `jt_ques_judge` WHERE ( is_show=0 ) LIMIT 1   [ RunTime:0.0007s ]
SQL: SELECT COUNT(*) AS tp_count FROM `jt_ques_judge` WHERE ( difficulty=1 ) LIMIT 1   [ RunTime:0.0007s ]
SQL: SELECT COUNT(*) AS tp_count FROM `jt_ques_judge` WHERE ( difficulty=2 ) LIMIT 1   [ RunTime:0.0007s ]
SQL: SELECT COUNT(*) AS tp_count FROM `jt_ques_judge` WHERE ( difficulty=3 ) LIMIT 1   [ RunTime:0.0007s ]
SQL: select name,count(*) as num from jt_ques_judge qj join jt_course c on c.id=qj.course_id group by course_id  [ RunTime:0.0033s ]
SQL: SHOW COLUMNS FROM `jt_ques_subj` [ RunTime:0.0315s ]
SQL: SELECT COUNT(*) AS tp_count FROM `jt_ques_subj` LIMIT 1   [ RunTime:0.0011s ]
SQL: SELECT COUNT(*) AS tp_count FROM `jt_ques_subj` WHERE ( difficulty=1 ) LIMIT 1   [ RunTime:0.0007s ]
SQL: SELECT COUNT(*) AS tp_count FROM `jt_ques_subj` WHERE ( difficulty=2 ) LIMIT 1   [ RunTime:0.0006s ]
SQL: SELECT COUNT(*) AS tp_count FROM `jt_ques_subj` WHERE ( difficulty=3 ) LIMIT 1   [ RunTime:0.0005s ]
SQL: select name,count(*) as num from jt_ques_subj qj join jt_course c on c.id=qj.course_id group by course_id  [ RunTime:0.0033s ]
NOTIC: [8192] mysql_get_server_info(): The mysql extension is deprecated and will be removed in the future: use mysqli or PDO instead D:\wamp\www\jmooctest\Application\Admin\Controller\PersonalController.class.php 第 167 行.
SQL: SELECT sum(DATA_LENGTH)+sum(INDEX_LENGTH) as size
				FROM information_schema.TABLES where TABLE_SCHEMA='jmooctest2'  [ RunTime:0.0176s ]
INFO: [ view_parse ] --START--
INFO: [ template_filter ] --START--
INFO: Run Behavior\ContentReplaceBehavior [ RunTime:0.001066s ]
INFO: [ template_filter ] --END-- [ RunTime:0.001793s ]
INFO: Run Behavior\ParseTemplateBehavior [ RunTime:0.315855s ]
INFO: [ view_parse ] --END-- [ RunTime:0.316373s ]
INFO: [ view_filter ] --START--
INFO: Run Behavior\WriteHtmlCacheBehavior [ RunTime:0.003418s ]
INFO: [ view_filter ] --END-- [ RunTime:0.003951s ]
INFO: [ app_end ] --START--
INFO: Run Behavior\ShowPageTraceBehavior [ RunTime:0.006276s ]
INFO: [ app_end ] --END-- [ RunTime:0.007410s ]

[ 2018-06-03T10:22:45+08:00 ] 127.0.0.1 /manager.php/Index/index
INFO: [ app_init ] --START--
INFO: Run Behavior\BuildLiteBehavior [ RunTime:0.000095s ]
INFO: [ app_init ] --END-- [ RunTime:0.001982s ]
INFO: [ app_begin ] --START--
INFO: Run Behavior\ReadHtmlCacheBehavior [ RunTime:0.003030s ]
INFO: [ app_begin ] --END-- [ RunTime:0.003479s ]
SQL: SHOW COLUMNS FROM `jt_role` [ RunTime:0.0439s ]
SQL: SELECT * FROM `jt_role` WHERE `id` = 0 LIMIT 1   [ RunTime:0.0009s ]
SQL: SHOW COLUMNS FROM `jt_user` [ RunTime:0.1340s ]
SQL: SELECT `name` FROM `jt_user` WHERE `id` = 1 LIMIT 1   [ RunTime:0.0007s ]
SQL: SHOW COLUMNS FROM `jt_role` [ RunTime:0.0554s ]
SQL: SELECT * FROM `jt_role` WHERE `id` = 0 LIMIT 1   [ RunTime:0.0011s ]
SQL: SHOW COLUMNS FROM `jt_authority` [ RunTime:0.0582s ]
SQL: SELECT * FROM `jt_authority` WHERE ( auth_level=0 and display=1 )  [ RunTime:0.0016s ]
SQL: SELECT * FROM `jt_authority` WHERE ( auth_level=1 and display=1 )  [ RunTime:0.0020s ]
INFO: [ view_parse ] --START--
INFO: [ template_filter ] --START--
INFO: Run Behavior\ContentReplaceBehavior [ RunTime:0.000565s ]
INFO: [ template_filter ] --END-- [ RunTime:0.001154s ]
INFO: Run Behavior\ParseTemplateBehavior [ RunTime:0.060906s ]
INFO: [ view_parse ] --END-- [ RunTime:0.061539s ]
INFO: [ view_filter ] --START--
INFO: Run Behavior\WriteHtmlCacheBehavior [ RunTime:0.003667s ]
INFO: [ view_filter ] --END-- [ RunTime:0.004234s ]
INFO: [ app_end ] --START--
INFO: Run Behavior\ShowPageTraceBehavior [ RunTime:0.009773s ]
INFO: [ app_end ] --END-- [ RunTime:0.010436s ]

[ 2018-06-03T10:22:46+08:00 ] 127.0.0.1 /manager.php/Personal/show.html
INFO: [ app_init ] --START--
INFO: Run Behavior\BuildLiteBehavior [ RunTime:0.000073s ]
INFO: [ app_init ] --END-- [ RunTime:0.001275s ]
INFO: [ app_begin ] --START--
INFO: Run Behavior\ReadHtmlCacheBehavior [ RunTime:0.003128s ]
INFO: [ app_begin ] --END-- [ RunTime:0.003585s ]
NOTIC: [2048] Declaration of Admin\Controller\PersonalController::show() should be compatible with Think\Controller::show($content, $charset = '', $contentType = '', $prefix = '') D:\wamp\www\jmooctest\Application\Admin\Controller\PersonalController.class.php 第 5 行.
SQL: SHOW COLUMNS FROM `jt_role` [ RunTime:0.0498s ]
SQL: SELECT * FROM `jt_role` WHERE `id` = 0 LIMIT 1   [ RunTime:0.0008s ]
SQL: SHOW COLUMNS FROM `jt_user` [ RunTime:0.0360s ]
SQL: SELECT * FROM `jt_user` WHERE `id` = 1 LIMIT 1   [ RunTime:0.0007s ]
SQL: SHOW COLUMNS FROM `jt_course` [ RunTime:0.0365s ]
SQL: SELECT `name` FROM `jt_course` WHERE `id` = 0  [ RunTime:0.0006s ]
NOTIC: [8] Undefined index: cou_name D:\wamp\www\jmooctest\Application\Admin\Controller\PersonalController.class.php 第 20 行.
INFO: [ view_parse ] --START--
INFO: [ template_filter ] --START--
INFO: Run Behavior\ContentReplaceBehavior [ RunTime:0.000498s ]
INFO: [ template_filter ] --END-- [ RunTime:0.000979s ]
INFO: Run Behavior\ParseTemplateBehavior [ RunTime:0.036855s ]
INFO: [ view_parse ] --END-- [ RunTime:0.037312s ]
INFO: [ view_filter ] --START--
INFO: Run Behavior\WriteHtmlCacheBehavior [ RunTime:0.002721s ]
INFO: [ view_filter ] --END-- [ RunTime:0.003144s ]
INFO: [ app_end ] --START--
INFO: Run Behavior\ShowPageTraceBehavior [ RunTime:0.002968s ]
INFO: [ app_end ] --END-- [ RunTime:0.003407s ]

[ 2018-06-03T10:22:52+08:00 ] 127.0.0.1 /manager.php/Student/showlist.html
INFO: [ app_init ] --START--
INFO: Run Behavior\BuildLiteBehavior [ RunTime:0.000098s ]
INFO: [ app_init ] --END-- [ RunTime:0.002519s ]
INFO: [ app_begin ] --START--
INFO: Run Behavior\ReadHtmlCacheBehavior [ RunTime:0.003344s ]
INFO: [ app_begin ] --END-- [ RunTime:0.003820s ]
SQL: SHOW COLUMNS FROM `jt_role` [ RunTime:0.0516s ]
SQL: SELECT * FROM `jt_role` WHERE `id` = 0 LIMIT 1   [ RunTime:0.0010s ]
NOTIC: [8] Undefined index: p D:\wamp\www\jmooctest\Application\Common\Common\function.php 第 6 行.
SQL: SHOW COLUMNS FROM `jt_stu` [ RunTime:0.3955s ]
SQL: SELECT * FROM `jt_stu` ORDER BY id desc  [ RunTime:0.0070s ]
INFO: [ view_parse ] --START--
INFO: [ template_filter ] --START--
INFO: Run Behavior\ContentReplaceBehavior [ RunTime:0.000624s ]
INFO: [ template_filter ] --END-- [ RunTime:0.001126s ]
INFO: Run Behavior\ParseTemplateBehavior [ RunTime:0.098419s ]
INFO: [ view_parse ] --END-- [ RunTime:0.099011s ]
INFO: [ view_filter ] --START--
INFO: Run Behavior\WriteHtmlCacheBehavior [ RunTime:0.003264s ]
INFO: [ view_filter ] --END-- [ RunTime:0.003744s ]
INFO: [ app_end ] --START--
INFO: Run Behavior\ShowPageTraceBehavior [ RunTime:0.005281s ]
INFO: [ app_end ] --END-- [ RunTime:0.005852s ]

[ 2018-06-03T10:22:55+08:00 ] 127.0.0.1 /manager.php/Student/edit/id/206
INFO: [ app_init ] --START--
INFO: Run Behavior\BuildLiteBehavior [ RunTime:0.000087s ]
INFO: [ app_init ] --END-- [ RunTime:0.001508s ]
INFO: [ app_begin ] --START--
INFO: Run Behavior\ReadHtmlCacheBehavior [ RunTime:0.002868s ]
INFO: [ app_begin ] --END-- [ RunTime:0.003378s ]
SQL: SHOW COLUMNS FROM `jt_role` [ RunTime:0.0506s ]
SQL: SELECT * FROM `jt_role` WHERE `id` = 0 LIMIT 1   [ RunTime:0.0007s ]
SQL: SHOW COLUMNS FROM `jt_stu` [ RunTime:0.0324s ]
SQL: SELECT * FROM `jt_stu` WHERE `id` = 206 LIMIT 1   [ RunTime:0.0010s ]
INFO: [ view_parse ] --START--
INFO: [ template_filter ] --START--
INFO: Run Behavior\ContentReplaceBehavior [ RunTime:0.000492s ]
INFO: [ template_filter ] --END-- [ RunTime:0.000859s ]
INFO: Run Behavior\ParseTemplateBehavior [ RunTime:0.096693s ]
INFO: [ view_parse ] --END-- [ RunTime:0.097213s ]
INFO: [ view_filter ] --START--
INFO: Run Behavior\WriteHtmlCacheBehavior [ RunTime:0.003352s ]
INFO: [ view_filter ] --END-- [ RunTime:0.003901s ]
INFO: [ app_end ] --START--
INFO: Run Behavior\ShowPageTraceBehavior [ RunTime:0.005137s ]
INFO: [ app_end ] --END-- [ RunTime:0.005761s ]

[ 2018-06-03T10:23:11+08:00 ] 127.0.0.1 /manager.php/Paper/showlist.html
INFO: [ app_init ] --START--
INFO: Run Behavior\BuildLiteBehavior [ RunTime:0.000089s ]
INFO: [ app_init ] --END-- [ RunTime:0.001734s ]
INFO: [ app_begin ] --START--
INFO: Run Behavior\ReadHtmlCacheBehavior [ RunTime:0.002835s ]
INFO: [ app_begin ] --END-- [ RunTime:0.003289s ]
SQL: SHOW COLUMNS FROM `jt_role` [ RunTime:0.0660s ]
SQL: SELECT * FROM `jt_role` WHERE `id` = 0 LIMIT 1   [ RunTime:0.0011s ]
SQL: SHOW COLUMNS FROM `jt_paper_basic` [ RunTime:0.0603s ]
SQL: SELECT * FROM `jt_paper_basic`  [ RunTime:0.0013s ]
SQL: SHOW COLUMNS FROM `jt_course` [ RunTime:0.0510s ]
SQL: SHOW COLUMNS FROM `jt_user` [ RunTime:0.0447s ]
SQL: SELECT `name` FROM `jt_course` WHERE `id` = 155 LIMIT 1   [ RunTime:0.0011s ]
SQL: SELECT `name` FROM `jt_user` WHERE `id` = 31 LIMIT 1   [ RunTime:0.0007s ]
SQL: SELECT `name` FROM `jt_course` WHERE `id` = 156 LIMIT 1   [ RunTime:0.0010s ]
SQL: SELECT `name` FROM `jt_user` WHERE `id` = 31 LIMIT 1   [ RunTime:0.0008s ]
SQL: SELECT `name` FROM `jt_course` WHERE `id` = 149 LIMIT 1   [ RunTime:0.0009s ]
SQL: SELECT `name` FROM `jt_user` WHERE `id` = 31 LIMIT 1   [ RunTime:0.0005s ]
SQL: SELECT `name` FROM `jt_course` WHERE `id` = 147 LIMIT 1   [ RunTime:0.0007s ]
SQL: SELECT `name` FROM `jt_user` WHERE `id` = 32 LIMIT 1   [ RunTime:0.0010s ]
INFO: [ view_parse ] --START--
INFO: [ template_filter ] --START--
INFO: Run Behavior\ContentReplaceBehavior [ RunTime:0.000496s ]
INFO: [ template_filter ] --END-- [ RunTime:0.000910s ]
INFO: Run Behavior\ParseTemplateBehavior [ RunTime:0.038643s ]
INFO: [ view_parse ] --END-- [ RunTime:0.039037s ]
INFO: [ view_filter ] --START--
INFO: Run Behavior\WriteHtmlCacheBehavior [ RunTime:0.002051s ]
INFO: [ view_filter ] --END-- [ RunTime:0.002376s ]
INFO: [ app_end ] --START--
INFO: Run Behavior\ShowPageTraceBehavior [ RunTime:0.003873s ]
INFO: [ app_end ] --END-- [ RunTime:0.004452s ]

[ 2018-06-03T10:23:12+08:00 ] 127.0.0.1 /manager.php/Paper/showlist.html?sort=id&order=desc&limit=20&offset=0&_=1527992591648
INFO: [ app_init ] --START--
INFO: Run Behavior\BuildLiteBehavior [ RunTime:0.000069s ]
INFO: [ app_init ] --END-- [ RunTime:0.001278s ]
INFO: [ app_begin ] --START--
INFO: Run Behavior\ReadHtmlCacheBehavior [ RunTime:0.002492s ]
INFO: [ app_begin ] --END-- [ RunTime:0.002804s ]
SQL: SHOW COLUMNS FROM `jt_role` [ RunTime:0.1082s ]
SQL: SELECT * FROM `jt_role` WHERE `id` = 0 LIMIT 1   [ RunTime:0.0007s ]
SQL: SHOW COLUMNS FROM `jt_paper_basic` [ RunTime:0.0369s ]
SQL: SELECT * FROM `jt_paper_basic`  [ RunTime:0.0009s ]
SQL: SHOW COLUMNS FROM `jt_course` [ RunTime:0.0348s ]
SQL: SHOW COLUMNS FROM `jt_user` [ RunTime:0.0337s ]
SQL: SELECT `name` FROM `jt_course` WHERE `id` = 155 LIMIT 1   [ RunTime:0.0007s ]
SQL: SELECT `name` FROM `jt_user` WHERE `id` = 31 LIMIT 1   [ RunTime:0.0005s ]
SQL: SELECT `name` FROM `jt_course` WHERE `id` = 156 LIMIT 1   [ RunTime:0.0002s ]
SQL: SELECT `name` FROM `jt_user` WHERE `id` = 31 LIMIT 1   [ RunTime:0.0002s ]
SQL: SELECT `name` FROM `jt_course` WHERE `id` = 149 LIMIT 1   [ RunTime:0.0002s ]
SQL: SELECT `name` FROM `jt_user` WHERE `id` = 31 LIMIT 1   [ RunTime:0.0007s ]
SQL: SELECT `name` FROM `jt_course` WHERE `id` = 147 LIMIT 1   [ RunTime:0.0007s ]
SQL: SELECT `name` FROM `jt_user` WHERE `id` = 32 LIMIT 1   [ RunTime:0.0007s ]

[ 2018-06-03T15:44:29+08:00 ] 127.0.0.1 /manager.php/Student/showlist.html
INFO: [ app_init ] --START--
INFO: Run Behavior\BuildLiteBehavior [ RunTime:0.000044s ]
INFO: [ app_init ] --END-- [ RunTime:0.000849s ]
INFO: [ app_begin ] --START--
INFO: Run Behavior\ReadHtmlCacheBehavior [ RunTime:0.002533s ]
INFO: [ app_begin ] --END-- [ RunTime:0.002882s ]
SQL: SHOW COLUMNS FROM `jt_role` [ RunTime:0.1223s ]
SQL: SELECT * FROM `jt_role` WHERE `id` = 0 LIMIT 1   [ RunTime:0.0005s ]
NOTIC: [8] Undefined index: p D:\wamp\www\jmooctest\Application\Common\Common\function.php 第 6 行.
SQL: SHOW COLUMNS FROM `jt_stu` [ RunTime:0.0264s ]
SQL: SELECT * FROM `jt_stu` ORDER BY id desc  [ RunTime:0.0029s ]
INFO: [ view_parse ] --START--
INFO: [ template_filter ] --START--
INFO: Run Behavior\ContentReplaceBehavior [ RunTime:0.000327s ]
INFO: [ template_filter ] --END-- [ RunTime:0.000581s ]
INFO: Run Behavior\ParseTemplateBehavior [ RunTime:0.029154s ]
INFO: [ view_parse ] --END-- [ RunTime:0.029482s ]
INFO: [ view_filter ] --START--
INFO: Run Behavior\WriteHtmlCacheBehavior [ RunTime:0.001679s ]
INFO: [ view_filter ] --END-- [ RunTime:0.001911s ]
INFO: [ app_end ] --START--
INFO: Run Behavior\ShowPageTraceBehavior [ RunTime:0.004724s ]
INFO: [ app_end ] --END-- [ RunTime:0.005242s ]

[ 2018-06-03T15:44:38+08:00 ] 127.0.0.1 /manager.php/Student/reset
INFO: [ app_init ] --START--
INFO: Run Behavior\BuildLiteBehavior [ RunTime:0.000046s ]
INFO: [ app_init ] --END-- [ RunTime:0.000981s ]
INFO: [ app_begin ] --START--
INFO: Run Behavior\ReadHtmlCacheBehavior [ RunTime:0.001601s ]
INFO: [ app_begin ] --END-- [ RunTime:0.001796s ]
SQL: SHOW COLUMNS FROM `jt_role` [ RunTime:0.0362s ]
SQL: SELECT * FROM `jt_role` WHERE `id` = 0 LIMIT 1   [ RunTime:0.0006s ]
SQL: SHOW COLUMNS FROM `jt_stu` [ RunTime:0.0260s ]
SQL: UPDATE `jt_stu` SET `pwd`='$2y$10$AwZ9TzzJBwSiFPgt461du.tN55xY4H8.QBe656Chen/C9t6i/sikG' WHERE `id` = 27 [ RunTime:0.0586s ]

[ 2018-06-03T15:59:02+08:00 ] 127.0.0.1 /manager.php/Student/edit/id/43
INFO: [ app_init ] --START--
INFO: Run Behavior\BuildLiteBehavior [ RunTime:0.000075s ]
INFO: [ app_init ] --END-- [ RunTime:0.001566s ]
INFO: [ app_begin ] --START--
INFO: Run Behavior\ReadHtmlCacheBehavior [ RunTime:0.004052s ]
INFO: [ app_begin ] --END-- [ RunTime:0.004452s ]
SQL: SHOW COLUMNS FROM `jt_role` [ RunTime:0.0396s ]
SQL: SELECT * FROM `jt_role` WHERE `id` = 0 LIMIT 1   [ RunTime:0.0006s ]
SQL: SHOW COLUMNS FROM `jt_stu` [ RunTime:0.0245s ]
SQL: SELECT * FROM `jt_stu` WHERE `id` = 43 LIMIT 1   [ RunTime:0.0007s ]
INFO: [ view_parse ] --START--
INFO: [ template_filter ] --START--
INFO: Run Behavior\ContentReplaceBehavior [ RunTime:0.000351s ]
INFO: [ template_filter ] --END-- [ RunTime:0.000594s ]
NOTIC: [8] Undefined index: last_lgdate D:\wamp\www\jmooctest\Application\Runtime\Cache\Admin\ee5939046e0ef9013e6696556073530a.php 第 121 行.
NOTIC: [8] Undefined index: last_ip D:\wamp\www\jmooctest\Application\Runtime\Cache\Admin\ee5939046e0ef9013e6696556073530a.php 第 128 行.
NOTIC: [8] Undefined index: lg_num D:\wamp\www\jmooctest\Application\Runtime\Cache\Admin\ee5939046e0ef9013e6696556073530a.php 第 135 行.
INFO: Run Behavior\ParseTemplateBehavior [ RunTime:0.024029s ]
INFO: [ view_parse ] --END-- [ RunTime:0.024310s ]
INFO: [ view_filter ] --START--
INFO: Run Behavior\WriteHtmlCacheBehavior [ RunTime:0.001723s ]
INFO: [ view_filter ] --END-- [ RunTime:0.001999s ]
INFO: [ app_end ] --START--
INFO: Run Behavior\ShowPageTraceBehavior [ RunTime:0.002552s ]
INFO: [ app_end ] --END-- [ RunTime:0.002900s ]

[ 2018-06-03T19:11:58+08:00 ] 127.0.0.1 /manager.php/Student/edit/id/43
INFO: [ app_init ] --START--
INFO: Run Behavior\BuildLiteBehavior [ RunTime:0.000068s ]
INFO: [ app_init ] --END-- [ RunTime:0.001254s ]
INFO: [ app_begin ] --START--
INFO: Run Behavior\ReadHtmlCacheBehavior [ RunTime:0.002750s ]
INFO: [ app_begin ] --END-- [ RunTime:0.003126s ]
SQL: SHOW COLUMNS FROM `jt_role` [ RunTime:0.0252s ]
SQL: SELECT * FROM `jt_role` WHERE `id` = 0 LIMIT 1   [ RunTime:0.0007s ]
SQL: SHOW COLUMNS FROM `jt_stu` [ RunTime:0.0269s ]
SQL: SELECT * FROM `jt_stu` WHERE `id` = 43 LIMIT 1   [ RunTime:0.0006s ]
INFO: [ view_parse ] --START--
INFO: [ template_filter ] --START--
INFO: Run Behavior\ContentReplaceBehavior [ RunTime:0.000443s ]
INFO: [ template_filter ] --END-- [ RunTime:0.000734s ]
NOTIC: [8] Undefined index: last_lgdate D:\wamp\www\jmooctest\Application\Runtime\Cache\Admin\ee5939046e0ef9013e6696556073530a.php 第 121 行.
NOTIC: [8] Undefined index: last_ip D:\wamp\www\jmooctest\Application\Runtime\Cache\Admin\ee5939046e0ef9013e6696556073530a.php 第 128 行.
NOTIC: [8] Undefined index: lg_num D:\wamp\www\jmooctest\Application\Runtime\Cache\Admin\ee5939046e0ef9013e6696556073530a.php 第 135 行.
INFO: Run Behavior\ParseTemplateBehavior [ RunTime:0.023762s ]
INFO: [ view_parse ] --END-- [ RunTime:0.024011s ]
INFO: [ view_filter ] --START--
INFO: Run Behavior\WriteHtmlCacheBehavior [ RunTime:0.001645s ]
INFO: [ view_filter ] --END-- [ RunTime:0.001863s ]
INFO: [ app_end ] --START--
INFO: Run Behavior\ShowPageTraceBehavior [ RunTime:0.002402s ]
INFO: [ app_end ] --END-- [ RunTime:0.002763s ]

[ 2018-06-03T19:12:07+08:00 ] 127.0.0.1 /manager.php/Student/showlist.html
INFO: [ app_init ] --START--
INFO: Run Behavior\BuildLiteBehavior [ RunTime:0.000047s ]
INFO: [ app_init ] --END-- [ RunTime:0.000778s ]
INFO: [ app_begin ] --START--
INFO: Run Behavior\ReadHtmlCacheBehavior [ RunTime:0.001542s ]
INFO: [ app_begin ] --END-- [ RunTime:0.001782s ]
SQL: SHOW COLUMNS FROM `jt_role` [ RunTime:0.0258s ]
SQL: SELECT * FROM `jt_role` WHERE `id` = 0 LIMIT 1   [ RunTime:0.0005s ]
NOTIC: [8] Undefined index: p D:\wamp\www\jmooctest\Application\Common\Common\function.php 第 6 行.
SQL: SHOW COLUMNS FROM `jt_stu` [ RunTime:0.0265s ]
SQL: SELECT * FROM `jt_stu` ORDER BY id desc  [ RunTime:0.0031s ]
NOTIC: [8] Undefined variable: fg_id D:\wamp\www\jmooctest\Application\Admin\Controller\StudentController.class.php 第 12 行.
ERR: 1064:You have an error in your SQL syntax; check the manual that corresponds to your MySQL server version for the right syntax to use near '' at line 1
 [ SQL语句 ] : select count(*) as num from jt_stu_log group by sid having sid=
ERR: 1064:You have an error in your SQL syntax; check the manual that corresponds to your MySQL server version for the right syntax to use near '' at line 1
 [ SQL语句 ] : select count(*) as num from jt_stu_log group by sid having sid=

[ 2018-06-03T19:12:59+08:00 ] 127.0.0.1 /manager.php/Student/showlist.html
INFO: [ app_init ] --START--
INFO: Run Behavior\BuildLiteBehavior [ RunTime:0.000045s ]
INFO: [ app_init ] --END-- [ RunTime:0.000856s ]
INFO: [ app_begin ] --START--
INFO: Run Behavior\ReadHtmlCacheBehavior [ RunTime:0.001624s ]
INFO: [ app_begin ] --END-- [ RunTime:0.001846s ]
SQL: SHOW COLUMNS FROM `jt_role` [ RunTime:0.0893s ]
SQL: SELECT * FROM `jt_role` WHERE `id` = 0 LIMIT 1   [ RunTime:0.0005s ]
NOTIC: [8] Undefined index: p D:\wamp\www\jmooctest\Application\Common\Common\function.php 第 6 行.
SQL: SHOW COLUMNS FROM `jt_stu` [ RunTime:0.0268s ]
SQL: SELECT * FROM `jt_stu` ORDER BY id desc  [ RunTime:0.0027s ]
INFO: [ view_parse ] --START--
INFO: [ template_filter ] --START--
INFO: Run Behavior\ContentReplaceBehavior [ RunTime:0.000362s ]
INFO: [ template_filter ] --END-- [ RunTime:0.000636s ]
INFO: Run Behavior\ParseTemplateBehavior [ RunTime:0.030058s ]
INFO: [ view_parse ] --END-- [ RunTime:0.030390s ]
INFO: [ view_filter ] --START--
INFO: Run Behavior\WriteHtmlCacheBehavior [ RunTime:0.001930s ]
INFO: [ view_filter ] --END-- [ RunTime:0.002208s ]
INFO: [ app_end ] --START--
INFO: Run Behavior\ShowPageTraceBehavior [ RunTime:0.002689s ]
INFO: [ app_end ] --END-- [ RunTime:0.003027s ]

[ 2018-06-03T19:13:03+08:00 ] 127.0.0.1 /manager.php/Student/edit/id/208
INFO: [ app_init ] --START--
INFO: Run Behavior\BuildLiteBehavior [ RunTime:0.000056s ]
INFO: [ app_init ] --END-- [ RunTime:0.000962s ]
INFO: [ app_begin ] --START--
INFO: Run Behavior\ReadHtmlCacheBehavior [ RunTime:0.001835s ]
INFO: [ app_begin ] --END-- [ RunTime:0.002179s ]
SQL: SHOW COLUMNS FROM `jt_role` [ RunTime:0.0309s ]
SQL: SELECT * FROM `jt_role` WHERE `id` = 0 LIMIT 1   [ RunTime:0.0007s ]
SQL: SHOW COLUMNS FROM `jt_stu` [ RunTime:0.0262s ]
SQL: SELECT * FROM `jt_stu` WHERE `id` = 208 LIMIT 1   [ RunTime:0.0008s ]
INFO: [ view_parse ] --START--
INFO: [ template_filter ] --START--
INFO: Run Behavior\ContentReplaceBehavior [ RunTime:0.000302s ]
INFO: [ template_filter ] --END-- [ RunTime:0.000594s ]
NOTIC: [8] Undefined index: last_lgdate D:\wamp\www\jmooctest\Application\Runtime\Cache\Admin\ee5939046e0ef9013e6696556073530a.php 第 121 行.
NOTIC: [8] Undefined index: last_ip D:\wamp\www\jmooctest\Application\Runtime\Cache\Admin\ee5939046e0ef9013e6696556073530a.php 第 128 行.
NOTIC: [8] Undefined index: lg_num D:\wamp\www\jmooctest\Application\Runtime\Cache\Admin\ee5939046e0ef9013e6696556073530a.php 第 135 行.
INFO: Run Behavior\ParseTemplateBehavior [ RunTime:0.021573s ]
INFO: [ view_parse ] --END-- [ RunTime:0.021846s ]
INFO: [ view_filter ] --START--
INFO: Run Behavior\WriteHtmlCacheBehavior [ RunTime:0.001409s ]
INFO: [ view_filter ] --END-- [ RunTime:0.001627s ]
INFO: [ app_end ] --START--
INFO: Run Behavior\ShowPageTraceBehavior [ RunTime:0.002276s ]
INFO: [ app_end ] --END-- [ RunTime:0.002550s ]

[ 2018-06-03T19:13:06+08:00 ] 127.0.0.1 /manager.php/Student/showlist.html
INFO: [ app_init ] --START--
INFO: Run Behavior\BuildLiteBehavior [ RunTime:0.000044s ]
INFO: [ app_init ] --END-- [ RunTime:0.000831s ]
INFO: [ app_begin ] --START--
INFO: Run Behavior\ReadHtmlCacheBehavior [ RunTime:0.001597s ]
INFO: [ app_begin ] --END-- [ RunTime:0.001839s ]
SQL: SHOW COLUMNS FROM `jt_role` [ RunTime:0.0284s ]
SQL: SELECT * FROM `jt_role` WHERE `id` = 0 LIMIT 1   [ RunTime:0.0004s ]
NOTIC: [8] Undefined index: p D:\wamp\www\jmooctest\Application\Common\Common\function.php 第 6 行.
SQL: SHOW COLUMNS FROM `jt_stu` [ RunTime:0.0258s ]
SQL: SELECT * FROM `jt_stu` ORDER BY id desc  [ RunTime:0.0026s ]
INFO: [ view_parse ] --START--
INFO: [ template_filter ] --START--
INFO: Run Behavior\ContentReplaceBehavior [ RunTime:0.000323s ]
INFO: [ template_filter ] --END-- [ RunTime:0.000574s ]
INFO: Run Behavior\ParseTemplateBehavior [ RunTime:0.027532s ]
INFO: [ view_parse ] --END-- [ RunTime:0.027818s ]
INFO: [ view_filter ] --START--
INFO: Run Behavior\WriteHtmlCacheBehavior [ RunTime:0.001699s ]
INFO: [ view_filter ] --END-- [ RunTime:0.001929s ]
INFO: [ app_end ] --START--
INFO: Run Behavior\ShowPageTraceBehavior [ RunTime:0.002591s ]
INFO: [ app_end ] --END-- [ RunTime:0.003290s ]

[ 2018-06-03T19:13:10+08:00 ] 127.0.0.1 /manager.php/Student/edit/id/208
INFO: [ app_init ] --START--
INFO: Run Behavior\BuildLiteBehavior [ RunTime:0.000061s ]
INFO: [ app_init ] --END-- [ RunTime:0.001457s ]
INFO: [ app_begin ] --START--
INFO: Run Behavior\ReadHtmlCacheBehavior [ RunTime:0.002564s ]
INFO: [ app_begin ] --END-- [ RunTime:0.002922s ]
SQL: SHOW COLUMNS FROM `jt_role` [ RunTime:0.0307s ]
SQL: SELECT * FROM `jt_role` WHERE `id` = 0 LIMIT 1   [ RunTime:0.0005s ]
SQL: SHOW COLUMNS FROM `jt_stu` [ RunTime:0.0294s ]
SQL: SELECT * FROM `jt_stu` WHERE `id` = 208 LIMIT 1   [ RunTime:0.0007s ]
INFO: [ view_parse ] --START--
INFO: [ template_filter ] --START--
INFO: Run Behavior\ContentReplaceBehavior [ RunTime:0.000404s ]
INFO: [ template_filter ] --END-- [ RunTime:0.000723s ]
NOTIC: [8] Undefined index: last_lgdate D:\wamp\www\jmooctest\Application\Runtime\Cache\Admin\ee5939046e0ef9013e6696556073530a.php 第 121 行.
NOTIC: [8] Undefined index: last_ip D:\wamp\www\jmooctest\Application\Runtime\Cache\Admin\ee5939046e0ef9013e6696556073530a.php 第 128 行.
NOTIC: [8] Undefined index: lg_num D:\wamp\www\jmooctest\Application\Runtime\Cache\Admin\ee5939046e0ef9013e6696556073530a.php 第 135 行.
INFO: Run Behavior\ParseTemplateBehavior [ RunTime:0.028330s ]
INFO: [ view_parse ] --END-- [ RunTime:0.028622s ]
INFO: [ view_filter ] --START--
INFO: Run Behavior\WriteHtmlCacheBehavior [ RunTime:0.001893s ]
INFO: [ view_filter ] --END-- [ RunTime:0.002305s ]
INFO: [ app_end ] --START--
INFO: Run Behavior\ShowPageTraceBehavior [ RunTime:0.002933s ]
INFO: [ app_end ] --END-- [ RunTime:0.003327s ]

[ 2018-06-03T19:13:12+08:00 ] 127.0.0.1 /manager.php/Student/showlist.html
INFO: [ app_init ] --START--
INFO: Run Behavior\BuildLiteBehavior [ RunTime:0.000058s ]
INFO: [ app_init ] --END-- [ RunTime:0.000951s ]
INFO: [ app_begin ] --START--
INFO: Run Behavior\ReadHtmlCacheBehavior [ RunTime:0.002111s ]
INFO: [ app_begin ] --END-- [ RunTime:0.002544s ]
SQL: SHOW COLUMNS FROM `jt_role` [ RunTime:0.0274s ]
SQL: SELECT * FROM `jt_role` WHERE `id` = 0 LIMIT 1   [ RunTime:0.0005s ]
NOTIC: [8] Undefined index: p D:\wamp\www\jmooctest\Application\Common\Common\function.php 第 6 行.
SQL: SHOW COLUMNS FROM `jt_stu` [ RunTime:0.0269s ]
SQL: SELECT * FROM `jt_stu` ORDER BY id desc  [ RunTime:0.0028s ]
INFO: [ view_parse ] --START--
INFO: [ template_filter ] --START--
INFO: Run Behavior\ContentReplaceBehavior [ RunTime:0.000362s ]
INFO: [ template_filter ] --END-- [ RunTime:0.000636s ]
INFO: Run Behavior\ParseTemplateBehavior [ RunTime:0.026204s ]
INFO: [ view_parse ] --END-- [ RunTime:0.026528s ]
INFO: [ view_filter ] --START--
INFO: Run Behavior\WriteHtmlCacheBehavior [ RunTime:0.001571s ]
INFO: [ view_filter ] --END-- [ RunTime:0.001784s ]
INFO: [ app_end ] --START--
INFO: Run Behavior\ShowPageTraceBehavior [ RunTime:0.001999s ]
INFO: [ app_end ] --END-- [ RunTime:0.002499s ]

[ 2018-06-03T19:13:15+08:00 ] 127.0.0.1 /manager.php/Student/edit/id/208
INFO: [ app_init ] --START--
INFO: Run Behavior\BuildLiteBehavior [ RunTime:0.000051s ]
INFO: [ app_init ] --END-- [ RunTime:0.000913s ]
INFO: [ app_begin ] --START--
INFO: Run Behavior\ReadHtmlCacheBehavior [ RunTime:0.001564s ]
INFO: [ app_begin ] --END-- [ RunTime:0.001769s ]
SQL: SHOW COLUMNS FROM `jt_role` [ RunTime:0.0301s ]
SQL: SELECT * FROM `jt_role` WHERE `id` = 0 LIMIT 1   [ RunTime:0.0006s ]
SQL: SHOW COLUMNS FROM `jt_stu` [ RunTime:0.0252s ]
SQL: SELECT * FROM `jt_stu` WHERE `id` = 208 LIMIT 1   [ RunTime:0.0009s ]
INFO: [ view_parse ] --START--
INFO: [ template_filter ] --START--
INFO: Run Behavior\ContentReplaceBehavior [ RunTime:0.000350s ]
INFO: [ template_filter ] --END-- [ RunTime:0.000619s ]
NOTIC: [8] Undefined index: last_lgdate D:\wamp\www\jmooctest\Application\Runtime\Cache\Admin\ee5939046e0ef9013e6696556073530a.php 第 121 行.
NOTIC: [8] Undefined index: last_ip D:\wamp\www\jmooctest\Application\Runtime\Cache\Admin\ee5939046e0ef9013e6696556073530a.php 第 128 行.
NOTIC: [8] Undefined index: lg_num D:\wamp\www\jmooctest\Application\Runtime\Cache\Admin\ee5939046e0ef9013e6696556073530a.php 第 135 行.
INFO: Run Behavior\ParseTemplateBehavior [ RunTime:0.026689s ]
INFO: [ view_parse ] --END-- [ RunTime:0.026946s ]
INFO: [ view_filter ] --START--
INFO: Run Behavior\WriteHtmlCacheBehavior [ RunTime:0.001285s ]
INFO: [ view_filter ] --END-- [ RunTime:0.001501s ]
INFO: [ app_end ] --START--
INFO: Run Behavior\ShowPageTraceBehavior [ RunTime:0.001875s ]
INFO: [ app_end ] --END-- [ RunTime:0.002178s ]

[ 2018-06-03T19:14:48+08:00 ] 127.0.0.1 /manager.php/Student/edit/id/208
INFO: [ app_init ] --START--
INFO: Run Behavior\BuildLiteBehavior [ RunTime:0.000048s ]
INFO: [ app_init ] --END-- [ RunTime:0.000849s ]
INFO: [ app_begin ] --START--
INFO: Run Behavior\ReadHtmlCacheBehavior [ RunTime:0.001600s ]
INFO: [ app_begin ] --END-- [ RunTime:0.001842s ]
SQL: SHOW COLUMNS FROM `jt_role` [ RunTime:0.0357s ]
SQL: SELECT * FROM `jt_role` WHERE `id` = 0 LIMIT 1   [ RunTime:0.0006s ]
SQL: SHOW COLUMNS FROM `jt_stu` [ RunTime:0.0263s ]
SQL: SELECT * FROM `jt_stu` WHERE `id` = 208 LIMIT 1   [ RunTime:0.0005s ]
SQL: select count(*) as num from jt_stu_log group by sid having sid=208 [ RunTime:0.0005s ]
SQL: select max(lgdate) as mdate  from jt_stu_log where sid=208 [ RunTime:0.0003s ]
SQL: select max(lgdate) as sdate  from jt_stu_log where sid=208 and lgdate<1528008755 [ RunTime:0.0002s ]
SQL: SHOW COLUMNS FROM `jt_stu_log` [ RunTime:0.0257s ]
SQL: SELECT * FROM `jt_stu_log` WHERE ( sid=208 and lgdate=1528008728 ) LIMIT 1   [ RunTime:0.0005s ]
INFO: [ view_parse ] --START--
INFO: [ template_filter ] --START--
INFO: Run Behavior\ContentReplaceBehavior [ RunTime:0.000305s ]
INFO: [ template_filter ] --END-- [ RunTime:0.000552s ]
NOTIC: [8] Undefined index: last_lgdate D:\wamp\www\jmooctest\Application\Runtime\Cache\Admin\ee5939046e0ef9013e6696556073530a.php 第 121 行.
NOTIC: [8] Undefined index: last_ip D:\wamp\www\jmooctest\Application\Runtime\Cache\Admin\ee5939046e0ef9013e6696556073530a.php 第 128 行.
NOTIC: [8] Undefined index: lg_num D:\wamp\www\jmooctest\Application\Runtime\Cache\Admin\ee5939046e0ef9013e6696556073530a.php 第 135 行.
INFO: Run Behavior\ParseTemplateBehavior [ RunTime:0.022690s ]
INFO: [ view_parse ] --END-- [ RunTime:0.022995s ]
INFO: [ view_filter ] --START--
INFO: Run Behavior\WriteHtmlCacheBehavior [ RunTime:0.001418s ]
INFO: [ view_filter ] --END-- [ RunTime:0.001640s ]
INFO: [ app_end ] --START--
INFO: Run Behavior\ShowPageTraceBehavior [ RunTime:0.002196s ]
INFO: [ app_end ] --END-- [ RunTime:0.002539s ]

[ 2018-06-03T19:16:20+08:00 ] 127.0.0.1 /manager.php/Student/edit/id/208
INFO: [ app_init ] --START--
INFO: Run Behavior\BuildLiteBehavior [ RunTime:0.000051s ]
INFO: [ app_init ] --END-- [ RunTime:0.000885s ]
INFO: [ app_begin ] --START--
INFO: Run Behavior\ReadHtmlCacheBehavior [ RunTime:0.001998s ]
INFO: [ app_begin ] --END-- [ RunTime:0.002450s ]
SQL: SHOW COLUMNS FROM `jt_role` [ RunTime:0.0363s ]
SQL: SELECT * FROM `jt_role` WHERE `id` = 0 LIMIT 1   [ RunTime:0.0006s ]
SQL: SHOW COLUMNS FROM `jt_stu` [ RunTime:0.0254s ]
SQL: SELECT * FROM `jt_stu` WHERE `id` = 208 LIMIT 1   [ RunTime:0.0006s ]
SQL: select count(*) as num from jt_stu_log group by sid having sid=208 [ RunTime:0.0004s ]
SQL: select max(lgdate) as mdate  from jt_stu_log where sid=208 [ RunTime:0.0003s ]
SQL: select max(lgdate) as sdate  from jt_stu_log where sid=208 and lgdate<1528008755 [ RunTime:0.0002s ]
SQL: SHOW COLUMNS FROM `jt_stu_log` [ RunTime:0.0264s ]
SQL: SELECT * FROM `jt_stu_log` WHERE ( sid=208 and lgdate=1528008728 ) LIMIT 1   [ RunTime:0.0006s ]
INFO: [ view_parse ] --START--
INFO: [ template_filter ] --START--
INFO: Run Behavior\ContentReplaceBehavior [ RunTime:0.000307s ]
INFO: [ template_filter ] --END-- [ RunTime:0.000570s ]
INFO: Run Behavior\ParseTemplateBehavior [ RunTime:0.021727s ]
INFO: [ view_parse ] --END-- [ RunTime:0.021987s ]
INFO: [ view_filter ] --START--
INFO: Run Behavior\WriteHtmlCacheBehavior [ RunTime:0.001618s ]
INFO: [ view_filter ] --END-- [ RunTime:0.001847s ]
INFO: [ app_end ] --START--
INFO: Run Behavior\ShowPageTraceBehavior [ RunTime:0.002198s ]
INFO: [ app_end ] --END-- [ RunTime:0.002457s ]

[ 2018-06-03T19:16:55+08:00 ] 127.0.0.1 /manager.php/Student/edit/id/208
INFO: [ app_init ] --START--
INFO: Run Behavior\BuildLiteBehavior [ RunTime:0.000049s ]
INFO: [ app_init ] --END-- [ RunTime:0.000874s ]
INFO: [ app_begin ] --START--
INFO: Run Behavior\ReadHtmlCacheBehavior [ RunTime:0.001769s ]
INFO: [ app_begin ] --END-- [ RunTime:0.002012s ]
SQL: SHOW COLUMNS FROM `jt_role` [ RunTime:0.0399s ]
SQL: SELECT * FROM `jt_role` WHERE `id` = 0 LIMIT 1   [ RunTime:0.0006s ]
SQL: SHOW COLUMNS FROM `jt_stu` [ RunTime:0.0243s ]
SQL: SELECT * FROM `jt_stu` WHERE `id` = 208 LIMIT 1   [ RunTime:0.0006s ]
SQL: select count(*) as num from jt_stu_log group by sid having sid=208 [ RunTime:0.0006s ]
SQL: select max(lgdate) as mdate  from jt_stu_log where sid=208 [ RunTime:0.0003s ]
SQL: select max(lgdate) as sdate  from jt_stu_log where sid=208 and lgdate<1528024610 [ RunTime:0.0002s ]
SQL: SHOW COLUMNS FROM `jt_stu_log` [ RunTime:0.0260s ]
SQL: SELECT * FROM `jt_stu_log` WHERE ( sid=208 and lgdate=1528008755 ) LIMIT 1   [ RunTime:0.0005s ]
INFO: [ view_parse ] --START--
INFO: [ template_filter ] --START--
INFO: Run Behavior\ContentReplaceBehavior [ RunTime:0.000307s ]
INFO: [ template_filter ] --END-- [ RunTime:0.000628s ]
INFO: Run Behavior\ParseTemplateBehavior [ RunTime:0.021649s ]
INFO: [ view_parse ] --END-- [ RunTime:0.021924s ]
INFO: [ view_filter ] --START--
INFO: Run Behavior\WriteHtmlCacheBehavior [ RunTime:0.001281s ]
INFO: [ view_filter ] --END-- [ RunTime:0.001500s ]
INFO: [ app_end ] --START--
INFO: Run Behavior\ShowPageTraceBehavior [ RunTime:0.002245s ]
INFO: [ app_end ] --END-- [ RunTime:0.002519s ]

[ 2018-06-03T19:17:08+08:00 ] 127.0.0.1 /manager.php/Student/edit/id/208
INFO: [ app_init ] --START--
INFO: Run Behavior\BuildLiteBehavior [ RunTime:0.000059s ]
INFO: [ app_init ] --END-- [ RunTime:0.001553s ]
INFO: [ app_begin ] --START--
INFO: Run Behavior\ReadHtmlCacheBehavior [ RunTime:0.001524s ]
INFO: [ app_begin ] --END-- [ RunTime:0.001750s ]
SQL: SHOW COLUMNS FROM `jt_role` [ RunTime:0.0297s ]
SQL: SELECT * FROM `jt_role` WHERE `id` = 0 LIMIT 1   [ RunTime:0.0005s ]
SQL: SHOW COLUMNS FROM `jt_stu` [ RunTime:0.0282s ]
SQL: SELECT * FROM `jt_stu` WHERE `id` = 208 LIMIT 1   [ RunTime:0.0005s ]
SQL: select count(*) as num from jt_stu_log group by sid having sid=208 [ RunTime:0.0002s ]
SQL: select max(lgdate) as mdate  from jt_stu_log where sid=208 [ RunTime:0.0002s ]
SQL: select max(lgdate) as sdate  from jt_stu_log where sid=208 and lgdate<1528024610 [ RunTime:0.0007s ]
SQL: SHOW COLUMNS FROM `jt_stu_log` [ RunTime:0.0272s ]
SQL: SELECT * FROM `jt_stu_log` WHERE ( sid=208 and lgdate=1528008755 ) LIMIT 1   [ RunTime:0.0006s ]
INFO: [ view_parse ] --START--
INFO: [ template_filter ] --START--
INFO: Run Behavior\ContentReplaceBehavior [ RunTime:0.000315s ]
INFO: [ template_filter ] --END-- [ RunTime:0.000548s ]
INFO: Run Behavior\ParseTemplateBehavior [ RunTime:0.021546s ]
INFO: [ view_parse ] --END-- [ RunTime:0.021806s ]
INFO: [ view_filter ] --START--
INFO: Run Behavior\WriteHtmlCacheBehavior [ RunTime:0.001388s ]
INFO: [ view_filter ] --END-- [ RunTime:0.001611s ]
INFO: [ app_end ] --START--
INFO: Run Behavior\ShowPageTraceBehavior [ RunTime:0.002629s ]
INFO: [ app_end ] --END-- [ RunTime:0.002902s ]

[ 2018-06-03T19:18:25+08:00 ] 127.0.0.1 /manager.php/Student/edit/id/208
INFO: [ app_init ] --START--
INFO: Run Behavior\BuildLiteBehavior [ RunTime:0.000049s ]
INFO: [ app_init ] --END-- [ RunTime:0.000884s ]
INFO: [ app_begin ] --START--
INFO: Run Behavior\ReadHtmlCacheBehavior [ RunTime:0.001459s ]
INFO: [ app_begin ] --END-- [ RunTime:0.001701s ]
SQL: SHOW COLUMNS FROM `jt_role` [ RunTime:0.0241s ]
SQL: SELECT * FROM `jt_role` WHERE `id` = 0 LIMIT 1   [ RunTime:0.0005s ]
SQL: SHOW COLUMNS FROM `jt_stu` [ RunTime:0.0249s ]
SQL: SELECT * FROM `jt_stu` WHERE `id` = 208 LIMIT 1   [ RunTime:0.0008s ]
SQL: select count(*) as num from jt_stu_log group by sid having sid=208 [ RunTime:0.0004s ]
SQL: select max(lgdate) as mdate  from jt_stu_log where sid=208 [ RunTime:0.0003s ]
SQL: select max(lgdate) as sdate  from jt_stu_log where sid=208 and lgdate<1528024610 [ RunTime:0.0002s ]
SQL: SHOW COLUMNS FROM `jt_stu_log` [ RunTime:0.0266s ]
SQL: SELECT * FROM `jt_stu_log` WHERE ( sid=208 and lgdate=1528008755 ) LIMIT 1   [ RunTime:0.0006s ]
INFO: [ view_parse ] --START--
INFO: [ template_filter ] --START--
INFO: Run Behavior\ContentReplaceBehavior [ RunTime:0.000338s ]
INFO: [ template_filter ] --END-- [ RunTime:0.000599s ]
INFO: Run Behavior\ParseTemplateBehavior [ RunTime:0.022421s ]
INFO: [ view_parse ] --END-- [ RunTime:0.022757s ]
INFO: [ view_filter ] --START--
INFO: Run Behavior\WriteHtmlCacheBehavior [ RunTime:0.001690s ]
INFO: [ view_filter ] --END-- [ RunTime:0.001959s ]
INFO: [ app_end ] --START--
INFO: Run Behavior\ShowPageTraceBehavior [ RunTime:0.002506s ]
INFO: [ app_end ] --END-- [ RunTime:0.002807s ]

[ 2018-06-03T19:19:11+08:00 ] 127.0.0.1 /manager.php/Student/edit/id/208
INFO: [ app_init ] --START--
INFO: Run Behavior\BuildLiteBehavior [ RunTime:0.000070s ]
INFO: [ app_init ] --END-- [ RunTime:0.000893s ]
INFO: [ app_begin ] --START--
INFO: Run Behavior\ReadHtmlCacheBehavior [ RunTime:0.001787s ]
INFO: [ app_begin ] --END-- [ RunTime:0.002034s ]
SQL: SHOW COLUMNS FROM `jt_role` [ RunTime:0.0261s ]
SQL: SELECT * FROM `jt_role` WHERE `id` = 0 LIMIT 1   [ RunTime:0.0005s ]
SQL: SHOW COLUMNS FROM `jt_stu` [ RunTime:0.0248s ]
SQL: SELECT * FROM `jt_stu` WHERE `id` = 208 LIMIT 1   [ RunTime:0.0006s ]
SQL: select count(*) as num from jt_stu_log group by sid having sid=208 [ RunTime:0.0003s ]
SQL: select max(lgdate) as mdate  from jt_stu_log where sid=208 [ RunTime:0.0002s ]
SQL: select max(lgdate) as sdate  from jt_stu_log where sid=208 and lgdate<1528024610 [ RunTime:0.0003s ]
SQL: SHOW COLUMNS FROM `jt_stu_log` [ RunTime:0.0250s ]
SQL: SELECT * FROM `jt_stu_log` WHERE ( sid=208 and lgdate=1528008755 ) LIMIT 1   [ RunTime:0.0007s ]
INFO: [ view_parse ] --START--
INFO: [ template_filter ] --START--
INFO: Run Behavior\ContentReplaceBehavior [ RunTime:0.000304s ]
INFO: [ template_filter ] --END-- [ RunTime:0.000556s ]
INFO: Run Behavior\ParseTemplateBehavior [ RunTime:0.019793s ]
INFO: [ view_parse ] --END-- [ RunTime:0.020058s ]
INFO: [ view_filter ] --START--
INFO: Run Behavior\WriteHtmlCacheBehavior [ RunTime:0.001424s ]
INFO: [ view_filter ] --END-- [ RunTime:0.001641s ]
INFO: [ app_end ] --START--
INFO: Run Behavior\ShowPageTraceBehavior [ RunTime:0.001849s ]
INFO: [ app_end ] --END-- [ RunTime:0.002105s ]

[ 2018-06-03T19:19:36+08:00 ] 127.0.0.1 /manager.php/Student/edit/id/208
INFO: [ app_init ] --START--
INFO: Run Behavior\BuildLiteBehavior [ RunTime:0.000053s ]
INFO: [ app_init ] --END-- [ RunTime:0.000984s ]
INFO: [ app_begin ] --START--
INFO: Run Behavior\ReadHtmlCacheBehavior [ RunTime:0.001677s ]
INFO: [ app_begin ] --END-- [ RunTime:0.001919s ]
SQL: SHOW COLUMNS FROM `jt_role` [ RunTime:0.0272s ]
SQL: SELECT * FROM `jt_role` WHERE `id` = 0 LIMIT 1   [ RunTime:0.0005s ]
SQL: SHOW COLUMNS FROM `jt_stu` [ RunTime:0.0272s ]
SQL: SELECT * FROM `jt_stu` WHERE `id` = 208 LIMIT 1   [ RunTime:0.0006s ]
SQL: select count(*) as num from jt_stu_log group by sid having sid=208 [ RunTime:0.0006s ]
SQL: select max(lgdate) as mdate  from jt_stu_log where sid=208 [ RunTime:0.0006s ]
SQL: select max(lgdate) as sdate  from jt_stu_log where sid=208 and lgdate<1528024771 [ RunTime:0.0003s ]
SQL: SHOW COLUMNS FROM `jt_stu_log` [ RunTime:0.0268s ]
SQL: SELECT * FROM `jt_stu_log` WHERE ( sid=208 and lgdate=1528024610 ) LIMIT 1   [ RunTime:0.0006s ]
INFO: [ view_parse ] --START--
INFO: [ template_filter ] --START--
INFO: Run Behavior\ContentReplaceBehavior [ RunTime:0.000302s ]
INFO: [ template_filter ] --END-- [ RunTime:0.000547s ]
INFO: Run Behavior\ParseTemplateBehavior [ RunTime:0.021720s ]
INFO: [ view_parse ] --END-- [ RunTime:0.022020s ]
INFO: [ view_filter ] --START--
INFO: Run Behavior\WriteHtmlCacheBehavior [ RunTime:0.001650s ]
INFO: [ view_filter ] --END-- [ RunTime:0.001904s ]
INFO: [ app_end ] --START--
INFO: Run Behavior\ShowPageTraceBehavior [ RunTime:0.002676s ]
INFO: [ app_end ] --END-- [ RunTime:0.002978s ]

[ 2018-06-03T19:20:12+08:00 ] 127.0.0.1 /manager.php/Student/edit/id/208
INFO: [ app_init ] --START--
INFO: Run Behavior\BuildLiteBehavior [ RunTime:0.000055s ]
INFO: [ app_init ] --END-- [ RunTime:0.000912s ]
INFO: [ app_begin ] --START--
INFO: Run Behavior\ReadHtmlCacheBehavior [ RunTime:0.001636s ]
INFO: [ app_begin ] --END-- [ RunTime:0.001915s ]
SQL: SHOW COLUMNS FROM `jt_role` [ RunTime:0.0309s ]
SQL: SELECT * FROM `jt_role` WHERE `id` = 0 LIMIT 1   [ RunTime:0.0005s ]
SQL: SHOW COLUMNS FROM `jt_stu` [ RunTime:0.0272s ]
SQL: SELECT * FROM `jt_stu` WHERE `id` = 208 LIMIT 1   [ RunTime:0.0007s ]
SQL: select count(*) as num from jt_stu_log group by sid having sid=208 [ RunTime:0.0007s ]
SQL: select max(lgdate) as mdate  from jt_stu_log where sid=208 [ RunTime:0.0003s ]
SQL: select max(lgdate) as sdate  from jt_stu_log where sid=208 and lgdate<1528024807 [ RunTime:0.0004s ]
SQL: SHOW COLUMNS FROM `jt_stu_log` [ RunTime:0.0262s ]
SQL: SELECT * FROM `jt_stu_log` WHERE ( sid=208 and lgdate=1528024771 ) LIMIT 1   [ RunTime:0.0007s ]
INFO: [ view_parse ] --START--
INFO: [ template_filter ] --START--
INFO: Run Behavior\ContentReplaceBehavior [ RunTime:0.000311s ]
INFO: [ template_filter ] --END-- [ RunTime:0.000555s ]
INFO: Run Behavior\ParseTemplateBehavior [ RunTime:0.024797s ]
INFO: [ view_parse ] --END-- [ RunTime:0.025088s ]
INFO: [ view_filter ] --START--
INFO: Run Behavior\WriteHtmlCacheBehavior [ RunTime:0.001848s ]
INFO: [ view_filter ] --END-- [ RunTime:0.002081s ]
INFO: [ app_end ] --START--
INFO: Run Behavior\ShowPageTraceBehavior [ RunTime:0.002369s ]
INFO: [ app_end ] --END-- [ RunTime:0.002679s ]

[ 2018-06-03T19:20:24+08:00 ] 127.0.0.1 /manager.php/Student/showlist.html
INFO: [ app_init ] --START--
INFO: Run Behavior\BuildLiteBehavior [ RunTime:0.000044s ]
INFO: [ app_init ] --END-- [ RunTime:0.000802s ]
INFO: [ app_begin ] --START--
INFO: Run Behavior\ReadHtmlCacheBehavior [ RunTime:0.001514s ]
INFO: [ app_begin ] --END-- [ RunTime:0.001736s ]
SQL: SHOW COLUMNS FROM `jt_role` [ RunTime:0.0261s ]
SQL: SELECT * FROM `jt_role` WHERE `id` = 0 LIMIT 1   [ RunTime:0.0006s ]
NOTIC: [8] Undefined index: p D:\wamp\www\jmooctest\Application\Common\Common\function.php 第 6 行.
SQL: SHOW COLUMNS FROM `jt_stu` [ RunTime:0.0197s ]
SQL: SELECT * FROM `jt_stu` ORDER BY id desc  [ RunTime:0.0029s ]
INFO: [ view_parse ] --START--
INFO: [ template_filter ] --START--
INFO: Run Behavior\ContentReplaceBehavior [ RunTime:0.000330s ]
INFO: [ template_filter ] --END-- [ RunTime:0.000580s ]
INFO: Run Behavior\ParseTemplateBehavior [ RunTime:0.026118s ]
INFO: [ view_parse ] --END-- [ RunTime:0.026406s ]
INFO: [ view_filter ] --START--
INFO: Run Behavior\WriteHtmlCacheBehavior [ RunTime:0.001674s ]
INFO: [ view_filter ] --END-- [ RunTime:0.001903s ]
INFO: [ app_end ] --START--
INFO: Run Behavior\ShowPageTraceBehavior [ RunTime:0.003987s ]
INFO: [ app_end ] --END-- [ RunTime:0.004391s ]

[ 2018-06-03T19:20:27+08:00 ] 127.0.0.1 /manager.php/Student/edit/id/208
INFO: [ app_init ] --START--
INFO: Run Behavior\BuildLiteBehavior [ RunTime:0.000092s ]
INFO: [ app_init ] --END-- [ RunTime:0.001559s ]
INFO: [ app_begin ] --START--
INFO: Run Behavior\ReadHtmlCacheBehavior [ RunTime:0.001915s ]
INFO: [ app_begin ] --END-- [ RunTime:0.002199s ]
SQL: SHOW COLUMNS FROM `jt_role` [ RunTime:0.0227s ]
SQL: SELECT * FROM `jt_role` WHERE `id` = 0 LIMIT 1   [ RunTime:0.0005s ]
SQL: SHOW COLUMNS FROM `jt_stu` [ RunTime:0.0230s ]
SQL: SELECT * FROM `jt_stu` WHERE `id` = 208 LIMIT 1   [ RunTime:0.0007s ]
SQL: select count(*) as num from jt_stu_log group by sid having sid=208 [ RunTime:0.0007s ]
SQL: select max(lgdate) as mdate  from jt_stu_log where sid=208 [ RunTime:0.0004s ]
SQL: select max(lgdate) as sdate  from jt_stu_log where sid=208 and lgdate<1528024807 [ RunTime:0.0002s ]
SQL: SHOW COLUMNS FROM `jt_stu_log` [ RunTime:0.0219s ]
SQL: SELECT * FROM `jt_stu_log` WHERE ( sid=208 and lgdate=1528024771 ) LIMIT 1   [ RunTime:0.0005s ]
INFO: [ view_parse ] --START--
INFO: [ template_filter ] --START--
INFO: Run Behavior\ContentReplaceBehavior [ RunTime:0.000394s ]
INFO: [ template_filter ] --END-- [ RunTime:0.000689s ]
INFO: Run Behavior\ParseTemplateBehavior [ RunTime:0.022734s ]
INFO: [ view_parse ] --END-- [ RunTime:0.023039s ]
INFO: [ view_filter ] --START--
INFO: Run Behavior\WriteHtmlCacheBehavior [ RunTime:0.001577s ]
INFO: [ view_filter ] --END-- [ RunTime:0.001834s ]
INFO: [ app_end ] --START--
INFO: Run Behavior\ShowPageTraceBehavior [ RunTime:0.003014s ]
INFO: [ app_end ] --END-- [ RunTime:0.003365s ]

[ 2018-06-03T19:20:45+08:00 ] 127.0.0.1 /manager.php/Student/showlist.html
INFO: [ app_init ] --START--
INFO: Run Behavior\BuildLiteBehavior [ RunTime:0.000053s ]
INFO: [ app_init ] --END-- [ RunTime:0.000886s ]
INFO: [ app_begin ] --START--
INFO: Run Behavior\ReadHtmlCacheBehavior [ RunTime:0.001640s ]
INFO: [ app_begin ] --END-- [ RunTime:0.001883s ]
SQL: SHOW COLUMNS FROM `jt_role` [ RunTime:0.0264s ]
SQL: SELECT * FROM `jt_role` WHERE `id` = 0 LIMIT 1   [ RunTime:0.0005s ]
NOTIC: [8] Undefined index: p D:\wamp\www\jmooctest\Application\Common\Common\function.php 第 6 行.
SQL: SHOW COLUMNS FROM `jt_stu` [ RunTime:0.0212s ]
SQL: SELECT * FROM `jt_stu` ORDER BY id desc  [ RunTime:0.0028s ]
INFO: [ view_parse ] --START--
INFO: [ template_filter ] --START--
INFO: Run Behavior\ContentReplaceBehavior [ RunTime:0.000340s ]
INFO: [ template_filter ] --END-- [ RunTime:0.000567s ]
INFO: Run Behavior\ParseTemplateBehavior [ RunTime:0.025030s ]
INFO: [ view_parse ] --END-- [ RunTime:0.025315s ]
INFO: [ view_filter ] --START--
INFO: Run Behavior\WriteHtmlCacheBehavior [ RunTime:0.001915s ]
INFO: [ view_filter ] --END-- [ RunTime:0.002149s ]
INFO: [ app_end ] --START--
INFO: Run Behavior\ShowPageTraceBehavior [ RunTime:0.003580s ]
INFO: [ app_end ] --END-- [ RunTime:0.004197s ]

[ 2018-06-03T19:21:03+08:00 ] 127.0.0.1 /manager.php/Paper/showlist.html
INFO: [ app_init ] --START--
INFO: Run Behavior\BuildLiteBehavior [ RunTime:0.000062s ]
INFO: [ app_init ] --END-- [ RunTime:0.001078s ]
INFO: [ app_begin ] --START--
INFO: Run Behavior\ReadHtmlCacheBehavior [ RunTime:0.001464s ]
INFO: [ app_begin ] --END-- [ RunTime:0.001756s ]
SQL: SHOW COLUMNS FROM `jt_role` [ RunTime:0.0340s ]
SQL: SELECT * FROM `jt_role` WHERE `id` = 0 LIMIT 1   [ RunTime:0.0004s ]
SQL: SHOW COLUMNS FROM `jt_paper_basic` [ RunTime:0.0223s ]
SQL: SELECT * FROM `jt_paper_basic`  [ RunTime:0.0005s ]
SQL: SHOW COLUMNS FROM `jt_course` [ RunTime:0.0219s ]
SQL: SHOW COLUMNS FROM `jt_user` [ RunTime:0.0209s ]
SQL: SELECT `name` FROM `jt_course` WHERE `id` = 155 LIMIT 1   [ RunTime:0.0005s ]
SQL: SELECT `name` FROM `jt_user` WHERE `id` = 31 LIMIT 1   [ RunTime:0.0003s ]
SQL: SELECT `name` FROM `jt_course` WHERE `id` = 156 LIMIT 1   [ RunTime:0.0002s ]
SQL: SELECT `name` FROM `jt_user` WHERE `id` = 31 LIMIT 1   [ RunTime:0.0002s ]
SQL: SELECT `name` FROM `jt_course` WHERE `id` = 149 LIMIT 1   [ RunTime:0.0005s ]
SQL: SELECT `name` FROM `jt_user` WHERE `id` = 31 LIMIT 1   [ RunTime:0.0003s ]
SQL: SELECT `name` FROM `jt_course` WHERE `id` = 147 LIMIT 1   [ RunTime:0.0002s ]
SQL: SELECT `name` FROM `jt_user` WHERE `id` = 32 LIMIT 1   [ RunTime:0.0002s ]
INFO: [ view_parse ] --START--
INFO: [ template_filter ] --START--
INFO: Run Behavior\ContentReplaceBehavior [ RunTime:0.000290s ]
INFO: [ template_filter ] --END-- [ RunTime:0.000543s ]
INFO: Run Behavior\ParseTemplateBehavior [ RunTime:0.016388s ]
INFO: [ view_parse ] --END-- [ RunTime:0.016695s ]
INFO: [ view_filter ] --START--
INFO: Run Behavior\WriteHtmlCacheBehavior [ RunTime:0.001372s ]
INFO: [ view_filter ] --END-- [ RunTime:0.001592s ]
INFO: [ app_end ] --START--
INFO: Run Behavior\ShowPageTraceBehavior [ RunTime:0.001631s ]
INFO: [ app_end ] --END-- [ RunTime:0.001855s ]

[ 2018-06-03T19:21:04+08:00 ] 127.0.0.1 /manager.php/Paper/showlist.html?sort=id&order=desc&limit=20&offset=0&_=1528024863944
INFO: [ app_init ] --START--
INFO: Run Behavior\BuildLiteBehavior [ RunTime:0.000057s ]
INFO: [ app_init ] --END-- [ RunTime:0.001103s ]
INFO: [ app_begin ] --START--
INFO: Run Behavior\ReadHtmlCacheBehavior [ RunTime:0.001728s ]
INFO: [ app_begin ] --END-- [ RunTime:0.001981s ]
SQL: SHOW COLUMNS FROM `jt_role` [ RunTime:0.0341s ]
SQL: SELECT * FROM `jt_role` WHERE `id` = 0 LIMIT 1   [ RunTime:0.0004s ]
SQL: SHOW COLUMNS FROM `jt_paper_basic` [ RunTime:0.0241s ]
SQL: SELECT * FROM `jt_paper_basic`  [ RunTime:0.0006s ]
SQL: SHOW COLUMNS FROM `jt_course` [ RunTime:0.0222s ]
SQL: SHOW COLUMNS FROM `jt_user` [ RunTime:0.0233s ]
SQL: SELECT `name` FROM `jt_course` WHERE `id` = 155 LIMIT 1   [ RunTime:0.0005s ]
SQL: SELECT `name` FROM `jt_user` WHERE `id` = 31 LIMIT 1   [ RunTime:0.0003s ]
SQL: SELECT `name` FROM `jt_course` WHERE `id` = 156 LIMIT 1   [ RunTime:0.0006s ]
SQL: SELECT `name` FROM `jt_user` WHERE `id` = 31 LIMIT 1   [ RunTime:0.0003s ]
SQL: SELECT `name` FROM `jt_course` WHERE `id` = 149 LIMIT 1   [ RunTime:0.0004s ]
SQL: SELECT `name` FROM `jt_user` WHERE `id` = 31 LIMIT 1   [ RunTime:0.0004s ]
SQL: SELECT `name` FROM `jt_course` WHERE `id` = 147 LIMIT 1   [ RunTime:0.0006s ]
SQL: SELECT `name` FROM `jt_user` WHERE `id` = 32 LIMIT 1   [ RunTime:0.0002s ]

[ 2018-06-03T19:27:43+08:00 ] 127.0.0.1 /manager.php/Student/showlist.html
INFO: [ app_init ] --START--
INFO: Run Behavior\BuildLiteBehavior [ RunTime:0.000052s ]
INFO: [ app_init ] --END-- [ RunTime:0.000984s ]
INFO: [ app_begin ] --START--
INFO: Run Behavior\ReadHtmlCacheBehavior [ RunTime:0.002373s ]
INFO: [ app_begin ] --END-- [ RunTime:0.002705s ]
SQL: SHOW COLUMNS FROM `jt_role` [ RunTime:0.0246s ]
SQL: SELECT * FROM `jt_role` WHERE `id` = 0 LIMIT 1   [ RunTime:0.0005s ]
NOTIC: [8] Undefined index: p D:\wamp\www\jmooctest\Application\Common\Common\function.php 第 6 行.
SQL: SHOW COLUMNS FROM `jt_stu` [ RunTime:0.0243s ]
SQL: SELECT * FROM `jt_stu` ORDER BY id desc  [ RunTime:0.0029s ]
INFO: [ view_parse ] --START--
INFO: [ template_filter ] --START--
INFO: Run Behavior\ContentReplaceBehavior [ RunTime:0.000352s ]
INFO: [ template_filter ] --END-- [ RunTime:0.000617s ]
INFO: Run Behavior\ParseTemplateBehavior [ RunTime:0.029783s ]
INFO: [ view_parse ] --END-- [ RunTime:0.030085s ]
INFO: [ view_filter ] --START--
INFO: Run Behavior\WriteHtmlCacheBehavior [ RunTime:0.001663s ]
INFO: [ view_filter ] --END-- [ RunTime:0.001914s ]
INFO: [ app_end ] --START--
INFO: Run Behavior\ShowPageTraceBehavior [ RunTime:0.004471s ]
INFO: [ app_end ] --END-- [ RunTime:0.004830s ]

[ 2018-06-03T19:33:52+08:00 ] 127.0.0.1 /manager.php/Public/login
INFO: [ app_init ] --START--
INFO: Run Behavior\BuildLiteBehavior [ RunTime:0.000069s ]
INFO: [ app_init ] --END-- [ RunTime:0.001853s ]
INFO: [ app_begin ] --START--
INFO: Run Behavior\ReadHtmlCacheBehavior [ RunTime:0.001677s ]
INFO: [ app_begin ] --END-- [ RunTime:0.001975s ]
INFO: [ view_parse ] --START--
INFO: [ template_filter ] --START--
INFO: Run Behavior\ContentReplaceBehavior [ RunTime:0.000270s ]
INFO: [ template_filter ] --END-- [ RunTime:0.000568s ]
INFO: Run Behavior\ParseTemplateBehavior [ RunTime:0.018017s ]
INFO: [ view_parse ] --END-- [ RunTime:0.018288s ]
INFO: [ view_filter ] --START--
INFO: Run Behavior\WriteHtmlCacheBehavior [ RunTime:0.002340s ]
INFO: [ view_filter ] --END-- [ RunTime:0.002672s ]
INFO: [ app_end ] --START--
INFO: Run Behavior\ShowPageTraceBehavior [ RunTime:0.002176s ]
INFO: [ app_end ] --END-- [ RunTime:0.002624s ]

[ 2018-06-03T19:33:53+08:00 ] 127.0.0.1 /manager.php/Public/verifyImg
INFO: [ app_init ] --START--
INFO: Run Behavior\BuildLiteBehavior [ RunTime:0.000073s ]
INFO: [ app_init ] --END-- [ RunTime:0.001238s ]
INFO: [ app_begin ] --START--
INFO: Run Behavior\ReadHtmlCacheBehavior [ RunTime:0.002260s ]
INFO: [ app_begin ] --END-- [ RunTime:0.002570s ]
INFO: [ app_end ] --START--
INFO: Run Behavior\ShowPageTraceBehavior [ RunTime:0.005639s ]
INFO: [ app_end ] --END-- [ RunTime:0.006070s ]

[ 2018-06-03T19:34:02+08:00 ] 127.0.0.1 /manager.php/Public/login
INFO: [ app_init ] --START--
INFO: Run Behavior\BuildLiteBehavior [ RunTime:0.000054s ]
INFO: [ app_init ] --END-- [ RunTime:0.001024s ]
INFO: [ app_begin ] --START--
INFO: Run Behavior\ReadHtmlCacheBehavior [ RunTime:0.001417s ]
INFO: [ app_begin ] --END-- [ RunTime:0.001598s ]
NOTIC: [8] Use of undefined constant code - assumed 'code' D:\wamp\www\jmooctest\Application\Admin\Controller\PublicController.class.php 第 12 行.
SQL: SHOW COLUMNS FROM `jt_user` [ RunTime:0.0383s ]
SQL: SELECT * FROM `jt_user` WHERE ( email='494025451@qq.com' ) LIMIT 1   [ RunTime:0.0007s ]
NOTIC: [8] Use of undefined constant password - assumed 'password' D:\wamp\www\jmooctest\Application\Admin\Controller\PublicController.class.php 第 14 行.
NOTIC: [8] Use of undefined constant pwd - assumed 'pwd' D:\wamp\www\jmooctest\Application\Admin\Controller\PublicController.class.php 第 14 行.
SQL: UPDATE `jt_user` SET `email`='494025451@qq.com',`pwd`='$2y$10$/tsKYctqQKNZt8B9RfvanulZtp02zcoppQiRxCGDjJOV5LejbmAle',`name`='陈文',`rgdate`='1501586745',`role_id`='0',`telphone`='17875511965',`course_ids`='',`status`='1',`last_ip`='127.0.0.1',`last_lgdate`='1528025642' WHERE `id` = 1 [ RunTime:0.0390s ]

[ 2018-06-03T19:34:02+08:00 ] 127.0.0.1 /manager.php/Index/index
INFO: [ app_init ] --START--
INFO: Run Behavior\BuildLiteBehavior [ RunTime:0.000053s ]
INFO: [ app_init ] --END-- [ RunTime:0.000920s ]
INFO: [ app_begin ] --START--
INFO: Run Behavior\ReadHtmlCacheBehavior [ RunTime:0.001695s ]
INFO: [ app_begin ] --END-- [ RunTime:0.001978s ]
SQL: SHOW COLUMNS FROM `jt_role` [ RunTime:0.0220s ]
SQL: SELECT * FROM `jt_role` WHERE `id` = 0 LIMIT 1   [ RunTime:0.0005s ]
SQL: SHOW COLUMNS FROM `jt_user` [ RunTime:0.0222s ]
SQL: SELECT `name` FROM `jt_user` WHERE `id` = 1 LIMIT 1   [ RunTime:0.0005s ]
SQL: SHOW COLUMNS FROM `jt_role` [ RunTime:0.0216s ]
SQL: SELECT * FROM `jt_role` WHERE `id` = 0 LIMIT 1   [ RunTime:0.0006s ]
SQL: SHOW COLUMNS FROM `jt_authority` [ RunTime:0.0214s ]
SQL: SELECT * FROM `jt_authority` WHERE ( auth_level=0 and display=1 )  [ RunTime:0.0009s ]
SQL: SELECT * FROM `jt_authority` WHERE ( auth_level=1 and display=1 )  [ RunTime:0.0008s ]
INFO: [ view_parse ] --START--
INFO: [ template_filter ] --START--
INFO: Run Behavior\ContentReplaceBehavior [ RunTime:0.000244s ]
INFO: [ template_filter ] --END-- [ RunTime:0.000496s ]
INFO: Run Behavior\ParseTemplateBehavior [ RunTime:0.024304s ]
INFO: [ view_parse ] --END-- [ RunTime:0.024564s ]
INFO: [ view_filter ] --START--
INFO: Run Behavior\WriteHtmlCacheBehavior [ RunTime:0.001305s ]
INFO: [ view_filter ] --END-- [ RunTime:0.001521s ]
INFO: [ app_end ] --START--
INFO: Run Behavior\ShowPageTraceBehavior [ RunTime:0.002735s ]
INFO: [ app_end ] --END-- [ RunTime:0.003007s ]

[ 2018-06-03T19:34:02+08:00 ] 127.0.0.1 /manager.php/Personal/show.html
INFO: [ app_init ] --START--
INFO: Run Behavior\BuildLiteBehavior [ RunTime:0.000056s ]
INFO: [ app_init ] --END-- [ RunTime:0.001039s ]
INFO: [ app_begin ] --START--
INFO: Run Behavior\ReadHtmlCacheBehavior [ RunTime:0.002838s ]
INFO: [ app_begin ] --END-- [ RunTime:0.003161s ]
NOTIC: [2048] Declaration of Admin\Controller\PersonalController::show() should be compatible with Think\Controller::show($content, $charset = '', $contentType = '', $prefix = '') D:\wamp\www\jmooctest\Application\Admin\Controller\PersonalController.class.php 第 5 行.
SQL: SHOW COLUMNS FROM `jt_role` [ RunTime:0.0264s ]
SQL: SELECT * FROM `jt_role` WHERE `id` = 0 LIMIT 1   [ RunTime:0.0005s ]
SQL: SHOW COLUMNS FROM `jt_user` [ RunTime:0.0307s ]
SQL: SELECT * FROM `jt_user` WHERE `id` = 1 LIMIT 1   [ RunTime:0.0005s ]
SQL: SHOW COLUMNS FROM `jt_course` [ RunTime:0.0264s ]
SQL: SELECT `name` FROM `jt_course` WHERE `id` = 0  [ RunTime:0.0007s ]
NOTIC: [8] Undefined index: cou_name D:\wamp\www\jmooctest\Application\Admin\Controller\PersonalController.class.php 第 20 行.
INFO: [ view_parse ] --START--
INFO: [ template_filter ] --START--
INFO: Run Behavior\ContentReplaceBehavior [ RunTime:0.000434s ]
INFO: [ template_filter ] --END-- [ RunTime:0.000831s ]
INFO: Run Behavior\ParseTemplateBehavior [ RunTime:0.028900s ]
INFO: [ view_parse ] --END-- [ RunTime:0.029401s ]
INFO: [ view_filter ] --START--
INFO: Run Behavior\WriteHtmlCacheBehavior [ RunTime:0.001969s ]
INFO: [ view_filter ] --END-- [ RunTime:0.002318s ]
INFO: [ app_end ] --START--
INFO: Run Behavior\ShowPageTraceBehavior [ RunTime:0.002927s ]
INFO: [ app_end ] --END-- [ RunTime:0.003280s ]

[ 2018-06-03T19:34:05+08:00 ] 127.0.0.1 /manager.php/Mark/showlist.html
INFO: [ app_init ] --START--
INFO: Run Behavior\BuildLiteBehavior [ RunTime:0.000045s ]
INFO: [ app_init ] --END-- [ RunTime:0.000761s ]
INFO: [ app_begin ] --START--
INFO: Run Behavior\ReadHtmlCacheBehavior [ RunTime:0.001867s ]
INFO: [ app_begin ] --END-- [ RunTime:0.002142s ]
SQL: SHOW COLUMNS FROM `jt_role` [ RunTime:0.0217s ]
SQL: SELECT * FROM `jt_role` WHERE `id` = 0 LIMIT 1   [ RunTime:0.0005s ]
SQL: SHOW COLUMNS FROM `jt_stu_score` [ RunTime:0.1060s ]
SQL: SELECT `paper_id`,count(*) as mark_num FROM `jt_stu_score` WHERE ( mark_status=0 ) GROUP BY paper_id  [ RunTime:0.0033s ]
SQL: SELECT `paper_id`,count(*) as sco_nums FROM `jt_stu_score` GROUP BY paper_id  [ RunTime:0.0010s ]
SQL: SHOW COLUMNS FROM `jt_stu_paper` [ RunTime:0.0273s ]
SQL: SELECT `paper_id`,count(*) as join_num FROM `jt_stu_paper` GROUP BY paper_id  [ RunTime:0.0010s ]
SQL: SHOW COLUMNS FROM `jt_stu_answ` [ RunTime:0.0215s ]
NOTIC: [8] Use of undefined constant paper_id - assumed 'paper_id' D:\wamp\www\jmooctest\Application\Admin\Controller\MarkController.class.php 第 56 行.
SQL: SELECT COUNT(*) AS tp_count FROM `jt_stu_answ` WHERE ( paper_id = 52 and etime != ''  ) LIMIT 1   [ RunTime:0.0344s ]
NOTIC: [8] Use of undefined constant paper_id - assumed 'paper_id' D:\wamp\www\jmooctest\Application\Admin\Controller\MarkController.class.php 第 56 行.
SQL: SELECT COUNT(*) AS tp_count FROM `jt_stu_answ` WHERE ( paper_id = 53 and etime != ''  ) LIMIT 1   [ RunTime:0.0005s ]
NOTIC: [8] Use of undefined constant paper_id - assumed 'paper_id' D:\wamp\www\jmooctest\Application\Admin\Controller\MarkController.class.php 第 56 行.
SQL: SELECT COUNT(*) AS tp_count FROM `jt_stu_answ` WHERE ( paper_id = 54 and etime != ''  ) LIMIT 1   [ RunTime:0.0003s ]
NOTIC: [8] Use of undefined constant paper_id - assumed 'paper_id' D:\wamp\www\jmooctest\Application\Admin\Controller\MarkController.class.php 第 56 行.
SQL: SELECT COUNT(*) AS tp_count FROM `jt_stu_answ` WHERE ( paper_id = 55 and etime != ''  ) LIMIT 1   [ RunTime:0.0057s ]
SQL: SHOW COLUMNS FROM `jt_paper_basic` [ RunTime:0.0227s ]
SQL: SELECT `name`,`startdate`,`enddate` FROM `jt_paper_basic` WHERE `id` = 52 LIMIT 1   [ RunTime:0.0007s ]
SQL: SELECT `name`,`startdate`,`enddate` FROM `jt_paper_basic` WHERE `id` = 53 LIMIT 1   [ RunTime:0.0005s ]
SQL: SELECT `name`,`startdate`,`enddate` FROM `jt_paper_basic` WHERE `id` = 54 LIMIT 1   [ RunTime:0.0003s ]
SQL: SELECT `name`,`startdate`,`enddate` FROM `jt_paper_basic` WHERE `id` = 55 LIMIT 1   [ RunTime:0.0002s ]
INFO: [ view_parse ] --START--
INFO: [ template_filter ] --START--
INFO: Run Behavior\ContentReplaceBehavior [ RunTime:0.000275s ]
INFO: [ template_filter ] --END-- [ RunTime:0.000568s ]
INFO: Run Behavior\ParseTemplateBehavior [ RunTime:0.026594s ]
INFO: [ view_parse ] --END-- [ RunTime:0.026876s ]
INFO: [ view_filter ] --START--
INFO: Run Behavior\WriteHtmlCacheBehavior [ RunTime:0.001485s ]
INFO: [ view_filter ] --END-- [ RunTime:0.001749s ]
INFO: [ app_end ] --START--
INFO: Run Behavior\ShowPageTraceBehavior [ RunTime:0.001808s ]
INFO: [ app_end ] --END-- [ RunTime:0.002094s ]

[ 2018-06-03T19:34:06+08:00 ] 127.0.0.1 /manager.php/Mark/showlist.html?sort=xh&order=desc&limit=20&offset=0&_=1528025646050
INFO: [ app_init ] --START--
INFO: Run Behavior\BuildLiteBehavior [ RunTime:0.000061s ]
INFO: [ app_init ] --END-- [ RunTime:0.001085s ]
INFO: [ app_begin ] --START--
INFO: Run Behavior\ReadHtmlCacheBehavior [ RunTime:0.001692s ]
INFO: [ app_begin ] --END-- [ RunTime:0.001964s ]
SQL: SHOW COLUMNS FROM `jt_role` [ RunTime:0.0303s ]
SQL: SELECT * FROM `jt_role` WHERE `id` = 0 LIMIT 1   [ RunTime:0.0007s ]
SQL: SHOW COLUMNS FROM `jt_stu_score` [ RunTime:0.0401s ]
SQL: SELECT `paper_id`,count(*) as mark_num FROM `jt_stu_score` WHERE ( mark_status=0 ) GROUP BY paper_id  [ RunTime:0.0018s ]
SQL: SELECT `paper_id`,count(*) as sco_nums FROM `jt_stu_score` GROUP BY paper_id  [ RunTime:0.0009s ]
SQL: SHOW COLUMNS FROM `jt_stu_paper` [ RunTime:0.0279s ]
SQL: SELECT `paper_id`,count(*) as join_num FROM `jt_stu_paper` GROUP BY paper_id  [ RunTime:0.0011s ]
SQL: SHOW COLUMNS FROM `jt_stu_answ` [ RunTime:0.0261s ]
NOTIC: [8] Use of undefined constant paper_id - assumed 'paper_id' D:\wamp\www\jmooctest\Application\Admin\Controller\MarkController.class.php 第 56 行.
SQL: SELECT COUNT(*) AS tp_count FROM `jt_stu_answ` WHERE ( paper_id = 52 and etime != ''  ) LIMIT 1   [ RunTime:0.0008s ]
NOTIC: [8] Use of undefined constant paper_id - assumed 'paper_id' D:\wamp\www\jmooctest\Application\Admin\Controller\MarkController.class.php 第 56 行.
SQL: SELECT COUNT(*) AS tp_count FROM `jt_stu_answ` WHERE ( paper_id = 53 and etime != ''  ) LIMIT 1   [ RunTime:0.0005s ]
NOTIC: [8] Use of undefined constant paper_id - assumed 'paper_id' D:\wamp\www\jmooctest\Application\Admin\Controller\MarkController.class.php 第 56 行.
SQL: SELECT COUNT(*) AS tp_count FROM `jt_stu_answ` WHERE ( paper_id = 54 and etime != ''  ) LIMIT 1   [ RunTime:0.0013s ]
NOTIC: [8] Use of undefined constant paper_id - assumed 'paper_id' D:\wamp\www\jmooctest\Application\Admin\Controller\MarkController.class.php 第 56 行.
SQL: SELECT COUNT(*) AS tp_count FROM `jt_stu_answ` WHERE ( paper_id = 55 and etime != ''  ) LIMIT 1   [ RunTime:0.0014s ]
SQL: SHOW COLUMNS FROM `jt_paper_basic` [ RunTime:0.0255s ]
SQL: SELECT `name`,`startdate`,`enddate` FROM `jt_paper_basic` WHERE `id` = 52 LIMIT 1   [ RunTime:0.0006s ]
SQL: SELECT `name`,`startdate`,`enddate` FROM `jt_paper_basic` WHERE `id` = 53 LIMIT 1   [ RunTime:0.0006s ]
SQL: SELECT `name`,`startdate`,`enddate` FROM `jt_paper_basic` WHERE `id` = 54 LIMIT 1   [ RunTime:0.0008s ]
SQL: SELECT `name`,`startdate`,`enddate` FROM `jt_paper_basic` WHERE `id` = 55 LIMIT 1   [ RunTime:0.0008s ]

[ 2018-06-03T19:34:07+08:00 ] 127.0.0.1 /manager.php/Student/showlist.html
INFO: [ app_init ] --START--
INFO: Run Behavior\BuildLiteBehavior [ RunTime:0.000071s ]
INFO: [ app_init ] --END-- [ RunTime:0.001201s ]
INFO: [ app_begin ] --START--
INFO: Run Behavior\ReadHtmlCacheBehavior [ RunTime:0.003451s ]
INFO: [ app_begin ] --END-- [ RunTime:0.003898s ]
SQL: SHOW COLUMNS FROM `jt_role` [ RunTime:0.0221s ]
SQL: SELECT * FROM `jt_role` WHERE `id` = 0 LIMIT 1   [ RunTime:0.0005s ]
NOTIC: [8] Undefined index: p D:\wamp\www\jmooctest\Application\Common\Common\function.php 第 6 行.
SQL: SHOW COLUMNS FROM `jt_stu` [ RunTime:0.0217s ]
SQL: SELECT * FROM `jt_stu` ORDER BY id desc  [ RunTime:0.0031s ]
INFO: [ view_parse ] --START--
INFO: [ template_filter ] --START--
INFO: Run Behavior\ContentReplaceBehavior [ RunTime:0.000383s ]
INFO: [ template_filter ] --END-- [ RunTime:0.000661s ]
INFO: Run Behavior\ParseTemplateBehavior [ RunTime:0.031684s ]
INFO: [ view_parse ] --END-- [ RunTime:0.032008s ]
INFO: [ view_filter ] --START--
INFO: Run Behavior\WriteHtmlCacheBehavior [ RunTime:0.001727s ]
INFO: [ view_filter ] --END-- [ RunTime:0.001986s ]
INFO: [ app_end ] --START--
INFO: Run Behavior\ShowPageTraceBehavior [ RunTime:0.005995s ]
INFO: [ app_end ] --END-- [ RunTime:0.006429s ]

[ 2018-06-03T19:34:10+08:00 ] 127.0.0.1 /manager.php/Student/edit/id/208
INFO: [ app_init ] --START--
INFO: Run Behavior\BuildLiteBehavior [ RunTime:0.000052s ]
INFO: [ app_init ] --END-- [ RunTime:0.001064s ]
INFO: [ app_begin ] --START--
INFO: Run Behavior\ReadHtmlCacheBehavior [ RunTime:0.002137s ]
INFO: [ app_begin ] --END-- [ RunTime:0.002472s ]
SQL: SHOW COLUMNS FROM `jt_role` [ RunTime:0.0370s ]
SQL: SELECT * FROM `jt_role` WHERE `id` = 0 LIMIT 1   [ RunTime:0.0004s ]
SQL: SHOW COLUMNS FROM `jt_stu` [ RunTime:0.0216s ]
SQL: SELECT * FROM `jt_stu` WHERE `id` = 208 LIMIT 1   [ RunTime:0.0005s ]
SQL: select count(*) as num from jt_stu_log group by sid having sid=208 [ RunTime:0.0002s ]
NOTIC: [8] Undefined offset: 0 D:\wamp\www\jmooctest\Application\Admin\Controller\StudentController.class.php 第 118 行.
SQL: select max(lgdate) as mdate  from jt_stu_log where sid=208 [ RunTime:0.0002s ]
ERR: 1064:You have an error in your SQL syntax; check the manual that corresponds to your MySQL server version for the right syntax to use near '' at line 1
 [ SQL语句 ] : select max(lgdate) as sdate  from jt_stu_log where sid=208 and lgdate<
ERR: 1064:You have an error in your SQL syntax; check the manual that corresponds to your MySQL server version for the right syntax to use near '' at line 1
 [ SQL语句 ] : select max(lgdate) as sdate  from jt_stu_log where sid=208 and lgdate<

[ 2018-06-03T19:34:20+08:00 ] 127.0.0.1 /manager.php/Student/showlist.html
INFO: [ app_init ] --START--
INFO: Run Behavior\BuildLiteBehavior [ RunTime:0.000046s ]
INFO: [ app_init ] --END-- [ RunTime:0.000790s ]
INFO: [ app_begin ] --START--
INFO: Run Behavior\ReadHtmlCacheBehavior [ RunTime:0.001490s ]
INFO: [ app_begin ] --END-- [ RunTime:0.001846s ]
SQL: SHOW COLUMNS FROM `jt_role` [ RunTime:0.0281s ]
SQL: SELECT * FROM `jt_role` WHERE `id` = 0 LIMIT 1   [ RunTime:0.0004s ]
NOTIC: [8] Undefined index: p D:\wamp\www\jmooctest\Application\Common\Common\function.php 第 6 行.
SQL: SHOW COLUMNS FROM `jt_stu` [ RunTime:0.0219s ]
SQL: SELECT * FROM `jt_stu` ORDER BY id desc  [ RunTime:0.0027s ]
INFO: [ view_parse ] --START--
INFO: [ template_filter ] --START--
INFO: Run Behavior\ContentReplaceBehavior [ RunTime:0.000291s ]
INFO: [ template_filter ] --END-- [ RunTime:0.000508s ]
INFO: Run Behavior\ParseTemplateBehavior [ RunTime:0.026642s ]
INFO: [ view_parse ] --END-- [ RunTime:0.026949s ]
INFO: [ view_filter ] --START--
INFO: Run Behavior\WriteHtmlCacheBehavior [ RunTime:0.001706s ]
INFO: [ view_filter ] --END-- [ RunTime:0.001977s ]
INFO: [ app_end ] --START--
INFO: Run Behavior\ShowPageTraceBehavior [ RunTime:0.002951s ]
INFO: [ app_end ] --END-- [ RunTime:0.003582s ]

[ 2018-06-03T19:34:22+08:00 ] 127.0.0.1 /manager.php/Student/edit/id/207
INFO: [ app_init ] --START--
INFO: Run Behavior\BuildLiteBehavior [ RunTime:0.000053s ]
INFO: [ app_init ] --END-- [ RunTime:0.001082s ]
INFO: [ app_begin ] --START--
INFO: Run Behavior\ReadHtmlCacheBehavior [ RunTime:0.001457s ]
INFO: [ app_begin ] --END-- [ RunTime:0.001707s ]
SQL: SHOW COLUMNS FROM `jt_role` [ RunTime:0.0345s ]
SQL: SELECT * FROM `jt_role` WHERE `id` = 0 LIMIT 1   [ RunTime:0.0005s ]
SQL: SHOW COLUMNS FROM `jt_stu` [ RunTime:0.0224s ]
SQL: SELECT * FROM `jt_stu` WHERE `id` = 207 LIMIT 1   [ RunTime:0.0006s ]
SQL: select count(*) as num from jt_stu_log group by sid having sid=207 [ RunTime:0.0003s ]
NOTIC: [8] Undefined offset: 0 D:\wamp\www\jmooctest\Application\Admin\Controller\StudentController.class.php 第 118 行.
SQL: select max(lgdate) as mdate  from jt_stu_log where sid=207 [ RunTime:0.0002s ]
ERR: 1064:You have an error in your SQL syntax; check the manual that corresponds to your MySQL server version for the right syntax to use near '' at line 1
 [ SQL语句 ] : select max(lgdate) as sdate  from jt_stu_log where sid=207 and lgdate<
ERR: 1064:You have an error in your SQL syntax; check the manual that corresponds to your MySQL server version for the right syntax to use near '' at line 1
 [ SQL语句 ] : select max(lgdate) as sdate  from jt_stu_log where sid=207 and lgdate<

[ 2018-06-03T19:35:23+08:00 ] 127.0.0.1 /manager.php/Student/showlist.html
INFO: [ app_init ] --START--
INFO: Run Behavior\BuildLiteBehavior [ RunTime:0.000046s ]
INFO: [ app_init ] --END-- [ RunTime:0.000901s ]
INFO: [ app_begin ] --START--
INFO: Run Behavior\ReadHtmlCacheBehavior [ RunTime:0.001679s ]
INFO: [ app_begin ] --END-- [ RunTime:0.001952s ]
SQL: SHOW COLUMNS FROM `jt_role` [ RunTime:0.0354s ]
SQL: SELECT * FROM `jt_role` WHERE `id` = 0 LIMIT 1   [ RunTime:0.0004s ]
NOTIC: [8] Undefined index: p D:\wamp\www\jmooctest\Application\Common\Common\function.php 第 6 行.
SQL: SHOW COLUMNS FROM `jt_stu` [ RunTime:0.0212s ]
SQL: SELECT * FROM `jt_stu` ORDER BY id desc  [ RunTime:0.0026s ]
INFO: [ view_parse ] --START--
INFO: [ template_filter ] --START--
INFO: Run Behavior\ContentReplaceBehavior [ RunTime:0.000329s ]
INFO: [ template_filter ] --END-- [ RunTime:0.000569s ]
INFO: Run Behavior\ParseTemplateBehavior [ RunTime:0.024527s ]
INFO: [ view_parse ] --END-- [ RunTime:0.024807s ]
INFO: [ view_filter ] --START--
INFO: Run Behavior\WriteHtmlCacheBehavior [ RunTime:0.001721s ]
INFO: [ view_filter ] --END-- [ RunTime:0.001918s ]
INFO: [ app_end ] --START--
INFO: Run Behavior\ShowPageTraceBehavior [ RunTime:0.002340s ]
INFO: [ app_end ] --END-- [ RunTime:0.002701s ]

[ 2018-06-03T19:35:23+08:00 ] 127.0.0.1 /manager.php/Student/showlist.html
INFO: [ app_init ] --START--
INFO: Run Behavior\BuildLiteBehavior [ RunTime:0.000047s ]
INFO: [ app_init ] --END-- [ RunTime:0.000917s ]
INFO: [ app_begin ] --START--
INFO: Run Behavior\ReadHtmlCacheBehavior [ RunTime:0.002113s ]
INFO: [ app_begin ] --END-- [ RunTime:0.002392s ]
SQL: SHOW COLUMNS FROM `jt_role` [ RunTime:0.0235s ]
SQL: SELECT * FROM `jt_role` WHERE `id` = 0 LIMIT 1   [ RunTime:0.0004s ]
NOTIC: [8] Undefined index: p D:\wamp\www\jmooctest\Application\Common\Common\function.php 第 6 行.
SQL: SHOW COLUMNS FROM `jt_stu` [ RunTime:0.0216s ]
SQL: SELECT * FROM `jt_stu` ORDER BY id desc  [ RunTime:0.0028s ]
INFO: [ view_parse ] --START--
INFO: [ template_filter ] --START--
INFO: Run Behavior\ContentReplaceBehavior [ RunTime:0.000338s ]
INFO: [ template_filter ] --END-- [ RunTime:0.000588s ]
INFO: Run Behavior\ParseTemplateBehavior [ RunTime:0.026382s ]
INFO: [ view_parse ] --END-- [ RunTime:0.026705s ]
INFO: [ view_filter ] --START--
INFO: Run Behavior\WriteHtmlCacheBehavior [ RunTime:0.001595s ]
INFO: [ view_filter ] --END-- [ RunTime:0.001807s ]
INFO: [ app_end ] --START--
INFO: Run Behavior\ShowPageTraceBehavior [ RunTime:0.002784s ]
INFO: [ app_end ] --END-- [ RunTime:0.003208s ]

[ 2018-06-03T19:35:25+08:00 ] 127.0.0.1 /manager.php/Student/edit/id/208
INFO: [ app_init ] --START--
INFO: Run Behavior\BuildLiteBehavior [ RunTime:0.000044s ]
INFO: [ app_init ] --END-- [ RunTime:0.000751s ]
INFO: [ app_begin ] --START--
INFO: Run Behavior\ReadHtmlCacheBehavior [ RunTime:0.001204s ]
INFO: [ app_begin ] --END-- [ RunTime:0.001409s ]
SQL: SHOW COLUMNS FROM `jt_role` [ RunTime:0.0276s ]
SQL: SELECT * FROM `jt_role` WHERE `id` = 0 LIMIT 1   [ RunTime:0.0007s ]
SQL: SHOW COLUMNS FROM `jt_stu` [ RunTime:0.0199s ]
SQL: SELECT * FROM `jt_stu` WHERE `id` = 208 LIMIT 1   [ RunTime:0.0005s ]
SQL: select count(*) as num from jt_stu_log group by sid having sid=208 [ RunTime:0.0003s ]
NOTIC: [8] Undefined offset: 0 D:\wamp\www\jmooctest\Application\Admin\Controller\StudentController.class.php 第 118 行.
INFO: [ view_parse ] --START--
INFO: [ template_filter ] --START--
INFO: Run Behavior\ContentReplaceBehavior [ RunTime:0.000257s ]
INFO: [ template_filter ] --END-- [ RunTime:0.000461s ]
NOTIC: [2] date() expects parameter 2 to be long, string given D:\wamp\www\jmooctest\Application\Runtime\Cache\Admin\ee5939046e0ef9013e6696556073530a.php 第 121 行.
INFO: Run Behavior\ParseTemplateBehavior [ RunTime:0.018440s ]
INFO: [ view_parse ] --END-- [ RunTime:0.018685s ]
INFO: [ view_filter ] --START--
INFO: Run Behavior\WriteHtmlCacheBehavior [ RunTime:0.001217s ]
INFO: [ view_filter ] --END-- [ RunTime:0.001413s ]
INFO: [ app_end ] --START--
INFO: Run Behavior\ShowPageTraceBehavior [ RunTime:0.001759s ]
INFO: [ app_end ] --END-- [ RunTime:0.002020s ]

[ 2018-06-03T19:35:40+08:00 ] 127.0.0.1 /manager.php/Student/edit/id/208
INFO: [ app_init ] --START--
INFO: Run Behavior\BuildLiteBehavior [ RunTime:0.000052s ]
INFO: [ app_init ] --END-- [ RunTime:0.001027s ]
INFO: [ app_begin ] --START--
INFO: Run Behavior\ReadHtmlCacheBehavior [ RunTime:0.001786s ]
INFO: [ app_begin ] --END-- [ RunTime:0.002073s ]
SQL: SHOW COLUMNS FROM `jt_role` [ RunTime:0.0230s ]
SQL: SELECT * FROM `jt_role` WHERE `id` = 0 LIMIT 1   [ RunTime:0.0006s ]
SQL: SHOW COLUMNS FROM `jt_stu` [ RunTime:0.0218s ]
SQL: SELECT * FROM `jt_stu` WHERE `id` = 208 LIMIT 1   [ RunTime:0.0006s ]
SQL: select count(*) as num from jt_stu_log group by sid having sid=208 [ RunTime:0.0002s ]
NOTIC: [8] Undefined offset: 0 D:\wamp\www\jmooctest\Application\Admin\Controller\StudentController.class.php 第 118 行.
INFO: [ view_parse ] --START--
INFO: [ template_filter ] --START--
INFO: Run Behavior\ContentReplaceBehavior [ RunTime:0.000339s ]
INFO: [ template_filter ] --END-- [ RunTime:0.000629s ]
NOTIC: [8] Undefined index: last_lgdate D:\wamp\www\jmooctest\Application\Runtime\Cache\Admin\ee5939046e0ef9013e6696556073530a.php 第 121 行.
NOTIC: [8] Undefined index: last_ip D:\wamp\www\jmooctest\Application\Runtime\Cache\Admin\ee5939046e0ef9013e6696556073530a.php 第 128 行.
INFO: Run Behavior\ParseTemplateBehavior [ RunTime:0.020934s ]
INFO: [ view_parse ] --END-- [ RunTime:0.021176s ]
INFO: [ view_filter ] --START--
INFO: Run Behavior\WriteHtmlCacheBehavior [ RunTime:0.001458s ]
INFO: [ view_filter ] --END-- [ RunTime:0.001706s ]
INFO: [ app_end ] --START--
INFO: Run Behavior\ShowPageTraceBehavior [ RunTime:0.001898s ]
INFO: [ app_end ] --END-- [ RunTime:0.002190s ]

[ 2018-06-03T19:35:58+08:00 ] 127.0.0.1 /manager.php/Student/edit/id/208
INFO: [ app_init ] --START--
INFO: Run Behavior\BuildLiteBehavior [ RunTime:0.000053s ]
INFO: [ app_init ] --END-- [ RunTime:0.001007s ]
INFO: [ app_begin ] --START--
INFO: Run Behavior\ReadHtmlCacheBehavior [ RunTime:0.001499s ]
INFO: [ app_begin ] --END-- [ RunTime:0.001750s ]
SQL: SHOW COLUMNS FROM `jt_role` [ RunTime:0.0271s ]
SQL: SELECT * FROM `jt_role` WHERE `id` = 0 LIMIT 1   [ RunTime:0.0006s ]
SQL: SHOW COLUMNS FROM `jt_stu` [ RunTime:0.0273s ]
SQL: SELECT * FROM `jt_stu` WHERE `id` = 208 LIMIT 1   [ RunTime:0.0008s ]
SQL: select count(*) as num from jt_stu_log group by sid having sid=208 [ RunTime:0.0006s ]
NOTIC: [8] Undefined offset: 0 D:\wamp\www\jmooctest\Application\Admin\Controller\StudentController.class.php 第 118 行.
INFO: [ view_parse ] --START--
INFO: [ template_filter ] --START--
INFO: Run Behavior\ContentReplaceBehavior [ RunTime:0.000351s ]
INFO: [ template_filter ] --END-- [ RunTime:0.000628s ]
NOTIC: [2] date() expects parameter 2 to be long, string given D:\wamp\www\jmooctest\Application\Runtime\Cache\Admin\ee5939046e0ef9013e6696556073530a.php 第 121 行.
NOTIC: [8] Undefined index: last_ip D:\wamp\www\jmooctest\Application\Runtime\Cache\Admin\ee5939046e0ef9013e6696556073530a.php 第 128 行.
INFO: Run Behavior\ParseTemplateBehavior [ RunTime:0.025519s ]
INFO: [ view_parse ] --END-- [ RunTime:0.025856s ]
INFO: [ view_filter ] --START--
INFO: Run Behavior\WriteHtmlCacheBehavior [ RunTime:0.001358s ]
INFO: [ view_filter ] --END-- [ RunTime:0.001591s ]
INFO: [ app_end ] --START--
INFO: Run Behavior\ShowPageTraceBehavior [ RunTime:0.002723s ]
INFO: [ app_end ] --END-- [ RunTime:0.003015s ]

[ 2018-06-03T19:36:50+08:00 ] 127.0.0.1 /manager.php/Student/edit/id/208
INFO: [ app_init ] --START--
INFO: Run Behavior\BuildLiteBehavior [ RunTime:0.000044s ]
INFO: [ app_init ] --END-- [ RunTime:0.000763s ]
INFO: [ app_begin ] --START--
INFO: Run Behavior\ReadHtmlCacheBehavior [ RunTime:0.001864s ]
INFO: [ app_begin ] --END-- [ RunTime:0.002188s ]
SQL: SHOW COLUMNS FROM `jt_role` [ RunTime:0.0349s ]
SQL: SELECT * FROM `jt_role` WHERE `id` = 0 LIMIT 1   [ RunTime:0.0005s ]
SQL: SHOW COLUMNS FROM `jt_stu` [ RunTime:0.0219s ]
SQL: SELECT * FROM `jt_stu` WHERE `id` = 208 LIMIT 1   [ RunTime:0.0005s ]
SQL: select count(*) as num from jt_stu_log group by sid having sid=208 [ RunTime:0.0003s ]
NOTIC: [8] Undefined offset: 0 D:\wamp\www\jmooctest\Application\Admin\Controller\StudentController.class.php 第 118 行.
INFO: [ view_parse ] --START--
INFO: [ template_filter ] --START--
INFO: Run Behavior\ContentReplaceBehavior [ RunTime:0.000314s ]
INFO: [ template_filter ] --END-- [ RunTime:0.000561s ]
NOTIC: [2] date() expects parameter 2 to be long, string given D:\wamp\www\jmooctest\Application\Runtime\Cache\Admin\ee5939046e0ef9013e6696556073530a.php 第 121 行.
NOTIC: [8] Undefined index: last_ip D:\wamp\www\jmooctest\Application\Runtime\Cache\Admin\ee5939046e0ef9013e6696556073530a.php 第 128 行.
INFO: Run Behavior\ParseTemplateBehavior [ RunTime:0.022132s ]
INFO: [ view_parse ] --END-- [ RunTime:0.022380s ]
INFO: [ view_filter ] --START--
INFO: Run Behavior\WriteHtmlCacheBehavior [ RunTime:0.001445s ]
INFO: [ view_filter ] --END-- [ RunTime:0.001687s ]
INFO: [ app_end ] --START--
INFO: Run Behavior\ShowPageTraceBehavior [ RunTime:0.002186s ]
INFO: [ app_end ] --END-- [ RunTime:0.002664s ]

[ 2018-06-03T19:41:24+08:00 ] 127.0.0.1 /manager.php/Student/edit/id/208
INFO: [ app_init ] --START--
INFO: Run Behavior\BuildLiteBehavior [ RunTime:0.000046s ]
INFO: [ app_init ] --END-- [ RunTime:0.000796s ]
INFO: [ app_begin ] --START--
INFO: Run Behavior\ReadHtmlCacheBehavior [ RunTime:0.001822s ]
INFO: [ app_begin ] --END-- [ RunTime:0.002060s ]
SQL: SHOW COLUMNS FROM `jt_role` [ RunTime:0.0263s ]
SQL: SELECT * FROM `jt_role` WHERE `id` = 0 LIMIT 1   [ RunTime:0.0005s ]
SQL: SHOW COLUMNS FROM `jt_stu` [ RunTime:0.0195s ]
SQL: SELECT * FROM `jt_stu` WHERE `id` = 208 LIMIT 1   [ RunTime:0.0007s ]
SQL: select count(*) as num from jt_stu_log group by sid having sid=208 [ RunTime:0.0004s ]
NOTIC: [8] Undefined offset: 0 D:\wamp\www\jmooctest\Application\Admin\Controller\StudentController.class.php 第 118 行.
INFO: [ view_parse ] --START--
INFO: [ template_filter ] --START--
INFO: Run Behavior\ContentReplaceBehavior [ RunTime:0.000266s ]
INFO: [ template_filter ] --END-- [ RunTime:0.000475s ]
NOTIC: [2] date() expects parameter 2 to be long, string given D:\wamp\www\jmooctest\Application\Runtime\Cache\Admin\ee5939046e0ef9013e6696556073530a.php 第 121 行.
NOTIC: [8] Undefined index: last_ip D:\wamp\www\jmooctest\Application\Runtime\Cache\Admin\ee5939046e0ef9013e6696556073530a.php 第 128 行.
INFO: Run Behavior\ParseTemplateBehavior [ RunTime:0.019454s ]
INFO: [ view_parse ] --END-- [ RunTime:0.019658s ]
INFO: [ view_filter ] --START--
INFO: Run Behavior\WriteHtmlCacheBehavior [ RunTime:0.001298s ]
INFO: [ view_filter ] --END-- [ RunTime:0.001618s ]
INFO: [ app_end ] --START--
INFO: Run Behavior\ShowPageTraceBehavior [ RunTime:0.002241s ]
INFO: [ app_end ] --END-- [ RunTime:0.002529s ]

