[ 2018-06-11T09:15:36+08:00 ] 127.0.0.1 /manager.php/Public/login
INFO: [ app_init ] --START--
INFO: Run Behavior\BuildLiteBehavior [ RunTime:0.000112s ]
INFO: [ app_init ] --END-- [ RunTime:0.001932s ]
INFO: [ app_begin ] --START--
INFO: Run Behavior\ReadHtmlCacheBehavior [ RunTime:0.003461s ]
INFO: [ app_begin ] --END-- [ RunTime:0.004119s ]
INFO: [ view_parse ] --START--
INFO: [ template_filter ] --START--
INFO: Run Behavior\ContentReplaceBehavior [ RunTime:0.000569s ]
INFO: [ template_filter ] --END-- [ RunTime:0.001319s ]
INFO: Run Behavior\ParseTemplateBehavior [ RunTime:0.050229s ]
INFO: [ view_parse ] --END-- [ RunTime:0.050858s ]
INFO: [ view_filter ] --START--
INFO: Run Behavior\WriteHtmlCacheBehavior [ RunTime:0.003669s ]
INFO: [ view_filter ] --END-- [ RunTime:0.004263s ]
INFO: [ app_end ] --START--
INFO: Run Behavior\ShowPageTraceBehavior [ RunTime:0.004513s ]
INFO: [ app_end ] --END-- [ RunTime:0.005582s ]

[ 2018-06-11T09:15:37+08:00 ] 127.0.0.1 /manager.php/Public/verifyImg
INFO: [ app_init ] --START--
INFO: Run Behavior\BuildLiteBehavior [ RunTime:0.000124s ]
INFO: [ app_init ] --END-- [ RunTime:0.002093s ]
INFO: [ app_begin ] --START--
INFO: Run Behavior\ReadHtmlCacheBehavior [ RunTime:0.005679s ]
INFO: [ app_begin ] --END-- [ RunTime:0.006315s ]
INFO: [ app_end ] --START--
INFO: Run Behavior\ShowPageTraceBehavior [ RunTime:0.005322s ]
INFO: [ app_end ] --END-- [ RunTime:0.006015s ]

[ 2018-06-11T09:15:58+08:00 ] 127.0.0.1 /manager.php/Public/login
INFO: [ app_init ] --START--
INFO: Run Behavior\BuildLiteBehavior [ RunTime:0.000114s ]
INFO: [ app_init ] --END-- [ RunTime:0.002025s ]
INFO: [ app_begin ] --START--
INFO: Run Behavior\ReadHtmlCacheBehavior [ RunTime:0.003313s ]
INFO: [ app_begin ] --END-- [ RunTime:0.003806s ]
NOTIC: [8] Use of undefined constant code - assumed 'code' D:\wamp\www\jmooctest\Application\Admin\Controller\PublicController.class.php 第 12 行.
SQL: SHOW COLUMNS FROM `jt_user` [ RunTime:0.0239s ]
SQL: SELECT * FROM `jt_user` WHERE ( email='494025451@qq.com' ) LIMIT 1   [ RunTime:0.0015s ]
NOTIC: [8] Use of undefined constant password - assumed 'password' D:\wamp\www\jmooctest\Application\Admin\Controller\PublicController.class.php 第 14 行.
NOTIC: [8] Use of undefined constant pwd - assumed 'pwd' D:\wamp\www\jmooctest\Application\Admin\Controller\PublicController.class.php 第 14 行.
SQL: UPDATE `jt_user` SET `email`='494025451@qq.com',`pwd`='$2y$10$/tsKYctqQKNZt8B9RfvanulZtp02zcoppQiRxCGDjJOV5LejbmAle',`name`='陈文',`rgdate`='1501586745',`role_id`='0',`telphone`='17875511965',`course_ids`='',`status`='1',`last_ip`='127.0.0.1',`last_lgdate`='1528679758' WHERE `id` = 1 [ RunTime:0.0416s ]

[ 2018-06-11T09:15:58+08:00 ] 127.0.0.1 /manager.php/Index/index
INFO: [ app_init ] --START--
INFO: Run Behavior\BuildLiteBehavior [ RunTime:0.000119s ]
INFO: [ app_init ] --END-- [ RunTime:0.002674s ]
INFO: [ app_begin ] --START--
INFO: Run Behavior\ReadHtmlCacheBehavior [ RunTime:0.003379s ]
INFO: [ app_begin ] --END-- [ RunTime:0.003990s ]
SQL: SHOW COLUMNS FROM `jt_role` [ RunTime:0.0201s ]
SQL: SELECT * FROM `jt_role` WHERE `id` = 0 LIMIT 1   [ RunTime:0.0009s ]
SQL: SHOW COLUMNS FROM `jt_user` [ RunTime:0.0181s ]
SQL: SELECT `name` FROM `jt_user` WHERE `id` = 1 LIMIT 1   [ RunTime:0.0007s ]
SQL: SHOW COLUMNS FROM `jt_role` [ RunTime:0.0253s ]
SQL: SELECT * FROM `jt_role` WHERE `id` = 0 LIMIT 1   [ RunTime:0.0006s ]
SQL: SHOW COLUMNS FROM `jt_authority` [ RunTime:0.0219s ]
SQL: SELECT * FROM `jt_authority` WHERE ( auth_level=0 and display=1 )  [ RunTime:0.0014s ]
SQL: SELECT * FROM `jt_authority` WHERE ( auth_level=1 and display=1 )  [ RunTime:0.0011s ]
INFO: [ view_parse ] --START--
INFO: [ template_filter ] --START--
INFO: Run Behavior\ContentReplaceBehavior [ RunTime:0.000551s ]
INFO: [ template_filter ] --END-- [ RunTime:0.001142s ]
INFO: Run Behavior\ParseTemplateBehavior [ RunTime:0.070783s ]
INFO: [ view_parse ] --END-- [ RunTime:0.071370s ]
INFO: [ view_filter ] --START--
INFO: Run Behavior\WriteHtmlCacheBehavior [ RunTime:0.003666s ]
INFO: [ view_filter ] --END-- [ RunTime:0.004224s ]
INFO: [ app_end ] --START--
INFO: Run Behavior\ShowPageTraceBehavior [ RunTime:0.005482s ]
INFO: [ app_end ] --END-- [ RunTime:0.006156s ]

[ 2018-06-11T09:15:59+08:00 ] 127.0.0.1 /manager.php/Personal/show.html
INFO: [ app_init ] --START--
INFO: Run Behavior\BuildLiteBehavior [ RunTime:0.000134s ]
INFO: [ app_init ] --END-- [ RunTime:0.002410s ]
INFO: [ app_begin ] --START--
INFO: Run Behavior\ReadHtmlCacheBehavior [ RunTime:0.006272s ]
INFO: [ app_begin ] --END-- [ RunTime:0.006975s ]
NOTIC: [2048] Declaration of Admin\Controller\PersonalController::show() should be compatible with Think\Controller::show($content, $charset = '', $contentType = '', $prefix = '') D:\wamp\www\jmooctest\Application\Admin\Controller\PersonalController.class.php 第 5 行.
SQL: SHOW COLUMNS FROM `jt_role` [ RunTime:0.0288s ]
SQL: SELECT * FROM `jt_role` WHERE `id` = 0 LIMIT 1   [ RunTime:0.0008s ]
SQL: SHOW COLUMNS FROM `jt_user` [ RunTime:0.0282s ]
SQL: SELECT * FROM `jt_user` WHERE `id` = 1 LIMIT 1   [ RunTime:0.0012s ]
SQL: SHOW COLUMNS FROM `jt_course` [ RunTime:0.0252s ]
SQL: SELECT `name` FROM `jt_course` WHERE `id` = 0  [ RunTime:0.0008s ]
NOTIC: [8] Undefined index: cou_name D:\wamp\www\jmooctest\Application\Admin\Controller\PersonalController.class.php 第 20 行.
INFO: [ view_parse ] --START--
INFO: [ template_filter ] --START--
INFO: Run Behavior\ContentReplaceBehavior [ RunTime:0.000768s ]
INFO: [ template_filter ] --END-- [ RunTime:0.001422s ]
INFO: Run Behavior\ParseTemplateBehavior [ RunTime:0.079054s ]
INFO: [ view_parse ] --END-- [ RunTime:0.079778s ]
INFO: [ view_filter ] --START--
INFO: Run Behavior\WriteHtmlCacheBehavior [ RunTime:0.006314s ]
INFO: [ view_filter ] --END-- [ RunTime:0.007106s ]
INFO: [ app_end ] --START--
INFO: Run Behavior\ShowPageTraceBehavior [ RunTime:0.011156s ]
INFO: [ app_end ] --END-- [ RunTime:0.013896s ]

[ 2018-06-11T09:16:05+08:00 ] 127.0.0.1 /manager.php/Question/dou_showlist.html
INFO: [ app_init ] --START--
INFO: Run Behavior\BuildLiteBehavior [ RunTime:0.000113s ]
INFO: [ app_init ] --END-- [ RunTime:0.001968s ]
INFO: [ app_begin ] --START--
INFO: Run Behavior\ReadHtmlCacheBehavior [ RunTime:0.003966s ]
INFO: [ app_begin ] --END-- [ RunTime:0.004559s ]
SQL: SHOW COLUMNS FROM `jt_role` [ RunTime:0.0407s ]
SQL: SELECT * FROM `jt_role` WHERE `id` = 0 LIMIT 1   [ RunTime:0.0007s ]
INFO: [ view_parse ] --START--
INFO: [ template_filter ] --START--
INFO: Run Behavior\ContentReplaceBehavior [ RunTime:0.000624s ]
INFO: [ template_filter ] --END-- [ RunTime:0.001207s ]
INFO: Run Behavior\ParseTemplateBehavior [ RunTime:0.053023s ]
INFO: [ view_parse ] --END-- [ RunTime:0.053613s ]
INFO: [ view_filter ] --START--
INFO: Run Behavior\WriteHtmlCacheBehavior [ RunTime:0.003175s ]
INFO: [ view_filter ] --END-- [ RunTime:0.003732s ]
INFO: [ app_end ] --START--
INFO: Run Behavior\ShowPageTraceBehavior [ RunTime:0.004417s ]
INFO: [ app_end ] --END-- [ RunTime:0.005020s ]

[ 2018-06-11T09:16:07+08:00 ] 127.0.0.1 /manager.php/Question/dou_showlist.html
INFO: [ app_init ] --START--
INFO: Run Behavior\BuildLiteBehavior [ RunTime:0.000382s ]
INFO: [ app_init ] --END-- [ RunTime:0.002864s ]
INFO: [ app_begin ] --START--
INFO: Run Behavior\ReadHtmlCacheBehavior [ RunTime:0.004993s ]
INFO: [ app_begin ] --END-- [ RunTime:0.005537s ]
SQL: SHOW COLUMNS FROM `jt_role` [ RunTime:0.0257s ]
SQL: SELECT * FROM `jt_role` WHERE `id` = 0 LIMIT 1   [ RunTime:0.0008s ]
SQL: SHOW COLUMNS FROM `jt_ques_double` [ RunTime:0.0270s ]
SQL: SELECT * FROM `jt_ques_double` ORDER BY id desc LIMIT 0,20   [ RunTime:0.0018s ]
SQL: SELECT COUNT(*) AS tp_count FROM `jt_ques_double` LIMIT 1   [ RunTime:0.0010s ]
SQL: SHOW COLUMNS FROM `jt_course` [ RunTime:0.0227s ]
SQL: SELECT `name` FROM `jt_course` WHERE `id` = 149 LIMIT 1   [ RunTime:0.0008s ]
SQL: SELECT `name` FROM `jt_course` WHERE `id` = 148 LIMIT 1   [ RunTime:0.0008s ]
SQL: SELECT `name` FROM `jt_course` WHERE `id` = 147 LIMIT 1   [ RunTime:0.0007s ]
SQL: SELECT `name` FROM `jt_course` WHERE `id` = 149 LIMIT 1   [ RunTime:0.0006s ]
SQL: SELECT `name` FROM `jt_course` WHERE `id` = 148 LIMIT 1   [ RunTime:0.0010s ]
SQL: SELECT `name` FROM `jt_course` WHERE `id` = 147 LIMIT 1   [ RunTime:0.0009s ]
SQL: SELECT `name` FROM `jt_course` WHERE `id` = 149 LIMIT 1   [ RunTime:0.0008s ]
SQL: SELECT `name` FROM `jt_course` WHERE `id` = 148 LIMIT 1   [ RunTime:0.0008s ]
SQL: SELECT `name` FROM `jt_course` WHERE `id` = 147 LIMIT 1   [ RunTime:0.0005s ]
SQL: SELECT `name` FROM `jt_course` WHERE `id` = 147 LIMIT 1   [ RunTime:0.0007s ]
SQL: SELECT `name` FROM `jt_course` WHERE `id` = 147 LIMIT 1   [ RunTime:0.0007s ]
SQL: SELECT `name` FROM `jt_course` WHERE `id` = 147 LIMIT 1   [ RunTime:0.0010s ]
SQL: SELECT `name` FROM `jt_course` WHERE `id` = 147 LIMIT 1   [ RunTime:0.0007s ]
SQL: SELECT `name` FROM `jt_course` WHERE `id` = 147 LIMIT 1   [ RunTime:0.0007s ]
SQL: SELECT `name` FROM `jt_course` WHERE `id` = 147 LIMIT 1   [ RunTime:0.0007s ]
SQL: SELECT `name` FROM `jt_course` WHERE `id` = 147 LIMIT 1   [ RunTime:0.0007s ]
SQL: SELECT `name` FROM `jt_course` WHERE `id` = 147 LIMIT 1   [ RunTime:0.0008s ]
SQL: SELECT `name` FROM `jt_course` WHERE `id` = 147 LIMIT 1   [ RunTime:0.0010s ]
SQL: SELECT `name` FROM `jt_course` WHERE `id` = 147 LIMIT 1   [ RunTime:0.0007s ]
SQL: SELECT `name` FROM `jt_course` WHERE `id` = 147 LIMIT 1   [ RunTime:0.0005s ]

[ 2018-06-11T09:16:17+08:00 ] 127.0.0.1 /manager.php/Question/dou_showlist.html
INFO: [ app_init ] --START--
INFO: Run Behavior\BuildLiteBehavior [ RunTime:0.000114s ]
INFO: [ app_init ] --END-- [ RunTime:0.002074s ]
INFO: [ app_begin ] --START--
INFO: Run Behavior\ReadHtmlCacheBehavior [ RunTime:0.004626s ]
INFO: [ app_begin ] --END-- [ RunTime:0.005136s ]
SQL: SHOW COLUMNS FROM `jt_role` [ RunTime:0.0268s ]
SQL: SELECT * FROM `jt_role` WHERE `id` = 0 LIMIT 1   [ RunTime:0.0009s ]
SQL: SHOW COLUMNS FROM `jt_ques_double` [ RunTime:0.0264s ]
SQL: SELECT * FROM `jt_ques_double` ORDER BY id desc LIMIT 0,50   [ RunTime:0.0029s ]
SQL: SELECT COUNT(*) AS tp_count FROM `jt_ques_double` LIMIT 1   [ RunTime:0.0008s ]
SQL: SHOW COLUMNS FROM `jt_course` [ RunTime:0.0223s ]
SQL: SELECT `name` FROM `jt_course` WHERE `id` = 149 LIMIT 1   [ RunTime:0.0008s ]
SQL: SELECT `name` FROM `jt_course` WHERE `id` = 148 LIMIT 1   [ RunTime:0.0005s ]
SQL: SELECT `name` FROM `jt_course` WHERE `id` = 147 LIMIT 1   [ RunTime:0.0007s ]
SQL: SELECT `name` FROM `jt_course` WHERE `id` = 149 LIMIT 1   [ RunTime:0.0007s ]
SQL: SELECT `name` FROM `jt_course` WHERE `id` = 148 LIMIT 1   [ RunTime:0.0008s ]
SQL: SELECT `name` FROM `jt_course` WHERE `id` = 147 LIMIT 1   [ RunTime:0.0008s ]
SQL: SELECT `name` FROM `jt_course` WHERE `id` = 149 LIMIT 1   [ RunTime:0.0006s ]
SQL: SELECT `name` FROM `jt_course` WHERE `id` = 148 LIMIT 1   [ RunTime:0.0007s ]
SQL: SELECT `name` FROM `jt_course` WHERE `id` = 147 LIMIT 1   [ RunTime:0.0007s ]
SQL: SELECT `name` FROM `jt_course` WHERE `id` = 147 LIMIT 1   [ RunTime:0.0006s ]
SQL: SELECT `name` FROM `jt_course` WHERE `id` = 147 LIMIT 1   [ RunTime:0.0006s ]
SQL: SELECT `name` FROM `jt_course` WHERE `id` = 147 LIMIT 1   [ RunTime:0.0007s ]
SQL: SELECT `name` FROM `jt_course` WHERE `id` = 147 LIMIT 1   [ RunTime:0.0007s ]
SQL: SELECT `name` FROM `jt_course` WHERE `id` = 147 LIMIT 1   [ RunTime:0.0006s ]
SQL: SELECT `name` FROM `jt_course` WHERE `id` = 147 LIMIT 1   [ RunTime:0.0007s ]
SQL: SELECT `name` FROM `jt_course` WHERE `id` = 147 LIMIT 1   [ RunTime:0.0006s ]
SQL: SELECT `name` FROM `jt_course` WHERE `id` = 147 LIMIT 1   [ RunTime:0.0008s ]
SQL: SELECT `name` FROM `jt_course` WHERE `id` = 147 LIMIT 1   [ RunTime:0.0008s ]
SQL: SELECT `name` FROM `jt_course` WHERE `id` = 147 LIMIT 1   [ RunTime:0.0007s ]
SQL: SELECT `name` FROM `jt_course` WHERE `id` = 147 LIMIT 1   [ RunTime:0.0007s ]
SQL: SELECT `name` FROM `jt_course` WHERE `id` = 147 LIMIT 1   [ RunTime:0.0008s ]
SQL: SELECT `name` FROM `jt_course` WHERE `id` = 147 LIMIT 1   [ RunTime:0.0009s ]
SQL: SELECT `name` FROM `jt_course` WHERE `id` = 147 LIMIT 1   [ RunTime:0.0008s ]
SQL: SELECT `name` FROM `jt_course` WHERE `id` = 147 LIMIT 1   [ RunTime:0.0008s ]
SQL: SELECT `name` FROM `jt_course` WHERE `id` = 147 LIMIT 1   [ RunTime:0.0008s ]
SQL: SELECT `name` FROM `jt_course` WHERE `id` = 147 LIMIT 1   [ RunTime:0.0008s ]
SQL: SELECT `name` FROM `jt_course` WHERE `id` = 147 LIMIT 1   [ RunTime:0.0008s ]
SQL: SELECT `name` FROM `jt_course` WHERE `id` = 147 LIMIT 1   [ RunTime:0.0007s ]
SQL: SELECT `name` FROM `jt_course` WHERE `id` = 147 LIMIT 1   [ RunTime:0.0007s ]
SQL: SELECT `name` FROM `jt_course` WHERE `id` = 147 LIMIT 1   [ RunTime:0.0005s ]
SQL: SELECT `name` FROM `jt_course` WHERE `id` = 149 LIMIT 1   [ RunTime:0.0006s ]
SQL: SELECT `name` FROM `jt_course` WHERE `id` = 149 LIMIT 1   [ RunTime:0.0006s ]
SQL: SELECT `name` FROM `jt_course` WHERE `id` = 149 LIMIT 1   [ RunTime:0.0007s ]
SQL: SELECT `name` FROM `jt_course` WHERE `id` = 149 LIMIT 1   [ RunTime:0.0007s ]
SQL: SELECT `name` FROM `jt_course` WHERE `id` = 156 LIMIT 1   [ RunTime:0.0007s ]
SQL: SELECT `name` FROM `jt_course` WHERE `id` = 156 LIMIT 1   [ RunTime:0.0007s ]
SQL: SELECT `name` FROM `jt_course` WHERE `id` = 156 LIMIT 1   [ RunTime:0.0007s ]
SQL: SELECT `name` FROM `jt_course` WHERE `id` = 156 LIMIT 1   [ RunTime:0.0007s ]
SQL: SELECT `name` FROM `jt_course` WHERE `id` = 156 LIMIT 1   [ RunTime:0.0008s ]
SQL: SELECT `name` FROM `jt_course` WHERE `id` = 156 LIMIT 1   [ RunTime:0.0008s ]
SQL: SELECT `name` FROM `jt_course` WHERE `id` = 156 LIMIT 1   [ RunTime:0.0007s ]
SQL: SELECT `name` FROM `jt_course` WHERE `id` = 155 LIMIT 1   [ RunTime:0.0006s ]
SQL: SELECT `name` FROM `jt_course` WHERE `id` = 155 LIMIT 1   [ RunTime:0.0007s ]
SQL: SELECT `name` FROM `jt_course` WHERE `id` = 155 LIMIT 1   [ RunTime:0.0007s ]
SQL: SELECT `name` FROM `jt_course` WHERE `id` = 155 LIMIT 1   [ RunTime:0.0007s ]
SQL: SELECT `name` FROM `jt_course` WHERE `id` = 155 LIMIT 1   [ RunTime:0.0007s ]
SQL: SELECT `name` FROM `jt_course` WHERE `id` = 155 LIMIT 1   [ RunTime:0.0007s ]
SQL: SELECT `name` FROM `jt_course` WHERE `id` = 155 LIMIT 1   [ RunTime:0.0007s ]
SQL: SELECT `name` FROM `jt_course` WHERE `id` = 155 LIMIT 1   [ RunTime:0.0006s ]
SQL: SELECT `name` FROM `jt_course` WHERE `id` = 155 LIMIT 1   [ RunTime:0.0007s ]

[ 2018-06-11T09:16:25+08:00 ] 127.0.0.1 /manager.php/Question/jud_showlist.html
INFO: [ app_init ] --START--
INFO: Run Behavior\BuildLiteBehavior [ RunTime:0.000114s ]
INFO: [ app_init ] --END-- [ RunTime:0.002355s ]
INFO: [ app_begin ] --START--
INFO: Run Behavior\ReadHtmlCacheBehavior [ RunTime:0.003815s ]
INFO: [ app_begin ] --END-- [ RunTime:0.004387s ]
SQL: SHOW COLUMNS FROM `jt_role` [ RunTime:0.0213s ]
SQL: SELECT * FROM `jt_role` WHERE `id` = 0 LIMIT 1   [ RunTime:0.0009s ]
INFO: [ view_parse ] --START--
INFO: [ template_filter ] --START--
INFO: Run Behavior\ContentReplaceBehavior [ RunTime:0.000718s ]
INFO: [ template_filter ] --END-- [ RunTime:0.001331s ]
INFO: Run Behavior\ParseTemplateBehavior [ RunTime:0.063115s ]
INFO: [ view_parse ] --END-- [ RunTime:0.063720s ]
INFO: [ view_filter ] --START--
INFO: Run Behavior\WriteHtmlCacheBehavior [ RunTime:0.003481s ]
INFO: [ view_filter ] --END-- [ RunTime:0.004069s ]
INFO: [ app_end ] --START--
INFO: Run Behavior\ShowPageTraceBehavior [ RunTime:0.004347s ]
INFO: [ app_end ] --END-- [ RunTime:0.004957s ]

[ 2018-06-11T09:16:27+08:00 ] 127.0.0.1 /manager.php/Question/jud_showlist.html
INFO: [ app_init ] --START--
INFO: Run Behavior\BuildLiteBehavior [ RunTime:0.000129s ]
INFO: [ app_init ] --END-- [ RunTime:0.003154s ]
INFO: [ app_begin ] --START--
INFO: Run Behavior\ReadHtmlCacheBehavior [ RunTime:0.005463s ]
INFO: [ app_begin ] --END-- [ RunTime:0.006017s ]
SQL: SHOW COLUMNS FROM `jt_role` [ RunTime:0.0241s ]
SQL: SELECT * FROM `jt_role` WHERE `id` = 0 LIMIT 1   [ RunTime:0.0008s ]
SQL: SHOW COLUMNS FROM `jt_ques_judge` [ RunTime:0.0272s ]
SQL: SELECT * FROM `jt_ques_judge` ORDER BY id desc LIMIT 0,20   [ RunTime:0.0014s ]
SQL: SELECT COUNT(*) AS tp_count FROM `jt_ques_judge` LIMIT 1   [ RunTime:0.0009s ]
SQL: SHOW COLUMNS FROM `jt_course` [ RunTime:0.0197s ]
SQL: SELECT `name` FROM `jt_course` WHERE `id` = 147 LIMIT 1   [ RunTime:0.0009s ]
SQL: SELECT `name` FROM `jt_course` WHERE `id` = 148 LIMIT 1   [ RunTime:0.0007s ]
SQL: SELECT `name` FROM `jt_course` WHERE `id` = 149 LIMIT 1   [ RunTime:0.0004s ]
SQL: SELECT `name` FROM `jt_course` WHERE `id` = 147 LIMIT 1   [ RunTime:0.0004s ]
SQL: SELECT `name` FROM `jt_course` WHERE `id` = 148 LIMIT 1   [ RunTime:0.0004s ]
SQL: SELECT `name` FROM `jt_course` WHERE `id` = 149 LIMIT 1   [ RunTime:0.0004s ]
SQL: SELECT `name` FROM `jt_course` WHERE `id` = 147 LIMIT 1   [ RunTime:0.0004s ]
SQL: SELECT `name` FROM `jt_course` WHERE `id` = 148 LIMIT 1   [ RunTime:0.0004s ]
SQL: SELECT `name` FROM `jt_course` WHERE `id` = 149 LIMIT 1   [ RunTime:0.0010s ]
SQL: SELECT `name` FROM `jt_course` WHERE `id` = 147 LIMIT 1   [ RunTime:0.0008s ]
SQL: SELECT `name` FROM `jt_course` WHERE `id` = 147 LIMIT 1   [ RunTime:0.0006s ]
SQL: SELECT `name` FROM `jt_course` WHERE `id` = 147 LIMIT 1   [ RunTime:0.0004s ]
SQL: SELECT `name` FROM `jt_course` WHERE `id` = 147 LIMIT 1   [ RunTime:0.0003s ]
SQL: SELECT `name` FROM `jt_course` WHERE `id` = 147 LIMIT 1   [ RunTime:0.0004s ]
SQL: SELECT `name` FROM `jt_course` WHERE `id` = 147 LIMIT 1   [ RunTime:0.0003s ]
SQL: SELECT `name` FROM `jt_course` WHERE `id` = 147 LIMIT 1   [ RunTime:0.0006s ]
SQL: SELECT `name` FROM `jt_course` WHERE `id` = 147 LIMIT 1   [ RunTime:0.0012s ]
SQL: SELECT `name` FROM `jt_course` WHERE `id` = 147 LIMIT 1   [ RunTime:0.0009s ]
SQL: SELECT `name` FROM `jt_course` WHERE `id` = 147 LIMIT 1   [ RunTime:0.0006s ]
SQL: SELECT `name` FROM `jt_course` WHERE `id` = 147 LIMIT 1   [ RunTime:0.0006s ]

[ 2018-06-11T09:16:43+08:00 ] 127.0.0.1 /manager.php/Question/sub_showlist.html
INFO: [ app_init ] --START--
INFO: Run Behavior\BuildLiteBehavior [ RunTime:0.000116s ]
INFO: [ app_init ] --END-- [ RunTime:0.002059s ]
INFO: [ app_begin ] --START--
INFO: Run Behavior\ReadHtmlCacheBehavior [ RunTime:0.003892s ]
INFO: [ app_begin ] --END-- [ RunTime:0.004495s ]
SQL: SHOW COLUMNS FROM `jt_role` [ RunTime:0.0968s ]
SQL: SELECT * FROM `jt_role` WHERE `id` = 0 LIMIT 1   [ RunTime:0.0009s ]
INFO: [ view_parse ] --START--
INFO: [ template_filter ] --START--
INFO: Run Behavior\ContentReplaceBehavior [ RunTime:0.000616s ]
INFO: [ template_filter ] --END-- [ RunTime:0.001193s ]
INFO: Run Behavior\ParseTemplateBehavior [ RunTime:0.035054s ]
INFO: [ view_parse ] --END-- [ RunTime:0.035687s ]
INFO: [ view_filter ] --START--
INFO: Run Behavior\WriteHtmlCacheBehavior [ RunTime:0.004025s ]
INFO: [ view_filter ] --END-- [ RunTime:0.004611s ]
INFO: [ app_end ] --START--
INFO: Run Behavior\ShowPageTraceBehavior [ RunTime:0.004881s ]
INFO: [ app_end ] --END-- [ RunTime:0.005456s ]

[ 2018-06-11T09:16:45+08:00 ] 127.0.0.1 /manager.php/Question/sub_showlist.html
INFO: [ app_init ] --START--
INFO: Run Behavior\BuildLiteBehavior [ RunTime:0.000982s ]
INFO: [ app_init ] --END-- [ RunTime:0.006112s ]
INFO: [ app_begin ] --START--
INFO: Run Behavior\ReadHtmlCacheBehavior [ RunTime:0.007680s ]
INFO: [ app_begin ] --END-- [ RunTime:0.008464s ]
SQL: SHOW COLUMNS FROM `jt_role` [ RunTime:0.0227s ]
SQL: SELECT * FROM `jt_role` WHERE `id` = 0 LIMIT 1   [ RunTime:0.0008s ]
SQL: SHOW COLUMNS FROM `jt_ques_subj` [ RunTime:0.0260s ]
SQL: SELECT * FROM `jt_ques_subj` ORDER BY id desc LIMIT 0,20   [ RunTime:0.0019s ]
SQL: SELECT COUNT(*) AS tp_count FROM `jt_ques_subj` LIMIT 1   [ RunTime:0.0009s ]
SQL: SHOW COLUMNS FROM `jt_course` [ RunTime:0.0226s ]
SQL: SELECT `name` FROM `jt_course` WHERE `id` = 157 LIMIT 1   [ RunTime:0.0011s ]
SQL: SELECT `name` FROM `jt_course` WHERE `id` = 157 LIMIT 1   [ RunTime:0.0007s ]
SQL: SELECT `name` FROM `jt_course` WHERE `id` = 157 LIMIT 1   [ RunTime:0.0004s ]
SQL: SELECT `name` FROM `jt_course` WHERE `id` = 157 LIMIT 1   [ RunTime:0.0009s ]
SQL: SELECT `name` FROM `jt_course` WHERE `id` = 157 LIMIT 1   [ RunTime:0.0006s ]
SQL: SELECT `name` FROM `jt_course` WHERE `id` = 157 LIMIT 1   [ RunTime:0.0004s ]
SQL: SELECT `name` FROM `jt_course` WHERE `id` = 157 LIMIT 1   [ RunTime:0.0004s ]
SQL: SELECT `name` FROM `jt_course` WHERE `id` = 157 LIMIT 1   [ RunTime:0.0009s ]
SQL: SELECT `name` FROM `jt_course` WHERE `id` = 157 LIMIT 1   [ RunTime:0.0009s ]
SQL: SELECT `name` FROM `jt_course` WHERE `id` = 157 LIMIT 1   [ RunTime:0.0007s ]
SQL: SELECT `name` FROM `jt_course` WHERE `id` = 157 LIMIT 1   [ RunTime:0.0006s ]
SQL: SELECT `name` FROM `jt_course` WHERE `id` = 157 LIMIT 1   [ RunTime:0.0004s ]
SQL: SELECT `name` FROM `jt_course` WHERE `id` = 157 LIMIT 1   [ RunTime:0.0006s ]
SQL: SELECT `name` FROM `jt_course` WHERE `id` = 157 LIMIT 1   [ RunTime:0.0011s ]
SQL: SELECT `name` FROM `jt_course` WHERE `id` = 157 LIMIT 1   [ RunTime:0.0009s ]
SQL: SELECT `name` FROM `jt_course` WHERE `id` = 157 LIMIT 1   [ RunTime:0.0009s ]
SQL: SELECT `name` FROM `jt_course` WHERE `id` = 157 LIMIT 1   [ RunTime:0.0010s ]
SQL: SELECT `name` FROM `jt_course` WHERE `id` = 157 LIMIT 1   [ RunTime:0.0005s ]
SQL: SELECT `name` FROM `jt_course` WHERE `id` = 157 LIMIT 1   [ RunTime:0.0008s ]
SQL: SELECT `name` FROM `jt_course` WHERE `id` = 157 LIMIT 1   [ RunTime:0.0007s ]

[ 2018-06-11T09:18:55+08:00 ] 127.0.0.1 /manager.php/Question/sin_showlist.html
INFO: [ app_init ] --START--
INFO: Run Behavior\BuildLiteBehavior [ RunTime:0.000127s ]
INFO: [ app_init ] --END-- [ RunTime:0.002078s ]
INFO: [ app_begin ] --START--
INFO: Run Behavior\ReadHtmlCacheBehavior [ RunTime:0.004866s ]
INFO: [ app_begin ] --END-- [ RunTime:0.005880s ]
SQL: SHOW COLUMNS FROM `jt_role` [ RunTime:0.0403s ]
SQL: SELECT * FROM `jt_role` WHERE `id` = 0 LIMIT 1   [ RunTime:0.0010s ]
INFO: [ view_parse ] --START--
INFO: [ template_filter ] --START--
INFO: Run Behavior\ContentReplaceBehavior [ RunTime:0.000789s ]
INFO: [ template_filter ] --END-- [ RunTime:0.001542s ]
INFO: Run Behavior\ParseTemplateBehavior [ RunTime:0.046177s ]
INFO: [ view_parse ] --END-- [ RunTime:0.046891s ]
INFO: [ view_filter ] --START--
INFO: Run Behavior\WriteHtmlCacheBehavior [ RunTime:0.003488s ]
INFO: [ view_filter ] --END-- [ RunTime:0.004093s ]
INFO: [ app_end ] --START--
INFO: Run Behavior\ShowPageTraceBehavior [ RunTime:0.004843s ]
INFO: [ app_end ] --END-- [ RunTime:0.005643s ]

[ 2018-06-11T09:18:58+08:00 ] 127.0.0.1 /manager.php/Question/sin_showlist.html
INFO: [ app_init ] --START--
INFO: Run Behavior\BuildLiteBehavior [ RunTime:0.000138s ]
INFO: [ app_init ] --END-- [ RunTime:0.005139s ]
INFO: [ app_begin ] --START--
INFO: Run Behavior\ReadHtmlCacheBehavior [ RunTime:0.006961s ]
INFO: [ app_begin ] --END-- [ RunTime:0.007579s ]
SQL: SHOW COLUMNS FROM `jt_role` [ RunTime:0.0306s ]
SQL: SELECT * FROM `jt_role` WHERE `id` = 0 LIMIT 1   [ RunTime:0.0012s ]
SQL: SHOW COLUMNS FROM `jt_ques_single` [ RunTime:0.0308s ]
SQL: SELECT * FROM `jt_ques_single` ORDER BY id desc LIMIT 0,20   [ RunTime:0.0030s ]
SQL: SELECT COUNT(*) AS tp_count FROM `jt_ques_single` LIMIT 1   [ RunTime:0.0016s ]
SQL: SHOW COLUMNS FROM `jt_course` [ RunTime:0.0275s ]
SQL: SELECT `name` FROM `jt_course` WHERE `id` = 149 LIMIT 1   [ RunTime:0.0009s ]
SQL: SELECT `name` FROM `jt_course` WHERE `id` = 148 LIMIT 1   [ RunTime:0.0008s ]
SQL: SELECT `name` FROM `jt_course` WHERE `id` = 147 LIMIT 1   [ RunTime:0.0008s ]
SQL: SELECT `name` FROM `jt_course` WHERE `id` = 149 LIMIT 1   [ RunTime:0.0009s ]
SQL: SELECT `name` FROM `jt_course` WHERE `id` = 148 LIMIT 1   [ RunTime:0.0010s ]
SQL: SELECT `name` FROM `jt_course` WHERE `id` = 147 LIMIT 1   [ RunTime:0.0008s ]
SQL: SELECT `name` FROM `jt_course` WHERE `id` = 149 LIMIT 1   [ RunTime:0.0009s ]
SQL: SELECT `name` FROM `jt_course` WHERE `id` = 148 LIMIT 1   [ RunTime:0.0009s ]
SQL: SELECT `name` FROM `jt_course` WHERE `id` = 147 LIMIT 1   [ RunTime:0.0011s ]
SQL: SELECT `name` FROM `jt_course` WHERE `id` = 148 LIMIT 1   [ RunTime:0.0018s ]
SQL: SELECT `name` FROM `jt_course` WHERE `id` = 147 LIMIT 1   [ RunTime:0.0009s ]
SQL: SELECT `name` FROM `jt_course` WHERE `id` = 147 LIMIT 1   [ RunTime:0.0012s ]
SQL: SELECT `name` FROM `jt_course` WHERE `id` = 147 LIMIT 1   [ RunTime:0.0008s ]
SQL: SELECT `name` FROM `jt_course` WHERE `id` = 147 LIMIT 1   [ RunTime:0.0007s ]
SQL: SELECT `name` FROM `jt_course` WHERE `id` = 147 LIMIT 1   [ RunTime:0.0010s ]
SQL: SELECT `name` FROM `jt_course` WHERE `id` = 147 LIMIT 1   [ RunTime:0.0007s ]
SQL: SELECT `name` FROM `jt_course` WHERE `id` = 147 LIMIT 1   [ RunTime:0.0011s ]
SQL: SELECT `name` FROM `jt_course` WHERE `id` = 147 LIMIT 1   [ RunTime:0.0009s ]
SQL: SELECT `name` FROM `jt_course` WHERE `id` = 147 LIMIT 1   [ RunTime:0.0010s ]
SQL: SELECT `name` FROM `jt_course` WHERE `id` = 147 LIMIT 1   [ RunTime:0.0008s ]

[ 2018-06-11T09:19:10+08:00 ] 127.0.0.1 /manager.php/Question/sin_showlist.html
INFO: [ app_init ] --START--
INFO: Run Behavior\BuildLiteBehavior [ RunTime:0.000138s ]
INFO: [ app_init ] --END-- [ RunTime:0.002809s ]
INFO: [ app_begin ] --START--
INFO: Run Behavior\ReadHtmlCacheBehavior [ RunTime:0.005939s ]
INFO: [ app_begin ] --END-- [ RunTime:0.006534s ]
SQL: SHOW COLUMNS FROM `jt_role` [ RunTime:0.0423s ]
SQL: SELECT * FROM `jt_role` WHERE `id` = 0 LIMIT 1   [ RunTime:0.0009s ]
SQL: SHOW COLUMNS FROM `jt_ques_single` [ RunTime:0.0634s ]
ERR: 1064:You have an error in your SQL syntax; check the manual that corresponds to your MySQL server version for the right syntax to use near 's%' or name like '%a's%'  ) ORDER BY id desc LIMIT 0,20' at line 1
 [ SQL语句 ] : SELECT `name`,`descr`,`op1`,`op2`,`op3`,`op4`,`is_show`,`difficulty`,jt_ques_single.id,`course_id`,`is_op1`,`is_op2`,`is_op3`,`is_op4` FROM `jt_ques_single` INNER JOIN jt_course c ON c.id = course_id  WHERE ( descr like '%a's%' or name like '%a's%'  ) ORDER BY id desc LIMIT 0,20  
ERR: 1064:You have an error in your SQL syntax; check the manual that corresponds to your MySQL server version for the right syntax to use near 's%' or name like '%a's%'  ) ORDER BY id desc LIMIT 0,20' at line 1
 [ SQL语句 ] : SELECT `name`,`descr`,`op1`,`op2`,`op3`,`op4`,`is_show`,`difficulty`,jt_ques_single.id,`course_id`,`is_op1`,`is_op2`,`is_op3`,`is_op4` FROM `jt_ques_single` INNER JOIN jt_course c ON c.id = course_id  WHERE ( descr like '%a's%' or name like '%a's%'  ) ORDER BY id desc LIMIT 0,20  

[ 2018-06-11T09:19:11+08:00 ] 127.0.0.1 /manager.php/Question/sin_showlist.html
INFO: [ app_init ] --START--
INFO: Run Behavior\BuildLiteBehavior [ RunTime:0.000114s ]
INFO: [ app_init ] --END-- [ RunTime:0.002104s ]
INFO: [ app_begin ] --START--
INFO: Run Behavior\ReadHtmlCacheBehavior [ RunTime:0.003842s ]
INFO: [ app_begin ] --END-- [ RunTime:0.004371s ]
SQL: SHOW COLUMNS FROM `jt_role` [ RunTime:0.0385s ]
SQL: SELECT * FROM `jt_role` WHERE `id` = 0 LIMIT 1   [ RunTime:0.0008s ]
SQL: SHOW COLUMNS FROM `jt_ques_single` [ RunTime:0.0510s ]
SQL: SELECT `name`,`descr`,`op1`,`op2`,`op3`,`op4`,`is_show`,`difficulty`,jt_ques_single.id,`course_id`,`is_op1`,`is_op2`,`is_op3`,`is_op4` FROM `jt_ques_single` INNER JOIN jt_course c ON c.id = course_id  WHERE ( descr like '%as%' or name like '%as%'  ) ORDER BY id desc LIMIT 0,20   [ RunTime:0.0021s ]
SQL: SELECT COUNT(*) AS tp_count FROM `jt_ques_single` INNER JOIN jt_course c ON c.id = course_id  WHERE ( descr like '%as%' or name like '%as%'  ) LIMIT 1   [ RunTime:0.0027s ]
SQL: SHOW COLUMNS FROM `jt_course` [ RunTime:0.0410s ]
SQL: SELECT `name` FROM `jt_course` WHERE `id` = 147 LIMIT 1   [ RunTime:0.0007s ]
SQL: SELECT `name` FROM `jt_course` WHERE `id` = 147 LIMIT 1   [ RunTime:0.0004s ]

[ 2018-06-11T09:19:32+08:00 ] 127.0.0.1 /manager.php/Question/sin_showlist.html
INFO: [ app_init ] --START--
INFO: Run Behavior\BuildLiteBehavior [ RunTime:0.000119s ]
INFO: [ app_init ] --END-- [ RunTime:0.002122s ]
INFO: [ app_begin ] --START--
INFO: Run Behavior\ReadHtmlCacheBehavior [ RunTime:0.009834s ]
INFO: [ app_begin ] --END-- [ RunTime:0.010436s ]
SQL: SHOW COLUMNS FROM `jt_role` [ RunTime:0.0294s ]
SQL: SELECT * FROM `jt_role` WHERE `id` = 0 LIMIT 1   [ RunTime:0.0007s ]
SQL: SHOW COLUMNS FROM `jt_ques_single` [ RunTime:0.0386s ]
SQL: SELECT `name`,`descr`,`op1`,`op2`,`op3`,`op4`,`is_show`,`difficulty`,jt_ques_single.id,`course_id`,`is_op1`,`is_op2`,`is_op3`,`is_op4` FROM `jt_ques_single` INNER JOIN jt_course c ON c.id = course_id  WHERE ( descr like '%as啊%' or name like '%as啊%'  ) ORDER BY id desc LIMIT 0,20   [ RunTime:0.0023s ]
SQL: SELECT COUNT(*) AS tp_count FROM `jt_ques_single` INNER JOIN jt_course c ON c.id = course_id  WHERE ( descr like '%as啊%' or name like '%as啊%'  ) LIMIT 1   [ RunTime:0.0020s ]
SQL: SHOW COLUMNS FROM `jt_course` [ RunTime:0.0325s ]

[ 2018-06-11T09:19:43+08:00 ] 127.0.0.1 /manager.php/Question/sin_showlist.html
INFO: [ app_init ] --START--
INFO: Run Behavior\BuildLiteBehavior [ RunTime:0.000146s ]
INFO: [ app_init ] --END-- [ RunTime:0.002750s ]
INFO: [ app_begin ] --START--
INFO: Run Behavior\ReadHtmlCacheBehavior [ RunTime:0.020453s ]
INFO: [ app_begin ] --END-- [ RunTime:0.021092s ]
SQL: SHOW COLUMNS FROM `jt_role` [ RunTime:0.0878s ]
SQL: SELECT * FROM `jt_role` WHERE `id` = 0 LIMIT 1   [ RunTime:0.0007s ]
SQL: SHOW COLUMNS FROM `jt_ques_single` [ RunTime:0.0576s ]
SQL: SELECT `name`,`descr`,`op1`,`op2`,`op3`,`op4`,`is_show`,`difficulty`,jt_ques_single.id,`course_id`,`is_op1`,`is_op2`,`is_op3`,`is_op4` FROM `jt_ques_single` INNER JOIN jt_course c ON c.id = course_id  WHERE ( descr like '%a%' or name like '%a%'  ) ORDER BY id desc LIMIT 0,20   [ RunTime:0.0026s ]
SQL: SELECT COUNT(*) AS tp_count FROM `jt_ques_single` INNER JOIN jt_course c ON c.id = course_id  WHERE ( descr like '%a%' or name like '%a%'  ) LIMIT 1   [ RunTime:0.0015s ]
SQL: SHOW COLUMNS FROM `jt_course` [ RunTime:0.0630s ]
SQL: SELECT `name` FROM `jt_course` WHERE `id` = 149 LIMIT 1   [ RunTime:0.0007s ]
SQL: SELECT `name` FROM `jt_course` WHERE `id` = 149 LIMIT 1   [ RunTime:0.0007s ]
SQL: SELECT `name` FROM `jt_course` WHERE `id` = 149 LIMIT 1   [ RunTime:0.0012s ]
SQL: SELECT `name` FROM `jt_course` WHERE `id` = 147 LIMIT 1   [ RunTime:0.0009s ]
SQL: SELECT `name` FROM `jt_course` WHERE `id` = 147 LIMIT 1   [ RunTime:0.0010s ]
SQL: SELECT `name` FROM `jt_course` WHERE `id` = 147 LIMIT 1   [ RunTime:0.0010s ]
SQL: SELECT `name` FROM `jt_course` WHERE `id` = 147 LIMIT 1   [ RunTime:0.0008s ]
SQL: SELECT `name` FROM `jt_course` WHERE `id` = 147 LIMIT 1   [ RunTime:0.0009s ]
SQL: SELECT `name` FROM `jt_course` WHERE `id` = 147 LIMIT 1   [ RunTime:0.0010s ]
SQL: SELECT `name` FROM `jt_course` WHERE `id` = 147 LIMIT 1   [ RunTime:0.0009s ]
SQL: SELECT `name` FROM `jt_course` WHERE `id` = 149 LIMIT 1   [ RunTime:0.0006s ]
SQL: SELECT `name` FROM `jt_course` WHERE `id` = 149 LIMIT 1   [ RunTime:0.0008s ]
SQL: SELECT `name` FROM `jt_course` WHERE `id` = 149 LIMIT 1   [ RunTime:0.0008s ]
SQL: SELECT `name` FROM `jt_course` WHERE `id` = 149 LIMIT 1   [ RunTime:0.0013s ]
SQL: SELECT `name` FROM `jt_course` WHERE `id` = 149 LIMIT 1   [ RunTime:0.0008s ]

[ 2018-06-11T09:19:47+08:00 ] 127.0.0.1 /manager.php/Question/sin_showlist.html
INFO: [ app_init ] --START--
INFO: Run Behavior\BuildLiteBehavior [ RunTime:0.000156s ]
INFO: [ app_init ] --END-- [ RunTime:0.004543s ]
INFO: [ app_begin ] --START--
INFO: Run Behavior\ReadHtmlCacheBehavior [ RunTime:0.006517s ]
INFO: [ app_begin ] --END-- [ RunTime:0.007454s ]
SQL: SHOW COLUMNS FROM `jt_role` [ RunTime:0.1268s ]
SQL: SELECT * FROM `jt_role` WHERE `id` = 0 LIMIT 1   [ RunTime:0.0011s ]
SQL: SHOW COLUMNS FROM `jt_ques_single` [ RunTime:0.0709s ]
ERR: 1064:You have an error in your SQL syntax; check the manual that corresponds to your MySQL server version for the right syntax to use near '%' or name like '%a'%'  ) ORDER BY id desc LIMIT 0,20' at line 1
 [ SQL语句 ] : SELECT `name`,`descr`,`op1`,`op2`,`op3`,`op4`,`is_show`,`difficulty`,jt_ques_single.id,`course_id`,`is_op1`,`is_op2`,`is_op3`,`is_op4` FROM `jt_ques_single` INNER JOIN jt_course c ON c.id = course_id  WHERE ( descr like '%a'%' or name like '%a'%'  ) ORDER BY id desc LIMIT 0,20  
ERR: 1064:You have an error in your SQL syntax; check the manual that corresponds to your MySQL server version for the right syntax to use near '%' or name like '%a'%'  ) ORDER BY id desc LIMIT 0,20' at line 1
 [ SQL语句 ] : SELECT `name`,`descr`,`op1`,`op2`,`op3`,`op4`,`is_show`,`difficulty`,jt_ques_single.id,`course_id`,`is_op1`,`is_op2`,`is_op3`,`is_op4` FROM `jt_ques_single` INNER JOIN jt_course c ON c.id = course_id  WHERE ( descr like '%a'%' or name like '%a'%'  ) ORDER BY id desc LIMIT 0,20  

[ 2018-06-11T09:20:58+08:00 ] 127.0.0.1 /manager.php/Question/sin_showlist.html
INFO: [ app_init ] --START--
INFO: Run Behavior\BuildLiteBehavior [ RunTime:0.000128s ]
INFO: [ app_init ] --END-- [ RunTime:0.002812s ]
INFO: [ app_begin ] --START--
INFO: Run Behavior\ReadHtmlCacheBehavior [ RunTime:0.004016s ]
INFO: [ app_begin ] --END-- [ RunTime:0.004547s ]
SQL: SHOW COLUMNS FROM `jt_role` [ RunTime:0.0546s ]
SQL: SELECT * FROM `jt_role` WHERE `id` = 0 LIMIT 1   [ RunTime:0.0009s ]
SQL: SHOW COLUMNS FROM `jt_ques_single` [ RunTime:0.0738s ]
SQL: SELECT `name`,`descr`,`op1`,`op2`,`op3`,`op4`,`is_show`,`difficulty`,jt_ques_single.id,`course_id`,`is_op1`,`is_op2`,`is_op3`,`is_op4` FROM `jt_ques_single` INNER JOIN jt_course c ON c.id = course_id  WHERE ( descr like '%a%' or name like '%a%'  ) ORDER BY id desc LIMIT 0,20   [ RunTime:0.0023s ]
SQL: SELECT COUNT(*) AS tp_count FROM `jt_ques_single` INNER JOIN jt_course c ON c.id = course_id  WHERE ( descr like '%a%' or name like '%a%'  ) LIMIT 1   [ RunTime:0.0017s ]
SQL: SHOW COLUMNS FROM `jt_course` [ RunTime:0.0584s ]
SQL: SELECT `name` FROM `jt_course` WHERE `id` = 149 LIMIT 1   [ RunTime:0.0008s ]
SQL: SELECT `name` FROM `jt_course` WHERE `id` = 149 LIMIT 1   [ RunTime:0.0008s ]
SQL: SELECT `name` FROM `jt_course` WHERE `id` = 149 LIMIT 1   [ RunTime:0.0007s ]
SQL: SELECT `name` FROM `jt_course` WHERE `id` = 147 LIMIT 1   [ RunTime:0.0009s ]
SQL: SELECT `name` FROM `jt_course` WHERE `id` = 147 LIMIT 1   [ RunTime:0.0008s ]
SQL: SELECT `name` FROM `jt_course` WHERE `id` = 147 LIMIT 1   [ RunTime:0.0005s ]
SQL: SELECT `name` FROM `jt_course` WHERE `id` = 147 LIMIT 1   [ RunTime:0.0007s ]
SQL: SELECT `name` FROM `jt_course` WHERE `id` = 147 LIMIT 1   [ RunTime:0.0007s ]
SQL: SELECT `name` FROM `jt_course` WHERE `id` = 147 LIMIT 1   [ RunTime:0.0008s ]
SQL: SELECT `name` FROM `jt_course` WHERE `id` = 147 LIMIT 1   [ RunTime:0.0007s ]
SQL: SELECT `name` FROM `jt_course` WHERE `id` = 149 LIMIT 1   [ RunTime:0.0005s ]
SQL: SELECT `name` FROM `jt_course` WHERE `id` = 149 LIMIT 1   [ RunTime:0.0004s ]
SQL: SELECT `name` FROM `jt_course` WHERE `id` = 149 LIMIT 1   [ RunTime:0.0007s ]
SQL: SELECT `name` FROM `jt_course` WHERE `id` = 149 LIMIT 1   [ RunTime:0.0007s ]
SQL: SELECT `name` FROM `jt_course` WHERE `id` = 149 LIMIT 1   [ RunTime:0.0007s ]

[ 2018-06-11T09:21:00+08:00 ] 127.0.0.1 /manager.php/Question/sin_showlist.html
INFO: [ app_init ] --START--
INFO: Run Behavior\BuildLiteBehavior [ RunTime:0.000122s ]
INFO: [ app_init ] --END-- [ RunTime:0.002054s ]
INFO: [ app_begin ] --START--
INFO: Run Behavior\ReadHtmlCacheBehavior [ RunTime:0.004310s ]
INFO: [ app_begin ] --END-- [ RunTime:0.004886s ]
SQL: SHOW COLUMNS FROM `jt_role` [ RunTime:0.0586s ]
SQL: SELECT * FROM `jt_role` WHERE `id` = 0 LIMIT 1   [ RunTime:0.0012s ]
SQL: SHOW COLUMNS FROM `jt_ques_single` [ RunTime:0.0592s ]
SQL: SELECT * FROM `jt_ques_single` ORDER BY id desc LIMIT 0,20   [ RunTime:0.0017s ]
SQL: SELECT COUNT(*) AS tp_count FROM `jt_ques_single` LIMIT 1   [ RunTime:0.0007s ]
SQL: SHOW COLUMNS FROM `jt_course` [ RunTime:0.0667s ]
SQL: SELECT `name` FROM `jt_course` WHERE `id` = 149 LIMIT 1   [ RunTime:0.0009s ]
SQL: SELECT `name` FROM `jt_course` WHERE `id` = 148 LIMIT 1   [ RunTime:0.0007s ]
SQL: SELECT `name` FROM `jt_course` WHERE `id` = 147 LIMIT 1   [ RunTime:0.0005s ]
SQL: SELECT `name` FROM `jt_course` WHERE `id` = 149 LIMIT 1   [ RunTime:0.0007s ]
SQL: SELECT `name` FROM `jt_course` WHERE `id` = 148 LIMIT 1   [ RunTime:0.0008s ]
SQL: SELECT `name` FROM `jt_course` WHERE `id` = 147 LIMIT 1   [ RunTime:0.0006s ]
SQL: SELECT `name` FROM `jt_course` WHERE `id` = 149 LIMIT 1   [ RunTime:0.0005s ]
SQL: SELECT `name` FROM `jt_course` WHERE `id` = 148 LIMIT 1   [ RunTime:0.0009s ]
SQL: SELECT `name` FROM `jt_course` WHERE `id` = 147 LIMIT 1   [ RunTime:0.0008s ]
SQL: SELECT `name` FROM `jt_course` WHERE `id` = 148 LIMIT 1   [ RunTime:0.0011s ]
SQL: SELECT `name` FROM `jt_course` WHERE `id` = 147 LIMIT 1   [ RunTime:0.0009s ]
SQL: SELECT `name` FROM `jt_course` WHERE `id` = 147 LIMIT 1   [ RunTime:0.0007s ]
SQL: SELECT `name` FROM `jt_course` WHERE `id` = 147 LIMIT 1   [ RunTime:0.0010s ]
SQL: SELECT `name` FROM `jt_course` WHERE `id` = 147 LIMIT 1   [ RunTime:0.0006s ]
SQL: SELECT `name` FROM `jt_course` WHERE `id` = 147 LIMIT 1   [ RunTime:0.0007s ]
SQL: SELECT `name` FROM `jt_course` WHERE `id` = 147 LIMIT 1   [ RunTime:0.0006s ]
SQL: SELECT `name` FROM `jt_course` WHERE `id` = 147 LIMIT 1   [ RunTime:0.0005s ]
SQL: SELECT `name` FROM `jt_course` WHERE `id` = 147 LIMIT 1   [ RunTime:0.0009s ]
SQL: SELECT `name` FROM `jt_course` WHERE `id` = 147 LIMIT 1   [ RunTime:0.0007s ]
SQL: SELECT `name` FROM `jt_course` WHERE `id` = 147 LIMIT 1   [ RunTime:0.0007s ]

[ 2018-06-11T09:21:07+08:00 ] 127.0.0.1 /manager.php/Question/sin_showlist.html
INFO: [ app_init ] --START--
INFO: Run Behavior\BuildLiteBehavior [ RunTime:0.000114s ]
INFO: [ app_init ] --END-- [ RunTime:0.001979s ]
INFO: [ app_begin ] --START--
INFO: Run Behavior\ReadHtmlCacheBehavior [ RunTime:0.003197s ]
INFO: [ app_begin ] --END-- [ RunTime:0.003671s ]
SQL: SHOW COLUMNS FROM `jt_role` [ RunTime:0.0547s ]
SQL: SELECT * FROM `jt_role` WHERE `id` = 0 LIMIT 1   [ RunTime:0.0010s ]
SQL: SHOW COLUMNS FROM `jt_ques_single` [ RunTime:0.0539s ]
SQL: SELECT `name`,`descr`,`op1`,`op2`,`op3`,`op4`,`is_show`,`difficulty`,jt_ques_single.id,`course_id`,`is_op1`,`is_op2`,`is_op3`,`is_op4` FROM `jt_ques_single` INNER JOIN jt_course c ON c.id = course_id  WHERE ( descr like '%a%' or name like '%a%'  ) ORDER BY id desc LIMIT 0,20   [ RunTime:0.0028s ]
SQL: SELECT COUNT(*) AS tp_count FROM `jt_ques_single` INNER JOIN jt_course c ON c.id = course_id  WHERE ( descr like '%a%' or name like '%a%'  ) LIMIT 1   [ RunTime:0.0012s ]
SQL: SHOW COLUMNS FROM `jt_course` [ RunTime:0.0500s ]
SQL: SELECT `name` FROM `jt_course` WHERE `id` = 149 LIMIT 1   [ RunTime:0.0006s ]
SQL: SELECT `name` FROM `jt_course` WHERE `id` = 149 LIMIT 1   [ RunTime:0.0004s ]
SQL: SELECT `name` FROM `jt_course` WHERE `id` = 149 LIMIT 1   [ RunTime:0.0004s ]
SQL: SELECT `name` FROM `jt_course` WHERE `id` = 147 LIMIT 1   [ RunTime:0.0005s ]
SQL: SELECT `name` FROM `jt_course` WHERE `id` = 147 LIMIT 1   [ RunTime:0.0004s ]
SQL: SELECT `name` FROM `jt_course` WHERE `id` = 147 LIMIT 1   [ RunTime:0.0005s ]
SQL: SELECT `name` FROM `jt_course` WHERE `id` = 147 LIMIT 1   [ RunTime:0.0005s ]
SQL: SELECT `name` FROM `jt_course` WHERE `id` = 147 LIMIT 1   [ RunTime:0.0004s ]
SQL: SELECT `name` FROM `jt_course` WHERE `id` = 147 LIMIT 1   [ RunTime:0.0004s ]
SQL: SELECT `name` FROM `jt_course` WHERE `id` = 147 LIMIT 1   [ RunTime:0.0004s ]
SQL: SELECT `name` FROM `jt_course` WHERE `id` = 149 LIMIT 1   [ RunTime:0.0004s ]
SQL: SELECT `name` FROM `jt_course` WHERE `id` = 149 LIMIT 1   [ RunTime:0.0008s ]
SQL: SELECT `name` FROM `jt_course` WHERE `id` = 149 LIMIT 1   [ RunTime:0.0006s ]
SQL: SELECT `name` FROM `jt_course` WHERE `id` = 149 LIMIT 1   [ RunTime:0.0004s ]
SQL: SELECT `name` FROM `jt_course` WHERE `id` = 149 LIMIT 1   [ RunTime:0.0004s ]

[ 2018-06-11T09:21:16+08:00 ] 127.0.0.1 /manager.php/Question/sin_showlist.html
INFO: [ app_init ] --START--
INFO: Run Behavior\BuildLiteBehavior [ RunTime:0.000115s ]
INFO: [ app_init ] --END-- [ RunTime:0.002018s ]
INFO: [ app_begin ] --START--
INFO: Run Behavior\ReadHtmlCacheBehavior [ RunTime:0.003309s ]
INFO: [ app_begin ] --END-- [ RunTime:0.003799s ]
SQL: SHOW COLUMNS FROM `jt_role` [ RunTime:0.0535s ]
SQL: SELECT * FROM `jt_role` WHERE `id` = 0 LIMIT 1   [ RunTime:0.0008s ]
SQL: SHOW COLUMNS FROM `jt_ques_single` [ RunTime:0.0507s ]
SQL: SELECT `name`,`descr`,`op1`,`op2`,`op3`,`op4`,`is_show`,`difficulty`,jt_ques_single.id,`course_id`,`is_op1`,`is_op2`,`is_op3`,`is_op4` FROM `jt_ques_single` INNER JOIN jt_course c ON c.id = course_id  WHERE ( descr like '%EKA招新%' or name like '%EKA招新%'  ) ORDER BY id desc LIMIT 0,20   [ RunTime:0.0023s ]
SQL: SELECT COUNT(*) AS tp_count FROM `jt_ques_single` INNER JOIN jt_course c ON c.id = course_id  WHERE ( descr like '%EKA招新%' or name like '%EKA招新%'  ) LIMIT 1   [ RunTime:0.0018s ]
SQL: SHOW COLUMNS FROM `jt_course` [ RunTime:0.0532s ]
SQL: SELECT `name` FROM `jt_course` WHERE `id` = 149 LIMIT 1   [ RunTime:0.0010s ]
SQL: SELECT `name` FROM `jt_course` WHERE `id` = 149 LIMIT 1   [ RunTime:0.0009s ]
SQL: SELECT `name` FROM `jt_course` WHERE `id` = 149 LIMIT 1   [ RunTime:0.0007s ]
SQL: SELECT `name` FROM `jt_course` WHERE `id` = 149 LIMIT 1   [ RunTime:0.0008s ]
SQL: SELECT `name` FROM `jt_course` WHERE `id` = 149 LIMIT 1   [ RunTime:0.0008s ]
SQL: SELECT `name` FROM `jt_course` WHERE `id` = 149 LIMIT 1   [ RunTime:0.0007s ]
SQL: SELECT `name` FROM `jt_course` WHERE `id` = 149 LIMIT 1   [ RunTime:0.0008s ]
SQL: SELECT `name` FROM `jt_course` WHERE `id` = 149 LIMIT 1   [ RunTime:0.0007s ]

[ 2018-06-11T09:21:20+08:00 ] 127.0.0.1 /manager.php/Question/sin_showlist.html
INFO: [ app_init ] --START--
INFO: Run Behavior\BuildLiteBehavior [ RunTime:0.000117s ]
INFO: [ app_init ] --END-- [ RunTime:0.002071s ]
INFO: [ app_begin ] --START--
INFO: Run Behavior\ReadHtmlCacheBehavior [ RunTime:0.003308s ]
INFO: [ app_begin ] --END-- [ RunTime:0.003786s ]
SQL: SHOW COLUMNS FROM `jt_role` [ RunTime:0.0527s ]
SQL: SELECT * FROM `jt_role` WHERE `id` = 0 LIMIT 1   [ RunTime:0.0009s ]
SQL: SHOW COLUMNS FROM `jt_ques_single` [ RunTime:0.0567s ]
SQL: SELECT * FROM `jt_ques_single` ORDER BY id desc LIMIT 0,20   [ RunTime:0.0019s ]
SQL: SELECT COUNT(*) AS tp_count FROM `jt_ques_single` LIMIT 1   [ RunTime:0.0008s ]
SQL: SHOW COLUMNS FROM `jt_course` [ RunTime:0.0543s ]
SQL: SELECT `name` FROM `jt_course` WHERE `id` = 149 LIMIT 1   [ RunTime:0.0008s ]
SQL: SELECT `name` FROM `jt_course` WHERE `id` = 148 LIMIT 1   [ RunTime:0.0006s ]
SQL: SELECT `name` FROM `jt_course` WHERE `id` = 147 LIMIT 1   [ RunTime:0.0008s ]
SQL: SELECT `name` FROM `jt_course` WHERE `id` = 149 LIMIT 1   [ RunTime:0.0006s ]
SQL: SELECT `name` FROM `jt_course` WHERE `id` = 148 LIMIT 1   [ RunTime:0.0007s ]
SQL: SELECT `name` FROM `jt_course` WHERE `id` = 147 LIMIT 1   [ RunTime:0.0006s ]
SQL: SELECT `name` FROM `jt_course` WHERE `id` = 149 LIMIT 1   [ RunTime:0.0007s ]
SQL: SELECT `name` FROM `jt_course` WHERE `id` = 148 LIMIT 1   [ RunTime:0.0008s ]
SQL: SELECT `name` FROM `jt_course` WHERE `id` = 147 LIMIT 1   [ RunTime:0.0008s ]
SQL: SELECT `name` FROM `jt_course` WHERE `id` = 148 LIMIT 1   [ RunTime:0.0008s ]
SQL: SELECT `name` FROM `jt_course` WHERE `id` = 147 LIMIT 1   [ RunTime:0.0007s ]
SQL: SELECT `name` FROM `jt_course` WHERE `id` = 147 LIMIT 1   [ RunTime:0.0010s ]
SQL: SELECT `name` FROM `jt_course` WHERE `id` = 147 LIMIT 1   [ RunTime:0.0007s ]
SQL: SELECT `name` FROM `jt_course` WHERE `id` = 147 LIMIT 1   [ RunTime:0.0005s ]
SQL: SELECT `name` FROM `jt_course` WHERE `id` = 147 LIMIT 1   [ RunTime:0.0007s ]
SQL: SELECT `name` FROM `jt_course` WHERE `id` = 147 LIMIT 1   [ RunTime:0.0006s ]
SQL: SELECT `name` FROM `jt_course` WHERE `id` = 147 LIMIT 1   [ RunTime:0.0006s ]
SQL: SELECT `name` FROM `jt_course` WHERE `id` = 147 LIMIT 1   [ RunTime:0.0007s ]
SQL: SELECT `name` FROM `jt_course` WHERE `id` = 147 LIMIT 1   [ RunTime:0.0007s ]
SQL: SELECT `name` FROM `jt_course` WHERE `id` = 147 LIMIT 1   [ RunTime:0.0008s ]

[ 2018-06-11T09:35:27+08:00 ] 127.0.0.1 /manager.php/Question/sin_showlist.html
INFO: [ app_init ] --START--
INFO: Run Behavior\BuildLiteBehavior [ RunTime:0.000132s ]
INFO: [ app_init ] --END-- [ RunTime:0.002662s ]
INFO: [ app_begin ] --START--
INFO: Run Behavior\ReadHtmlCacheBehavior [ RunTime:0.005397s ]
INFO: [ app_begin ] --END-- [ RunTime:0.007142s ]
SQL: SHOW COLUMNS FROM `jt_role` [ RunTime:0.0855s ]
SQL: SELECT * FROM `jt_role` WHERE `id` = 0 LIMIT 1   [ RunTime:0.0012s ]
SQL: SHOW COLUMNS FROM `jt_ques_single` [ RunTime:0.0563s ]
SQL: SELECT `name`,`descr`,`op1`,`op2`,`op3`,`op4`,`is_show`,`difficulty`,jt_ques_single.id,`course_id`,`is_op1`,`is_op2`,`is_op3`,`is_op4` FROM `jt_ques_single` INNER JOIN jt_course c ON c.id = course_id  WHERE ( descr like '%fa%' or name like '%fa%'  ) ORDER BY id desc LIMIT 0,20   [ RunTime:0.0022s ]
SQL: SELECT COUNT(*) AS tp_count FROM `jt_ques_single` INNER JOIN jt_course c ON c.id = course_id  WHERE ( descr like '%fa%' or name like '%fa%'  ) LIMIT 1   [ RunTime:0.0019s ]
SQL: SHOW COLUMNS FROM `jt_course` [ RunTime:0.0548s ]

[ 2018-06-11T09:35:29+08:00 ] 127.0.0.1 /manager.php/Question/sin_showlist.html
INFO: [ app_init ] --START--
INFO: Run Behavior\BuildLiteBehavior [ RunTime:0.000112s ]
INFO: [ app_init ] --END-- [ RunTime:0.002029s ]
INFO: [ app_begin ] --START--
INFO: Run Behavior\ReadHtmlCacheBehavior [ RunTime:0.003242s ]
INFO: [ app_begin ] --END-- [ RunTime:0.003948s ]
SQL: SHOW COLUMNS FROM `jt_role` [ RunTime:0.0538s ]
SQL: SELECT * FROM `jt_role` WHERE `id` = 0 LIMIT 1   [ RunTime:0.0008s ]
SQL: SHOW COLUMNS FROM `jt_ques_single` [ RunTime:0.0569s ]
SQL: SELECT `name`,`descr`,`op1`,`op2`,`op3`,`op4`,`is_show`,`difficulty`,jt_ques_single.id,`course_id`,`is_op1`,`is_op2`,`is_op3`,`is_op4` FROM `jt_ques_single` INNER JOIN jt_course c ON c.id = course_id  WHERE ( descr like '%F%' or name like '%F%'  ) ORDER BY id desc LIMIT 0,20   [ RunTime:0.0023s ]
SQL: SELECT COUNT(*) AS tp_count FROM `jt_ques_single` INNER JOIN jt_course c ON c.id = course_id  WHERE ( descr like '%F%' or name like '%F%'  ) LIMIT 1   [ RunTime:0.0016s ]
SQL: SHOW COLUMNS FROM `jt_course` [ RunTime:0.0560s ]
SQL: SELECT `name` FROM `jt_course` WHERE `id` = 147 LIMIT 1   [ RunTime:0.0008s ]

[ 2018-06-11T09:35:33+08:00 ] 127.0.0.1 /manager.php/Question/sub_showlist.html
INFO: [ app_init ] --START--
INFO: Run Behavior\BuildLiteBehavior [ RunTime:0.000133s ]
INFO: [ app_init ] --END-- [ RunTime:0.002174s ]
INFO: [ app_begin ] --START--
INFO: Run Behavior\ReadHtmlCacheBehavior [ RunTime:0.004457s ]
INFO: [ app_begin ] --END-- [ RunTime:0.005137s ]
SQL: SHOW COLUMNS FROM `jt_role` [ RunTime:0.0697s ]
SQL: SELECT * FROM `jt_role` WHERE `id` = 0 LIMIT 1   [ RunTime:0.0009s ]
INFO: [ view_parse ] --START--
INFO: [ template_filter ] --START--
INFO: Run Behavior\ContentReplaceBehavior [ RunTime:0.000709s ]
INFO: [ template_filter ] --END-- [ RunTime:0.001410s ]
INFO: Run Behavior\ParseTemplateBehavior [ RunTime:0.047138s ]
INFO: [ view_parse ] --END-- [ RunTime:0.047868s ]
INFO: [ view_filter ] --START--
INFO: Run Behavior\WriteHtmlCacheBehavior [ RunTime:0.003833s ]
INFO: [ view_filter ] --END-- [ RunTime:0.004613s ]
INFO: [ app_end ] --START--
INFO: Run Behavior\ShowPageTraceBehavior [ RunTime:0.004738s ]
INFO: [ app_end ] --END-- [ RunTime:0.006524s ]

[ 2018-06-11T09:35:35+08:00 ] 127.0.0.1 /manager.php/Question/sub_showlist.html
INFO: [ app_init ] --START--
INFO: Run Behavior\BuildLiteBehavior [ RunTime:0.000116s ]
INFO: [ app_init ] --END-- [ RunTime:0.002429s ]
INFO: [ app_begin ] --START--
INFO: Run Behavior\ReadHtmlCacheBehavior [ RunTime:0.003832s ]
INFO: [ app_begin ] --END-- [ RunTime:0.004348s ]
SQL: SHOW COLUMNS FROM `jt_role` [ RunTime:0.0566s ]
SQL: SELECT * FROM `jt_role` WHERE `id` = 0 LIMIT 1   [ RunTime:0.0007s ]
SQL: SHOW COLUMNS FROM `jt_ques_subj` [ RunTime:0.0500s ]
SQL: SELECT * FROM `jt_ques_subj` ORDER BY id desc LIMIT 0,20   [ RunTime:0.0014s ]
SQL: SELECT COUNT(*) AS tp_count FROM `jt_ques_subj` LIMIT 1   [ RunTime:0.0009s ]
SQL: SHOW COLUMNS FROM `jt_course` [ RunTime:0.0567s ]
SQL: SELECT `name` FROM `jt_course` WHERE `id` = 157 LIMIT 1   [ RunTime:0.0008s ]
SQL: SELECT `name` FROM `jt_course` WHERE `id` = 157 LIMIT 1   [ RunTime:0.0006s ]
SQL: SELECT `name` FROM `jt_course` WHERE `id` = 157 LIMIT 1   [ RunTime:0.0004s ]
SQL: SELECT `name` FROM `jt_course` WHERE `id` = 157 LIMIT 1   [ RunTime:0.0008s ]
SQL: SELECT `name` FROM `jt_course` WHERE `id` = 157 LIMIT 1   [ RunTime:0.0005s ]
SQL: SELECT `name` FROM `jt_course` WHERE `id` = 157 LIMIT 1   [ RunTime:0.0004s ]
SQL: SELECT `name` FROM `jt_course` WHERE `id` = 157 LIMIT 1   [ RunTime:0.0004s ]
SQL: SELECT `name` FROM `jt_course` WHERE `id` = 157 LIMIT 1   [ RunTime:0.0004s ]
SQL: SELECT `name` FROM `jt_course` WHERE `id` = 157 LIMIT 1   [ RunTime:0.0004s ]
SQL: SELECT `name` FROM `jt_course` WHERE `id` = 157 LIMIT 1   [ RunTime:0.0004s ]
SQL: SELECT `name` FROM `jt_course` WHERE `id` = 157 LIMIT 1   [ RunTime:0.0004s ]
SQL: SELECT `name` FROM `jt_course` WHERE `id` = 157 LIMIT 1   [ RunTime:0.0004s ]
SQL: SELECT `name` FROM `jt_course` WHERE `id` = 157 LIMIT 1   [ RunTime:0.0006s ]
SQL: SELECT `name` FROM `jt_course` WHERE `id` = 157 LIMIT 1   [ RunTime:0.0009s ]
SQL: SELECT `name` FROM `jt_course` WHERE `id` = 157 LIMIT 1   [ RunTime:0.0010s ]
SQL: SELECT `name` FROM `jt_course` WHERE `id` = 157 LIMIT 1   [ RunTime:0.0008s ]
SQL: SELECT `name` FROM `jt_course` WHERE `id` = 157 LIMIT 1   [ RunTime:0.0007s ]
SQL: SELECT `name` FROM `jt_course` WHERE `id` = 157 LIMIT 1   [ RunTime:0.0008s ]
SQL: SELECT `name` FROM `jt_course` WHERE `id` = 157 LIMIT 1   [ RunTime:0.0007s ]
SQL: SELECT `name` FROM `jt_course` WHERE `id` = 157 LIMIT 1   [ RunTime:0.0007s ]

[ 2018-06-11T09:35:58+08:00 ] 127.0.0.1 /manager.php/Course/showlist.html
INFO: [ app_init ] --START--
INFO: Run Behavior\BuildLiteBehavior [ RunTime:0.000120s ]
INFO: [ app_init ] --END-- [ RunTime:0.002109s ]
INFO: [ app_begin ] --START--
INFO: Run Behavior\ReadHtmlCacheBehavior [ RunTime:0.004307s ]
INFO: [ app_begin ] --END-- [ RunTime:0.004935s ]
SQL: SHOW COLUMNS FROM `jt_role` [ RunTime:0.0557s ]
SQL: SELECT * FROM `jt_role` WHERE `id` = 0 LIMIT 1   [ RunTime:0.0009s ]
SQL: SHOW COLUMNS FROM `jt_course` [ RunTime:0.0499s ]
SQL: SELECT * FROM `jt_course`  [ RunTime:0.0010s ]
NOTIC: [8] Undefined index: p D:\wamp\www\jmooctest\Application\Common\Common\function.php 第 6 行.
INFO: [ view_parse ] --START--
INFO: [ template_filter ] --START--
INFO: Run Behavior\ContentReplaceBehavior [ RunTime:0.000815s ]
INFO: [ template_filter ] --END-- [ RunTime:0.001381s ]
INFO: Run Behavior\ParseTemplateBehavior [ RunTime:0.076115s ]
INFO: [ view_parse ] --END-- [ RunTime:0.076717s ]
INFO: [ view_filter ] --START--
INFO: Run Behavior\WriteHtmlCacheBehavior [ RunTime:0.003298s ]
INFO: [ view_filter ] --END-- [ RunTime:0.003845s ]
INFO: [ app_end ] --START--
INFO: Run Behavior\ShowPageTraceBehavior [ RunTime:0.003764s ]
INFO: [ app_end ] --END-- [ RunTime:0.004700s ]

[ 2018-06-11T09:36:08+08:00 ] 127.0.0.1 /manager.php/Question/sub_showlist.html
INFO: [ app_init ] --START--
INFO: Run Behavior\BuildLiteBehavior [ RunTime:0.000139s ]
INFO: [ app_init ] --END-- [ RunTime:0.003112s ]
INFO: [ app_begin ] --START--
INFO: Run Behavior\ReadHtmlCacheBehavior [ RunTime:0.004288s ]
INFO: [ app_begin ] --END-- [ RunTime:0.005071s ]
SQL: SHOW COLUMNS FROM `jt_role` [ RunTime:0.1313s ]
SQL: SELECT * FROM `jt_role` WHERE `id` = 0 LIMIT 1   [ RunTime:0.0010s ]
INFO: [ view_parse ] --START--
INFO: [ template_filter ] --START--
INFO: Run Behavior\ContentReplaceBehavior [ RunTime:0.000755s ]
INFO: [ template_filter ] --END-- [ RunTime:0.001539s ]
INFO: Run Behavior\ParseTemplateBehavior [ RunTime:0.042437s ]
INFO: [ view_parse ] --END-- [ RunTime:0.043066s ]
INFO: [ view_filter ] --START--
INFO: Run Behavior\WriteHtmlCacheBehavior [ RunTime:0.003247s ]
INFO: [ view_filter ] --END-- [ RunTime:0.003871s ]
INFO: [ app_end ] --START--
INFO: Run Behavior\ShowPageTraceBehavior [ RunTime:0.004103s ]
INFO: [ app_end ] --END-- [ RunTime:0.004698s ]

[ 2018-06-11T09:36:09+08:00 ] 127.0.0.1 /manager.php/Question/sub_showlist.html
INFO: [ app_init ] --START--
INFO: Run Behavior\BuildLiteBehavior [ RunTime:0.000182s ]
INFO: [ app_init ] --END-- [ RunTime:0.004175s ]
INFO: [ app_begin ] --START--
INFO: Run Behavior\ReadHtmlCacheBehavior [ RunTime:0.008610s ]
INFO: [ app_begin ] --END-- [ RunTime:0.009647s ]
SQL: SHOW COLUMNS FROM `jt_role` [ RunTime:0.0727s ]
SQL: SELECT * FROM `jt_role` WHERE `id` = 0 LIMIT 1   [ RunTime:0.0010s ]
SQL: SHOW COLUMNS FROM `jt_ques_subj` [ RunTime:0.0749s ]
SQL: SELECT * FROM `jt_ques_subj` ORDER BY id desc LIMIT 0,20   [ RunTime:0.0016s ]
SQL: SELECT COUNT(*) AS tp_count FROM `jt_ques_subj` LIMIT 1   [ RunTime:0.0010s ]
SQL: SHOW COLUMNS FROM `jt_course` [ RunTime:0.0749s ]
SQL: SELECT `name` FROM `jt_course` WHERE `id` = 157 LIMIT 1   [ RunTime:0.0010s ]
SQL: SELECT `name` FROM `jt_course` WHERE `id` = 157 LIMIT 1   [ RunTime:0.0008s ]
SQL: SELECT `name` FROM `jt_course` WHERE `id` = 157 LIMIT 1   [ RunTime:0.0008s ]
SQL: SELECT `name` FROM `jt_course` WHERE `id` = 157 LIMIT 1   [ RunTime:0.0007s ]
SQL: SELECT `name` FROM `jt_course` WHERE `id` = 157 LIMIT 1   [ RunTime:0.0009s ]
SQL: SELECT `name` FROM `jt_course` WHERE `id` = 157 LIMIT 1   [ RunTime:0.0007s ]
SQL: SELECT `name` FROM `jt_course` WHERE `id` = 157 LIMIT 1   [ RunTime:0.0011s ]
SQL: SELECT `name` FROM `jt_course` WHERE `id` = 157 LIMIT 1   [ RunTime:0.0010s ]
SQL: SELECT `name` FROM `jt_course` WHERE `id` = 157 LIMIT 1   [ RunTime:0.0010s ]
SQL: SELECT `name` FROM `jt_course` WHERE `id` = 157 LIMIT 1   [ RunTime:0.0008s ]
SQL: SELECT `name` FROM `jt_course` WHERE `id` = 157 LIMIT 1   [ RunTime:0.0007s ]
SQL: SELECT `name` FROM `jt_course` WHERE `id` = 157 LIMIT 1   [ RunTime:0.0007s ]
SQL: SELECT `name` FROM `jt_course` WHERE `id` = 157 LIMIT 1   [ RunTime:0.0009s ]
SQL: SELECT `name` FROM `jt_course` WHERE `id` = 157 LIMIT 1   [ RunTime:0.0007s ]
SQL: SELECT `name` FROM `jt_course` WHERE `id` = 157 LIMIT 1   [ RunTime:0.0010s ]
SQL: SELECT `name` FROM `jt_course` WHERE `id` = 157 LIMIT 1   [ RunTime:0.0008s ]
SQL: SELECT `name` FROM `jt_course` WHERE `id` = 157 LIMIT 1   [ RunTime:0.0009s ]
SQL: SELECT `name` FROM `jt_course` WHERE `id` = 157 LIMIT 1   [ RunTime:0.0007s ]
SQL: SELECT `name` FROM `jt_course` WHERE `id` = 157 LIMIT 1   [ RunTime:0.0011s ]
SQL: SELECT `name` FROM `jt_course` WHERE `id` = 157 LIMIT 1   [ RunTime:0.0009s ]

[ 2018-06-11T09:36:25+08:00 ] 127.0.0.1 /manager.php/Question/sub_showlist.html
INFO: [ app_init ] --START--
INFO: Run Behavior\BuildLiteBehavior [ RunTime:0.000113s ]
INFO: [ app_init ] --END-- [ RunTime:0.002039s ]
INFO: [ app_begin ] --START--
INFO: Run Behavior\ReadHtmlCacheBehavior [ RunTime:0.003332s ]
INFO: [ app_begin ] --END-- [ RunTime:0.003824s ]
SQL: SHOW COLUMNS FROM `jt_role` [ RunTime:0.0510s ]
SQL: SELECT * FROM `jt_role` WHERE `id` = 0 LIMIT 1   [ RunTime:0.0009s ]
SQL: SHOW COLUMNS FROM `jt_ques_subj` [ RunTime:0.0529s ]
SQL: SELECT `name`,`descr`,`is_show`,`difficulty`,jt_ques_subj.id,`course_id`,`right_answ` FROM `jt_ques_subj` INNER JOIN jt_course c ON c.id = course_id  WHERE ( descr like '%F%' or name like '%F%'  ) ORDER BY id desc LIMIT 0,20   [ RunTime:0.0061s ]
SQL: SELECT COUNT(*) AS tp_count FROM `jt_ques_subj` INNER JOIN jt_course c ON c.id = course_id  WHERE ( descr like '%F%' or name like '%F%'  ) LIMIT 1   [ RunTime:0.0013s ]
SQL: SHOW COLUMNS FROM `jt_course` [ RunTime:0.0512s ]
SQL: SELECT `name` FROM `jt_course` WHERE `id` = 157 LIMIT 1   [ RunTime:0.0007s ]

[ 2018-06-11T09:36:28+08:00 ] 127.0.0.1 /manager.php/Question/sub_edit/id/33
INFO: [ app_init ] --START--
INFO: Run Behavior\BuildLiteBehavior [ RunTime:0.000120s ]
INFO: [ app_init ] --END-- [ RunTime:0.002857s ]
INFO: [ app_begin ] --START--
INFO: Run Behavior\ReadHtmlCacheBehavior [ RunTime:0.003891s ]
INFO: [ app_begin ] --END-- [ RunTime:0.004489s ]
SQL: SHOW COLUMNS FROM `jt_role` [ RunTime:0.0644s ]
SQL: SELECT * FROM `jt_role` WHERE `id` = 0 LIMIT 1   [ RunTime:0.0009s ]
SQL: SHOW COLUMNS FROM `jt_course` [ RunTime:0.0585s ]
SQL: SELECT * FROM `jt_course`  [ RunTime:0.0009s ]
SQL: SHOW COLUMNS FROM `jt_ques_subj` [ RunTime:0.0638s ]
SQL: SELECT * FROM `jt_ques_subj` WHERE `id` = 33 LIMIT 1   [ RunTime:0.0012s ]
SQL: SELECT `name` FROM `jt_course` WHERE `id` = 157 LIMIT 1   [ RunTime:0.0008s ]
INFO: [ view_parse ] --START--
INFO: [ template_filter ] --START--
INFO: Run Behavior\ContentReplaceBehavior [ RunTime:0.000789s ]
INFO: [ template_filter ] --END-- [ RunTime:0.001391s ]
INFO: Run Behavior\ParseTemplateBehavior [ RunTime:0.072390s ]
INFO: [ view_parse ] --END-- [ RunTime:0.073108s ]
INFO: [ view_filter ] --START--
INFO: Run Behavior\WriteHtmlCacheBehavior [ RunTime:0.003970s ]
INFO: [ view_filter ] --END-- [ RunTime:0.004657s ]
INFO: [ app_end ] --START--
INFO: Run Behavior\ShowPageTraceBehavior [ RunTime:0.005812s ]
INFO: [ app_end ] --END-- [ RunTime:0.007167s ]

[ 2018-06-11T09:42:10+08:00 ] 127.0.0.1 /manager.php/Index/index
INFO: [ app_init ] --START--
INFO: Run Behavior\BuildLiteBehavior [ RunTime:0.000121s ]
INFO: [ app_init ] --END-- [ RunTime:0.003384s ]
INFO: [ app_begin ] --START--
INFO: Run Behavior\ReadHtmlCacheBehavior [ RunTime:0.005403s ]
INFO: [ app_begin ] --END-- [ RunTime:0.006804s ]
SQL: SHOW COLUMNS FROM `jt_role` [ RunTime:0.0711s ]
SQL: SELECT * FROM `jt_role` WHERE `id` = 0 LIMIT 1   [ RunTime:0.0011s ]
SQL: SHOW COLUMNS FROM `jt_user` [ RunTime:0.0540s ]
SQL: SELECT `name` FROM `jt_user` WHERE `id` = 1 LIMIT 1   [ RunTime:0.0006s ]
SQL: SHOW COLUMNS FROM `jt_role` [ RunTime:0.0518s ]
SQL: SELECT * FROM `jt_role` WHERE `id` = 0 LIMIT 1   [ RunTime:0.0006s ]
SQL: SHOW COLUMNS FROM `jt_authority` [ RunTime:0.0503s ]
SQL: SELECT * FROM `jt_authority` WHERE ( auth_level=0 and display=1 )  [ RunTime:0.0014s ]
SQL: SELECT * FROM `jt_authority` WHERE ( auth_level=1 and display=1 )  [ RunTime:0.0016s ]
INFO: [ view_parse ] --START--
INFO: [ template_filter ] --START--
INFO: Run Behavior\ContentReplaceBehavior [ RunTime:0.000610s ]
INFO: [ template_filter ] --END-- [ RunTime:0.001280s ]
INFO: Run Behavior\ParseTemplateBehavior [ RunTime:0.062174s ]
INFO: [ view_parse ] --END-- [ RunTime:0.062770s ]
INFO: [ view_filter ] --START--
INFO: Run Behavior\WriteHtmlCacheBehavior [ RunTime:0.003174s ]
INFO: [ view_filter ] --END-- [ RunTime:0.003775s ]
INFO: [ app_end ] --START--
INFO: Run Behavior\ShowPageTraceBehavior [ RunTime:0.009472s ]
INFO: [ app_end ] --END-- [ RunTime:0.010212s ]

[ 2018-06-11T09:42:12+08:00 ] 127.0.0.1 /manager.php/Personal/show.html
INFO: [ app_init ] --START--
INFO: Run Behavior\BuildLiteBehavior [ RunTime:0.000137s ]
INFO: [ app_init ] --END-- [ RunTime:0.004018s ]
INFO: [ app_begin ] --START--
INFO: Run Behavior\ReadHtmlCacheBehavior [ RunTime:0.004269s ]
INFO: [ app_begin ] --END-- [ RunTime:0.005077s ]
NOTIC: [2048] Declaration of Admin\Controller\PersonalController::show() should be compatible with Think\Controller::show($content, $charset = '', $contentType = '', $prefix = '') D:\wamp\www\jmooctest\Application\Admin\Controller\PersonalController.class.php 第 5 行.
SQL: SHOW COLUMNS FROM `jt_role` [ RunTime:0.0655s ]
SQL: SELECT * FROM `jt_role` WHERE `id` = 0 LIMIT 1   [ RunTime:0.0009s ]
SQL: SHOW COLUMNS FROM `jt_user` [ RunTime:0.0907s ]
SQL: SELECT * FROM `jt_user` WHERE `id` = 1 LIMIT 1   [ RunTime:0.0010s ]
SQL: SHOW COLUMNS FROM `jt_course` [ RunTime:0.0574s ]
SQL: SELECT `name` FROM `jt_course` WHERE `id` = 0  [ RunTime:0.0009s ]
NOTIC: [8] Undefined index: cou_name D:\wamp\www\jmooctest\Application\Admin\Controller\PersonalController.class.php 第 20 行.
INFO: [ view_parse ] --START--
INFO: [ template_filter ] --START--
INFO: Run Behavior\ContentReplaceBehavior [ RunTime:0.000701s ]
INFO: [ template_filter ] --END-- [ RunTime:0.001332s ]
INFO: Run Behavior\ParseTemplateBehavior [ RunTime:0.056492s ]
INFO: [ view_parse ] --END-- [ RunTime:0.057205s ]
INFO: [ view_filter ] --START--
INFO: Run Behavior\WriteHtmlCacheBehavior [ RunTime:0.003190s ]
INFO: [ view_filter ] --END-- [ RunTime:0.003816s ]
INFO: [ app_end ] --START--
INFO: Run Behavior\ShowPageTraceBehavior [ RunTime:0.007765s ]
INFO: [ app_end ] --END-- [ RunTime:0.008930s ]

[ 2018-06-11T09:42:40+08:00 ] 127.0.0.1 /manager.php/Question/sub_showlist.html
INFO: [ app_init ] --START--
INFO: Run Behavior\BuildLiteBehavior [ RunTime:0.000123s ]
INFO: [ app_init ] --END-- [ RunTime:0.002271s ]
INFO: [ app_begin ] --START--
INFO: Run Behavior\ReadHtmlCacheBehavior [ RunTime:0.004031s ]
INFO: [ app_begin ] --END-- [ RunTime:0.004682s ]
SQL: SHOW COLUMNS FROM `jt_role` [ RunTime:0.0618s ]
SQL: SELECT * FROM `jt_role` WHERE `id` = 0 LIMIT 1   [ RunTime:0.0007s ]
INFO: [ view_parse ] --START--
INFO: [ template_filter ] --START--
INFO: Run Behavior\ContentReplaceBehavior [ RunTime:0.001009s ]
INFO: [ template_filter ] --END-- [ RunTime:0.002037s ]
INFO: Run Behavior\ParseTemplateBehavior [ RunTime:0.045901s ]
INFO: [ view_parse ] --END-- [ RunTime:0.046633s ]
INFO: [ view_filter ] --START--
INFO: Run Behavior\WriteHtmlCacheBehavior [ RunTime:0.004735s ]
INFO: [ view_filter ] --END-- [ RunTime:0.005362s ]
INFO: [ app_end ] --START--
INFO: Run Behavior\ShowPageTraceBehavior [ RunTime:0.004455s ]
INFO: [ app_end ] --END-- [ RunTime:0.005334s ]

[ 2018-06-11T09:42:42+08:00 ] 127.0.0.1 /manager.php/Question/sub_showlist.html
INFO: [ app_init ] --START--
INFO: Run Behavior\BuildLiteBehavior [ RunTime:0.000129s ]
INFO: [ app_init ] --END-- [ RunTime:0.003014s ]
INFO: [ app_begin ] --START--
INFO: Run Behavior\ReadHtmlCacheBehavior [ RunTime:0.003292s ]
INFO: [ app_begin ] --END-- [ RunTime:0.003773s ]
SQL: SHOW COLUMNS FROM `jt_role` [ RunTime:0.0649s ]
SQL: SELECT * FROM `jt_role` WHERE `id` = 0 LIMIT 1   [ RunTime:0.0008s ]
SQL: SHOW COLUMNS FROM `jt_ques_subj` [ RunTime:0.0544s ]
SQL: SELECT * FROM `jt_ques_subj` ORDER BY id desc LIMIT 0,20   [ RunTime:0.0015s ]
SQL: SELECT COUNT(*) AS tp_count FROM `jt_ques_subj` LIMIT 1   [ RunTime:0.0009s ]
SQL: SHOW COLUMNS FROM `jt_course` [ RunTime:0.0559s ]
SQL: SELECT `name` FROM `jt_course` WHERE `id` = 157 LIMIT 1   [ RunTime:0.0008s ]
SQL: SELECT `name` FROM `jt_course` WHERE `id` = 157 LIMIT 1   [ RunTime:0.0008s ]
SQL: SELECT `name` FROM `jt_course` WHERE `id` = 157 LIMIT 1   [ RunTime:0.0013s ]
SQL: SELECT `name` FROM `jt_course` WHERE `id` = 157 LIMIT 1   [ RunTime:0.0008s ]
SQL: SELECT `name` FROM `jt_course` WHERE `id` = 157 LIMIT 1   [ RunTime:0.0008s ]
SQL: SELECT `name` FROM `jt_course` WHERE `id` = 157 LIMIT 1   [ RunTime:0.0007s ]
SQL: SELECT `name` FROM `jt_course` WHERE `id` = 157 LIMIT 1   [ RunTime:0.0008s ]
SQL: SELECT `name` FROM `jt_course` WHERE `id` = 157 LIMIT 1   [ RunTime:0.0007s ]
SQL: SELECT `name` FROM `jt_course` WHERE `id` = 157 LIMIT 1   [ RunTime:0.0010s ]
SQL: SELECT `name` FROM `jt_course` WHERE `id` = 157 LIMIT 1   [ RunTime:0.0007s ]
SQL: SELECT `name` FROM `jt_course` WHERE `id` = 157 LIMIT 1   [ RunTime:0.0007s ]
SQL: SELECT `name` FROM `jt_course` WHERE `id` = 157 LIMIT 1   [ RunTime:0.0008s ]
SQL: SELECT `name` FROM `jt_course` WHERE `id` = 157 LIMIT 1   [ RunTime:0.0007s ]
SQL: SELECT `name` FROM `jt_course` WHERE `id` = 157 LIMIT 1   [ RunTime:0.0009s ]
SQL: SELECT `name` FROM `jt_course` WHERE `id` = 157 LIMIT 1   [ RunTime:0.0009s ]
SQL: SELECT `name` FROM `jt_course` WHERE `id` = 157 LIMIT 1   [ RunTime:0.0012s ]
SQL: SELECT `name` FROM `jt_course` WHERE `id` = 157 LIMIT 1   [ RunTime:0.0006s ]
SQL: SELECT `name` FROM `jt_course` WHERE `id` = 157 LIMIT 1   [ RunTime:0.0004s ]
SQL: SELECT `name` FROM `jt_course` WHERE `id` = 157 LIMIT 1   [ RunTime:0.0004s ]
SQL: SELECT `name` FROM `jt_course` WHERE `id` = 157 LIMIT 1   [ RunTime:0.0006s ]

[ 2018-06-11T09:42:46+08:00 ] 127.0.0.1 /manager.php/Question/sub_showlist.html
INFO: [ app_init ] --START--
INFO: Run Behavior\BuildLiteBehavior [ RunTime:0.000112s ]
INFO: [ app_init ] --END-- [ RunTime:0.001922s ]
INFO: [ app_begin ] --START--
INFO: Run Behavior\ReadHtmlCacheBehavior [ RunTime:0.003203s ]
INFO: [ app_begin ] --END-- [ RunTime:0.003669s ]
SQL: SHOW COLUMNS FROM `jt_role` [ RunTime:0.0519s ]
SQL: SELECT * FROM `jt_role` WHERE `id` = 0 LIMIT 1   [ RunTime:0.0008s ]
SQL: SHOW COLUMNS FROM `jt_ques_subj` [ RunTime:0.0470s ]
SQL: SELECT * FROM `jt_ques_subj` ORDER BY id desc LIMIT 0,20   [ RunTime:0.0017s ]
SQL: SELECT COUNT(*) AS tp_count FROM `jt_ques_subj` LIMIT 1   [ RunTime:0.0008s ]
SQL: SHOW COLUMNS FROM `jt_course` [ RunTime:0.0529s ]
SQL: SELECT `name` FROM `jt_course` WHERE `id` = 157 LIMIT 1   [ RunTime:0.0007s ]
SQL: SELECT `name` FROM `jt_course` WHERE `id` = 157 LIMIT 1   [ RunTime:0.0006s ]
SQL: SELECT `name` FROM `jt_course` WHERE `id` = 157 LIMIT 1   [ RunTime:0.0010s ]
SQL: SELECT `name` FROM `jt_course` WHERE `id` = 157 LIMIT 1   [ RunTime:0.0008s ]
SQL: SELECT `name` FROM `jt_course` WHERE `id` = 157 LIMIT 1   [ RunTime:0.0007s ]
SQL: SELECT `name` FROM `jt_course` WHERE `id` = 157 LIMIT 1   [ RunTime:0.0008s ]
SQL: SELECT `name` FROM `jt_course` WHERE `id` = 157 LIMIT 1   [ RunTime:0.0007s ]
SQL: SELECT `name` FROM `jt_course` WHERE `id` = 157 LIMIT 1   [ RunTime:0.0007s ]
SQL: SELECT `name` FROM `jt_course` WHERE `id` = 157 LIMIT 1   [ RunTime:0.0008s ]
SQL: SELECT `name` FROM `jt_course` WHERE `id` = 157 LIMIT 1   [ RunTime:0.0007s ]
SQL: SELECT `name` FROM `jt_course` WHERE `id` = 157 LIMIT 1   [ RunTime:0.0008s ]
SQL: SELECT `name` FROM `jt_course` WHERE `id` = 157 LIMIT 1   [ RunTime:0.0007s ]
SQL: SELECT `name` FROM `jt_course` WHERE `id` = 157 LIMIT 1   [ RunTime:0.0008s ]
SQL: SELECT `name` FROM `jt_course` WHERE `id` = 157 LIMIT 1   [ RunTime:0.0007s ]
SQL: SELECT `name` FROM `jt_course` WHERE `id` = 157 LIMIT 1   [ RunTime:0.0009s ]
SQL: SELECT `name` FROM `jt_course` WHERE `id` = 157 LIMIT 1   [ RunTime:0.0009s ]
SQL: SELECT `name` FROM `jt_course` WHERE `id` = 157 LIMIT 1   [ RunTime:0.0008s ]
SQL: SELECT `name` FROM `jt_course` WHERE `id` = 157 LIMIT 1   [ RunTime:0.0008s ]
SQL: SELECT `name` FROM `jt_course` WHERE `id` = 157 LIMIT 1   [ RunTime:0.0008s ]
SQL: SELECT `name` FROM `jt_course` WHERE `id` = 157 LIMIT 1   [ RunTime:0.0008s ]

[ 2018-06-11T09:42:50+08:00 ] 127.0.0.1 /manager.php/Question/sub_showlist.html
INFO: [ app_init ] --START--
INFO: Run Behavior\BuildLiteBehavior [ RunTime:0.000115s ]
INFO: [ app_init ] --END-- [ RunTime:0.002137s ]
INFO: [ app_begin ] --START--
INFO: Run Behavior\ReadHtmlCacheBehavior [ RunTime:0.003448s ]
INFO: [ app_begin ] --END-- [ RunTime:0.003975s ]
SQL: SHOW COLUMNS FROM `jt_role` [ RunTime:0.0675s ]
SQL: SELECT * FROM `jt_role` WHERE `id` = 0 LIMIT 1   [ RunTime:0.0009s ]
SQL: SHOW COLUMNS FROM `jt_ques_subj` [ RunTime:0.0543s ]
SQL: SELECT `name`,`descr`,`is_show`,`difficulty`,jt_ques_subj.id,`course_id`,`right_answ` FROM `jt_ques_subj` INNER JOIN jt_course c ON c.id = course_id  WHERE ( descr like '%F%' or name like '%F%'  ) ORDER BY id desc LIMIT 0,20   [ RunTime:0.0055s ]
SQL: SELECT COUNT(*) AS tp_count FROM `jt_ques_subj` INNER JOIN jt_course c ON c.id = course_id  WHERE ( descr like '%F%' or name like '%F%'  ) LIMIT 1   [ RunTime:0.0015s ]
SQL: SHOW COLUMNS FROM `jt_course` [ RunTime:0.1408s ]
SQL: SELECT `name` FROM `jt_course` WHERE `id` = 157 LIMIT 1   [ RunTime:0.0009s ]

[ 2018-06-11T09:42:52+08:00 ] 127.0.0.1 /manager.php/Question/sub_edit/id/33
INFO: [ app_init ] --START--
INFO: Run Behavior\BuildLiteBehavior [ RunTime:0.000121s ]
INFO: [ app_init ] --END-- [ RunTime:0.002907s ]
INFO: [ app_begin ] --START--
INFO: Run Behavior\ReadHtmlCacheBehavior [ RunTime:0.004646s ]
INFO: [ app_begin ] --END-- [ RunTime:0.005353s ]
SQL: SHOW COLUMNS FROM `jt_role` [ RunTime:0.0498s ]
SQL: SELECT * FROM `jt_role` WHERE `id` = 0 LIMIT 1   [ RunTime:0.0010s ]
SQL: SHOW COLUMNS FROM `jt_course` [ RunTime:0.0536s ]
SQL: SELECT * FROM `jt_course`  [ RunTime:0.0010s ]
SQL: SHOW COLUMNS FROM `jt_ques_subj` [ RunTime:0.0570s ]
SQL: SELECT * FROM `jt_ques_subj` WHERE `id` = 33 LIMIT 1   [ RunTime:0.0010s ]
SQL: SELECT `name` FROM `jt_course` WHERE `id` = 157 LIMIT 1   [ RunTime:0.0008s ]
INFO: [ view_parse ] --START--
INFO: [ template_filter ] --START--
INFO: Run Behavior\ContentReplaceBehavior [ RunTime:0.000739s ]
INFO: [ template_filter ] --END-- [ RunTime:0.001406s ]
INFO: Run Behavior\ParseTemplateBehavior [ RunTime:0.055691s ]
INFO: [ view_parse ] --END-- [ RunTime:0.056578s ]
INFO: [ view_filter ] --START--
INFO: Run Behavior\WriteHtmlCacheBehavior [ RunTime:0.005179s ]
INFO: [ view_filter ] --END-- [ RunTime:0.005920s ]
INFO: [ app_end ] --START--
INFO: Run Behavior\ShowPageTraceBehavior [ RunTime:0.013411s ]
INFO: [ app_end ] --END-- [ RunTime:0.017330s ]

[ 2018-06-11T18:50:29+08:00 ] 127.0.0.1 /manager.php/index/index
INFO: [ app_init ] --START--
INFO: Run Behavior\BuildLiteBehavior [ RunTime:0.000127s ]
INFO: [ app_init ] --END-- [ RunTime:0.002524s ]
INFO: [ app_begin ] --START--
INFO: Run Behavior\ReadHtmlCacheBehavior [ RunTime:0.004249s ]
INFO: [ app_begin ] --END-- [ RunTime:0.005093s ]
SQL: SHOW COLUMNS FROM `jt_role` [ RunTime:0.1604s ]
SQL: SELECT * FROM `jt_role` WHERE `id` = 0 LIMIT 1   [ RunTime:0.0010s ]
SQL: SHOW COLUMNS FROM `jt_user` [ RunTime:0.0577s ]
SQL: SELECT `name` FROM `jt_user` WHERE `id` = 1 LIMIT 1   [ RunTime:0.0012s ]
SQL: SHOW COLUMNS FROM `jt_role` [ RunTime:0.0602s ]
SQL: SELECT * FROM `jt_role` WHERE `id` = 0 LIMIT 1   [ RunTime:0.0009s ]
SQL: SHOW COLUMNS FROM `jt_authority` [ RunTime:0.0626s ]
SQL: SELECT * FROM `jt_authority` WHERE ( auth_level=0 and display=1 )  [ RunTime:0.0014s ]
SQL: SELECT * FROM `jt_authority` WHERE ( auth_level=1 and display=1 )  [ RunTime:0.0016s ]
INFO: [ view_parse ] --START--
INFO: [ template_filter ] --START--
INFO: Run Behavior\ContentReplaceBehavior [ RunTime:0.000644s ]
INFO: [ template_filter ] --END-- [ RunTime:0.001274s ]
INFO: Run Behavior\ParseTemplateBehavior [ RunTime:0.078304s ]
INFO: [ view_parse ] --END-- [ RunTime:0.078973s ]
INFO: [ view_filter ] --START--
INFO: Run Behavior\WriteHtmlCacheBehavior [ RunTime:0.003940s ]
INFO: [ view_filter ] --END-- [ RunTime:0.004537s ]
INFO: [ app_end ] --START--
INFO: Run Behavior\ShowPageTraceBehavior [ RunTime:0.005759s ]
INFO: [ app_end ] --END-- [ RunTime:0.006378s ]

[ 2018-06-11T18:50:32+08:00 ] 127.0.0.1 /manager.php/Personal/show.html
INFO: [ app_init ] --START--
INFO: Run Behavior\BuildLiteBehavior [ RunTime:0.001498s ]
INFO: [ app_init ] --END-- [ RunTime:0.006849s ]
INFO: [ app_begin ] --START--
INFO: Run Behavior\ReadHtmlCacheBehavior [ RunTime:0.009091s ]
INFO: [ app_begin ] --END-- [ RunTime:0.009923s ]
NOTIC: [2048] Declaration of Admin\Controller\PersonalController::show() should be compatible with Think\Controller::show($content, $charset = '', $contentType = '', $prefix = '') D:\wamp\www\jmooctest\Application\Admin\Controller\PersonalController.class.php 第 5 行.
SQL: SHOW COLUMNS FROM `jt_role` [ RunTime:0.0585s ]
SQL: SELECT * FROM `jt_role` WHERE `id` = 0 LIMIT 1   [ RunTime:0.0007s ]
SQL: SHOW COLUMNS FROM `jt_user` [ RunTime:0.0689s ]
SQL: SELECT * FROM `jt_user` WHERE `id` = 1 LIMIT 1   [ RunTime:0.0010s ]
SQL: SHOW COLUMNS FROM `jt_course` [ RunTime:0.0547s ]
SQL: SELECT `name` FROM `jt_course` WHERE `id` = 0  [ RunTime:0.0007s ]
NOTIC: [8] Undefined index: cou_name D:\wamp\www\jmooctest\Application\Admin\Controller\PersonalController.class.php 第 20 行.
INFO: [ view_parse ] --START--
INFO: [ template_filter ] --START--
INFO: Run Behavior\ContentReplaceBehavior [ RunTime:0.000999s ]
INFO: [ template_filter ] --END-- [ RunTime:0.001566s ]
INFO: Run Behavior\ParseTemplateBehavior [ RunTime:0.061250s ]
INFO: [ view_parse ] --END-- [ RunTime:0.061958s ]
INFO: [ view_filter ] --START--
INFO: Run Behavior\WriteHtmlCacheBehavior [ RunTime:0.046376s ]
INFO: [ view_filter ] --END-- [ RunTime:0.047441s ]
INFO: [ app_end ] --START--
INFO: Run Behavior\ShowPageTraceBehavior [ RunTime:0.008308s ]
INFO: [ app_end ] --END-- [ RunTime:0.009428s ]

