[ 2018-07-30T18:17:49+08:00 ] 127.0.0.1 /manager.php/Public/login
INFO: [ app_init ] --START--
INFO: Run Behavior\BuildLiteBehavior [ RunTime:0.000020s ]
INFO: [ app_init ] --END-- [ RunTime:0.000636s ]
INFO: [ app_begin ] --START--
INFO: Run Behavior\ReadHtmlCacheBehavior [ RunTime:0.001839s ]
INFO: [ app_begin ] --END-- [ RunTime:0.001939s ]
INFO: [ view_parse ] --START--
INFO: [ template_filter ] --START--
INFO: Run Behavior\ContentReplaceBehavior [ RunTime:0.000122s ]
INFO: [ template_filter ] --END-- [ RunTime:0.000216s ]
INFO: Run Behavior\ParseTemplateBehavior [ RunTime:0.015751s ]
INFO: [ view_parse ] --END-- [ RunTime:0.015847s ]
INFO: [ view_filter ] --START--
INFO: Run Behavior\WriteHtmlCacheBehavior [ RunTime:0.001584s ]
INFO: [ view_filter ] --END-- [ RunTime:0.001688s ]
INFO: [ app_end ] --START--
INFO: Run Behavior\ShowPageTraceBehavior [ RunTime:0.001874s ]
INFO: [ app_end ] --END-- [ RunTime:0.001955s ]

[ 2018-07-30T18:17:49+08:00 ] 127.0.0.1 /manager.php/Public/verifyImg
INFO: [ app_init ] --START--
INFO: Run Behavior\BuildLiteBehavior [ RunTime:0.000029s ]
INFO: [ app_init ] --END-- [ RunTime:0.000990s ]
INFO: [ app_begin ] --START--
INFO: Run Behavior\ReadHtmlCacheBehavior [ RunTime:0.002495s ]
INFO: [ app_begin ] --END-- [ RunTime:0.002670s ]
INFO: [ app_end ] --START--
INFO: Run Behavior\ShowPageTraceBehavior [ RunTime:0.002510s ]
INFO: [ app_end ] --END-- [ RunTime:0.002655s ]

[ 2018-07-30T18:18:08+08:00 ] 127.0.0.1 /manager.php/Public/login
INFO: [ app_init ] --START--
INFO: Run Behavior\BuildLiteBehavior [ RunTime:0.000016s ]
INFO: [ app_init ] --END-- [ RunTime:0.000517s ]
INFO: [ app_begin ] --START--
INFO: Run Behavior\ReadHtmlCacheBehavior [ RunTime:0.001160s ]
INFO: [ app_begin ] --END-- [ RunTime:0.001210s ]
NOTIC: [8] Use of undefined constant code - assumed 'code' D:\PhpStudy\PHPTutorial\WWW\JMoocTest\Application\Admin\Controller\PublicController.class.php 第 12 行.
SQL: SHOW COLUMNS FROM `jt_user` [ RunTime:0.0206s ]
SQL: SELECT * FROM `jt_user` WHERE ( email='494025451@qq.com' ) LIMIT 1   [ RunTime:0.0015s ]

[ 2018-07-30T18:18:08+08:00 ] 127.0.0.1 /manager.php/Public/verifyImg/0.12263427736855803
INFO: [ app_init ] --START--
INFO: Run Behavior\BuildLiteBehavior [ RunTime:0.000015s ]
INFO: [ app_init ] --END-- [ RunTime:0.000551s ]
INFO: [ app_begin ] --START--
INFO: Run Behavior\ReadHtmlCacheBehavior [ RunTime:0.001248s ]
INFO: [ app_begin ] --END-- [ RunTime:0.001302s ]
INFO: [ app_end ] --START--
INFO: Run Behavior\ShowPageTraceBehavior [ RunTime:0.001360s ]
INFO: [ app_end ] --END-- [ RunTime:0.001432s ]

