[ 2018-06-22T21:40:04+08:00 ] 127.0.0.1 /manager.php/Public/login
INFO: [ app_init ] --START--
INFO: Run Behavior\BuildLiteBehavior [ RunTime:0.000119s ]
INFO: [ app_init ] --END-- [ RunTime:0.022298s ]
INFO: [ app_begin ] --START--
INFO: Run Behavior\ReadHtmlCacheBehavior [ RunTime:0.012115s ]
INFO: [ app_begin ] --END-- [ RunTime:0.012757s ]
INFO: [ view_parse ] --START--
INFO: [ template_filter ] --START--
INFO: Run Behavior\ContentReplaceBehavior [ RunTime:0.002221s ]
INFO: [ template_filter ] --END-- [ RunTime:0.002816s ]
INFO: Run Behavior\ParseTemplateBehavior [ RunTime:0.088435s ]
INFO: [ view_parse ] --END-- [ RunTime:0.089183s ]
INFO: [ view_filter ] --START--
INFO: Run Behavior\WriteHtmlCacheBehavior [ RunTime:0.010663s ]
INFO: [ view_filter ] --END-- [ RunTime:0.011086s ]
INFO: [ app_end ] --START--
INFO: Run Behavior\ShowPageTraceBehavior [ RunTime:0.010605s ]
INFO: [ app_end ] --END-- [ RunTime:0.010878s ]

[ 2018-06-22T21:40:05+08:00 ] 127.0.0.1 /manager.php/Public/verifyImg
INFO: [ app_init ] --START--
INFO: Run Behavior\BuildLiteBehavior [ RunTime:0.000063s ]
INFO: [ app_init ] --END-- [ RunTime:0.001171s ]
INFO: [ app_begin ] --START--
INFO: Run Behavior\ReadHtmlCacheBehavior [ RunTime:0.001869s ]
INFO: [ app_begin ] --END-- [ RunTime:0.002267s ]
INFO: [ app_end ] --START--
INFO: Run Behavior\ShowPageTraceBehavior [ RunTime:0.001377s ]
INFO: [ app_end ] --END-- [ RunTime:0.001666s ]

[ 2018-06-22T21:40:20+08:00 ] 127.0.0.1 /manager.php/Public/login
INFO: [ app_init ] --START--
INFO: Run Behavior\BuildLiteBehavior [ RunTime:0.000044s ]
INFO: [ app_init ] --END-- [ RunTime:0.000636s ]
INFO: [ app_begin ] --START--
INFO: Run Behavior\ReadHtmlCacheBehavior [ RunTime:0.000733s ]
INFO: [ app_begin ] --END-- [ RunTime:0.000916s ]
NOTIC: [8] Use of undefined constant code - assumed 'code' D:\wamp\www\jmooctest\Application\Admin\Controller\PublicController.class.php 第 12 行.
SQL: SHOW COLUMNS FROM `jt_user` [ RunTime:0.0646s ]
SQL: SELECT * FROM `jt_user` WHERE ( email='494025451@qq.com' ) LIMIT 1   [ RunTime:0.0025s ]
NOTIC: [8] Use of undefined constant password - assumed 'password' D:\wamp\www\jmooctest\Application\Admin\Controller\PublicController.class.php 第 14 行.
NOTIC: [8] Use of undefined constant pwd - assumed 'pwd' D:\wamp\www\jmooctest\Application\Admin\Controller\PublicController.class.php 第 14 行.
SQL: UPDATE `jt_user` SET `email`='494025451@qq.com',`pwd`='$2y$10$/tsKYctqQKNZt8B9RfvanulZtp02zcoppQiRxCGDjJOV5LejbmAle',`name`='陈文',`rgdate`='1501586745',`role_id`='0',`telphone`='17875511965',`course_ids`='',`status`='1',`last_ip`='127.0.0.1',`last_lgdate`='1529674820' WHERE `id` = 1 [ RunTime:0.0526s ]

[ 2018-06-22T21:40:20+08:00 ] 127.0.0.1 /manager.php/Index/index
INFO: [ app_init ] --START--
INFO: Run Behavior\BuildLiteBehavior [ RunTime:0.000063s ]
INFO: [ app_init ] --END-- [ RunTime:0.000957s ]
INFO: [ app_begin ] --START--
INFO: Run Behavior\ReadHtmlCacheBehavior [ RunTime:0.000814s ]
INFO: [ app_begin ] --END-- [ RunTime:0.001051s ]
SQL: SHOW COLUMNS FROM `jt_role` [ RunTime:0.0329s ]
SQL: SELECT * FROM `jt_role` WHERE `id` = 0 LIMIT 1   [ RunTime:0.0005s ]
SQL: SHOW COLUMNS FROM `jt_user` [ RunTime:0.0092s ]
SQL: SELECT `name` FROM `jt_user` WHERE `id` = 1 LIMIT 1   [ RunTime:0.0004s ]
SQL: SHOW COLUMNS FROM `jt_role` [ RunTime:0.0083s ]
SQL: SELECT * FROM `jt_role` WHERE `id` = 0 LIMIT 1   [ RunTime:0.0004s ]
SQL: SHOW COLUMNS FROM `jt_authority` [ RunTime:0.0197s ]
SQL: SELECT * FROM `jt_authority` WHERE ( auth_level=0 and display=1 )  [ RunTime:0.0006s ]
SQL: SELECT * FROM `jt_authority` WHERE ( auth_level=1 and display=1 )  [ RunTime:0.0005s ]
INFO: [ view_parse ] --START--
INFO: [ template_filter ] --START--
INFO: Run Behavior\ContentReplaceBehavior [ RunTime:0.000245s ]
INFO: [ template_filter ] --END-- [ RunTime:0.000537s ]
INFO: Run Behavior\ParseTemplateBehavior [ RunTime:0.054741s ]
INFO: [ view_parse ] --END-- [ RunTime:0.054995s ]
INFO: [ view_filter ] --START--
INFO: Run Behavior\WriteHtmlCacheBehavior [ RunTime:0.001103s ]
INFO: [ view_filter ] --END-- [ RunTime:0.001322s ]
INFO: [ app_end ] --START--
INFO: Run Behavior\ShowPageTraceBehavior [ RunTime:0.001238s ]
INFO: [ app_end ] --END-- [ RunTime:0.001513s ]

[ 2018-06-22T21:40:21+08:00 ] 127.0.0.1 /manager.php/Personal/show.html
INFO: [ app_init ] --START--
INFO: Run Behavior\BuildLiteBehavior [ RunTime:0.000092s ]
INFO: [ app_init ] --END-- [ RunTime:0.002110s ]
INFO: [ app_begin ] --START--
INFO: Run Behavior\ReadHtmlCacheBehavior [ RunTime:0.001796s ]
INFO: [ app_begin ] --END-- [ RunTime:0.002139s ]
NOTIC: [2048] Declaration of Admin\Controller\PersonalController::show() should be compatible with Think\Controller::show($content, $charset = '', $contentType = '', $prefix = '') D:\wamp\www\jmooctest\Application\Admin\Controller\PersonalController.class.php 第 5 行.
SQL: SHOW COLUMNS FROM `jt_role` [ RunTime:0.0638s ]
SQL: SELECT * FROM `jt_role` WHERE `id` = 0 LIMIT 1   [ RunTime:0.0006s ]
SQL: SHOW COLUMNS FROM `jt_user` [ RunTime:0.1471s ]
SQL: SELECT * FROM `jt_user` WHERE `id` = 1 LIMIT 1   [ RunTime:0.0007s ]
SQL: SHOW COLUMNS FROM `jt_course` [ RunTime:0.0323s ]
SQL: SELECT `name` FROM `jt_course` WHERE `id` = 0  [ RunTime:0.0004s ]
NOTIC: [8] Undefined index: cou_name D:\wamp\www\jmooctest\Application\Admin\Controller\PersonalController.class.php 第 20 行.
INFO: [ view_parse ] --START--
INFO: [ template_filter ] --START--
INFO: Run Behavior\ContentReplaceBehavior [ RunTime:0.000368s ]
INFO: [ template_filter ] --END-- [ RunTime:0.000672s ]
INFO: Run Behavior\ParseTemplateBehavior [ RunTime:0.028874s ]
INFO: [ view_parse ] --END-- [ RunTime:0.029267s ]
INFO: [ view_filter ] --START--
INFO: Run Behavior\WriteHtmlCacheBehavior [ RunTime:0.001323s ]
INFO: [ view_filter ] --END-- [ RunTime:0.001630s ]
INFO: [ app_end ] --START--
INFO: Run Behavior\ShowPageTraceBehavior [ RunTime:0.002185s ]
INFO: [ app_end ] --END-- [ RunTime:0.002573s ]

[ 2018-06-22T21:40:31+08:00 ] 127.0.0.1 /manager.php/Student/showlist.html
INFO: [ app_init ] --START--
INFO: Run Behavior\BuildLiteBehavior [ RunTime:0.000054s ]
INFO: [ app_init ] --END-- [ RunTime:0.000819s ]
INFO: [ app_begin ] --START--
INFO: Run Behavior\ReadHtmlCacheBehavior [ RunTime:0.001324s ]
INFO: [ app_begin ] --END-- [ RunTime:0.001824s ]
SQL: SHOW COLUMNS FROM `jt_role` [ RunTime:0.0985s ]
SQL: SELECT * FROM `jt_role` WHERE `id` = 0 LIMIT 1   [ RunTime:0.0004s ]
INFO: [ view_parse ] --START--
INFO: [ template_filter ] --START--
INFO: Run Behavior\ContentReplaceBehavior [ RunTime:0.000352s ]
INFO: [ template_filter ] --END-- [ RunTime:0.000624s ]
INFO: Run Behavior\ParseTemplateBehavior [ RunTime:0.071760s ]
INFO: [ view_parse ] --END-- [ RunTime:0.072045s ]
INFO: [ view_filter ] --START--
INFO: Run Behavior\WriteHtmlCacheBehavior [ RunTime:0.000912s ]
INFO: [ view_filter ] --END-- [ RunTime:0.001144s ]
INFO: [ app_end ] --START--
INFO: Run Behavior\ShowPageTraceBehavior [ RunTime:0.002102s ]
INFO: [ app_end ] --END-- [ RunTime:0.002417s ]

[ 2018-06-22T21:40:32+08:00 ] 127.0.0.1 /manager.php/Student/showlist.html
INFO: [ app_init ] --START--
INFO: Run Behavior\BuildLiteBehavior [ RunTime:0.000067s ]
INFO: [ app_init ] --END-- [ RunTime:0.001034s ]
INFO: [ app_begin ] --START--
INFO: Run Behavior\ReadHtmlCacheBehavior [ RunTime:0.001175s ]
INFO: [ app_begin ] --END-- [ RunTime:0.001467s ]
SQL: SHOW COLUMNS FROM `jt_role` [ RunTime:0.0152s ]
SQL: SELECT * FROM `jt_role` WHERE `id` = 0 LIMIT 1   [ RunTime:0.0008s ]
SQL: SHOW COLUMNS FROM `jt_stu` [ RunTime:0.0329s ]
SQL: SELECT * FROM `jt_stu` ORDER BY id desc LIMIT 0,20   [ RunTime:0.0013s ]
SQL: SELECT COUNT(*) AS tp_count FROM `jt_stu` LIMIT 1   [ RunTime:0.0088s ]

[ 2018-06-22T21:40:37+08:00 ] 127.0.0.1 /manager.php/Student/dele/ids/212
INFO: [ app_init ] --START--
INFO: Run Behavior\BuildLiteBehavior [ RunTime:0.000062s ]
INFO: [ app_init ] --END-- [ RunTime:0.000900s ]
INFO: [ app_begin ] --START--
INFO: Run Behavior\ReadHtmlCacheBehavior [ RunTime:0.000962s ]
INFO: [ app_begin ] --END-- [ RunTime:0.001243s ]
SQL: SHOW COLUMNS FROM `jt_role` [ RunTime:0.0183s ]
SQL: SELECT * FROM `jt_role` WHERE `id` = 0 LIMIT 1   [ RunTime:0.0004s ]
SQL: SHOW COLUMNS FROM `jt_stu` [ RunTime:0.0081s ]
SQL: DELETE FROM `jt_stu` WHERE `id` = 212 [ RunTime:0.1522s ]
INFO: [ view_parse ] --START--
INFO: [ template_filter ] --START--
INFO: Run Behavior\ContentReplaceBehavior [ RunTime:0.000204s ]
INFO: [ template_filter ] --END-- [ RunTime:0.000482s ]
INFO: Run Behavior\ParseTemplateBehavior [ RunTime:0.035848s ]
INFO: [ view_parse ] --END-- [ RunTime:0.036127s ]
INFO: [ view_filter ] --START--
INFO: Run Behavior\WriteHtmlCacheBehavior [ RunTime:0.000899s ]
INFO: [ view_filter ] --END-- [ RunTime:0.001124s ]
INFO: [ app_end ] --START--
INFO: Run Behavior\ShowPageTraceBehavior [ RunTime:0.001305s ]
INFO: [ app_end ] --END-- [ RunTime:0.001536s ]

[ 2018-06-22T21:40:43+08:00 ] 127.0.0.1 /manager.php/Student/showlist.html
INFO: [ app_init ] --START--
INFO: Run Behavior\BuildLiteBehavior [ RunTime:0.000065s ]
INFO: [ app_init ] --END-- [ RunTime:0.001649s ]
INFO: [ app_begin ] --START--
INFO: Run Behavior\ReadHtmlCacheBehavior [ RunTime:0.001308s ]
INFO: [ app_begin ] --END-- [ RunTime:0.001653s ]
SQL: SHOW COLUMNS FROM `jt_role` [ RunTime:0.0108s ]
SQL: SELECT * FROM `jt_role` WHERE `id` = 0 LIMIT 1   [ RunTime:0.0005s ]
INFO: [ view_parse ] --START--
INFO: [ template_filter ] --START--
INFO: Run Behavior\ContentReplaceBehavior [ RunTime:0.000341s ]
INFO: [ template_filter ] --END-- [ RunTime:0.000622s ]
INFO: Run Behavior\ParseTemplateBehavior [ RunTime:0.021882s ]
INFO: [ view_parse ] --END-- [ RunTime:0.022263s ]
INFO: [ view_filter ] --START--
INFO: Run Behavior\WriteHtmlCacheBehavior [ RunTime:0.001785s ]
INFO: [ view_filter ] --END-- [ RunTime:0.002190s ]
INFO: [ app_end ] --START--
INFO: Run Behavior\ShowPageTraceBehavior [ RunTime:0.001828s ]
INFO: [ app_end ] --END-- [ RunTime:0.002325s ]

[ 2018-06-22T21:40:44+08:00 ] 127.0.0.1 /manager.php/Student/showlist.html
INFO: [ app_init ] --START--
INFO: Run Behavior\BuildLiteBehavior [ RunTime:0.000081s ]
INFO: [ app_init ] --END-- [ RunTime:0.001184s ]
INFO: [ app_begin ] --START--
INFO: Run Behavior\ReadHtmlCacheBehavior [ RunTime:0.001231s ]
INFO: [ app_begin ] --END-- [ RunTime:0.001560s ]
SQL: SHOW COLUMNS FROM `jt_role` [ RunTime:0.0171s ]
SQL: SELECT * FROM `jt_role` WHERE `id` = 0 LIMIT 1   [ RunTime:0.0004s ]
SQL: SHOW COLUMNS FROM `jt_stu` [ RunTime:0.0091s ]
SQL: SELECT * FROM `jt_stu` ORDER BY id desc LIMIT 0,20   [ RunTime:0.0011s ]
SQL: SELECT COUNT(*) AS tp_count FROM `jt_stu` LIMIT 1   [ RunTime:0.0007s ]

