[ 2018-07-01T15:18:12+08:00 ] 127.0.0.1 /manager.php/Test/exam/id/52
INFO: [ app_init ] --START--
INFO: Run Behavior\BuildLiteBehavior [ RunTime:0.000113s ]
INFO: [ app_init ] --END-- [ RunTime:0.002043s ]
INFO: [ app_begin ] --START--
INFO: Run Behavior\ReadHtmlCacheBehavior [ RunTime:0.004804s ]
INFO: [ app_begin ] --END-- [ RunTime:0.005424s ]
INFO: [ view_parse ] --START--
INFO: [ template_filter ] --START--
INFO: Run Behavior\ContentReplaceBehavior [ RunTime:0.000376s ]
INFO: [ template_filter ] --END-- [ RunTime:0.000988s ]
INFO: Run Behavior\ParseTemplateBehavior [ RunTime:0.079283s ]
INFO: [ view_parse ] --END-- [ RunTime:0.081074s ]
INFO: [ view_filter ] --START--
INFO: Run Behavior\WriteHtmlCacheBehavior [ RunTime:0.003425s ]
INFO: [ view_filter ] --END-- [ RunTime:0.003985s ]

[ 2018-07-01T15:18:16+08:00 ] 127.0.0.1 /manager.php
INFO: [ app_init ] --START--
INFO: Run Behavior\BuildLiteBehavior [ RunTime:0.000122s ]
INFO: [ app_init ] --END-- [ RunTime:0.002919s ]
INFO: [ app_begin ] --START--
INFO: Run Behavior\ReadHtmlCacheBehavior [ RunTime:0.004928s ]
INFO: [ app_begin ] --END-- [ RunTime:0.005774s ]

[ 2018-07-01T15:18:17+08:00 ] 127.0.0.1 /manager.php/Public/login
INFO: [ app_init ] --START--
INFO: Run Behavior\BuildLiteBehavior [ RunTime:0.000131s ]
INFO: [ app_init ] --END-- [ RunTime:0.003106s ]
INFO: [ app_begin ] --START--
INFO: Run Behavior\ReadHtmlCacheBehavior [ RunTime:0.005612s ]
INFO: [ app_begin ] --END-- [ RunTime:0.006438s ]
INFO: [ view_parse ] --START--
INFO: [ template_filter ] --START--
INFO: Run Behavior\ContentReplaceBehavior [ RunTime:0.000751s ]
INFO: [ template_filter ] --END-- [ RunTime:0.001947s ]
INFO: Run Behavior\ParseTemplateBehavior [ RunTime:0.058836s ]
INFO: [ view_parse ] --END-- [ RunTime:0.059630s ]
INFO: [ view_filter ] --START--
INFO: Run Behavior\WriteHtmlCacheBehavior [ RunTime:0.011310s ]
INFO: [ view_filter ] --END-- [ RunTime:0.011998s ]
INFO: [ app_end ] --START--
INFO: Run Behavior\ShowPageTraceBehavior [ RunTime:0.015006s ]
INFO: [ app_end ] --END-- [ RunTime:0.015672s ]

[ 2018-07-01T15:18:18+08:00 ] 127.0.0.1 /manager.php/Public/verifyImg
INFO: [ app_init ] --START--
INFO: Run Behavior\BuildLiteBehavior [ RunTime:0.000130s ]
INFO: [ app_init ] --END-- [ RunTime:0.002696s ]
INFO: [ app_begin ] --START--
INFO: Run Behavior\ReadHtmlCacheBehavior [ RunTime:0.004649s ]
INFO: [ app_begin ] --END-- [ RunTime:0.005366s ]
INFO: [ app_end ] --START--
INFO: Run Behavior\ShowPageTraceBehavior [ RunTime:0.011543s ]
INFO: [ app_end ] --END-- [ RunTime:0.012264s ]

[ 2018-07-01T15:18:35+08:00 ] 127.0.0.1 /manager.php/Public/login
INFO: [ app_init ] --START--
INFO: Run Behavior\BuildLiteBehavior [ RunTime:0.000114s ]
INFO: [ app_init ] --END-- [ RunTime:0.002089s ]
INFO: [ app_begin ] --START--
INFO: Run Behavior\ReadHtmlCacheBehavior [ RunTime:0.005099s ]
INFO: [ app_begin ] --END-- [ RunTime:0.005632s ]
NOTIC: [8] Use of undefined constant code - assumed 'code' D:\wamp\www\jmooctest\Application\Admin\Controller\PublicController.class.php 第 12 行.
SQL: SHOW COLUMNS FROM `jt_user` [ RunTime:0.0214s ]
SQL: SELECT * FROM `jt_user` WHERE ( email='494025451@qq.com' ) LIMIT 1   [ RunTime:0.0011s ]
NOTIC: [8] Use of undefined constant password - assumed 'password' D:\wamp\www\jmooctest\Application\Admin\Controller\PublicController.class.php 第 14 行.
NOTIC: [8] Use of undefined constant pwd - assumed 'pwd' D:\wamp\www\jmooctest\Application\Admin\Controller\PublicController.class.php 第 14 行.
SQL: UPDATE `jt_user` SET `email`='494025451@qq.com',`pwd`='$2y$10$/tsKYctqQKNZt8B9RfvanulZtp02zcoppQiRxCGDjJOV5LejbmAle',`name`='陈文',`rgdate`='1501586745',`role_id`='0',`telphone`='17875511965',`course_ids`='',`status`='1',`last_ip`='127.0.0.1',`last_lgdate`='1530429515' WHERE `id` = 1 [ RunTime:0.0815s ]

[ 2018-07-01T15:18:36+08:00 ] 127.0.0.1 /manager.php/Index/index
INFO: [ app_init ] --START--
INFO: Run Behavior\BuildLiteBehavior [ RunTime:0.000114s ]
INFO: [ app_init ] --END-- [ RunTime:0.002037s ]
INFO: [ app_begin ] --START--
INFO: Run Behavior\ReadHtmlCacheBehavior [ RunTime:0.004418s ]
INFO: [ app_begin ] --END-- [ RunTime:0.005087s ]
SQL: SHOW COLUMNS FROM `jt_role` [ RunTime:0.1576s ]
SQL: SELECT * FROM `jt_role` WHERE `id` = 0 LIMIT 1   [ RunTime:0.0012s ]
SQL: SHOW COLUMNS FROM `jt_user` [ RunTime:0.0295s ]
SQL: SELECT `name` FROM `jt_user` WHERE `id` = 1 LIMIT 1   [ RunTime:0.0010s ]
SQL: SHOW COLUMNS FROM `jt_role` [ RunTime:0.0344s ]
SQL: SELECT * FROM `jt_role` WHERE `id` = 0 LIMIT 1   [ RunTime:0.0010s ]
SQL: SHOW COLUMNS FROM `jt_authority` [ RunTime:0.0250s ]
SQL: SELECT * FROM `jt_authority` WHERE ( auth_level=0 and display=1 )  [ RunTime:0.0018s ]
SQL: SELECT * FROM `jt_authority` WHERE ( auth_level=1 and display=1 )  [ RunTime:0.0015s ]
INFO: [ view_parse ] --START--
INFO: [ template_filter ] --START--
INFO: Run Behavior\ContentReplaceBehavior [ RunTime:0.000635s ]
INFO: [ template_filter ] --END-- [ RunTime:0.001262s ]
INFO: Run Behavior\ParseTemplateBehavior [ RunTime:0.071905s ]
INFO: [ view_parse ] --END-- [ RunTime:0.072673s ]
INFO: [ view_filter ] --START--
INFO: Run Behavior\WriteHtmlCacheBehavior [ RunTime:0.003622s ]
INFO: [ view_filter ] --END-- [ RunTime:0.004191s ]
INFO: [ app_end ] --START--
INFO: Run Behavior\ShowPageTraceBehavior [ RunTime:0.010295s ]
INFO: [ app_end ] --END-- [ RunTime:0.011167s ]

[ 2018-07-01T15:18:37+08:00 ] 127.0.0.1 /manager.php/Personal/show.html
INFO: [ app_init ] --START--
INFO: Run Behavior\BuildLiteBehavior [ RunTime:0.000140s ]
INFO: [ app_init ] --END-- [ RunTime:0.003468s ]
INFO: [ app_begin ] --START--
INFO: Run Behavior\ReadHtmlCacheBehavior [ RunTime:0.004797s ]
INFO: [ app_begin ] --END-- [ RunTime:0.005875s ]
NOTIC: [2048] Declaration of Admin\Controller\PersonalController::show() should be compatible with Think\Controller::show($content, $charset = '', $contentType = '', $prefix = '') D:\wamp\www\jmooctest\Application\Admin\Controller\PersonalController.class.php 第 5 行.
SQL: SHOW COLUMNS FROM `jt_role` [ RunTime:0.0278s ]
SQL: SELECT * FROM `jt_role` WHERE `id` = 0 LIMIT 1   [ RunTime:0.0012s ]
SQL: SHOW COLUMNS FROM `jt_user` [ RunTime:0.0390s ]
SQL: SELECT * FROM `jt_user` WHERE `id` = 1 LIMIT 1   [ RunTime:0.0012s ]
SQL: SHOW COLUMNS FROM `jt_course` [ RunTime:0.0264s ]
SQL: SELECT `name` FROM `jt_course` WHERE `id` = 0  [ RunTime:0.0008s ]
NOTIC: [8] Undefined index: cou_name D:\wamp\www\jmooctest\Application\Admin\Controller\PersonalController.class.php 第 20 行.
INFO: [ view_parse ] --START--
INFO: [ template_filter ] --START--
INFO: Run Behavior\ContentReplaceBehavior [ RunTime:0.000993s ]
INFO: [ template_filter ] --END-- [ RunTime:0.002104s ]
INFO: Run Behavior\ParseTemplateBehavior [ RunTime:0.066031s ]
INFO: [ view_parse ] --END-- [ RunTime:0.066683s ]
INFO: [ view_filter ] --START--
INFO: Run Behavior\WriteHtmlCacheBehavior [ RunTime:0.003770s ]
INFO: [ view_filter ] --END-- [ RunTime:0.004414s ]
INFO: [ app_end ] --START--
INFO: Run Behavior\ShowPageTraceBehavior [ RunTime:0.021326s ]
INFO: [ app_end ] --END-- [ RunTime:0.021967s ]

[ 2018-07-01T15:18:51+08:00 ] 127.0.0.1 /manager.php/Question/sin_showlist.html
INFO: [ app_init ] --START--
INFO: Run Behavior\BuildLiteBehavior [ RunTime:0.000137s ]
INFO: [ app_init ] --END-- [ RunTime:0.003379s ]
INFO: [ app_begin ] --START--
INFO: Run Behavior\ReadHtmlCacheBehavior [ RunTime:0.007326s ]
INFO: [ app_begin ] --END-- [ RunTime:0.009672s ]
SQL: SHOW COLUMNS FROM `jt_role` [ RunTime:0.0625s ]
SQL: SELECT * FROM `jt_role` WHERE `id` = 0 LIMIT 1   [ RunTime:0.0009s ]
INFO: [ view_parse ] --START--
INFO: [ template_filter ] --START--
INFO: Run Behavior\ContentReplaceBehavior [ RunTime:0.001005s ]
INFO: [ template_filter ] --END-- [ RunTime:0.001699s ]
INFO: Run Behavior\ParseTemplateBehavior [ RunTime:0.055833s ]
INFO: [ view_parse ] --END-- [ RunTime:0.056498s ]
INFO: [ view_filter ] --START--
INFO: Run Behavior\WriteHtmlCacheBehavior [ RunTime:0.003490s ]
INFO: [ view_filter ] --END-- [ RunTime:0.004055s ]
INFO: [ app_end ] --START--
INFO: Run Behavior\ShowPageTraceBehavior [ RunTime:0.004168s ]
INFO: [ app_end ] --END-- [ RunTime:0.004754s ]

[ 2018-07-01T15:18:54+08:00 ] 127.0.0.1 /manager.php/Question/sin_showlist.html
INFO: [ app_init ] --START--
INFO: Run Behavior\BuildLiteBehavior [ RunTime:0.000129s ]
INFO: [ app_init ] --END-- [ RunTime:0.002340s ]
INFO: [ app_begin ] --START--
INFO: Run Behavior\ReadHtmlCacheBehavior [ RunTime:0.007177s ]
INFO: [ app_begin ] --END-- [ RunTime:0.007798s ]
SQL: SHOW COLUMNS FROM `jt_role` [ RunTime:0.0817s ]
SQL: SELECT * FROM `jt_role` WHERE `id` = 0 LIMIT 1   [ RunTime:0.0010s ]
SQL: SHOW COLUMNS FROM `jt_ques_single` [ RunTime:0.1023s ]
SQL: SELECT * FROM `jt_ques_single` ORDER BY id desc LIMIT 0,20   [ RunTime:0.0022s ]
SQL: SELECT COUNT(*) AS tp_count FROM `jt_ques_single` LIMIT 1   [ RunTime:0.0010s ]
SQL: SHOW COLUMNS FROM `jt_course` [ RunTime:0.0477s ]
SQL: SELECT `name` FROM `jt_course` WHERE `id` = 147 LIMIT 1   [ RunTime:0.0010s ]
SQL: SELECT `name` FROM `jt_course` WHERE `id` = 147 LIMIT 1   [ RunTime:0.0009s ]
SQL: SELECT `name` FROM `jt_course` WHERE `id` = 147 LIMIT 1   [ RunTime:0.0009s ]
SQL: SELECT `name` FROM `jt_course` WHERE `id` = 147 LIMIT 1   [ RunTime:0.0009s ]
SQL: SELECT `name` FROM `jt_course` WHERE `id` = 147 LIMIT 1   [ RunTime:0.0008s ]
SQL: SELECT `name` FROM `jt_course` WHERE `id` = 147 LIMIT 1   [ RunTime:0.0008s ]
SQL: SELECT `name` FROM `jt_course` WHERE `id` = 147 LIMIT 1   [ RunTime:0.0010s ]
SQL: SELECT `name` FROM `jt_course` WHERE `id` = 147 LIMIT 1   [ RunTime:0.0009s ]
SQL: SELECT `name` FROM `jt_course` WHERE `id` = 147 LIMIT 1   [ RunTime:0.0009s ]
SQL: SELECT `name` FROM `jt_course` WHERE `id` = 147 LIMIT 1   [ RunTime:0.0009s ]
SQL: SELECT `name` FROM `jt_course` WHERE `id` = 147 LIMIT 1   [ RunTime:0.0009s ]
SQL: SELECT `name` FROM `jt_course` WHERE `id` = 147 LIMIT 1   [ RunTime:0.0022s ]
SQL: SELECT `name` FROM `jt_course` WHERE `id` = 147 LIMIT 1   [ RunTime:0.0008s ]
SQL: SELECT `name` FROM `jt_course` WHERE `id` = 147 LIMIT 1   [ RunTime:0.0009s ]
SQL: SELECT `name` FROM `jt_course` WHERE `id` = 147 LIMIT 1   [ RunTime:0.0007s ]
SQL: SELECT `name` FROM `jt_course` WHERE `id` = 147 LIMIT 1   [ RunTime:0.0008s ]
SQL: SELECT `name` FROM `jt_course` WHERE `id` = 147 LIMIT 1   [ RunTime:0.0008s ]
SQL: SELECT `name` FROM `jt_course` WHERE `id` = 147 LIMIT 1   [ RunTime:0.0011s ]
SQL: SELECT `name` FROM `jt_course` WHERE `id` = 147 LIMIT 1   [ RunTime:0.0009s ]
SQL: SELECT `name` FROM `jt_course` WHERE `id` = 147 LIMIT 1   [ RunTime:0.0008s ]

