[ 2018-06-10T14:28:48+08:00 ] 127.0.0.1 /manager.php/Public/login
INFO: [ app_init ] --START--
INFO: Run Behavior\BuildLiteBehavior [ RunTime:0.000140s ]
INFO: [ app_init ] --END-- [ RunTime:0.003322s ]
INFO: [ app_begin ] --START--
INFO: Run Behavior\ReadHtmlCacheBehavior [ RunTime:0.004799s ]
INFO: [ app_begin ] --END-- [ RunTime:0.005466s ]
INFO: [ view_parse ] --START--
INFO: [ template_filter ] --START--
INFO: Run Behavior\ContentReplaceBehavior [ RunTime:0.000622s ]
INFO: [ template_filter ] --END-- [ RunTime:0.001279s ]
INFO: Run Behavior\ParseTemplateBehavior [ RunTime:0.092643s ]
INFO: [ view_parse ] --END-- [ RunTime:0.093323s ]
INFO: [ view_filter ] --START--
INFO: Run Behavior\WriteHtmlCacheBehavior [ RunTime:0.004269s ]
INFO: [ view_filter ] --END-- [ RunTime:0.004935s ]
INFO: [ app_end ] --START--
INFO: Run Behavior\ShowPageTraceBehavior [ RunTime:0.004392s ]
INFO: [ app_end ] --END-- [ RunTime:0.005269s ]

[ 2018-06-10T14:28:48+08:00 ] 127.0.0.1 /manager.php/Public/verifyImg
INFO: [ app_init ] --START--
INFO: Run Behavior\BuildLiteBehavior [ RunTime:0.000131s ]
INFO: [ app_init ] --END-- [ RunTime:0.002806s ]
INFO: [ app_begin ] --START--
INFO: Run Behavior\ReadHtmlCacheBehavior [ RunTime:0.006056s ]
INFO: [ app_begin ] --END-- [ RunTime:0.006742s ]
INFO: [ app_end ] --START--
INFO: Run Behavior\ShowPageTraceBehavior [ RunTime:0.006382s ]
INFO: [ app_end ] --END-- [ RunTime:0.007379s ]

[ 2018-06-10T14:29:01+08:00 ] 127.0.0.1 /manager.php/Public/login
INFO: [ app_init ] --START--
INFO: Run Behavior\BuildLiteBehavior [ RunTime:0.000122s ]
INFO: [ app_init ] --END-- [ RunTime:0.002574s ]
INFO: [ app_begin ] --START--
INFO: Run Behavior\ReadHtmlCacheBehavior [ RunTime:0.004468s ]
INFO: [ app_begin ] --END-- [ RunTime:0.005005s ]
NOTIC: [8] Use of undefined constant code - assumed 'code' D:\wamp\www\jmooctest\Application\Admin\Controller\PublicController.class.php 第 12 行.
SQL: SHOW COLUMNS FROM `jt_user` [ RunTime:0.0471s ]
SQL: SELECT * FROM `jt_user` WHERE ( email='494025451@qq.com' ) LIMIT 1   [ RunTime:0.0012s ]
NOTIC: [8] Use of undefined constant password - assumed 'password' D:\wamp\www\jmooctest\Application\Admin\Controller\PublicController.class.php 第 14 行.
NOTIC: [8] Use of undefined constant pwd - assumed 'pwd' D:\wamp\www\jmooctest\Application\Admin\Controller\PublicController.class.php 第 14 行.
SQL: UPDATE `jt_user` SET `email`='494025451@qq.com',`pwd`='$2y$10$/tsKYctqQKNZt8B9RfvanulZtp02zcoppQiRxCGDjJOV5LejbmAle',`name`='陈文',`rgdate`='1501586745',`role_id`='0',`telphone`='17875511965',`course_ids`='',`status`='1',`last_ip`='127.0.0.1',`last_lgdate`='1528612141' WHERE `id` = 1 [ RunTime:0.0658s ]

[ 2018-06-10T14:29:01+08:00 ] 127.0.0.1 /manager.php/Index/index
INFO: [ app_init ] --START--
INFO: Run Behavior\BuildLiteBehavior [ RunTime:0.000135s ]
INFO: [ app_init ] --END-- [ RunTime:0.002448s ]
INFO: [ app_begin ] --START--
INFO: Run Behavior\ReadHtmlCacheBehavior [ RunTime:0.005266s ]
INFO: [ app_begin ] --END-- [ RunTime:0.006000s ]
SQL: SHOW COLUMNS FROM `jt_role` [ RunTime:0.0538s ]
SQL: SELECT * FROM `jt_role` WHERE `id` = 0 LIMIT 1   [ RunTime:0.0013s ]
SQL: SHOW COLUMNS FROM `jt_user` [ RunTime:0.0664s ]
SQL: SELECT `name` FROM `jt_user` WHERE `id` = 1 LIMIT 1   [ RunTime:0.0016s ]
SQL: SHOW COLUMNS FROM `jt_role` [ RunTime:0.0608s ]
SQL: SELECT * FROM `jt_role` WHERE `id` = 0 LIMIT 1   [ RunTime:0.0009s ]
SQL: SHOW COLUMNS FROM `jt_authority` [ RunTime:0.0510s ]
SQL: SELECT * FROM `jt_authority` WHERE ( auth_level=0 and display=1 )  [ RunTime:0.0019s ]
SQL: SELECT * FROM `jt_authority` WHERE ( auth_level=1 and display=1 )  [ RunTime:0.0015s ]
INFO: [ view_parse ] --START--
INFO: [ template_filter ] --START--
INFO: Run Behavior\ContentReplaceBehavior [ RunTime:0.000669s ]
INFO: [ template_filter ] --END-- [ RunTime:0.001337s ]
INFO: Run Behavior\ParseTemplateBehavior [ RunTime:0.096639s ]
INFO: [ view_parse ] --END-- [ RunTime:0.097586s ]
INFO: [ view_filter ] --START--
INFO: Run Behavior\WriteHtmlCacheBehavior [ RunTime:0.004309s ]
INFO: [ view_filter ] --END-- [ RunTime:0.004948s ]
INFO: [ app_end ] --START--
INFO: Run Behavior\ShowPageTraceBehavior [ RunTime:0.006379s ]
INFO: [ app_end ] --END-- [ RunTime:0.007323s ]

[ 2018-06-10T14:29:02+08:00 ] 127.0.0.1 /manager.php/Personal/show.html
INFO: [ app_init ] --START--
INFO: Run Behavior\BuildLiteBehavior [ RunTime:0.000141s ]
INFO: [ app_init ] --END-- [ RunTime:0.003578s ]
INFO: [ app_begin ] --START--
INFO: Run Behavior\ReadHtmlCacheBehavior [ RunTime:0.005365s ]
INFO: [ app_begin ] --END-- [ RunTime:0.006060s ]
NOTIC: [2048] Declaration of Admin\Controller\PersonalController::show() should be compatible with Think\Controller::show($content, $charset = '', $contentType = '', $prefix = '') D:\wamp\www\jmooctest\Application\Admin\Controller\PersonalController.class.php 第 5 行.
SQL: SHOW COLUMNS FROM `jt_role` [ RunTime:0.0526s ]
SQL: SELECT * FROM `jt_role` WHERE `id` = 0 LIMIT 1   [ RunTime:0.0010s ]
SQL: SHOW COLUMNS FROM `jt_user` [ RunTime:0.0488s ]
SQL: SELECT * FROM `jt_user` WHERE `id` = 1 LIMIT 1   [ RunTime:0.0015s ]
SQL: SHOW COLUMNS FROM `jt_course` [ RunTime:0.0454s ]
SQL: SELECT `name` FROM `jt_course` WHERE `id` = 0  [ RunTime:0.0015s ]
NOTIC: [8] Undefined index: cou_name D:\wamp\www\jmooctest\Application\Admin\Controller\PersonalController.class.php 第 20 行.
INFO: [ view_parse ] --START--
INFO: [ template_filter ] --START--
INFO: Run Behavior\ContentReplaceBehavior [ RunTime:0.000776s ]
INFO: [ template_filter ] --END-- [ RunTime:0.001440s ]
INFO: Run Behavior\ParseTemplateBehavior [ RunTime:0.071614s ]
INFO: [ view_parse ] --END-- [ RunTime:0.072299s ]
INFO: [ view_filter ] --START--
INFO: Run Behavior\WriteHtmlCacheBehavior [ RunTime:0.004959s ]
INFO: [ view_filter ] --END-- [ RunTime:0.005563s ]
INFO: [ app_end ] --START--
INFO: Run Behavior\ShowPageTraceBehavior [ RunTime:0.006585s ]
INFO: [ app_end ] --END-- [ RunTime:0.007525s ]

[ 2018-06-10T14:29:05+08:00 ] 127.0.0.1 /manager.php/Question/sub_showlist.html
INFO: [ app_init ] --START--
INFO: Run Behavior\BuildLiteBehavior [ RunTime:0.000119s ]
INFO: [ app_init ] --END-- [ RunTime:0.002811s ]
INFO: [ app_begin ] --START--
INFO: Run Behavior\ReadHtmlCacheBehavior [ RunTime:0.004017s ]
INFO: [ app_begin ] --END-- [ RunTime:0.004672s ]
SQL: SHOW COLUMNS FROM `jt_role` [ RunTime:0.0500s ]
SQL: SELECT * FROM `jt_role` WHERE `id` = 0 LIMIT 1   [ RunTime:0.0010s ]
SQL: SHOW COLUMNS FROM `jt_ques_subj` [ RunTime:0.0459s ]
SQL: SELECT * FROM `jt_ques_subj`  [ RunTime:0.0020s ]
SQL: SHOW COLUMNS FROM `jt_course` [ RunTime:0.0418s ]
SQL: SELECT `name` FROM `jt_course` WHERE `id` = 155 LIMIT 1   [ RunTime:0.0007s ]
SQL: SELECT `name` FROM `jt_course` WHERE `id` = 155 LIMIT 1   [ RunTime:0.0007s ]
SQL: SELECT `name` FROM `jt_course` WHERE `id` = 155 LIMIT 1   [ RunTime:0.0006s ]
SQL: SELECT `name` FROM `jt_course` WHERE `id` = 155 LIMIT 1   [ RunTime:0.0007s ]
SQL: SELECT `name` FROM `jt_course` WHERE `id` = 156 LIMIT 1   [ RunTime:0.0007s ]
SQL: SELECT `name` FROM `jt_course` WHERE `id` = 156 LIMIT 1   [ RunTime:0.0007s ]
SQL: SELECT `name` FROM `jt_course` WHERE `id` = 149 LIMIT 1   [ RunTime:0.0006s ]
SQL: SELECT `name` FROM `jt_course` WHERE `id` = 149 LIMIT 1   [ RunTime:0.0007s ]
SQL: SELECT `name` FROM `jt_course` WHERE `id` = 149 LIMIT 1   [ RunTime:0.0007s ]
SQL: SELECT `name` FROM `jt_course` WHERE `id` = 149 LIMIT 1   [ RunTime:0.0008s ]
SQL: SELECT `name` FROM `jt_course` WHERE `id` = 149 LIMIT 1   [ RunTime:0.0006s ]
SQL: SELECT `name` FROM `jt_course` WHERE `id` = 149 LIMIT 1   [ RunTime:0.0007s ]
SQL: SELECT `name` FROM `jt_course` WHERE `id` = 149 LIMIT 1   [ RunTime:0.0008s ]
SQL: SELECT `name` FROM `jt_course` WHERE `id` = 147 LIMIT 1   [ RunTime:0.0007s ]
SQL: SELECT `name` FROM `jt_course` WHERE `id` = 147 LIMIT 1   [ RunTime:0.0007s ]
SQL: SELECT `name` FROM `jt_course` WHERE `id` = 147 LIMIT 1   [ RunTime:0.0009s ]
SQL: SELECT `name` FROM `jt_course` WHERE `id` = 147 LIMIT 1   [ RunTime:0.0006s ]
SQL: SELECT `name` FROM `jt_course` WHERE `id` = 147 LIMIT 1   [ RunTime:0.0008s ]
SQL: SELECT `name` FROM `jt_course` WHERE `id` = 147 LIMIT 1   [ RunTime:0.0004s ]
SQL: SELECT `name` FROM `jt_course` WHERE `id` = 147 LIMIT 1   [ RunTime:0.0004s ]
SQL: SELECT `name` FROM `jt_course` WHERE `id` = 147 LIMIT 1   [ RunTime:0.0004s ]
SQL: SELECT `name` FROM `jt_course` WHERE `id` = 147 LIMIT 1   [ RunTime:0.0004s ]
SQL: SELECT `name` FROM `jt_course` WHERE `id` = 147 LIMIT 1   [ RunTime:0.0006s ]
SQL: SELECT `name` FROM `jt_course` WHERE `id` = 157 LIMIT 1   [ RunTime:0.0009s ]
SQL: SELECT `name` FROM `jt_course` WHERE `id` = 147 LIMIT 1   [ RunTime:0.0007s ]
SQL: SELECT `name` FROM `jt_course` WHERE `id` = 147 LIMIT 1   [ RunTime:0.0007s ]
SQL: SELECT `name` FROM `jt_course` WHERE `id` = 148 LIMIT 1   [ RunTime:0.0005s ]
SQL: SELECT `name` FROM `jt_course` WHERE `id` = 149 LIMIT 1   [ RunTime:0.0006s ]
SQL: SELECT `name` FROM `jt_course` WHERE `id` = 147 LIMIT 1   [ RunTime:0.0006s ]
SQL: SELECT `name` FROM `jt_course` WHERE `id` = 148 LIMIT 1   [ RunTime:0.0006s ]
SQL: SELECT `name` FROM `jt_course` WHERE `id` = 149 LIMIT 1   [ RunTime:0.0006s ]
SQL: SELECT `name` FROM `jt_course` WHERE `id` = 147 LIMIT 1   [ RunTime:0.0008s ]
SQL: SELECT `name` FROM `jt_course` WHERE `id` = 148 LIMIT 1   [ RunTime:0.0008s ]
SQL: SELECT `name` FROM `jt_course` WHERE `id` = 149 LIMIT 1   [ RunTime:0.0004s ]
SQL: SELECT `name` FROM `jt_course` WHERE `id` = 147 LIMIT 1   [ RunTime:0.0004s ]
SQL: SELECT `name` FROM `jt_course` WHERE `id` = 148 LIMIT 1   [ RunTime:0.0004s ]
SQL: SELECT `name` FROM `jt_course` WHERE `id` = 147 LIMIT 1   [ RunTime:0.0006s ]
SQL: SELECT `name` FROM `jt_course` WHERE `id` = 148 LIMIT 1   [ RunTime:0.0006s ]
SQL: SELECT `name` FROM `jt_course` WHERE `id` = 147 LIMIT 1   [ RunTime:0.0009s ]
SQL: SELECT `name` FROM `jt_course` WHERE `id` = 148 LIMIT 1   [ RunTime:0.0007s ]
SQL: SELECT `name` FROM `jt_course` WHERE `id` = 157 LIMIT 1   [ RunTime:0.0004s ]
SQL: SELECT `name` FROM `jt_course` WHERE `id` = 157 LIMIT 1   [ RunTime:0.0004s ]
SQL: SELECT `name` FROM `jt_course` WHERE `id` = 157 LIMIT 1   [ RunTime:0.0005s ]
SQL: SELECT `name` FROM `jt_course` WHERE `id` = 157 LIMIT 1   [ RunTime:0.0004s ]
SQL: SELECT `name` FROM `jt_course` WHERE `id` = 157 LIMIT 1   [ RunTime:0.0004s ]
SQL: SELECT `name` FROM `jt_course` WHERE `id` = 157 LIMIT 1   [ RunTime:0.0004s ]
SQL: SELECT `name` FROM `jt_course` WHERE `id` = 157 LIMIT 1   [ RunTime:0.0004s ]
SQL: SELECT `name` FROM `jt_course` WHERE `id` = 157 LIMIT 1   [ RunTime:0.0004s ]
SQL: SELECT `name` FROM `jt_course` WHERE `id` = 157 LIMIT 1   [ RunTime:0.0004s ]
SQL: SELECT `name` FROM `jt_course` WHERE `id` = 157 LIMIT 1   [ RunTime:0.0005s ]
SQL: SELECT `name` FROM `jt_course` WHERE `id` = 157 LIMIT 1   [ RunTime:0.0004s ]
SQL: SELECT `name` FROM `jt_course` WHERE `id` = 157 LIMIT 1   [ RunTime:0.0004s ]
SQL: SELECT `name` FROM `jt_course` WHERE `id` = 157 LIMIT 1   [ RunTime:0.0005s ]
SQL: SELECT `name` FROM `jt_course` WHERE `id` = 157 LIMIT 1   [ RunTime:0.0004s ]
SQL: SELECT `name` FROM `jt_course` WHERE `id` = 157 LIMIT 1   [ RunTime:0.0004s ]
SQL: SELECT `name` FROM `jt_course` WHERE `id` = 157 LIMIT 1   [ RunTime:0.0004s ]
SQL: SELECT `name` FROM `jt_course` WHERE `id` = 157 LIMIT 1   [ RunTime:0.0004s ]
SQL: SELECT `name` FROM `jt_course` WHERE `id` = 157 LIMIT 1   [ RunTime:0.0006s ]
SQL: SELECT `name` FROM `jt_course` WHERE `id` = 157 LIMIT 1   [ RunTime:0.0007s ]
SQL: SELECT `name` FROM `jt_course` WHERE `id` = 157 LIMIT 1   [ RunTime:0.0007s ]
SQL: SELECT `name` FROM `jt_course` WHERE `id` = 157 LIMIT 1   [ RunTime:0.0005s ]
SQL: SELECT `name` FROM `jt_course` WHERE `id` = 157 LIMIT 1   [ RunTime:0.0007s ]
INFO: [ view_parse ] --START--
INFO: [ template_filter ] --START--
INFO: Run Behavior\ContentReplaceBehavior [ RunTime:0.000637s ]
INFO: [ template_filter ] --END-- [ RunTime:0.001262s ]
INFO: Run Behavior\ParseTemplateBehavior [ RunTime:0.045736s ]
INFO: [ view_parse ] --END-- [ RunTime:0.046416s ]
INFO: [ view_filter ] --START--
INFO: Run Behavior\WriteHtmlCacheBehavior [ RunTime:0.003869s ]
INFO: [ view_filter ] --END-- [ RunTime:0.004579s ]
INFO: [ app_end ] --START--
INFO: Run Behavior\ShowPageTraceBehavior [ RunTime:0.005270s ]
INFO: [ app_end ] --END-- [ RunTime:0.005917s ]

[ 2018-06-10T14:29:07+08:00 ] 127.0.0.1 /manager.php/Question/sub_showlist.html?sort=id&order=desc&limit=20&offset=0&_=1528612146572
INFO: [ app_init ] --START--
INFO: Run Behavior\BuildLiteBehavior [ RunTime:0.000171s ]
INFO: [ app_init ] --END-- [ RunTime:0.003520s ]
INFO: [ app_begin ] --START--
INFO: Run Behavior\ReadHtmlCacheBehavior [ RunTime:0.011492s ]
INFO: [ app_begin ] --END-- [ RunTime:0.012155s ]
SQL: SHOW COLUMNS FROM `jt_role` [ RunTime:0.0489s ]
SQL: SELECT * FROM `jt_role` WHERE `id` = 0 LIMIT 1   [ RunTime:0.0011s ]
SQL: SHOW COLUMNS FROM `jt_ques_subj` [ RunTime:0.0479s ]
SQL: SELECT * FROM `jt_ques_subj`  [ RunTime:0.0021s ]
SQL: SHOW COLUMNS FROM `jt_course` [ RunTime:0.0449s ]
SQL: SELECT `name` FROM `jt_course` WHERE `id` = 155 LIMIT 1   [ RunTime:0.0010s ]
SQL: SELECT `name` FROM `jt_course` WHERE `id` = 155 LIMIT 1   [ RunTime:0.0007s ]
SQL: SELECT `name` FROM `jt_course` WHERE `id` = 155 LIMIT 1   [ RunTime:0.0008s ]
SQL: SELECT `name` FROM `jt_course` WHERE `id` = 155 LIMIT 1   [ RunTime:0.0007s ]
SQL: SELECT `name` FROM `jt_course` WHERE `id` = 156 LIMIT 1   [ RunTime:0.0008s ]
SQL: SELECT `name` FROM `jt_course` WHERE `id` = 156 LIMIT 1   [ RunTime:0.0007s ]
SQL: SELECT `name` FROM `jt_course` WHERE `id` = 149 LIMIT 1   [ RunTime:0.0009s ]
SQL: SELECT `name` FROM `jt_course` WHERE `id` = 149 LIMIT 1   [ RunTime:0.0007s ]
SQL: SELECT `name` FROM `jt_course` WHERE `id` = 149 LIMIT 1   [ RunTime:0.0007s ]
SQL: SELECT `name` FROM `jt_course` WHERE `id` = 149 LIMIT 1   [ RunTime:0.0005s ]
SQL: SELECT `name` FROM `jt_course` WHERE `id` = 149 LIMIT 1   [ RunTime:0.0005s ]
SQL: SELECT `name` FROM `jt_course` WHERE `id` = 149 LIMIT 1   [ RunTime:0.0008s ]
SQL: SELECT `name` FROM `jt_course` WHERE `id` = 149 LIMIT 1   [ RunTime:0.0013s ]
SQL: SELECT `name` FROM `jt_course` WHERE `id` = 147 LIMIT 1   [ RunTime:0.0010s ]
SQL: SELECT `name` FROM `jt_course` WHERE `id` = 147 LIMIT 1   [ RunTime:0.0012s ]
SQL: SELECT `name` FROM `jt_course` WHERE `id` = 147 LIMIT 1   [ RunTime:0.0006s ]
SQL: SELECT `name` FROM `jt_course` WHERE `id` = 147 LIMIT 1   [ RunTime:0.0007s ]
SQL: SELECT `name` FROM `jt_course` WHERE `id` = 147 LIMIT 1   [ RunTime:0.0007s ]
SQL: SELECT `name` FROM `jt_course` WHERE `id` = 147 LIMIT 1   [ RunTime:0.0008s ]
SQL: SELECT `name` FROM `jt_course` WHERE `id` = 147 LIMIT 1   [ RunTime:0.0006s ]
SQL: SELECT `name` FROM `jt_course` WHERE `id` = 147 LIMIT 1   [ RunTime:0.0007s ]
SQL: SELECT `name` FROM `jt_course` WHERE `id` = 147 LIMIT 1   [ RunTime:0.0009s ]
SQL: SELECT `name` FROM `jt_course` WHERE `id` = 147 LIMIT 1   [ RunTime:0.0006s ]
SQL: SELECT `name` FROM `jt_course` WHERE `id` = 157 LIMIT 1   [ RunTime:0.0004s ]
SQL: SELECT `name` FROM `jt_course` WHERE `id` = 147 LIMIT 1   [ RunTime:0.0004s ]
SQL: SELECT `name` FROM `jt_course` WHERE `id` = 147 LIMIT 1   [ RunTime:0.0009s ]
SQL: SELECT `name` FROM `jt_course` WHERE `id` = 148 LIMIT 1   [ RunTime:0.0008s ]
SQL: SELECT `name` FROM `jt_course` WHERE `id` = 149 LIMIT 1   [ RunTime:0.0008s ]
SQL: SELECT `name` FROM `jt_course` WHERE `id` = 147 LIMIT 1   [ RunTime:0.0005s ]
SQL: SELECT `name` FROM `jt_course` WHERE `id` = 148 LIMIT 1   [ RunTime:0.0004s ]
SQL: SELECT `name` FROM `jt_course` WHERE `id` = 149 LIMIT 1   [ RunTime:0.0003s ]
SQL: SELECT `name` FROM `jt_course` WHERE `id` = 147 LIMIT 1   [ RunTime:0.0004s ]
SQL: SELECT `name` FROM `jt_course` WHERE `id` = 148 LIMIT 1   [ RunTime:0.0008s ]
SQL: SELECT `name` FROM `jt_course` WHERE `id` = 149 LIMIT 1   [ RunTime:0.0009s ]
SQL: SELECT `name` FROM `jt_course` WHERE `id` = 147 LIMIT 1   [ RunTime:0.0008s ]
SQL: SELECT `name` FROM `jt_course` WHERE `id` = 148 LIMIT 1   [ RunTime:0.0006s ]
SQL: SELECT `name` FROM `jt_course` WHERE `id` = 147 LIMIT 1   [ RunTime:0.0004s ]
SQL: SELECT `name` FROM `jt_course` WHERE `id` = 148 LIMIT 1   [ RunTime:0.0007s ]
SQL: SELECT `name` FROM `jt_course` WHERE `id` = 147 LIMIT 1   [ RunTime:0.0008s ]
SQL: SELECT `name` FROM `jt_course` WHERE `id` = 148 LIMIT 1   [ RunTime:0.0007s ]
SQL: SELECT `name` FROM `jt_course` WHERE `id` = 157 LIMIT 1   [ RunTime:0.0008s ]
SQL: SELECT `name` FROM `jt_course` WHERE `id` = 157 LIMIT 1   [ RunTime:0.0009s ]
SQL: SELECT `name` FROM `jt_course` WHERE `id` = 157 LIMIT 1   [ RunTime:0.0009s ]
SQL: SELECT `name` FROM `jt_course` WHERE `id` = 157 LIMIT 1   [ RunTime:0.0008s ]
SQL: SELECT `name` FROM `jt_course` WHERE `id` = 157 LIMIT 1   [ RunTime:0.0009s ]
SQL: SELECT `name` FROM `jt_course` WHERE `id` = 157 LIMIT 1   [ RunTime:0.0007s ]
SQL: SELECT `name` FROM `jt_course` WHERE `id` = 157 LIMIT 1   [ RunTime:0.0009s ]
SQL: SELECT `name` FROM `jt_course` WHERE `id` = 157 LIMIT 1   [ RunTime:0.0009s ]
SQL: SELECT `name` FROM `jt_course` WHERE `id` = 157 LIMIT 1   [ RunTime:0.0006s ]
SQL: SELECT `name` FROM `jt_course` WHERE `id` = 157 LIMIT 1   [ RunTime:0.0007s ]
SQL: SELECT `name` FROM `jt_course` WHERE `id` = 157 LIMIT 1   [ RunTime:0.0007s ]
SQL: SELECT `name` FROM `jt_course` WHERE `id` = 157 LIMIT 1   [ RunTime:0.0009s ]
SQL: SELECT `name` FROM `jt_course` WHERE `id` = 157 LIMIT 1   [ RunTime:0.0009s ]
SQL: SELECT `name` FROM `jt_course` WHERE `id` = 157 LIMIT 1   [ RunTime:0.0009s ]
SQL: SELECT `name` FROM `jt_course` WHERE `id` = 157 LIMIT 1   [ RunTime:0.0008s ]
SQL: SELECT `name` FROM `jt_course` WHERE `id` = 157 LIMIT 1   [ RunTime:0.0008s ]
SQL: SELECT `name` FROM `jt_course` WHERE `id` = 157 LIMIT 1   [ RunTime:0.0007s ]
SQL: SELECT `name` FROM `jt_course` WHERE `id` = 157 LIMIT 1   [ RunTime:0.0008s ]
SQL: SELECT `name` FROM `jt_course` WHERE `id` = 157 LIMIT 1   [ RunTime:0.0009s ]
SQL: SELECT `name` FROM `jt_course` WHERE `id` = 157 LIMIT 1   [ RunTime:0.0011s ]
SQL: SELECT `name` FROM `jt_course` WHERE `id` = 157 LIMIT 1   [ RunTime:0.0008s ]
SQL: SELECT `name` FROM `jt_course` WHERE `id` = 157 LIMIT 1   [ RunTime:0.0006s ]

[ 2018-06-10T14:29:16+08:00 ] 127.0.0.1 /manager.php/Question/sub_edit/id/74
INFO: [ app_init ] --START--
INFO: Run Behavior\BuildLiteBehavior [ RunTime:0.000113s ]
INFO: [ app_init ] --END-- [ RunTime:0.002026s ]
INFO: [ app_begin ] --START--
INFO: Run Behavior\ReadHtmlCacheBehavior [ RunTime:0.003680s ]
INFO: [ app_begin ] --END-- [ RunTime:0.004253s ]
SQL: SHOW COLUMNS FROM `jt_role` [ RunTime:0.0420s ]
SQL: SELECT * FROM `jt_role` WHERE `id` = 0 LIMIT 1   [ RunTime:0.0008s ]
SQL: SHOW COLUMNS FROM `jt_course` [ RunTime:0.0404s ]
SQL: SELECT * FROM `jt_course`  [ RunTime:0.0010s ]
SQL: SHOW COLUMNS FROM `jt_ques_subj` [ RunTime:0.0424s ]
SQL: SELECT * FROM `jt_ques_subj` WHERE `id` = 74 LIMIT 1   [ RunTime:0.0015s ]
SQL: SELECT `name` FROM `jt_course` WHERE `id` = 157 LIMIT 1   [ RunTime:0.0007s ]
INFO: [ view_parse ] --START--
INFO: [ template_filter ] --START--
INFO: Run Behavior\ContentReplaceBehavior [ RunTime:0.000674s ]
INFO: [ template_filter ] --END-- [ RunTime:0.001361s ]
INFO: Run Behavior\ParseTemplateBehavior [ RunTime:0.074365s ]
INFO: [ view_parse ] --END-- [ RunTime:0.074993s ]
INFO: [ view_filter ] --START--
INFO: Run Behavior\WriteHtmlCacheBehavior [ RunTime:0.004091s ]
INFO: [ view_filter ] --END-- [ RunTime:0.004697s ]
INFO: [ app_end ] --START--
INFO: Run Behavior\ShowPageTraceBehavior [ RunTime:0.003736s ]
INFO: [ app_end ] --END-- [ RunTime:0.004298s ]

[ 2018-06-10T14:29:22+08:00 ] 127.0.0.1 /manager.php/Question/sub_edit/id/74
INFO: [ app_init ] --START--
INFO: Run Behavior\BuildLiteBehavior [ RunTime:0.000112s ]
INFO: [ app_init ] --END-- [ RunTime:0.002313s ]
INFO: [ app_begin ] --START--
INFO: Run Behavior\ReadHtmlCacheBehavior [ RunTime:0.002977s ]
INFO: [ app_begin ] --END-- [ RunTime:0.003555s ]
SQL: SHOW COLUMNS FROM `jt_role` [ RunTime:0.1003s ]
SQL: SELECT * FROM `jt_role` WHERE `id` = 0 LIMIT 1   [ RunTime:0.0008s ]
SQL: SHOW COLUMNS FROM `jt_ques_subj` [ RunTime:0.0426s ]
NOTIC: [8] Undefined index: validate D:\wamp\www\jmooctest\ThinkPHP\Library\Think\Model.class.php 第 1185 行.
NOTIC: [8] Undefined index: auto D:\wamp\www\jmooctest\ThinkPHP\Library\Think\Model.class.php 第 1128 行.
SQL: UPDATE `jt_ques_subj` SET `descr`='说说你蓝桥3',`right_answ`='言之有理即可3',`course_id`='157',`difficulty`='1',`keyword`='头号玩家',`is_show`='1' WHERE `id` = 74 [ RunTime:0.0592s ]
INFO: [ view_parse ] --START--
INFO: [ template_filter ] --START--
INFO: Run Behavior\ContentReplaceBehavior [ RunTime:0.000385s ]
INFO: [ template_filter ] --END-- [ RunTime:0.000944s ]
INFO: Run Behavior\ParseTemplateBehavior [ RunTime:0.040716s ]
INFO: [ view_parse ] --END-- [ RunTime:0.041471s ]
INFO: [ view_filter ] --START--
INFO: Run Behavior\WriteHtmlCacheBehavior [ RunTime:0.002575s ]
INFO: [ view_filter ] --END-- [ RunTime:0.003100s ]
INFO: [ app_end ] --START--
INFO: Run Behavior\ShowPageTraceBehavior [ RunTime:0.004111s ]
INFO: [ app_end ] --END-- [ RunTime:0.004713s ]

[ 2018-06-10T14:29:28+08:00 ] 127.0.0.1 /manager.php/Question/sub_showlist.html
INFO: [ app_init ] --START--
INFO: Run Behavior\BuildLiteBehavior [ RunTime:0.000129s ]
INFO: [ app_init ] --END-- [ RunTime:0.003177s ]
INFO: [ app_begin ] --START--
INFO: Run Behavior\ReadHtmlCacheBehavior [ RunTime:0.003881s ]
INFO: [ app_begin ] --END-- [ RunTime:0.004718s ]
SQL: SHOW COLUMNS FROM `jt_role` [ RunTime:0.0537s ]
SQL: SELECT * FROM `jt_role` WHERE `id` = 0 LIMIT 1   [ RunTime:0.0009s ]
SQL: SHOW COLUMNS FROM `jt_ques_subj` [ RunTime:0.0647s ]
SQL: SELECT * FROM `jt_ques_subj`  [ RunTime:0.0023s ]
SQL: SHOW COLUMNS FROM `jt_course` [ RunTime:0.0614s ]
SQL: SELECT `name` FROM `jt_course` WHERE `id` = 155 LIMIT 1   [ RunTime:0.0007s ]
SQL: SELECT `name` FROM `jt_course` WHERE `id` = 155 LIMIT 1   [ RunTime:0.0008s ]
SQL: SELECT `name` FROM `jt_course` WHERE `id` = 155 LIMIT 1   [ RunTime:0.0008s ]
SQL: SELECT `name` FROM `jt_course` WHERE `id` = 155 LIMIT 1   [ RunTime:0.0008s ]
SQL: SELECT `name` FROM `jt_course` WHERE `id` = 156 LIMIT 1   [ RunTime:0.0009s ]
SQL: SELECT `name` FROM `jt_course` WHERE `id` = 156 LIMIT 1   [ RunTime:0.0008s ]
SQL: SELECT `name` FROM `jt_course` WHERE `id` = 149 LIMIT 1   [ RunTime:0.0009s ]
SQL: SELECT `name` FROM `jt_course` WHERE `id` = 149 LIMIT 1   [ RunTime:0.0009s ]
SQL: SELECT `name` FROM `jt_course` WHERE `id` = 149 LIMIT 1   [ RunTime:0.0009s ]
SQL: SELECT `name` FROM `jt_course` WHERE `id` = 149 LIMIT 1   [ RunTime:0.0009s ]
SQL: SELECT `name` FROM `jt_course` WHERE `id` = 149 LIMIT 1   [ RunTime:0.0009s ]
SQL: SELECT `name` FROM `jt_course` WHERE `id` = 149 LIMIT 1   [ RunTime:0.0009s ]
SQL: SELECT `name` FROM `jt_course` WHERE `id` = 149 LIMIT 1   [ RunTime:0.0008s ]
SQL: SELECT `name` FROM `jt_course` WHERE `id` = 147 LIMIT 1   [ RunTime:0.0009s ]
SQL: SELECT `name` FROM `jt_course` WHERE `id` = 147 LIMIT 1   [ RunTime:0.0012s ]
SQL: SELECT `name` FROM `jt_course` WHERE `id` = 147 LIMIT 1   [ RunTime:0.0008s ]
SQL: SELECT `name` FROM `jt_course` WHERE `id` = 147 LIMIT 1   [ RunTime:0.0008s ]
SQL: SELECT `name` FROM `jt_course` WHERE `id` = 147 LIMIT 1   [ RunTime:0.0009s ]
SQL: SELECT `name` FROM `jt_course` WHERE `id` = 147 LIMIT 1   [ RunTime:0.0008s ]
SQL: SELECT `name` FROM `jt_course` WHERE `id` = 147 LIMIT 1   [ RunTime:0.0008s ]
SQL: SELECT `name` FROM `jt_course` WHERE `id` = 147 LIMIT 1   [ RunTime:0.0009s ]
SQL: SELECT `name` FROM `jt_course` WHERE `id` = 147 LIMIT 1   [ RunTime:0.0008s ]
SQL: SELECT `name` FROM `jt_course` WHERE `id` = 147 LIMIT 1   [ RunTime:0.0007s ]
SQL: SELECT `name` FROM `jt_course` WHERE `id` = 157 LIMIT 1   [ RunTime:0.0008s ]
SQL: SELECT `name` FROM `jt_course` WHERE `id` = 147 LIMIT 1   [ RunTime:0.0008s ]
SQL: SELECT `name` FROM `jt_course` WHERE `id` = 147 LIMIT 1   [ RunTime:0.0008s ]
SQL: SELECT `name` FROM `jt_course` WHERE `id` = 148 LIMIT 1   [ RunTime:0.0008s ]
SQL: SELECT `name` FROM `jt_course` WHERE `id` = 149 LIMIT 1   [ RunTime:0.0006s ]
SQL: SELECT `name` FROM `jt_course` WHERE `id` = 147 LIMIT 1   [ RunTime:0.0007s ]
SQL: SELECT `name` FROM `jt_course` WHERE `id` = 148 LIMIT 1   [ RunTime:0.0008s ]
SQL: SELECT `name` FROM `jt_course` WHERE `id` = 149 LIMIT 1   [ RunTime:0.0010s ]
SQL: SELECT `name` FROM `jt_course` WHERE `id` = 147 LIMIT 1   [ RunTime:0.0009s ]
SQL: SELECT `name` FROM `jt_course` WHERE `id` = 148 LIMIT 1   [ RunTime:0.0008s ]
SQL: SELECT `name` FROM `jt_course` WHERE `id` = 149 LIMIT 1   [ RunTime:0.0009s ]
SQL: SELECT `name` FROM `jt_course` WHERE `id` = 147 LIMIT 1   [ RunTime:0.0008s ]
SQL: SELECT `name` FROM `jt_course` WHERE `id` = 148 LIMIT 1   [ RunTime:0.0009s ]
SQL: SELECT `name` FROM `jt_course` WHERE `id` = 147 LIMIT 1   [ RunTime:0.0012s ]
SQL: SELECT `name` FROM `jt_course` WHERE `id` = 148 LIMIT 1   [ RunTime:0.0008s ]
SQL: SELECT `name` FROM `jt_course` WHERE `id` = 147 LIMIT 1   [ RunTime:0.0006s ]
SQL: SELECT `name` FROM `jt_course` WHERE `id` = 148 LIMIT 1   [ RunTime:0.0007s ]
SQL: SELECT `name` FROM `jt_course` WHERE `id` = 157 LIMIT 1   [ RunTime:0.0008s ]
SQL: SELECT `name` FROM `jt_course` WHERE `id` = 157 LIMIT 1   [ RunTime:0.0007s ]
SQL: SELECT `name` FROM `jt_course` WHERE `id` = 157 LIMIT 1   [ RunTime:0.0007s ]
SQL: SELECT `name` FROM `jt_course` WHERE `id` = 157 LIMIT 1   [ RunTime:0.0009s ]
SQL: SELECT `name` FROM `jt_course` WHERE `id` = 157 LIMIT 1   [ RunTime:0.0008s ]
SQL: SELECT `name` FROM `jt_course` WHERE `id` = 157 LIMIT 1   [ RunTime:0.0011s ]
SQL: SELECT `name` FROM `jt_course` WHERE `id` = 157 LIMIT 1   [ RunTime:0.0008s ]
SQL: SELECT `name` FROM `jt_course` WHERE `id` = 157 LIMIT 1   [ RunTime:0.0007s ]
SQL: SELECT `name` FROM `jt_course` WHERE `id` = 157 LIMIT 1   [ RunTime:0.0017s ]
SQL: SELECT `name` FROM `jt_course` WHERE `id` = 157 LIMIT 1   [ RunTime:0.0009s ]
SQL: SELECT `name` FROM `jt_course` WHERE `id` = 157 LIMIT 1   [ RunTime:0.0009s ]
SQL: SELECT `name` FROM `jt_course` WHERE `id` = 157 LIMIT 1   [ RunTime:0.0009s ]
SQL: SELECT `name` FROM `jt_course` WHERE `id` = 157 LIMIT 1   [ RunTime:0.0006s ]
SQL: SELECT `name` FROM `jt_course` WHERE `id` = 157 LIMIT 1   [ RunTime:0.0008s ]
SQL: SELECT `name` FROM `jt_course` WHERE `id` = 157 LIMIT 1   [ RunTime:0.0008s ]
SQL: SELECT `name` FROM `jt_course` WHERE `id` = 157 LIMIT 1   [ RunTime:0.0008s ]
SQL: SELECT `name` FROM `jt_course` WHERE `id` = 157 LIMIT 1   [ RunTime:0.0008s ]
SQL: SELECT `name` FROM `jt_course` WHERE `id` = 157 LIMIT 1   [ RunTime:0.0008s ]
SQL: SELECT `name` FROM `jt_course` WHERE `id` = 157 LIMIT 1   [ RunTime:0.0006s ]
SQL: SELECT `name` FROM `jt_course` WHERE `id` = 157 LIMIT 1   [ RunTime:0.0010s ]
SQL: SELECT `name` FROM `jt_course` WHERE `id` = 157 LIMIT 1   [ RunTime:0.0007s ]
SQL: SELECT `name` FROM `jt_course` WHERE `id` = 157 LIMIT 1   [ RunTime:0.0007s ]
INFO: [ view_parse ] --START--
INFO: [ template_filter ] --START--
INFO: Run Behavior\ContentReplaceBehavior [ RunTime:0.000669s ]
INFO: [ template_filter ] --END-- [ RunTime:0.001337s ]
INFO: Run Behavior\ParseTemplateBehavior [ RunTime:0.052730s ]
INFO: [ view_parse ] --END-- [ RunTime:0.053494s ]
INFO: [ view_filter ] --START--
INFO: Run Behavior\WriteHtmlCacheBehavior [ RunTime:0.003873s ]
INFO: [ view_filter ] --END-- [ RunTime:0.004584s ]
INFO: [ app_end ] --START--
INFO: Run Behavior\ShowPageTraceBehavior [ RunTime:0.004176s ]
INFO: [ app_end ] --END-- [ RunTime:0.004853s ]

[ 2018-06-10T14:29:31+08:00 ] 127.0.0.1 /manager.php/Question/sub_showlist.html?sort=id&order=desc&limit=20&offset=0&_=1528612170285
INFO: [ app_init ] --START--
INFO: Run Behavior\BuildLiteBehavior [ RunTime:0.000151s ]
INFO: [ app_init ] --END-- [ RunTime:0.003156s ]
INFO: [ app_begin ] --START--
INFO: Run Behavior\ReadHtmlCacheBehavior [ RunTime:0.003410s ]
INFO: [ app_begin ] --END-- [ RunTime:0.003902s ]
SQL: SHOW COLUMNS FROM `jt_role` [ RunTime:0.0478s ]
SQL: SELECT * FROM `jt_role` WHERE `id` = 0 LIMIT 1   [ RunTime:0.0009s ]
SQL: SHOW COLUMNS FROM `jt_ques_subj` [ RunTime:0.0441s ]
SQL: SELECT * FROM `jt_ques_subj`  [ RunTime:0.0022s ]
SQL: SHOW COLUMNS FROM `jt_course` [ RunTime:0.0427s ]
SQL: SELECT `name` FROM `jt_course` WHERE `id` = 155 LIMIT 1   [ RunTime:0.0008s ]
SQL: SELECT `name` FROM `jt_course` WHERE `id` = 155 LIMIT 1   [ RunTime:0.0008s ]
SQL: SELECT `name` FROM `jt_course` WHERE `id` = 155 LIMIT 1   [ RunTime:0.0005s ]
SQL: SELECT `name` FROM `jt_course` WHERE `id` = 155 LIMIT 1   [ RunTime:0.0008s ]
SQL: SELECT `name` FROM `jt_course` WHERE `id` = 156 LIMIT 1   [ RunTime:0.0007s ]
SQL: SELECT `name` FROM `jt_course` WHERE `id` = 156 LIMIT 1   [ RunTime:0.0007s ]
SQL: SELECT `name` FROM `jt_course` WHERE `id` = 149 LIMIT 1   [ RunTime:0.0008s ]
SQL: SELECT `name` FROM `jt_course` WHERE `id` = 149 LIMIT 1   [ RunTime:0.0005s ]
SQL: SELECT `name` FROM `jt_course` WHERE `id` = 149 LIMIT 1   [ RunTime:0.0007s ]
SQL: SELECT `name` FROM `jt_course` WHERE `id` = 149 LIMIT 1   [ RunTime:0.0007s ]
SQL: SELECT `name` FROM `jt_course` WHERE `id` = 149 LIMIT 1   [ RunTime:0.0007s ]
SQL: SELECT `name` FROM `jt_course` WHERE `id` = 149 LIMIT 1   [ RunTime:0.0007s ]
SQL: SELECT `name` FROM `jt_course` WHERE `id` = 149 LIMIT 1   [ RunTime:0.0007s ]
SQL: SELECT `name` FROM `jt_course` WHERE `id` = 147 LIMIT 1   [ RunTime:0.0007s ]
SQL: SELECT `name` FROM `jt_course` WHERE `id` = 147 LIMIT 1   [ RunTime:0.0007s ]
SQL: SELECT `name` FROM `jt_course` WHERE `id` = 147 LIMIT 1   [ RunTime:0.0009s ]
SQL: SELECT `name` FROM `jt_course` WHERE `id` = 147 LIMIT 1   [ RunTime:0.0007s ]
SQL: SELECT `name` FROM `jt_course` WHERE `id` = 147 LIMIT 1   [ RunTime:0.0006s ]
SQL: SELECT `name` FROM `jt_course` WHERE `id` = 147 LIMIT 1   [ RunTime:0.0007s ]
SQL: SELECT `name` FROM `jt_course` WHERE `id` = 147 LIMIT 1   [ RunTime:0.0006s ]
SQL: SELECT `name` FROM `jt_course` WHERE `id` = 147 LIMIT 1   [ RunTime:0.0004s ]
SQL: SELECT `name` FROM `jt_course` WHERE `id` = 147 LIMIT 1   [ RunTime:0.0004s ]
SQL: SELECT `name` FROM `jt_course` WHERE `id` = 147 LIMIT 1   [ RunTime:0.0005s ]
SQL: SELECT `name` FROM `jt_course` WHERE `id` = 157 LIMIT 1   [ RunTime:0.0004s ]
SQL: SELECT `name` FROM `jt_course` WHERE `id` = 147 LIMIT 1   [ RunTime:0.0004s ]
SQL: SELECT `name` FROM `jt_course` WHERE `id` = 147 LIMIT 1   [ RunTime:0.0007s ]
SQL: SELECT `name` FROM `jt_course` WHERE `id` = 148 LIMIT 1   [ RunTime:0.0007s ]
SQL: SELECT `name` FROM `jt_course` WHERE `id` = 149 LIMIT 1   [ RunTime:0.0007s ]
SQL: SELECT `name` FROM `jt_course` WHERE `id` = 147 LIMIT 1   [ RunTime:0.0007s ]
SQL: SELECT `name` FROM `jt_course` WHERE `id` = 148 LIMIT 1   [ RunTime:0.0008s ]
SQL: SELECT `name` FROM `jt_course` WHERE `id` = 149 LIMIT 1   [ RunTime:0.0004s ]
SQL: SELECT `name` FROM `jt_course` WHERE `id` = 147 LIMIT 1   [ RunTime:0.0007s ]
SQL: SELECT `name` FROM `jt_course` WHERE `id` = 148 LIMIT 1   [ RunTime:0.0006s ]
SQL: SELECT `name` FROM `jt_course` WHERE `id` = 149 LIMIT 1   [ RunTime:0.0004s ]
SQL: SELECT `name` FROM `jt_course` WHERE `id` = 147 LIMIT 1   [ RunTime:0.0004s ]
SQL: SELECT `name` FROM `jt_course` WHERE `id` = 148 LIMIT 1   [ RunTime:0.0004s ]
SQL: SELECT `name` FROM `jt_course` WHERE `id` = 147 LIMIT 1   [ RunTime:0.0004s ]
SQL: SELECT `name` FROM `jt_course` WHERE `id` = 148 LIMIT 1   [ RunTime:0.0005s ]
SQL: SELECT `name` FROM `jt_course` WHERE `id` = 147 LIMIT 1   [ RunTime:0.0006s ]
SQL: SELECT `name` FROM `jt_course` WHERE `id` = 148 LIMIT 1   [ RunTime:0.0007s ]
SQL: SELECT `name` FROM `jt_course` WHERE `id` = 157 LIMIT 1   [ RunTime:0.0007s ]
SQL: SELECT `name` FROM `jt_course` WHERE `id` = 157 LIMIT 1   [ RunTime:0.0008s ]
SQL: SELECT `name` FROM `jt_course` WHERE `id` = 157 LIMIT 1   [ RunTime:0.0007s ]
SQL: SELECT `name` FROM `jt_course` WHERE `id` = 157 LIMIT 1   [ RunTime:0.0007s ]
SQL: SELECT `name` FROM `jt_course` WHERE `id` = 157 LIMIT 1   [ RunTime:0.0007s ]
SQL: SELECT `name` FROM `jt_course` WHERE `id` = 157 LIMIT 1   [ RunTime:0.0007s ]
SQL: SELECT `name` FROM `jt_course` WHERE `id` = 157 LIMIT 1   [ RunTime:0.0008s ]
SQL: SELECT `name` FROM `jt_course` WHERE `id` = 157 LIMIT 1   [ RunTime:0.0008s ]
SQL: SELECT `name` FROM `jt_course` WHERE `id` = 157 LIMIT 1   [ RunTime:0.0008s ]
SQL: SELECT `name` FROM `jt_course` WHERE `id` = 157 LIMIT 1   [ RunTime:0.0007s ]
SQL: SELECT `name` FROM `jt_course` WHERE `id` = 157 LIMIT 1   [ RunTime:0.0008s ]
SQL: SELECT `name` FROM `jt_course` WHERE `id` = 157 LIMIT 1   [ RunTime:0.0008s ]
SQL: SELECT `name` FROM `jt_course` WHERE `id` = 157 LIMIT 1   [ RunTime:0.0006s ]
SQL: SELECT `name` FROM `jt_course` WHERE `id` = 157 LIMIT 1   [ RunTime:0.0004s ]
SQL: SELECT `name` FROM `jt_course` WHERE `id` = 157 LIMIT 1   [ RunTime:0.0004s ]
SQL: SELECT `name` FROM `jt_course` WHERE `id` = 157 LIMIT 1   [ RunTime:0.0004s ]
SQL: SELECT `name` FROM `jt_course` WHERE `id` = 157 LIMIT 1   [ RunTime:0.0004s ]
SQL: SELECT `name` FROM `jt_course` WHERE `id` = 157 LIMIT 1   [ RunTime:0.0004s ]
SQL: SELECT `name` FROM `jt_course` WHERE `id` = 157 LIMIT 1   [ RunTime:0.0004s ]
SQL: SELECT `name` FROM `jt_course` WHERE `id` = 157 LIMIT 1   [ RunTime:0.0004s ]
SQL: SELECT `name` FROM `jt_course` WHERE `id` = 157 LIMIT 1   [ RunTime:0.0004s ]
SQL: SELECT `name` FROM `jt_course` WHERE `id` = 157 LIMIT 1   [ RunTime:0.0004s ]

