[ 2018-05-28T19:08:35+08:00 ] 127.0.0.1 /manager.php/Public/login
INFO: [ app_init ] --START--
INFO: Run Behavior\BuildLiteBehavior [ RunTime:0.000083s ]
INFO: [ app_init ] --END-- [ RunTime:0.001666s ]
INFO: [ app_begin ] --START--
INFO: Run Behavior\ReadHtmlCacheBehavior [ RunTime:0.001447s ]
INFO: [ app_begin ] --END-- [ RunTime:0.001807s ]
INFO: [ view_parse ] --START--
INFO: [ template_filter ] --START--
INFO: Run Behavior\ContentReplaceBehavior [ RunTime:0.000279s ]
INFO: [ template_filter ] --END-- [ RunTime:0.000611s ]
INFO: Run Behavior\ParseTemplateBehavior [ RunTime:0.187430s ]
INFO: [ view_parse ] --END-- [ RunTime:0.187819s ]
INFO: [ view_filter ] --START--
INFO: Run Behavior\WriteHtmlCacheBehavior [ RunTime:0.001870s ]
INFO: [ view_filter ] --END-- [ RunTime:0.002291s ]
INFO: [ app_end ] --START--
INFO: Run Behavior\ShowPageTraceBehavior [ RunTime:0.003023s ]
INFO: [ app_end ] --END-- [ RunTime:0.003589s ]

[ 2018-05-28T19:08:36+08:00 ] 127.0.0.1 /manager.php/Public/verifyImg
INFO: [ app_init ] --START--
INFO: Run Behavior\BuildLiteBehavior [ RunTime:0.000070s ]
INFO: [ app_init ] --END-- [ RunTime:0.001139s ]
INFO: [ app_begin ] --START--
INFO: Run Behavior\ReadHtmlCacheBehavior [ RunTime:0.001380s ]
INFO: [ app_begin ] --END-- [ RunTime:0.001776s ]
INFO: [ app_end ] --START--
INFO: Run Behavior\ShowPageTraceBehavior [ RunTime:0.001320s ]
INFO: [ app_end ] --END-- [ RunTime:0.001677s ]

[ 2018-05-28T19:08:52+08:00 ] 127.0.0.1 /manager.php/Public/login
INFO: [ app_init ] --START--
INFO: Run Behavior\BuildLiteBehavior [ RunTime:0.000084s ]
INFO: [ app_init ] --END-- [ RunTime:0.001320s ]
INFO: [ app_begin ] --START--
INFO: Run Behavior\ReadHtmlCacheBehavior [ RunTime:0.001956s ]
INFO: [ app_begin ] --END-- [ RunTime:0.002306s ]
NOTIC: [8] Use of undefined constant code - assumed 'code' D:\wamp\www\jmooctest\Application\Admin\Controller\PublicController.class.php 第 12 行.
SQL: SHOW COLUMNS FROM `jt_user` [ RunTime:0.0525s ]
SQL: SELECT * FROM `jt_user` WHERE ( email='494025451@qq.com' ) LIMIT 1   [ RunTime:0.0009s ]
NOTIC: [8] Use of undefined constant password - assumed 'password' D:\wamp\www\jmooctest\Application\Admin\Controller\PublicController.class.php 第 14 行.
NOTIC: [8] Use of undefined constant pwd - assumed 'pwd' D:\wamp\www\jmooctest\Application\Admin\Controller\PublicController.class.php 第 14 行.
SQL: UPDATE `jt_user` SET `email`='494025451@qq.com',`pwd`='$2y$10$/tsKYctqQKNZt8B9RfvanulZtp02zcoppQiRxCGDjJOV5LejbmAle',`name`='陈文',`rgdate`='1501586745',`role_id`='0',`telphone`='17875511965',`course_ids`='',`status`='1',`last_ip`='127.0.0.1',`last_lgdate`='1527505732' WHERE `id` = 1 [ RunTime:0.1115s ]

[ 2018-05-28T19:08:53+08:00 ] 127.0.0.1 /manager.php/Index/index
INFO: [ app_init ] --START--
INFO: Run Behavior\BuildLiteBehavior [ RunTime:0.000056s ]
INFO: [ app_init ] --END-- [ RunTime:0.000856s ]
INFO: [ app_begin ] --START--
INFO: Run Behavior\ReadHtmlCacheBehavior [ RunTime:0.000940s ]
INFO: [ app_begin ] --END-- [ RunTime:0.001262s ]
SQL: SHOW COLUMNS FROM `jt_role` [ RunTime:0.0601s ]
SQL: SELECT * FROM `jt_role` WHERE `id` = 0 LIMIT 1   [ RunTime:0.0010s ]
SQL: SHOW COLUMNS FROM `jt_user` [ RunTime:0.0152s ]
SQL: SELECT `name` FROM `jt_user` WHERE `id` = 1 LIMIT 1   [ RunTime:0.0007s ]
SQL: SHOW COLUMNS FROM `jt_role` [ RunTime:0.0372s ]
SQL: SELECT * FROM `jt_role` WHERE `id` = 0 LIMIT 1   [ RunTime:0.0007s ]
SQL: SHOW COLUMNS FROM `jt_authority` [ RunTime:0.1054s ]
SQL: SELECT * FROM `jt_authority` WHERE ( auth_level=0 and display=1 )  [ RunTime:0.0009s ]
SQL: SELECT * FROM `jt_authority` WHERE ( auth_level=1 and display=1 )  [ RunTime:0.0009s ]
INFO: [ view_parse ] --START--
INFO: [ template_filter ] --START--
INFO: Run Behavior\ContentReplaceBehavior [ RunTime:0.000568s ]
INFO: [ template_filter ] --END-- [ RunTime:0.001103s ]
INFO: Run Behavior\ParseTemplateBehavior [ RunTime:0.052308s ]
INFO: [ view_parse ] --END-- [ RunTime:0.052693s ]
INFO: [ view_filter ] --START--
INFO: Run Behavior\WriteHtmlCacheBehavior [ RunTime:0.001286s ]
INFO: [ view_filter ] --END-- [ RunTime:0.001590s ]
INFO: [ app_end ] --START--
INFO: Run Behavior\ShowPageTraceBehavior [ RunTime:0.003935s ]
INFO: [ app_end ] --END-- [ RunTime:0.004387s ]

[ 2018-05-28T19:08:54+08:00 ] 127.0.0.1 /manager.php/Personal/show.html
INFO: [ app_init ] --START--
INFO: Run Behavior\BuildLiteBehavior [ RunTime:0.000079s ]
INFO: [ app_init ] --END-- [ RunTime:0.002079s ]
INFO: [ app_begin ] --START--
INFO: Run Behavior\ReadHtmlCacheBehavior [ RunTime:0.001661s ]
INFO: [ app_begin ] --END-- [ RunTime:0.002056s ]
NOTIC: [2048] Declaration of Admin\Controller\PersonalController::show() should be compatible with Think\Controller::show($content, $charset = '', $contentType = '', $prefix = '') D:\wamp\www\jmooctest\Application\Admin\Controller\PersonalController.class.php 第 5 行.
SQL: SHOW COLUMNS FROM `jt_role` [ RunTime:0.2556s ]
SQL: SELECT * FROM `jt_role` WHERE `id` = 0 LIMIT 1   [ RunTime:0.0005s ]
SQL: SHOW COLUMNS FROM `jt_user` [ RunTime:0.0276s ]
SQL: SELECT * FROM `jt_user` WHERE `id` = 1 LIMIT 1   [ RunTime:0.0013s ]
SQL: SHOW COLUMNS FROM `jt_course` [ RunTime:0.0821s ]
SQL: SELECT `name` FROM `jt_course` WHERE `id` = 0  [ RunTime:0.0005s ]
NOTIC: [8] Undefined index: cou_name D:\wamp\www\jmooctest\Application\Admin\Controller\PersonalController.class.php 第 20 行.
INFO: [ view_parse ] --START--
INFO: [ template_filter ] --START--
INFO: Run Behavior\ContentReplaceBehavior [ RunTime:0.000438s ]
INFO: [ template_filter ] --END-- [ RunTime:0.000931s ]
INFO: Run Behavior\ParseTemplateBehavior [ RunTime:0.079808s ]
INFO: [ view_parse ] --END-- [ RunTime:0.080237s ]
INFO: [ view_filter ] --START--
INFO: Run Behavior\WriteHtmlCacheBehavior [ RunTime:0.002495s ]
INFO: [ view_filter ] --END-- [ RunTime:0.002917s ]
INFO: [ app_end ] --START--
INFO: Run Behavior\ShowPageTraceBehavior [ RunTime:0.006989s ]
INFO: [ app_end ] --END-- [ RunTime:0.007435s ]

[ 2018-05-28T19:08:57+08:00 ] 127.0.0.1 /manager.php/Paper/showlist.html
INFO: [ app_init ] --START--
INFO: Run Behavior\BuildLiteBehavior [ RunTime:0.000081s ]
INFO: [ app_init ] --END-- [ RunTime:0.001341s ]
INFO: [ app_begin ] --START--
INFO: Run Behavior\ReadHtmlCacheBehavior [ RunTime:0.021542s ]
INFO: [ app_begin ] --END-- [ RunTime:0.022268s ]
SQL: SHOW COLUMNS FROM `jt_role` [ RunTime:0.0149s ]
SQL: SELECT * FROM `jt_role` WHERE `id` = 0 LIMIT 1   [ RunTime:0.0006s ]
SQL: SHOW COLUMNS FROM `jt_paper_basic` [ RunTime:0.0591s ]
SQL: SELECT * FROM `jt_paper_basic`  [ RunTime:0.0011s ]
SQL: SHOW COLUMNS FROM `jt_course` [ RunTime:0.0212s ]
SQL: SHOW COLUMNS FROM `jt_user` [ RunTime:0.0238s ]
SQL: SELECT `name` FROM `jt_course` WHERE `id` = 155 LIMIT 1   [ RunTime:0.0007s ]
SQL: SELECT `name` FROM `jt_user` WHERE `id` = 31 LIMIT 1   [ RunTime:0.0007s ]
SQL: SELECT `name` FROM `jt_course` WHERE `id` = 156 LIMIT 1   [ RunTime:0.0007s ]
SQL: SELECT `name` FROM `jt_user` WHERE `id` = 31 LIMIT 1   [ RunTime:0.0007s ]
SQL: SELECT `name` FROM `jt_course` WHERE `id` = 149 LIMIT 1   [ RunTime:0.0009s ]
SQL: SELECT `name` FROM `jt_user` WHERE `id` = 31 LIMIT 1   [ RunTime:0.0006s ]
SQL: SELECT `name` FROM `jt_course` WHERE `id` = 147 LIMIT 1   [ RunTime:0.0006s ]
SQL: SELECT `name` FROM `jt_user` WHERE `id` = 32 LIMIT 1   [ RunTime:0.0005s ]
INFO: [ view_parse ] --START--
INFO: [ template_filter ] --START--
INFO: Run Behavior\ContentReplaceBehavior [ RunTime:0.000434s ]
INFO: [ template_filter ] --END-- [ RunTime:0.000871s ]
INFO: Run Behavior\ParseTemplateBehavior [ RunTime:0.311839s ]
INFO: [ view_parse ] --END-- [ RunTime:0.312378s ]
INFO: [ view_filter ] --START--
INFO: Run Behavior\WriteHtmlCacheBehavior [ RunTime:0.003140s ]
INFO: [ view_filter ] --END-- [ RunTime:0.003743s ]
INFO: [ app_end ] --START--
INFO: Run Behavior\ShowPageTraceBehavior [ RunTime:0.002449s ]
INFO: [ app_end ] --END-- [ RunTime:0.003166s ]

[ 2018-05-28T19:08:58+08:00 ] 127.0.0.1 /manager.php/Paper/showlist.html?sort=id&order=desc&limit=20&offset=0&_=1527505738378
INFO: [ app_init ] --START--
INFO: Run Behavior\BuildLiteBehavior [ RunTime:0.000067s ]
INFO: [ app_init ] --END-- [ RunTime:0.001199s ]
INFO: [ app_begin ] --START--
INFO: Run Behavior\ReadHtmlCacheBehavior [ RunTime:0.001248s ]
INFO: [ app_begin ] --END-- [ RunTime:0.001550s ]
SQL: SHOW COLUMNS FROM `jt_role` [ RunTime:0.0253s ]
SQL: SELECT * FROM `jt_role` WHERE `id` = 0 LIMIT 1   [ RunTime:0.0007s ]
SQL: SHOW COLUMNS FROM `jt_paper_basic` [ RunTime:0.0242s ]
SQL: SELECT * FROM `jt_paper_basic`  [ RunTime:0.0008s ]
SQL: SHOW COLUMNS FROM `jt_course` [ RunTime:0.0325s ]
SQL: SHOW COLUMNS FROM `jt_user` [ RunTime:0.0217s ]
SQL: SELECT `name` FROM `jt_course` WHERE `id` = 155 LIMIT 1   [ RunTime:0.0005s ]
SQL: SELECT `name` FROM `jt_user` WHERE `id` = 31 LIMIT 1   [ RunTime:0.0006s ]
SQL: SELECT `name` FROM `jt_course` WHERE `id` = 156 LIMIT 1   [ RunTime:0.0008s ]
SQL: SELECT `name` FROM `jt_user` WHERE `id` = 31 LIMIT 1   [ RunTime:0.0006s ]
SQL: SELECT `name` FROM `jt_course` WHERE `id` = 149 LIMIT 1   [ RunTime:0.0007s ]
SQL: SELECT `name` FROM `jt_user` WHERE `id` = 31 LIMIT 1   [ RunTime:0.0005s ]
SQL: SELECT `name` FROM `jt_course` WHERE `id` = 147 LIMIT 1   [ RunTime:0.0005s ]
SQL: SELECT `name` FROM `jt_user` WHERE `id` = 32 LIMIT 1   [ RunTime:0.0004s ]

[ 2018-05-28T19:09:03+08:00 ] 127.0.0.1 /manager.php/Paper/add_random
INFO: [ app_init ] --START--
INFO: Run Behavior\BuildLiteBehavior [ RunTime:0.000057s ]
INFO: [ app_init ] --END-- [ RunTime:0.000860s ]
INFO: [ app_begin ] --START--
INFO: Run Behavior\ReadHtmlCacheBehavior [ RunTime:0.001079s ]
INFO: [ app_begin ] --END-- [ RunTime:0.001357s ]
SQL: SHOW COLUMNS FROM `jt_role` [ RunTime:0.2078s ]
SQL: SELECT * FROM `jt_role` WHERE `id` = 0 LIMIT 1   [ RunTime:0.0009s ]
SQL: SHOW COLUMNS FROM `jt_course` [ RunTime:0.0700s ]
SQL: SELECT * FROM `jt_course`  [ RunTime:0.0008s ]
SQL: SHOW COLUMNS FROM `jt_user` [ RunTime:0.0209s ]
SQL: SELECT * FROM `jt_user` WHERE ( role_id=1 )  [ RunTime:0.0006s ]
INFO: [ view_parse ] --START--
INFO: [ template_filter ] --START--
INFO: Run Behavior\ContentReplaceBehavior [ RunTime:0.000522s ]
INFO: [ template_filter ] --END-- [ RunTime:0.000777s ]
INFO: Run Behavior\ParseTemplateBehavior [ RunTime:0.058474s ]
INFO: [ view_parse ] --END-- [ RunTime:0.058780s ]
INFO: [ view_filter ] --START--
INFO: Run Behavior\WriteHtmlCacheBehavior [ RunTime:0.000630s ]
INFO: [ view_filter ] --END-- [ RunTime:0.000853s ]
INFO: [ app_end ] --START--
INFO: Run Behavior\ShowPageTraceBehavior [ RunTime:0.001155s ]
INFO: [ app_end ] --END-- [ RunTime:0.001428s ]

[ 2018-05-28T19:48:18+08:00 ] 127.0.0.1 /manager.php/Paper/add_random
INFO: [ app_init ] --START--
INFO: Run Behavior\BuildLiteBehavior [ RunTime:0.000051s ]
INFO: [ app_init ] --END-- [ RunTime:0.000896s ]
INFO: [ app_begin ] --START--
INFO: Run Behavior\ReadHtmlCacheBehavior [ RunTime:0.001240s ]
INFO: [ app_begin ] --END-- [ RunTime:0.001505s ]

[ 2018-05-28T19:48:18+08:00 ] 127.0.0.1 /manager.php/Public/login
INFO: [ app_init ] --START--
INFO: Run Behavior\BuildLiteBehavior [ RunTime:0.000068s ]
INFO: [ app_init ] --END-- [ RunTime:0.001322s ]
INFO: [ app_begin ] --START--
INFO: Run Behavior\ReadHtmlCacheBehavior [ RunTime:0.001056s ]
INFO: [ app_begin ] --END-- [ RunTime:0.001385s ]
INFO: [ view_parse ] --START--
INFO: [ template_filter ] --START--
INFO: Run Behavior\ContentReplaceBehavior [ RunTime:0.000281s ]
INFO: [ template_filter ] --END-- [ RunTime:0.000579s ]
INFO: Run Behavior\ParseTemplateBehavior [ RunTime:0.019615s ]
INFO: [ view_parse ] --END-- [ RunTime:0.019985s ]
INFO: [ view_filter ] --START--
INFO: Run Behavior\WriteHtmlCacheBehavior [ RunTime:0.000835s ]
INFO: [ view_filter ] --END-- [ RunTime:0.001191s ]
INFO: [ app_end ] --START--
INFO: Run Behavior\ShowPageTraceBehavior [ RunTime:0.001155s ]
INFO: [ app_end ] --END-- [ RunTime:0.001425s ]

[ 2018-05-28T19:48:19+08:00 ] 127.0.0.1 /manager.php/Public/verifyImg
INFO: [ app_init ] --START--
INFO: Run Behavior\BuildLiteBehavior [ RunTime:0.000086s ]
INFO: [ app_init ] --END-- [ RunTime:0.001317s ]
INFO: [ app_begin ] --START--
INFO: Run Behavior\ReadHtmlCacheBehavior [ RunTime:0.001174s ]
INFO: [ app_begin ] --END-- [ RunTime:0.001541s ]
INFO: [ app_end ] --START--
INFO: Run Behavior\ShowPageTraceBehavior [ RunTime:0.001776s ]
INFO: [ app_end ] --END-- [ RunTime:0.002135s ]

[ 2018-05-28T19:48:34+08:00 ] 127.0.0.1 /manager.php/Public/login
INFO: [ app_init ] --START--
INFO: Run Behavior\BuildLiteBehavior [ RunTime:0.000052s ]
INFO: [ app_init ] --END-- [ RunTime:0.000779s ]
INFO: [ app_begin ] --START--
INFO: Run Behavior\ReadHtmlCacheBehavior [ RunTime:0.000826s ]
INFO: [ app_begin ] --END-- [ RunTime:0.001041s ]
NOTIC: [8] Use of undefined constant code - assumed 'code' D:\wamp\www\jmooctest\Application\Admin\Controller\PublicController.class.php 第 12 行.
SQL: SHOW COLUMNS FROM `jt_user` [ RunTime:0.0227s ]
SQL: SELECT * FROM `jt_user` WHERE ( email='494025451@qq.com' ) LIMIT 1   [ RunTime:0.0008s ]
NOTIC: [8] Use of undefined constant password - assumed 'password' D:\wamp\www\jmooctest\Application\Admin\Controller\PublicController.class.php 第 14 行.
NOTIC: [8] Use of undefined constant pwd - assumed 'pwd' D:\wamp\www\jmooctest\Application\Admin\Controller\PublicController.class.php 第 14 行.
SQL: UPDATE `jt_user` SET `email`='494025451@qq.com',`pwd`='$2y$10$/tsKYctqQKNZt8B9RfvanulZtp02zcoppQiRxCGDjJOV5LejbmAle',`name`='陈文',`rgdate`='1501586745',`role_id`='0',`telphone`='17875511965',`course_ids`='',`status`='1',`last_ip`='127.0.0.1',`last_lgdate`='1527508114' WHERE `id` = 1 [ RunTime:0.0424s ]

[ 2018-05-28T19:48:34+08:00 ] 127.0.0.1 /manager.php/Index/index
INFO: [ app_init ] --START--
INFO: Run Behavior\BuildLiteBehavior [ RunTime:0.000065s ]
INFO: [ app_init ] --END-- [ RunTime:0.001251s ]
INFO: [ app_begin ] --START--
INFO: Run Behavior\ReadHtmlCacheBehavior [ RunTime:0.000995s ]
INFO: [ app_begin ] --END-- [ RunTime:0.001281s ]
SQL: SHOW COLUMNS FROM `jt_role` [ RunTime:0.0204s ]
SQL: SELECT * FROM `jt_role` WHERE `id` = 0 LIMIT 1   [ RunTime:0.0005s ]
SQL: SHOW COLUMNS FROM `jt_user` [ RunTime:0.0218s ]
SQL: SELECT `name` FROM `jt_user` WHERE `id` = 1 LIMIT 1   [ RunTime:0.0006s ]
SQL: SHOW COLUMNS FROM `jt_role` [ RunTime:0.0199s ]
SQL: SELECT * FROM `jt_role` WHERE `id` = 0 LIMIT 1   [ RunTime:0.0004s ]
SQL: SHOW COLUMNS FROM `jt_authority` [ RunTime:0.0206s ]
SQL: SELECT * FROM `jt_authority` WHERE ( auth_level=0 and display=1 )  [ RunTime:0.0008s ]
SQL: SELECT * FROM `jt_authority` WHERE ( auth_level=1 and display=1 )  [ RunTime:0.0006s ]
INFO: [ view_parse ] --START--
INFO: [ template_filter ] --START--
INFO: Run Behavior\ContentReplaceBehavior [ RunTime:0.000344s ]
INFO: [ template_filter ] --END-- [ RunTime:0.000666s ]
INFO: Run Behavior\ParseTemplateBehavior [ RunTime:0.025095s ]
INFO: [ view_parse ] --END-- [ RunTime:0.025412s ]
INFO: [ view_filter ] --START--
INFO: Run Behavior\WriteHtmlCacheBehavior [ RunTime:0.000663s ]
INFO: [ view_filter ] --END-- [ RunTime:0.000895s ]
INFO: [ app_end ] --START--
INFO: Run Behavior\ShowPageTraceBehavior [ RunTime:0.001874s ]
INFO: [ app_end ] --END-- [ RunTime:0.002160s ]

[ 2018-05-28T19:48:35+08:00 ] 127.0.0.1 /manager.php/Personal/show.html
INFO: [ app_init ] --START--
INFO: Run Behavior\BuildLiteBehavior [ RunTime:0.000071s ]
INFO: [ app_init ] --END-- [ RunTime:0.001112s ]
INFO: [ app_begin ] --START--
INFO: Run Behavior\ReadHtmlCacheBehavior [ RunTime:0.001460s ]
INFO: [ app_begin ] --END-- [ RunTime:0.001830s ]
NOTIC: [2048] Declaration of Admin\Controller\PersonalController::show() should be compatible with Think\Controller::show($content, $charset = '', $contentType = '', $prefix = '') D:\wamp\www\jmooctest\Application\Admin\Controller\PersonalController.class.php 第 5 行.
SQL: SHOW COLUMNS FROM `jt_role` [ RunTime:0.0499s ]
SQL: SELECT * FROM `jt_role` WHERE `id` = 0 LIMIT 1   [ RunTime:0.0006s ]
SQL: SHOW COLUMNS FROM `jt_user` [ RunTime:0.0277s ]
SQL: SELECT * FROM `jt_user` WHERE `id` = 1 LIMIT 1   [ RunTime:0.0005s ]
SQL: SHOW COLUMNS FROM `jt_course` [ RunTime:0.0275s ]
SQL: SELECT `name` FROM `jt_course` WHERE `id` = 0  [ RunTime:0.0006s ]
NOTIC: [8] Undefined index: cou_name D:\wamp\www\jmooctest\Application\Admin\Controller\PersonalController.class.php 第 20 行.
INFO: [ view_parse ] --START--
INFO: [ template_filter ] --START--
INFO: Run Behavior\ContentReplaceBehavior [ RunTime:0.000442s ]
INFO: [ template_filter ] --END-- [ RunTime:0.000813s ]
INFO: Run Behavior\ParseTemplateBehavior [ RunTime:0.027015s ]
INFO: [ view_parse ] --END-- [ RunTime:0.027472s ]
INFO: [ view_filter ] --START--
INFO: Run Behavior\WriteHtmlCacheBehavior [ RunTime:0.001215s ]
INFO: [ view_filter ] --END-- [ RunTime:0.001565s ]
INFO: [ app_end ] --START--
INFO: Run Behavior\ShowPageTraceBehavior [ RunTime:0.001881s ]
INFO: [ app_end ] --END-- [ RunTime:0.002361s ]

[ 2018-05-28T19:48:36+08:00 ] 127.0.0.1 /manager.php/Paper/showlist.html
INFO: [ app_init ] --START--
INFO: Run Behavior\BuildLiteBehavior [ RunTime:0.000050s ]
INFO: [ app_init ] --END-- [ RunTime:0.000810s ]
INFO: [ app_begin ] --START--
INFO: Run Behavior\ReadHtmlCacheBehavior [ RunTime:0.000873s ]
INFO: [ app_begin ] --END-- [ RunTime:0.001125s ]
SQL: SHOW COLUMNS FROM `jt_role` [ RunTime:0.0220s ]
SQL: SELECT * FROM `jt_role` WHERE `id` = 0 LIMIT 1   [ RunTime:0.0006s ]
SQL: SHOW COLUMNS FROM `jt_paper_basic` [ RunTime:0.0216s ]
SQL: SELECT * FROM `jt_paper_basic`  [ RunTime:0.0006s ]
SQL: SHOW COLUMNS FROM `jt_course` [ RunTime:0.0211s ]
SQL: SHOW COLUMNS FROM `jt_user` [ RunTime:0.0216s ]
SQL: SELECT `name` FROM `jt_course` WHERE `id` = 155 LIMIT 1   [ RunTime:0.0005s ]
SQL: SELECT `name` FROM `jt_user` WHERE `id` = 31 LIMIT 1   [ RunTime:0.0005s ]
SQL: SELECT `name` FROM `jt_course` WHERE `id` = 156 LIMIT 1   [ RunTime:0.0004s ]
SQL: SELECT `name` FROM `jt_user` WHERE `id` = 31 LIMIT 1   [ RunTime:0.0005s ]
SQL: SELECT `name` FROM `jt_course` WHERE `id` = 149 LIMIT 1   [ RunTime:0.0005s ]
SQL: SELECT `name` FROM `jt_user` WHERE `id` = 31 LIMIT 1   [ RunTime:0.0006s ]
SQL: SELECT `name` FROM `jt_course` WHERE `id` = 147 LIMIT 1   [ RunTime:0.0005s ]
SQL: SELECT `name` FROM `jt_user` WHERE `id` = 32 LIMIT 1   [ RunTime:0.0004s ]
INFO: [ view_parse ] --START--
INFO: [ template_filter ] --START--
INFO: Run Behavior\ContentReplaceBehavior [ RunTime:0.000353s ]
INFO: [ template_filter ] --END-- [ RunTime:0.000707s ]
INFO: Run Behavior\ParseTemplateBehavior [ RunTime:0.016697s ]
INFO: [ view_parse ] --END-- [ RunTime:0.017062s ]
INFO: [ view_filter ] --START--
INFO: Run Behavior\WriteHtmlCacheBehavior [ RunTime:0.001147s ]
INFO: [ view_filter ] --END-- [ RunTime:0.001488s ]
INFO: [ app_end ] --START--
INFO: Run Behavior\ShowPageTraceBehavior [ RunTime:0.001432s ]
INFO: [ app_end ] --END-- [ RunTime:0.001728s ]

[ 2018-05-28T19:48:37+08:00 ] 127.0.0.1 /manager.php/Paper/showlist.html?sort=id&order=desc&limit=20&offset=0&_=1527508117252
INFO: [ app_init ] --START--
INFO: Run Behavior\BuildLiteBehavior [ RunTime:0.000101s ]
INFO: [ app_init ] --END-- [ RunTime:0.001307s ]
INFO: [ app_begin ] --START--
INFO: Run Behavior\ReadHtmlCacheBehavior [ RunTime:0.001761s ]
INFO: [ app_begin ] --END-- [ RunTime:0.002263s ]
SQL: SHOW COLUMNS FROM `jt_role` [ RunTime:0.0298s ]
SQL: SELECT * FROM `jt_role` WHERE `id` = 0 LIMIT 1   [ RunTime:0.0009s ]
SQL: SHOW COLUMNS FROM `jt_paper_basic` [ RunTime:0.0377s ]
SQL: SELECT * FROM `jt_paper_basic`  [ RunTime:0.0010s ]
SQL: SHOW COLUMNS FROM `jt_course` [ RunTime:0.0361s ]
SQL: SHOW COLUMNS FROM `jt_user` [ RunTime:0.0346s ]
SQL: SELECT `name` FROM `jt_course` WHERE `id` = 155 LIMIT 1   [ RunTime:0.0005s ]
SQL: SELECT `name` FROM `jt_user` WHERE `id` = 31 LIMIT 1   [ RunTime:0.0005s ]
SQL: SELECT `name` FROM `jt_course` WHERE `id` = 156 LIMIT 1   [ RunTime:0.0003s ]
SQL: SELECT `name` FROM `jt_user` WHERE `id` = 31 LIMIT 1   [ RunTime:0.0004s ]
SQL: SELECT `name` FROM `jt_course` WHERE `id` = 149 LIMIT 1   [ RunTime:0.0006s ]
SQL: SELECT `name` FROM `jt_user` WHERE `id` = 31 LIMIT 1   [ RunTime:0.0005s ]
SQL: SELECT `name` FROM `jt_course` WHERE `id` = 147 LIMIT 1   [ RunTime:0.0011s ]
SQL: SELECT `name` FROM `jt_user` WHERE `id` = 32 LIMIT 1   [ RunTime:0.0005s ]

[ 2018-05-28T19:48:43+08:00 ] 127.0.0.1 /manager.php/Paper/add_random
INFO: [ app_init ] --START--
INFO: Run Behavior\BuildLiteBehavior [ RunTime:0.000087s ]
INFO: [ app_init ] --END-- [ RunTime:0.000733s ]
INFO: [ app_begin ] --START--
INFO: Run Behavior\ReadHtmlCacheBehavior [ RunTime:0.000948s ]
INFO: [ app_begin ] --END-- [ RunTime:0.001199s ]
SQL: SHOW COLUMNS FROM `jt_role` [ RunTime:0.0221s ]
SQL: SELECT * FROM `jt_role` WHERE `id` = 0 LIMIT 1   [ RunTime:0.0006s ]
SQL: SHOW COLUMNS FROM `jt_course` [ RunTime:0.0227s ]
SQL: SELECT * FROM `jt_course`  [ RunTime:0.0005s ]
SQL: SHOW COLUMNS FROM `jt_user` [ RunTime:0.0231s ]
SQL: SELECT * FROM `jt_user` WHERE ( role_id=1 )  [ RunTime:0.0008s ]
INFO: [ view_parse ] --START--
INFO: [ template_filter ] --START--
INFO: Run Behavior\ContentReplaceBehavior [ RunTime:0.000556s ]
INFO: [ template_filter ] --END-- [ RunTime:0.000805s ]
INFO: Run Behavior\ParseTemplateBehavior [ RunTime:0.023089s ]
INFO: [ view_parse ] --END-- [ RunTime:0.023382s ]
INFO: [ view_filter ] --START--
INFO: Run Behavior\WriteHtmlCacheBehavior [ RunTime:0.000676s ]
INFO: [ view_filter ] --END-- [ RunTime:0.000951s ]
INFO: [ app_end ] --START--
INFO: Run Behavior\ShowPageTraceBehavior [ RunTime:0.001380s ]
INFO: [ app_end ] --END-- [ RunTime:0.001668s ]

[ 2018-05-28T20:00:35+08:00 ] 127.0.0.1 /manager.php/Paper/add_random
INFO: [ app_init ] --START--
INFO: Run Behavior\BuildLiteBehavior [ RunTime:0.000067s ]
INFO: [ app_init ] --END-- [ RunTime:0.001518s ]
INFO: [ app_begin ] --START--
INFO: Run Behavior\ReadHtmlCacheBehavior [ RunTime:0.002314s ]
INFO: [ app_begin ] --END-- [ RunTime:0.002662s ]
SQL: SHOW COLUMNS FROM `jt_role` [ RunTime:0.1701s ]
SQL: SELECT * FROM `jt_role` WHERE `id` = 0 LIMIT 1   [ RunTime:0.0005s ]
SQL: SHOW COLUMNS FROM `jt_course` [ RunTime:0.1140s ]
SQL: SELECT * FROM `jt_course`  [ RunTime:0.0005s ]
SQL: SHOW COLUMNS FROM `jt_user` [ RunTime:0.0219s ]
SQL: SELECT * FROM `jt_user` WHERE ( role_id=1 )  [ RunTime:0.0006s ]
SQL: SHOW COLUMNS FROM `jt_ques_single` [ RunTime:0.0215s ]
ERR: 1064:You have an error in your SQL syntax; check the manual that corresponds to your MySQL server version for the right syntax to use near '==0 and difficulty==1 ) LIMIT 1' at line 1
 [ SQL语句 ] : SELECT COUNT(*) AS tp_count FROM `jt_ques_single` WHERE ( is_show==0 and difficulty==1 ) LIMIT 1  
ERR: 1064:You have an error in your SQL syntax; check the manual that corresponds to your MySQL server version for the right syntax to use near '==0 and difficulty==1 ) LIMIT 1' at line 1
 [ SQL语句 ] : SELECT COUNT(*) AS tp_count FROM `jt_ques_single` WHERE ( is_show==0 and difficulty==1 ) LIMIT 1  

[ 2018-05-28T20:00:49+08:00 ] 127.0.0.1 /manager.php/Paper/showlist.html
INFO: [ app_init ] --START--
INFO: Run Behavior\BuildLiteBehavior [ RunTime:0.000054s ]
INFO: [ app_init ] --END-- [ RunTime:0.000910s ]
INFO: [ app_begin ] --START--
INFO: Run Behavior\ReadHtmlCacheBehavior [ RunTime:0.001871s ]
INFO: [ app_begin ] --END-- [ RunTime:0.002107s ]
SQL: SHOW COLUMNS FROM `jt_role` [ RunTime:0.0228s ]
SQL: SELECT * FROM `jt_role` WHERE `id` = 0 LIMIT 1   [ RunTime:0.0005s ]
SQL: SHOW COLUMNS FROM `jt_paper_basic` [ RunTime:0.0214s ]
SQL: SELECT * FROM `jt_paper_basic`  [ RunTime:0.0007s ]
SQL: SHOW COLUMNS FROM `jt_course` [ RunTime:0.0231s ]
SQL: SHOW COLUMNS FROM `jt_user` [ RunTime:0.0225s ]
SQL: SELECT `name` FROM `jt_course` WHERE `id` = 155 LIMIT 1   [ RunTime:0.0005s ]
SQL: SELECT `name` FROM `jt_user` WHERE `id` = 31 LIMIT 1   [ RunTime:0.0002s ]
SQL: SELECT `name` FROM `jt_course` WHERE `id` = 156 LIMIT 1   [ RunTime:0.0002s ]
SQL: SELECT `name` FROM `jt_user` WHERE `id` = 31 LIMIT 1   [ RunTime:0.0003s ]
SQL: SELECT `name` FROM `jt_course` WHERE `id` = 149 LIMIT 1   [ RunTime:0.0003s ]
SQL: SELECT `name` FROM `jt_user` WHERE `id` = 31 LIMIT 1   [ RunTime:0.0002s ]
SQL: SELECT `name` FROM `jt_course` WHERE `id` = 147 LIMIT 1   [ RunTime:0.0003s ]
SQL: SELECT `name` FROM `jt_user` WHERE `id` = 32 LIMIT 1   [ RunTime:0.0002s ]
INFO: [ view_parse ] --START--
INFO: [ template_filter ] --START--
INFO: Run Behavior\ContentReplaceBehavior [ RunTime:0.000287s ]
INFO: [ template_filter ] --END-- [ RunTime:0.000538s ]
INFO: Run Behavior\ParseTemplateBehavior [ RunTime:0.017684s ]
INFO: [ view_parse ] --END-- [ RunTime:0.018034s ]
INFO: [ view_filter ] --START--
INFO: Run Behavior\WriteHtmlCacheBehavior [ RunTime:0.001464s ]
INFO: [ view_filter ] --END-- [ RunTime:0.001695s ]
INFO: [ app_end ] --START--
INFO: Run Behavior\ShowPageTraceBehavior [ RunTime:0.001696s ]
INFO: [ app_end ] --END-- [ RunTime:0.001936s ]

[ 2018-05-28T20:00:50+08:00 ] 127.0.0.1 /manager.php/Paper/showlist.html?sort=id&order=desc&limit=20&offset=0&_=1527508850192
INFO: [ app_init ] --START--
INFO: Run Behavior\BuildLiteBehavior [ RunTime:0.000074s ]
INFO: [ app_init ] --END-- [ RunTime:0.001350s ]
INFO: [ app_begin ] --START--
INFO: Run Behavior\ReadHtmlCacheBehavior [ RunTime:0.002015s ]
INFO: [ app_begin ] --END-- [ RunTime:0.002268s ]
SQL: SHOW COLUMNS FROM `jt_role` [ RunTime:0.0415s ]
SQL: SELECT * FROM `jt_role` WHERE `id` = 0 LIMIT 1   [ RunTime:0.0006s ]
SQL: SHOW COLUMNS FROM `jt_paper_basic` [ RunTime:0.0243s ]
SQL: SELECT * FROM `jt_paper_basic`  [ RunTime:0.0005s ]
SQL: SHOW COLUMNS FROM `jt_course` [ RunTime:0.0230s ]
SQL: SHOW COLUMNS FROM `jt_user` [ RunTime:0.0228s ]
SQL: SELECT `name` FROM `jt_course` WHERE `id` = 155 LIMIT 1   [ RunTime:0.0005s ]
SQL: SELECT `name` FROM `jt_user` WHERE `id` = 31 LIMIT 1   [ RunTime:0.0002s ]
SQL: SELECT `name` FROM `jt_course` WHERE `id` = 156 LIMIT 1   [ RunTime:0.0005s ]
SQL: SELECT `name` FROM `jt_user` WHERE `id` = 31 LIMIT 1   [ RunTime:0.0004s ]
SQL: SELECT `name` FROM `jt_course` WHERE `id` = 149 LIMIT 1   [ RunTime:0.0004s ]
SQL: SELECT `name` FROM `jt_user` WHERE `id` = 31 LIMIT 1   [ RunTime:0.0002s ]
SQL: SELECT `name` FROM `jt_course` WHERE `id` = 147 LIMIT 1   [ RunTime:0.0006s ]
SQL: SELECT `name` FROM `jt_user` WHERE `id` = 32 LIMIT 1   [ RunTime:0.0004s ]

[ 2018-05-28T20:00:51+08:00 ] 127.0.0.1 /manager.php/Paper/add_random
INFO: [ app_init ] --START--
INFO: Run Behavior\BuildLiteBehavior [ RunTime:0.000062s ]
INFO: [ app_init ] --END-- [ RunTime:0.001183s ]
INFO: [ app_begin ] --START--
INFO: Run Behavior\ReadHtmlCacheBehavior [ RunTime:0.001996s ]
INFO: [ app_begin ] --END-- [ RunTime:0.002493s ]
SQL: SHOW COLUMNS FROM `jt_role` [ RunTime:0.0351s ]
SQL: SELECT * FROM `jt_role` WHERE `id` = 0 LIMIT 1   [ RunTime:0.0006s ]
SQL: SHOW COLUMNS FROM `jt_course` [ RunTime:0.0244s ]
SQL: SELECT * FROM `jt_course`  [ RunTime:0.0004s ]
SQL: SHOW COLUMNS FROM `jt_user` [ RunTime:0.0223s ]
SQL: SELECT * FROM `jt_user` WHERE ( role_id=1 )  [ RunTime:0.0006s ]
INFO: [ view_parse ] --START--
INFO: [ template_filter ] --START--
INFO: Run Behavior\ContentReplaceBehavior [ RunTime:0.000541s ]
INFO: [ template_filter ] --END-- [ RunTime:0.000836s ]
INFO: Run Behavior\ParseTemplateBehavior [ RunTime:0.025482s ]
INFO: [ view_parse ] --END-- [ RunTime:0.025775s ]
INFO: [ view_filter ] --START--
INFO: Run Behavior\WriteHtmlCacheBehavior [ RunTime:0.001524s ]
INFO: [ view_filter ] --END-- [ RunTime:0.001779s ]
INFO: [ app_end ] --START--
INFO: Run Behavior\ShowPageTraceBehavior [ RunTime:0.003028s ]
INFO: [ app_end ] --END-- [ RunTime:0.003554s ]

[ 2018-05-28T20:09:22+08:00 ] 127.0.0.1 /manager.php/Paper/add_random
INFO: [ app_init ] --START--
INFO: Run Behavior\BuildLiteBehavior [ RunTime:0.000055s ]
INFO: [ app_init ] --END-- [ RunTime:0.001009s ]
INFO: [ app_begin ] --START--
INFO: Run Behavior\ReadHtmlCacheBehavior [ RunTime:0.001784s ]
INFO: [ app_begin ] --END-- [ RunTime:0.002079s ]
SQL: SHOW COLUMNS FROM `jt_role` [ RunTime:0.0243s ]
SQL: SELECT * FROM `jt_role` WHERE `id` = 0 LIMIT 1   [ RunTime:0.0005s ]
SQL: SHOW COLUMNS FROM `jt_course` [ RunTime:0.0183s ]
SQL: SELECT * FROM `jt_course`  [ RunTime:0.0006s ]
SQL: SHOW COLUMNS FROM `jt_user` [ RunTime:0.0205s ]
SQL: SELECT * FROM `jt_user` WHERE ( role_id=1 )  [ RunTime:0.0006s ]
INFO: [ view_parse ] --START--
INFO: [ template_filter ] --START--
INFO: Run Behavior\ContentReplaceBehavior [ RunTime:0.000603s ]
INFO: [ template_filter ] --END-- [ RunTime:0.000912s ]
INFO: Run Behavior\ParseTemplateBehavior [ RunTime:0.027945s ]
INFO: [ view_parse ] --END-- [ RunTime:0.028241s ]
INFO: [ view_filter ] --START--
INFO: Run Behavior\WriteHtmlCacheBehavior [ RunTime:0.001810s ]
INFO: [ view_filter ] --END-- [ RunTime:0.002094s ]
INFO: [ app_end ] --START--
INFO: Run Behavior\ShowPageTraceBehavior [ RunTime:0.002574s ]
INFO: [ app_end ] --END-- [ RunTime:0.002922s ]

[ 2018-05-28T20:10:01+08:00 ] 127.0.0.1 /manager.php/Paper/add_random
INFO: [ app_init ] --START--
INFO: Run Behavior\BuildLiteBehavior [ RunTime:0.000082s ]
INFO: [ app_init ] --END-- [ RunTime:0.002623s ]
INFO: [ app_begin ] --START--
INFO: Run Behavior\ReadHtmlCacheBehavior [ RunTime:0.002611s ]
INFO: [ app_begin ] --END-- [ RunTime:0.003005s ]
SQL: SHOW COLUMNS FROM `jt_role` [ RunTime:0.0360s ]
SQL: SELECT * FROM `jt_role` WHERE `id` = 0 LIMIT 1   [ RunTime:0.0020s ]
SQL: SHOW COLUMNS FROM `jt_course` [ RunTime:0.0435s ]
SQL: SELECT * FROM `jt_course`  [ RunTime:0.0005s ]
SQL: SHOW COLUMNS FROM `jt_user` [ RunTime:0.0311s ]
SQL: SELECT * FROM `jt_user` WHERE ( role_id=1 )  [ RunTime:0.0007s ]
INFO: [ view_parse ] --START--
INFO: [ template_filter ] --START--
INFO: Run Behavior\ContentReplaceBehavior [ RunTime:0.000606s ]
INFO: [ template_filter ] --END-- [ RunTime:0.000895s ]
INFO: Run Behavior\ParseTemplateBehavior [ RunTime:0.026676s ]
INFO: [ view_parse ] --END-- [ RunTime:0.027031s ]
INFO: [ view_filter ] --START--
INFO: Run Behavior\WriteHtmlCacheBehavior [ RunTime:0.001573s ]
INFO: [ view_filter ] --END-- [ RunTime:0.001844s ]
INFO: [ app_end ] --START--
INFO: Run Behavior\ShowPageTraceBehavior [ RunTime:0.002835s ]
INFO: [ app_end ] --END-- [ RunTime:0.003157s ]

[ 2018-05-28T20:10:05+08:00 ] 127.0.0.1 /manager.php/Paper/add_random
INFO: [ app_init ] --START--
INFO: Run Behavior\BuildLiteBehavior [ RunTime:0.000055s ]
INFO: [ app_init ] --END-- [ RunTime:0.001105s ]
INFO: [ app_begin ] --START--
INFO: Run Behavior\ReadHtmlCacheBehavior [ RunTime:0.002009s ]
INFO: [ app_begin ] --END-- [ RunTime:0.002292s ]
SQL: SHOW COLUMNS FROM `jt_role` [ RunTime:0.0529s ]
SQL: SELECT * FROM `jt_role` WHERE `id` = 0 LIMIT 1   [ RunTime:0.0005s ]
SQL: SHOW COLUMNS FROM `jt_course` [ RunTime:0.0234s ]
SQL: SELECT * FROM `jt_course`  [ RunTime:0.0007s ]
SQL: SHOW COLUMNS FROM `jt_user` [ RunTime:0.0235s ]
SQL: SELECT * FROM `jt_user` WHERE ( role_id=1 )  [ RunTime:0.0007s ]
INFO: [ view_parse ] --START--
INFO: [ template_filter ] --START--
INFO: Run Behavior\ContentReplaceBehavior [ RunTime:0.000551s ]
INFO: [ template_filter ] --END-- [ RunTime:0.000808s ]
INFO: Run Behavior\ParseTemplateBehavior [ RunTime:0.026057s ]
INFO: [ view_parse ] --END-- [ RunTime:0.026413s ]
INFO: [ view_filter ] --START--
INFO: Run Behavior\WriteHtmlCacheBehavior [ RunTime:0.002016s ]
INFO: [ view_filter ] --END-- [ RunTime:0.002337s ]
INFO: [ app_end ] --START--
INFO: Run Behavior\ShowPageTraceBehavior [ RunTime:0.003130s ]
INFO: [ app_end ] --END-- [ RunTime:0.003451s ]

[ 2018-05-28T20:10:10+08:00 ] 127.0.0.1 /manager.php/Paper/add_random
INFO: [ app_init ] --START--
INFO: Run Behavior\BuildLiteBehavior [ RunTime:0.000081s ]
INFO: [ app_init ] --END-- [ RunTime:0.001544s ]
INFO: [ app_begin ] --START--
INFO: Run Behavior\ReadHtmlCacheBehavior [ RunTime:0.002470s ]
INFO: [ app_begin ] --END-- [ RunTime:0.002847s ]
SQL: SHOW COLUMNS FROM `jt_role` [ RunTime:0.0343s ]
SQL: SELECT * FROM `jt_role` WHERE `id` = 0 LIMIT 1   [ RunTime:0.0006s ]
SQL: SHOW COLUMNS FROM `jt_course` [ RunTime:0.0326s ]
SQL: SELECT * FROM `jt_course`  [ RunTime:0.0007s ]
SQL: SHOW COLUMNS FROM `jt_user` [ RunTime:0.0359s ]
SQL: SELECT * FROM `jt_user` WHERE ( role_id=1 )  [ RunTime:0.0008s ]
INFO: [ view_parse ] --START--
INFO: [ template_filter ] --START--
INFO: Run Behavior\ContentReplaceBehavior [ RunTime:0.001055s ]
INFO: [ template_filter ] --END-- [ RunTime:0.001477s ]
INFO: Run Behavior\ParseTemplateBehavior [ RunTime:0.037942s ]
INFO: [ view_parse ] --END-- [ RunTime:0.038403s ]
INFO: [ view_filter ] --START--
INFO: Run Behavior\WriteHtmlCacheBehavior [ RunTime:0.003150s ]
INFO: [ view_filter ] --END-- [ RunTime:0.003604s ]
INFO: [ app_end ] --START--
INFO: Run Behavior\ShowPageTraceBehavior [ RunTime:0.003712s ]
INFO: [ app_end ] --END-- [ RunTime:0.004145s ]

[ 2018-05-28T20:10:35+08:00 ] 127.0.0.1 /manager.php/Paper/add_random
INFO: [ app_init ] --START--
INFO: Run Behavior\BuildLiteBehavior [ RunTime:0.000050s ]
INFO: [ app_init ] --END-- [ RunTime:0.000902s ]
INFO: [ app_begin ] --START--
INFO: Run Behavior\ReadHtmlCacheBehavior [ RunTime:0.001690s ]
INFO: [ app_begin ] --END-- [ RunTime:0.001936s ]
SQL: SHOW COLUMNS FROM `jt_role` [ RunTime:0.0227s ]
SQL: SELECT * FROM `jt_role` WHERE `id` = 0 LIMIT 1   [ RunTime:0.0005s ]
SQL: SHOW COLUMNS FROM `jt_course` [ RunTime:0.0187s ]
SQL: SELECT * FROM `jt_course`  [ RunTime:0.0005s ]
SQL: SHOW COLUMNS FROM `jt_user` [ RunTime:0.0200s ]
SQL: SELECT * FROM `jt_user` WHERE ( role_id=1 )  [ RunTime:0.0006s ]
INFO: [ view_parse ] --START--
INFO: [ template_filter ] --START--
INFO: Run Behavior\ContentReplaceBehavior [ RunTime:0.000773s ]
INFO: [ template_filter ] --END-- [ RunTime:0.001222s ]
INFO: Run Behavior\ParseTemplateBehavior [ RunTime:0.027492s ]
INFO: [ view_parse ] --END-- [ RunTime:0.027774s ]
INFO: [ view_filter ] --START--
INFO: Run Behavior\WriteHtmlCacheBehavior [ RunTime:0.001998s ]
INFO: [ view_filter ] --END-- [ RunTime:0.002282s ]
INFO: [ app_end ] --START--
INFO: Run Behavior\ShowPageTraceBehavior [ RunTime:0.002685s ]
INFO: [ app_end ] --END-- [ RunTime:0.002964s ]

[ 2018-05-28T20:11:03+08:00 ] 127.0.0.1 /manager.php/Paper/add_random
INFO: [ app_init ] --START--
INFO: Run Behavior\BuildLiteBehavior [ RunTime:0.000080s ]
INFO: [ app_init ] --END-- [ RunTime:0.001770s ]
INFO: [ app_begin ] --START--
INFO: Run Behavior\ReadHtmlCacheBehavior [ RunTime:0.003538s ]
INFO: [ app_begin ] --END-- [ RunTime:0.003957s ]
SQL: SHOW COLUMNS FROM `jt_role` [ RunTime:0.0272s ]
SQL: SELECT * FROM `jt_role` WHERE `id` = 0 LIMIT 1   [ RunTime:0.0008s ]
SQL: SHOW COLUMNS FROM `jt_course` [ RunTime:0.0340s ]
SQL: SELECT * FROM `jt_course`  [ RunTime:0.0007s ]
SQL: SHOW COLUMNS FROM `jt_user` [ RunTime:0.1202s ]
SQL: SELECT * FROM `jt_user` WHERE ( role_id=1 )  [ RunTime:0.0009s ]
INFO: [ view_parse ] --START--
INFO: [ template_filter ] --START--
INFO: Run Behavior\ContentReplaceBehavior [ RunTime:0.000825s ]
INFO: [ template_filter ] --END-- [ RunTime:0.001247s ]
INFO: Run Behavior\ParseTemplateBehavior [ RunTime:0.038066s ]
INFO: [ view_parse ] --END-- [ RunTime:0.038501s ]
INFO: [ view_filter ] --START--
INFO: Run Behavior\WriteHtmlCacheBehavior [ RunTime:0.002423s ]
INFO: [ view_filter ] --END-- [ RunTime:0.002837s ]
INFO: [ app_end ] --START--
INFO: Run Behavior\ShowPageTraceBehavior [ RunTime:0.002972s ]
INFO: [ app_end ] --END-- [ RunTime:0.004060s ]

[ 2018-05-28T20:12:20+08:00 ] 127.0.0.1 /manager.php/Paper/add_random
INFO: [ app_init ] --START--
INFO: Run Behavior\BuildLiteBehavior [ RunTime:0.000046s ]
INFO: [ app_init ] --END-- [ RunTime:0.000992s ]
INFO: [ app_begin ] --START--
INFO: Run Behavior\ReadHtmlCacheBehavior [ RunTime:0.001676s ]
INFO: [ app_begin ] --END-- [ RunTime:0.001904s ]
SQL: SHOW COLUMNS FROM `jt_role` [ RunTime:0.0196s ]
SQL: SELECT * FROM `jt_role` WHERE `id` = 0 LIMIT 1   [ RunTime:0.0007s ]
SQL: SHOW COLUMNS FROM `jt_course` [ RunTime:0.0201s ]
SQL: SELECT * FROM `jt_course`  [ RunTime:0.0007s ]
SQL: SHOW COLUMNS FROM `jt_user` [ RunTime:0.0206s ]
SQL: SELECT * FROM `jt_user` WHERE ( role_id=1 )  [ RunTime:0.0005s ]
INFO: [ view_parse ] --START--
INFO: [ template_filter ] --START--
INFO: Run Behavior\ContentReplaceBehavior [ RunTime:0.000557s ]
INFO: [ template_filter ] --END-- [ RunTime:0.000822s ]
INFO: Run Behavior\ParseTemplateBehavior [ RunTime:0.026607s ]
INFO: [ view_parse ] --END-- [ RunTime:0.026935s ]
INFO: [ view_filter ] --START--
INFO: Run Behavior\WriteHtmlCacheBehavior [ RunTime:0.001955s ]
INFO: [ view_filter ] --END-- [ RunTime:0.002322s ]
INFO: [ app_end ] --START--
INFO: Run Behavior\ShowPageTraceBehavior [ RunTime:0.002826s ]
INFO: [ app_end ] --END-- [ RunTime:0.003215s ]

[ 2018-05-28T20:12:41+08:00 ] 127.0.0.1 /manager.php/Paper/add_random
INFO: [ app_init ] --START--
INFO: Run Behavior\BuildLiteBehavior [ RunTime:0.000056s ]
INFO: [ app_init ] --END-- [ RunTime:0.000905s ]
INFO: [ app_begin ] --START--
INFO: Run Behavior\ReadHtmlCacheBehavior [ RunTime:0.002188s ]
INFO: [ app_begin ] --END-- [ RunTime:0.002485s ]
SQL: SHOW COLUMNS FROM `jt_role` [ RunTime:0.0259s ]
SQL: SELECT * FROM `jt_role` WHERE `id` = 0 LIMIT 1   [ RunTime:0.0006s ]
SQL: SHOW COLUMNS FROM `jt_course` [ RunTime:0.0191s ]
SQL: SELECT * FROM `jt_course`  [ RunTime:0.0004s ]
SQL: SHOW COLUMNS FROM `jt_user` [ RunTime:0.0191s ]
SQL: SELECT * FROM `jt_user` WHERE ( role_id=1 )  [ RunTime:0.0007s ]
INFO: [ view_parse ] --START--
INFO: [ template_filter ] --START--
INFO: Run Behavior\ContentReplaceBehavior [ RunTime:0.000505s ]
INFO: [ template_filter ] --END-- [ RunTime:0.000777s ]
INFO: Run Behavior\ParseTemplateBehavior [ RunTime:0.024137s ]
INFO: [ view_parse ] --END-- [ RunTime:0.024433s ]
INFO: [ view_filter ] --START--
INFO: Run Behavior\WriteHtmlCacheBehavior [ RunTime:0.001423s ]
INFO: [ view_filter ] --END-- [ RunTime:0.001641s ]
INFO: [ app_end ] --START--
INFO: Run Behavior\ShowPageTraceBehavior [ RunTime:0.002669s ]
INFO: [ app_end ] --END-- [ RunTime:0.002936s ]

[ 2018-05-28T20:17:12+08:00 ] 127.0.0.1 /manager.php/Paper/add_random
INFO: [ app_init ] --START--
INFO: Run Behavior\BuildLiteBehavior [ RunTime:0.000062s ]
INFO: [ app_init ] --END-- [ RunTime:0.001161s ]
INFO: [ app_begin ] --START--
INFO: Run Behavior\ReadHtmlCacheBehavior [ RunTime:0.002150s ]
INFO: [ app_begin ] --END-- [ RunTime:0.002464s ]
SQL: SHOW COLUMNS FROM `jt_role` [ RunTime:0.0230s ]
SQL: SELECT * FROM `jt_role` WHERE `id` = 0 LIMIT 1   [ RunTime:0.0017s ]
SQL: SHOW COLUMNS FROM `jt_course` [ RunTime:0.0253s ]
SQL: SELECT * FROM `jt_course`  [ RunTime:0.0006s ]
SQL: SHOW COLUMNS FROM `jt_user` [ RunTime:0.0244s ]
SQL: SELECT * FROM `jt_user` WHERE ( role_id=1 )  [ RunTime:0.0008s ]
INFO: [ view_parse ] --START--
INFO: [ template_filter ] --START--
INFO: Run Behavior\ContentReplaceBehavior [ RunTime:0.000748s ]
INFO: [ template_filter ] --END-- [ RunTime:0.001072s ]
INFO: Run Behavior\ParseTemplateBehavior [ RunTime:0.031273s ]
INFO: [ view_parse ] --END-- [ RunTime:0.031638s ]
INFO: [ view_filter ] --START--
INFO: Run Behavior\WriteHtmlCacheBehavior [ RunTime:0.001622s ]
INFO: [ view_filter ] --END-- [ RunTime:0.001900s ]
INFO: [ app_end ] --START--
INFO: Run Behavior\ShowPageTraceBehavior [ RunTime:0.002951s ]
INFO: [ app_end ] --END-- [ RunTime:0.003407s ]

[ 2018-05-28T20:17:52+08:00 ] 127.0.0.1 /manager.php/Paper/add_random
INFO: [ app_init ] --START--
INFO: Run Behavior\BuildLiteBehavior [ RunTime:0.000088s ]
INFO: [ app_init ] --END-- [ RunTime:0.001717s ]
INFO: [ app_begin ] --START--
INFO: Run Behavior\ReadHtmlCacheBehavior [ RunTime:0.002970s ]
INFO: [ app_begin ] --END-- [ RunTime:0.003476s ]
SQL: SHOW COLUMNS FROM `jt_role` [ RunTime:0.0214s ]
SQL: SELECT * FROM `jt_role` WHERE `id` = 0 LIMIT 1   [ RunTime:0.0006s ]
SQL: SHOW COLUMNS FROM `jt_course` [ RunTime:0.0960s ]
SQL: SELECT * FROM `jt_course`  [ RunTime:0.0005s ]
SQL: SHOW COLUMNS FROM `jt_user` [ RunTime:0.0910s ]
SQL: SELECT * FROM `jt_user` WHERE ( role_id=1 )  [ RunTime:0.0007s ]
INFO: [ view_parse ] --START--
INFO: [ template_filter ] --START--
INFO: Run Behavior\ContentReplaceBehavior [ RunTime:0.000622s ]
INFO: [ template_filter ] --END-- [ RunTime:0.000984s ]
INFO: Run Behavior\ParseTemplateBehavior [ RunTime:0.042783s ]
INFO: [ view_parse ] --END-- [ RunTime:0.043159s ]
INFO: [ view_filter ] --START--
INFO: Run Behavior\WriteHtmlCacheBehavior [ RunTime:0.002475s ]
INFO: [ view_filter ] --END-- [ RunTime:0.002850s ]
INFO: [ app_end ] --START--
INFO: Run Behavior\ShowPageTraceBehavior [ RunTime:0.006220s ]
INFO: [ app_end ] --END-- [ RunTime:0.006876s ]

[ 2018-05-28T20:21:07+08:00 ] 127.0.0.1 /manager.php/Paper/add_random
INFO: [ app_init ] --START--
INFO: Run Behavior\BuildLiteBehavior [ RunTime:0.000096s ]
INFO: [ app_init ] --END-- [ RunTime:0.001934s ]
INFO: [ app_begin ] --START--
INFO: Run Behavior\ReadHtmlCacheBehavior [ RunTime:0.001683s ]
INFO: [ app_begin ] --END-- [ RunTime:0.001932s ]
SQL: SHOW COLUMNS FROM `jt_role` [ RunTime:0.0206s ]
SQL: SELECT * FROM `jt_role` WHERE `id` = 0 LIMIT 1   [ RunTime:0.0006s ]
SQL: SHOW COLUMNS FROM `jt_course` [ RunTime:0.0202s ]
SQL: SELECT * FROM `jt_course`  [ RunTime:0.0005s ]
SQL: SHOW COLUMNS FROM `jt_user` [ RunTime:0.0212s ]
SQL: SELECT * FROM `jt_user` WHERE ( role_id=1 )  [ RunTime:0.0006s ]
INFO: [ view_parse ] --START--
INFO: [ template_filter ] --START--
INFO: Run Behavior\ContentReplaceBehavior [ RunTime:0.000536s ]
INFO: [ template_filter ] --END-- [ RunTime:0.000811s ]
INFO: Run Behavior\ParseTemplateBehavior [ RunTime:0.025291s ]
INFO: [ view_parse ] --END-- [ RunTime:0.025569s ]
INFO: [ view_filter ] --START--
INFO: Run Behavior\WriteHtmlCacheBehavior [ RunTime:0.001455s ]
INFO: [ view_filter ] --END-- [ RunTime:0.001700s ]
INFO: [ app_end ] --START--
INFO: Run Behavior\ShowPageTraceBehavior [ RunTime:0.002439s ]
INFO: [ app_end ] --END-- [ RunTime:0.002715s ]

[ 2018-05-28T20:21:12+08:00 ] 127.0.0.1 /manager.php/Paper/add_random
INFO: [ app_init ] --START--
INFO: Run Behavior\BuildLiteBehavior [ RunTime:0.000056s ]
INFO: [ app_init ] --END-- [ RunTime:0.000834s ]
INFO: [ app_begin ] --START--
INFO: Run Behavior\ReadHtmlCacheBehavior [ RunTime:0.001826s ]
INFO: [ app_begin ] --END-- [ RunTime:0.002058s ]
SQL: SHOW COLUMNS FROM `jt_role` [ RunTime:0.0260s ]
SQL: SELECT * FROM `jt_role` WHERE `id` = 0 LIMIT 1   [ RunTime:0.0005s ]
INFO: [ app_end ] --START--
INFO: Run Behavior\ShowPageTraceBehavior [ RunTime:0.002004s ]
INFO: [ app_end ] --END-- [ RunTime:0.002194s ]

[ 2018-05-28T20:21:28+08:00 ] 127.0.0.1 /manager.php/Paper/add_random
INFO: [ app_init ] --START--
INFO: Run Behavior\BuildLiteBehavior [ RunTime:0.000056s ]
INFO: [ app_init ] --END-- [ RunTime:0.000922s ]
INFO: [ app_begin ] --START--
INFO: Run Behavior\ReadHtmlCacheBehavior [ RunTime:0.002761s ]
INFO: [ app_begin ] --END-- [ RunTime:0.003188s ]
SQL: SHOW COLUMNS FROM `jt_role` [ RunTime:0.2528s ]
SQL: SELECT * FROM `jt_role` WHERE `id` = 0 LIMIT 1   [ RunTime:0.0010s ]
SQL: SHOW COLUMNS FROM `jt_course` [ RunTime:0.0245s ]
SQL: SELECT * FROM `jt_course`  [ RunTime:0.0006s ]
SQL: SHOW COLUMNS FROM `jt_user` [ RunTime:0.0205s ]
SQL: SELECT * FROM `jt_user` WHERE ( role_id=1 )  [ RunTime:0.0005s ]
INFO: [ view_parse ] --START--
INFO: [ template_filter ] --START--
INFO: Run Behavior\ContentReplaceBehavior [ RunTime:0.000592s ]
INFO: [ template_filter ] --END-- [ RunTime:0.000903s ]
INFO: Run Behavior\ParseTemplateBehavior [ RunTime:0.026332s ]
INFO: [ view_parse ] --END-- [ RunTime:0.026637s ]
INFO: [ view_filter ] --START--
INFO: Run Behavior\WriteHtmlCacheBehavior [ RunTime:0.001860s ]
INFO: [ view_filter ] --END-- [ RunTime:0.002154s ]
INFO: [ app_end ] --START--
INFO: Run Behavior\ShowPageTraceBehavior [ RunTime:0.003078s ]
INFO: [ app_end ] --END-- [ RunTime:0.003439s ]

[ 2018-05-28T20:21:39+08:00 ] 127.0.0.1 /manager.php/Paper/add_random
INFO: [ app_init ] --START--
INFO: Run Behavior\BuildLiteBehavior [ RunTime:0.000057s ]
INFO: [ app_init ] --END-- [ RunTime:0.000930s ]
INFO: [ app_begin ] --START--
INFO: Run Behavior\ReadHtmlCacheBehavior [ RunTime:0.002514s ]
INFO: [ app_begin ] --END-- [ RunTime:0.002795s ]
SQL: SHOW COLUMNS FROM `jt_role` [ RunTime:0.0204s ]
SQL: SELECT * FROM `jt_role` WHERE `id` = 0 LIMIT 1   [ RunTime:0.0006s ]
INFO: [ app_end ] --START--
INFO: Run Behavior\ShowPageTraceBehavior [ RunTime:0.002079s ]
INFO: [ app_end ] --END-- [ RunTime:0.002296s ]

[ 2018-05-28T20:22:20+08:00 ] 127.0.0.1 /manager.php/Paper/add_random
INFO: [ app_init ] --START--
INFO: Run Behavior\BuildLiteBehavior [ RunTime:0.000056s ]
INFO: [ app_init ] --END-- [ RunTime:0.000867s ]
INFO: [ app_begin ] --START--
INFO: Run Behavior\ReadHtmlCacheBehavior [ RunTime:0.001986s ]
INFO: [ app_begin ] --END-- [ RunTime:0.002306s ]
SQL: SHOW COLUMNS FROM `jt_role` [ RunTime:0.0213s ]
SQL: SELECT * FROM `jt_role` WHERE `id` = 0 LIMIT 1   [ RunTime:0.0004s ]
SQL: SHOW COLUMNS FROM `jt_course` [ RunTime:0.0199s ]
SQL: SELECT * FROM `jt_course`  [ RunTime:0.0006s ]
SQL: SHOW COLUMNS FROM `jt_user` [ RunTime:0.0220s ]
SQL: SELECT * FROM `jt_user` WHERE ( role_id=1 )  [ RunTime:0.0008s ]
INFO: [ view_parse ] --START--
INFO: [ template_filter ] --START--
INFO: Run Behavior\ContentReplaceBehavior [ RunTime:0.000521s ]
INFO: [ template_filter ] --END-- [ RunTime:0.000797s ]
INFO: Run Behavior\ParseTemplateBehavior [ RunTime:0.027044s ]
INFO: [ view_parse ] --END-- [ RunTime:0.027336s ]
INFO: [ view_filter ] --START--
INFO: Run Behavior\WriteHtmlCacheBehavior [ RunTime:0.001855s ]
INFO: [ view_filter ] --END-- [ RunTime:0.002097s ]
INFO: [ app_end ] --START--
INFO: Run Behavior\ShowPageTraceBehavior [ RunTime:0.003490s ]
INFO: [ app_end ] --END-- [ RunTime:0.003754s ]

[ 2018-05-28T20:22:28+08:00 ] 127.0.0.1 /manager.php/Paper/add_random
INFO: [ app_init ] --START--
INFO: Run Behavior\BuildLiteBehavior [ RunTime:0.000085s ]
INFO: [ app_init ] --END-- [ RunTime:0.001407s ]
INFO: [ app_begin ] --START--
INFO: Run Behavior\ReadHtmlCacheBehavior [ RunTime:0.002502s ]
INFO: [ app_begin ] --END-- [ RunTime:0.002807s ]
SQL: SHOW COLUMNS FROM `jt_role` [ RunTime:0.0339s ]
SQL: SELECT * FROM `jt_role` WHERE `id` = 0 LIMIT 1   [ RunTime:0.0004s ]

[ 2018-05-28T20:22:38+08:00 ] 127.0.0.1 /manager.php/Paper/add_random
INFO: [ app_init ] --START--
INFO: Run Behavior\BuildLiteBehavior [ RunTime:0.000057s ]
INFO: [ app_init ] --END-- [ RunTime:0.000974s ]
INFO: [ app_begin ] --START--
INFO: Run Behavior\ReadHtmlCacheBehavior [ RunTime:0.002328s ]
INFO: [ app_begin ] --END-- [ RunTime:0.002639s ]
SQL: SHOW COLUMNS FROM `jt_role` [ RunTime:0.0267s ]
SQL: SELECT * FROM `jt_role` WHERE `id` = 0 LIMIT 1   [ RunTime:0.0004s ]

[ 2018-05-28T20:28:28+08:00 ] 127.0.0.1 /manager.php/Paper/add_random
INFO: [ app_init ] --START--
INFO: Run Behavior\BuildLiteBehavior [ RunTime:0.000070s ]
INFO: [ app_init ] --END-- [ RunTime:0.001217s ]
INFO: [ app_begin ] --START--
INFO: Run Behavior\ReadHtmlCacheBehavior [ RunTime:0.002359s ]
INFO: [ app_begin ] --END-- [ RunTime:0.002690s ]
SQL: SHOW COLUMNS FROM `jt_role` [ RunTime:0.0231s ]
SQL: SELECT * FROM `jt_role` WHERE `id` = 0 LIMIT 1   [ RunTime:0.0009s ]
SQL: SHOW COLUMNS FROM `jt_course` [ RunTime:0.0240s ]
SQL: SELECT * FROM `jt_course`  [ RunTime:0.0006s ]
SQL: SHOW COLUMNS FROM `jt_user` [ RunTime:0.0234s ]
SQL: SELECT * FROM `jt_user` WHERE ( role_id=1 )  [ RunTime:0.0008s ]
INFO: [ view_parse ] --START--
INFO: [ template_filter ] --START--
INFO: Run Behavior\ContentReplaceBehavior [ RunTime:0.000672s ]
INFO: [ template_filter ] --END-- [ RunTime:0.001013s ]
INFO: Run Behavior\ParseTemplateBehavior [ RunTime:0.031719s ]
INFO: [ view_parse ] --END-- [ RunTime:0.032110s ]
INFO: [ view_filter ] --START--
INFO: Run Behavior\WriteHtmlCacheBehavior [ RunTime:0.002358s ]
INFO: [ view_filter ] --END-- [ RunTime:0.002685s ]
INFO: [ app_end ] --START--
INFO: Run Behavior\ShowPageTraceBehavior [ RunTime:0.002909s ]
INFO: [ app_end ] --END-- [ RunTime:0.003355s ]

[ 2018-05-28T20:28:37+08:00 ] 127.0.0.1 /manager.php/Paper/add_random
INFO: [ app_init ] --START--
INFO: Run Behavior\BuildLiteBehavior [ RunTime:0.000058s ]
INFO: [ app_init ] --END-- [ RunTime:0.001075s ]
INFO: [ app_begin ] --START--
INFO: Run Behavior\ReadHtmlCacheBehavior [ RunTime:0.001987s ]
INFO: [ app_begin ] --END-- [ RunTime:0.002248s ]
SQL: SHOW COLUMNS FROM `jt_role` [ RunTime:0.0260s ]
SQL: SELECT * FROM `jt_role` WHERE `id` = 0 LIMIT 1   [ RunTime:0.0004s ]
SQL: SHOW COLUMNS FROM `jt_ques_single` [ RunTime:0.0205s ]
SQL: SELECT COUNT(*) AS tp_count FROM `jt_ques_single` WHERE ( is_show=0 and difficulty=1 and course_id=147 ) LIMIT 1   [ RunTime:0.0008s ]
SQL: SELECT COUNT(*) AS tp_count FROM `jt_ques_single` WHERE ( is_show=0 and difficulty=2 and course_id=147 ) LIMIT 1   [ RunTime:0.0004s ]
SQL: SELECT COUNT(*) AS tp_count FROM `jt_ques_single` WHERE ( is_show=0 and difficulty=3 and course_id=147 ) LIMIT 1   [ RunTime:0.0006s ]
SQL: SHOW COLUMNS FROM `jt_ques_double` [ RunTime:0.0205s ]
SQL: SELECT COUNT(*) AS tp_count FROM `jt_ques_double` WHERE ( is_show=0 and difficulty=1 and course_id=147 ) LIMIT 1   [ RunTime:0.0209s ]
SQL: SELECT COUNT(*) AS tp_count FROM `jt_ques_double` WHERE ( is_show=0 and difficulty=2 and course_id=147 ) LIMIT 1   [ RunTime:0.0008s ]
SQL: SELECT COUNT(*) AS tp_count FROM `jt_ques_double` WHERE ( is_show=0 and difficulty=3 and course_id=147 ) LIMIT 1   [ RunTime:0.0008s ]
SQL: SHOW COLUMNS FROM `jt_ques_judge` [ RunTime:0.0195s ]
SQL: SELECT COUNT(*) AS tp_count FROM `jt_ques_judge` WHERE ( is_show=0 and difficulty=1 and course_id=147 ) LIMIT 1   [ RunTime:0.0129s ]
SQL: SELECT COUNT(*) AS tp_count FROM `jt_ques_judge` WHERE ( is_show=0 and difficulty=2 and course_id=147 ) LIMIT 1   [ RunTime:0.0009s ]
SQL: SELECT COUNT(*) AS tp_count FROM `jt_ques_judge` WHERE ( is_show=0 and difficulty=3 and course_id=147 ) LIMIT 1   [ RunTime:0.0011s ]
SQL: SHOW COLUMNS FROM `jt_ques_subj` [ RunTime:0.0199s ]
SQL: SELECT COUNT(*) AS tp_count FROM `jt_ques_subj` WHERE ( difficulty=1 and course_id=147 ) LIMIT 1   [ RunTime:0.0006s ]
SQL: SELECT COUNT(*) AS tp_count FROM `jt_ques_subj` WHERE ( difficulty=2 and course_id=147 ) LIMIT 1   [ RunTime:0.0003s ]
SQL: SELECT COUNT(*) AS tp_count FROM `jt_ques_subj` WHERE ( difficulty=3 and course_id=147 ) LIMIT 1   [ RunTime:0.0002s ]

[ 2018-05-28T20:37:46+08:00 ] 127.0.0.1 /manager.php/Paper/add_random
INFO: [ app_init ] --START--
INFO: Run Behavior\BuildLiteBehavior [ RunTime:0.000056s ]
INFO: [ app_init ] --END-- [ RunTime:0.001295s ]
INFO: [ app_begin ] --START--
INFO: Run Behavior\ReadHtmlCacheBehavior [ RunTime:0.001853s ]
INFO: [ app_begin ] --END-- [ RunTime:0.002142s ]
SQL: SHOW COLUMNS FROM `jt_role` [ RunTime:0.0224s ]
SQL: SELECT * FROM `jt_role` WHERE `id` = 0 LIMIT 1   [ RunTime:0.0005s ]
SQL: SHOW COLUMNS FROM `jt_course` [ RunTime:0.0252s ]
SQL: SELECT * FROM `jt_course`  [ RunTime:0.0007s ]
SQL: SHOW COLUMNS FROM `jt_user` [ RunTime:0.0249s ]
SQL: SELECT * FROM `jt_user` WHERE ( role_id=1 )  [ RunTime:0.0009s ]
INFO: [ view_parse ] --START--
INFO: [ template_filter ] --START--
INFO: Run Behavior\ContentReplaceBehavior [ RunTime:0.000580s ]
INFO: [ template_filter ] --END-- [ RunTime:0.000861s ]
INFO: Run Behavior\ParseTemplateBehavior [ RunTime:0.026911s ]
INFO: [ view_parse ] --END-- [ RunTime:0.027226s ]
INFO: [ view_filter ] --START--
INFO: Run Behavior\WriteHtmlCacheBehavior [ RunTime:0.001555s ]
INFO: [ view_filter ] --END-- [ RunTime:0.001790s ]
INFO: [ app_end ] --START--
INFO: Run Behavior\ShowPageTraceBehavior [ RunTime:0.002927s ]
INFO: [ app_end ] --END-- [ RunTime:0.003296s ]

[ 2018-05-28T20:37:50+08:00 ] 127.0.0.1 /manager.php/Paper/add_random
INFO: [ app_init ] --START--
INFO: Run Behavior\BuildLiteBehavior [ RunTime:0.000057s ]
INFO: [ app_init ] --END-- [ RunTime:0.000866s ]
INFO: [ app_begin ] --START--
INFO: Run Behavior\ReadHtmlCacheBehavior [ RunTime:0.002076s ]
INFO: [ app_begin ] --END-- [ RunTime:0.002328s ]
SQL: SHOW COLUMNS FROM `jt_role` [ RunTime:0.0448s ]
SQL: SELECT * FROM `jt_role` WHERE `id` = 0 LIMIT 1   [ RunTime:0.0004s ]
SQL: SHOW COLUMNS FROM `jt_ques_single` [ RunTime:0.0227s ]
SQL: SELECT COUNT(*) AS tp_count FROM `jt_ques_single` WHERE ( is_show=0 and difficulty=1 and course_id=147 ) LIMIT 1   [ RunTime:0.0007s ]
SQL: SELECT COUNT(*) AS tp_count FROM `jt_ques_single` WHERE ( is_show=0 and difficulty=2 and course_id=147 ) LIMIT 1   [ RunTime:0.0005s ]
SQL: SELECT COUNT(*) AS tp_count FROM `jt_ques_single` WHERE ( is_show=0 and difficulty=3 and course_id=147 ) LIMIT 1   [ RunTime:0.0008s ]
SQL: SHOW COLUMNS FROM `jt_ques_double` [ RunTime:0.0226s ]
SQL: SELECT COUNT(*) AS tp_count FROM `jt_ques_double` WHERE ( is_show=0 and difficulty=1 and course_id=147 ) LIMIT 1   [ RunTime:0.0007s ]
SQL: SELECT COUNT(*) AS tp_count FROM `jt_ques_double` WHERE ( is_show=0 and difficulty=2 and course_id=147 ) LIMIT 1   [ RunTime:0.0003s ]
SQL: SELECT COUNT(*) AS tp_count FROM `jt_ques_double` WHERE ( is_show=0 and difficulty=3 and course_id=147 ) LIMIT 1   [ RunTime:0.0003s ]
SQL: SHOW COLUMNS FROM `jt_ques_judge` [ RunTime:0.0215s ]
SQL: SELECT COUNT(*) AS tp_count FROM `jt_ques_judge` WHERE ( is_show=0 and difficulty=1 and course_id=147 ) LIMIT 1   [ RunTime:0.0007s ]
SQL: SELECT COUNT(*) AS tp_count FROM `jt_ques_judge` WHERE ( is_show=0 and difficulty=2 and course_id=147 ) LIMIT 1   [ RunTime:0.0007s ]
SQL: SELECT COUNT(*) AS tp_count FROM `jt_ques_judge` WHERE ( is_show=0 and difficulty=3 and course_id=147 ) LIMIT 1   [ RunTime:0.0006s ]
SQL: SHOW COLUMNS FROM `jt_ques_subj` [ RunTime:0.0219s ]
SQL: SELECT COUNT(*) AS tp_count FROM `jt_ques_subj` WHERE ( difficulty=1 and course_id=147 ) LIMIT 1   [ RunTime:0.0005s ]
SQL: SELECT COUNT(*) AS tp_count FROM `jt_ques_subj` WHERE ( difficulty=2 and course_id=147 ) LIMIT 1   [ RunTime:0.0002s ]
SQL: SELECT COUNT(*) AS tp_count FROM `jt_ques_subj` WHERE ( difficulty=3 and course_id=147 ) LIMIT 1   [ RunTime:0.0002s ]

[ 2018-05-28T20:39:45+08:00 ] 127.0.0.1 /manager.php/Paper/add_random
INFO: [ app_init ] --START--
INFO: Run Behavior\BuildLiteBehavior [ RunTime:0.000057s ]
INFO: [ app_init ] --END-- [ RunTime:0.000950s ]
INFO: [ app_begin ] --START--
INFO: Run Behavior\ReadHtmlCacheBehavior [ RunTime:0.002268s ]
INFO: [ app_begin ] --END-- [ RunTime:0.002627s ]
SQL: SHOW COLUMNS FROM `jt_role` [ RunTime:0.0214s ]
SQL: SELECT * FROM `jt_role` WHERE `id` = 0 LIMIT 1   [ RunTime:0.0005s ]
SQL: SHOW COLUMNS FROM `jt_course` [ RunTime:0.0217s ]
SQL: SELECT * FROM `jt_course`  [ RunTime:0.0006s ]
SQL: SHOW COLUMNS FROM `jt_user` [ RunTime:0.0230s ]
SQL: SELECT * FROM `jt_user` WHERE ( role_id=1 )  [ RunTime:0.0007s ]
INFO: [ view_parse ] --START--
INFO: [ template_filter ] --START--
INFO: Run Behavior\ContentReplaceBehavior [ RunTime:0.000683s ]
INFO: [ template_filter ] --END-- [ RunTime:0.000996s ]
INFO: Run Behavior\ParseTemplateBehavior [ RunTime:0.031929s ]
INFO: [ view_parse ] --END-- [ RunTime:0.032287s ]
INFO: [ view_filter ] --START--
INFO: Run Behavior\WriteHtmlCacheBehavior [ RunTime:0.001914s ]
INFO: [ view_filter ] --END-- [ RunTime:0.002478s ]
INFO: [ app_end ] --START--
INFO: Run Behavior\ShowPageTraceBehavior [ RunTime:0.003147s ]
INFO: [ app_end ] --END-- [ RunTime:0.003659s ]

[ 2018-05-28T20:39:49+08:00 ] 127.0.0.1 /manager.php/Paper/add_random
INFO: [ app_init ] --START--
INFO: Run Behavior\BuildLiteBehavior [ RunTime:0.000059s ]
INFO: [ app_init ] --END-- [ RunTime:0.001032s ]
INFO: [ app_begin ] --START--
INFO: Run Behavior\ReadHtmlCacheBehavior [ RunTime:0.001877s ]
INFO: [ app_begin ] --END-- [ RunTime:0.002107s ]
SQL: SHOW COLUMNS FROM `jt_role` [ RunTime:0.0186s ]
SQL: SELECT * FROM `jt_role` WHERE `id` = 0 LIMIT 1   [ RunTime:0.0006s ]
SQL: SHOW COLUMNS FROM `jt_ques_single` [ RunTime:0.1542s ]
SQL: SELECT COUNT(*) AS tp_count FROM `jt_ques_single` WHERE ( is_show=0 and difficulty=1 and course_id=147 ) LIMIT 1   [ RunTime:0.0014s ]
SQL: SELECT COUNT(*) AS tp_count FROM `jt_ques_single` WHERE ( is_show=0 and difficulty=2 and course_id=147 ) LIMIT 1   [ RunTime:0.0010s ]
SQL: SELECT COUNT(*) AS tp_count FROM `jt_ques_single` WHERE ( is_show=0 and difficulty=3 and course_id=147 ) LIMIT 1   [ RunTime:0.0008s ]
SQL: SHOW COLUMNS FROM `jt_ques_double` [ RunTime:0.1697s ]
SQL: SELECT COUNT(*) AS tp_count FROM `jt_ques_double` WHERE ( is_show=0 and difficulty=1 and course_id=147 ) LIMIT 1   [ RunTime:0.0011s ]
SQL: SELECT COUNT(*) AS tp_count FROM `jt_ques_double` WHERE ( is_show=0 and difficulty=2 and course_id=147 ) LIMIT 1   [ RunTime:0.0003s ]
SQL: SELECT COUNT(*) AS tp_count FROM `jt_ques_double` WHERE ( is_show=0 and difficulty=3 and course_id=147 ) LIMIT 1   [ RunTime:0.0003s ]
SQL: SHOW COLUMNS FROM `jt_ques_judge` [ RunTime:0.0234s ]
SQL: SELECT COUNT(*) AS tp_count FROM `jt_ques_judge` WHERE ( is_show=0 and difficulty=1 and course_id=147 ) LIMIT 1   [ RunTime:0.0007s ]
SQL: SELECT COUNT(*) AS tp_count FROM `jt_ques_judge` WHERE ( is_show=0 and difficulty=2 and course_id=147 ) LIMIT 1   [ RunTime:0.0006s ]
SQL: SELECT COUNT(*) AS tp_count FROM `jt_ques_judge` WHERE ( is_show=0 and difficulty=3 and course_id=147 ) LIMIT 1   [ RunTime:0.0006s ]
SQL: SHOW COLUMNS FROM `jt_ques_subj` [ RunTime:0.0933s ]
SQL: SELECT COUNT(*) AS tp_count FROM `jt_ques_subj` WHERE ( difficulty=1 and course_id=147 ) LIMIT 1   [ RunTime:0.0005s ]
SQL: SELECT COUNT(*) AS tp_count FROM `jt_ques_subj` WHERE ( difficulty=2 and course_id=147 ) LIMIT 1   [ RunTime:0.0009s ]
SQL: SELECT COUNT(*) AS tp_count FROM `jt_ques_subj` WHERE ( difficulty=3 and course_id=147 ) LIMIT 1   [ RunTime:0.0006s ]

[ 2018-05-28T20:45:06+08:00 ] 127.0.0.1 /manager.php/Paper/add_random
INFO: [ app_init ] --START--
INFO: Run Behavior\BuildLiteBehavior [ RunTime:0.000053s ]
INFO: [ app_init ] --END-- [ RunTime:0.001015s ]
INFO: [ app_begin ] --START--
INFO: Run Behavior\ReadHtmlCacheBehavior [ RunTime:0.001712s ]
INFO: [ app_begin ] --END-- [ RunTime:0.001971s ]
SQL: SHOW COLUMNS FROM `jt_role` [ RunTime:0.0321s ]
SQL: SELECT * FROM `jt_role` WHERE `id` = 0 LIMIT 1   [ RunTime:0.0005s ]
SQL: SHOW COLUMNS FROM `jt_course` [ RunTime:0.0205s ]
SQL: SELECT * FROM `jt_course`  [ RunTime:0.0006s ]
SQL: SHOW COLUMNS FROM `jt_user` [ RunTime:0.0206s ]
SQL: SELECT * FROM `jt_user` WHERE ( role_id=1 )  [ RunTime:0.0007s ]
INFO: [ view_parse ] --START--
INFO: [ template_filter ] --START--
INFO: Run Behavior\ContentReplaceBehavior [ RunTime:0.000607s ]
INFO: [ template_filter ] --END-- [ RunTime:0.000927s ]
INFO: Run Behavior\ParseTemplateBehavior [ RunTime:0.026967s ]
INFO: [ view_parse ] --END-- [ RunTime:0.027283s ]
INFO: [ view_filter ] --START--
INFO: Run Behavior\WriteHtmlCacheBehavior [ RunTime:0.001713s ]
INFO: [ view_filter ] --END-- [ RunTime:0.001975s ]
INFO: [ app_end ] --START--
INFO: Run Behavior\ShowPageTraceBehavior [ RunTime:0.002264s ]
INFO: [ app_end ] --END-- [ RunTime:0.002551s ]

[ 2018-05-28T20:45:12+08:00 ] 127.0.0.1 /manager.php/Paper/add_random
INFO: [ app_init ] --START--
INFO: Run Behavior\BuildLiteBehavior [ RunTime:0.000059s ]
INFO: [ app_init ] --END-- [ RunTime:0.001009s ]
INFO: [ app_begin ] --START--
INFO: Run Behavior\ReadHtmlCacheBehavior [ RunTime:0.001746s ]
INFO: [ app_begin ] --END-- [ RunTime:0.002014s ]
SQL: SHOW COLUMNS FROM `jt_role` [ RunTime:0.0189s ]
SQL: SELECT * FROM `jt_role` WHERE `id` = 0 LIMIT 1   [ RunTime:0.0005s ]
SQL: SHOW COLUMNS FROM `jt_course` [ RunTime:0.0204s ]
SQL: SELECT * FROM `jt_course`  [ RunTime:0.0005s ]
SQL: SHOW COLUMNS FROM `jt_user` [ RunTime:0.0207s ]
SQL: SELECT * FROM `jt_user` WHERE ( role_id=1 )  [ RunTime:0.0006s ]
INFO: [ view_parse ] --START--
INFO: [ template_filter ] --START--
INFO: Run Behavior\ContentReplaceBehavior [ RunTime:0.000543s ]
INFO: [ template_filter ] --END-- [ RunTime:0.000800s ]
INFO: Run Behavior\ParseTemplateBehavior [ RunTime:0.027438s ]
INFO: [ view_parse ] --END-- [ RunTime:0.027733s ]
INFO: [ view_filter ] --START--
INFO: Run Behavior\WriteHtmlCacheBehavior [ RunTime:0.001520s ]
INFO: [ view_filter ] --END-- [ RunTime:0.001803s ]
INFO: [ app_end ] --START--
INFO: Run Behavior\ShowPageTraceBehavior [ RunTime:0.003134s ]
INFO: [ app_end ] --END-- [ RunTime:0.003423s ]

[ 2018-05-28T20:45:17+08:00 ] 127.0.0.1 /manager.php/Paper/add_random
INFO: [ app_init ] --START--
INFO: Run Behavior\BuildLiteBehavior [ RunTime:0.000050s ]
INFO: [ app_init ] --END-- [ RunTime:0.000813s ]
INFO: [ app_begin ] --START--
INFO: Run Behavior\ReadHtmlCacheBehavior [ RunTime:0.001864s ]
INFO: [ app_begin ] --END-- [ RunTime:0.002143s ]
SQL: SHOW COLUMNS FROM `jt_role` [ RunTime:0.0269s ]
SQL: SELECT * FROM `jt_role` WHERE `id` = 0 LIMIT 1   [ RunTime:0.0005s ]
SQL: SHOW COLUMNS FROM `jt_course` [ RunTime:0.0233s ]
SQL: SELECT * FROM `jt_course`  [ RunTime:0.0006s ]
SQL: SHOW COLUMNS FROM `jt_user` [ RunTime:0.0240s ]
SQL: SELECT * FROM `jt_user` WHERE ( role_id=1 )  [ RunTime:0.0007s ]
INFO: [ view_parse ] --START--
INFO: [ template_filter ] --START--
INFO: Run Behavior\ContentReplaceBehavior [ RunTime:0.000571s ]
INFO: [ template_filter ] --END-- [ RunTime:0.000844s ]
INFO: Run Behavior\ParseTemplateBehavior [ RunTime:0.027070s ]
INFO: [ view_parse ] --END-- [ RunTime:0.027416s ]
INFO: [ view_filter ] --START--
INFO: Run Behavior\WriteHtmlCacheBehavior [ RunTime:0.001465s ]
INFO: [ view_filter ] --END-- [ RunTime:0.001682s ]
INFO: [ app_end ] --START--
INFO: Run Behavior\ShowPageTraceBehavior [ RunTime:0.002938s ]
INFO: [ app_end ] --END-- [ RunTime:0.003304s ]

[ 2018-05-28T20:45:45+08:00 ] 127.0.0.1 /manager.php/Paper/add_random
INFO: [ app_init ] --START--
INFO: Run Behavior\BuildLiteBehavior [ RunTime:0.000055s ]
INFO: [ app_init ] --END-- [ RunTime:0.001268s ]
INFO: [ app_begin ] --START--
INFO: Run Behavior\ReadHtmlCacheBehavior [ RunTime:0.002188s ]
INFO: [ app_begin ] --END-- [ RunTime:0.002655s ]
SQL: SHOW COLUMNS FROM `jt_role` [ RunTime:0.1519s ]
SQL: SELECT * FROM `jt_role` WHERE `id` = 0 LIMIT 1   [ RunTime:0.0008s ]
SQL: SHOW COLUMNS FROM `jt_course` [ RunTime:0.0207s ]
SQL: SELECT * FROM `jt_course`  [ RunTime:0.0004s ]
SQL: SHOW COLUMNS FROM `jt_user` [ RunTime:0.0215s ]
SQL: SELECT * FROM `jt_user` WHERE ( role_id=1 )  [ RunTime:0.0006s ]
INFO: [ view_parse ] --START--
INFO: [ template_filter ] --START--
INFO: Run Behavior\ContentReplaceBehavior [ RunTime:0.000678s ]
INFO: [ template_filter ] --END-- [ RunTime:0.000967s ]
INFO: Run Behavior\ParseTemplateBehavior [ RunTime:0.038706s ]
INFO: [ view_parse ] --END-- [ RunTime:0.038965s ]
INFO: [ view_filter ] --START--
INFO: Run Behavior\WriteHtmlCacheBehavior [ RunTime:0.001577s ]
INFO: [ view_filter ] --END-- [ RunTime:0.001829s ]
INFO: [ app_end ] --START--
INFO: Run Behavior\ShowPageTraceBehavior [ RunTime:0.002276s ]
INFO: [ app_end ] --END-- [ RunTime:0.002644s ]

[ 2018-05-28T20:45:51+08:00 ] 127.0.0.1 /manager.php/Paper/add_random
INFO: [ app_init ] --START--
INFO: Run Behavior\BuildLiteBehavior [ RunTime:0.000067s ]
INFO: [ app_init ] --END-- [ RunTime:0.001256s ]
INFO: [ app_begin ] --START--
INFO: Run Behavior\ReadHtmlCacheBehavior [ RunTime:0.002063s ]
INFO: [ app_begin ] --END-- [ RunTime:0.002305s ]
SQL: SHOW COLUMNS FROM `jt_role` [ RunTime:0.0212s ]
SQL: SELECT * FROM `jt_role` WHERE `id` = 0 LIMIT 1   [ RunTime:0.0004s ]
SQL: SHOW COLUMNS FROM `jt_ques_single` [ RunTime:0.0246s ]
SQL: SELECT COUNT(*) AS tp_count FROM `jt_ques_single` WHERE ( is_show=0 and difficulty=1 and course_id=147 ) LIMIT 1   [ RunTime:0.0007s ]
SQL: SELECT COUNT(*) AS tp_count FROM `jt_ques_single` WHERE ( is_show=0 and difficulty=2 and course_id=147 ) LIMIT 1   [ RunTime:0.0006s ]
SQL: SELECT COUNT(*) AS tp_count FROM `jt_ques_single` WHERE ( is_show=0 and difficulty=3 and course_id=147 ) LIMIT 1   [ RunTime:0.0005s ]
SQL: SHOW COLUMNS FROM `jt_ques_double` [ RunTime:0.0218s ]
SQL: SELECT COUNT(*) AS tp_count FROM `jt_ques_double` WHERE ( is_show=0 and difficulty=1 and course_id=147 ) LIMIT 1   [ RunTime:0.0005s ]
SQL: SELECT COUNT(*) AS tp_count FROM `jt_ques_double` WHERE ( is_show=0 and difficulty=2 and course_id=147 ) LIMIT 1   [ RunTime:0.0002s ]
SQL: SELECT COUNT(*) AS tp_count FROM `jt_ques_double` WHERE ( is_show=0 and difficulty=3 and course_id=147 ) LIMIT 1   [ RunTime:0.0003s ]
SQL: SHOW COLUMNS FROM `jt_ques_judge` [ RunTime:0.0216s ]
SQL: SELECT COUNT(*) AS tp_count FROM `jt_ques_judge` WHERE ( is_show=0 and difficulty=1 and course_id=147 ) LIMIT 1   [ RunTime:0.0007s ]
SQL: SELECT COUNT(*) AS tp_count FROM `jt_ques_judge` WHERE ( is_show=0 and difficulty=2 and course_id=147 ) LIMIT 1   [ RunTime:0.0004s ]
SQL: SELECT COUNT(*) AS tp_count FROM `jt_ques_judge` WHERE ( is_show=0 and difficulty=3 and course_id=147 ) LIMIT 1   [ RunTime:0.0003s ]
SQL: SHOW COLUMNS FROM `jt_ques_subj` [ RunTime:0.0220s ]
SQL: SELECT COUNT(*) AS tp_count FROM `jt_ques_subj` WHERE ( difficulty=1 and course_id=147 ) LIMIT 1   [ RunTime:0.0006s ]
SQL: SELECT COUNT(*) AS tp_count FROM `jt_ques_subj` WHERE ( difficulty=2 and course_id=147 ) LIMIT 1   [ RunTime:0.0007s ]
SQL: SELECT COUNT(*) AS tp_count FROM `jt_ques_subj` WHERE ( difficulty=3 and course_id=147 ) LIMIT 1   [ RunTime:0.0003s ]

[ 2018-05-28T20:50:52+08:00 ] 127.0.0.1 /manager.php/Paper/add_random
INFO: [ app_init ] --START--
INFO: Run Behavior\BuildLiteBehavior [ RunTime:0.000059s ]
INFO: [ app_init ] --END-- [ RunTime:0.001497s ]
INFO: [ app_begin ] --START--
INFO: Run Behavior\ReadHtmlCacheBehavior [ RunTime:0.002595s ]
INFO: [ app_begin ] --END-- [ RunTime:0.002897s ]
SQL: SHOW COLUMNS FROM `jt_role` [ RunTime:0.0181s ]
SQL: SELECT * FROM `jt_role` WHERE `id` = 0 LIMIT 1   [ RunTime:0.0004s ]
SQL: SHOW COLUMNS FROM `jt_course` [ RunTime:0.0206s ]
SQL: SELECT * FROM `jt_course`  [ RunTime:0.0006s ]
SQL: SHOW COLUMNS FROM `jt_user` [ RunTime:0.0200s ]
SQL: SELECT * FROM `jt_user` WHERE ( role_id=1 )  [ RunTime:0.0005s ]
INFO: [ view_parse ] --START--
INFO: [ template_filter ] --START--
INFO: Run Behavior\ContentReplaceBehavior [ RunTime:0.000608s ]
INFO: [ template_filter ] --END-- [ RunTime:0.000888s ]
INFO: Run Behavior\ParseTemplateBehavior [ RunTime:0.027268s ]
INFO: [ view_parse ] --END-- [ RunTime:0.027605s ]
INFO: [ view_filter ] --START--
INFO: Run Behavior\WriteHtmlCacheBehavior [ RunTime:0.001648s ]
INFO: [ view_filter ] --END-- [ RunTime:0.001897s ]
INFO: [ app_end ] --START--
INFO: Run Behavior\ShowPageTraceBehavior [ RunTime:0.003191s ]
INFO: [ app_end ] --END-- [ RunTime:0.003492s ]

[ 2018-05-28T20:50:56+08:00 ] 127.0.0.1 /manager.php/Paper/add_random
INFO: [ app_init ] --START--
INFO: Run Behavior\BuildLiteBehavior [ RunTime:0.000091s ]
INFO: [ app_init ] --END-- [ RunTime:0.001267s ]
INFO: [ app_begin ] --START--
INFO: Run Behavior\ReadHtmlCacheBehavior [ RunTime:0.003031s ]
INFO: [ app_begin ] --END-- [ RunTime:0.003342s ]
SQL: SHOW COLUMNS FROM `jt_role` [ RunTime:0.1347s ]
SQL: SELECT * FROM `jt_role` WHERE `id` = 0 LIMIT 1   [ RunTime:0.0004s ]
SQL: SHOW COLUMNS FROM `jt_ques_single` [ RunTime:0.0569s ]
SQL: SELECT COUNT(*) AS tp_count FROM `jt_ques_single` WHERE ( is_show=0 and difficulty=1 and course_id=147 ) LIMIT 1   [ RunTime:0.0009s ]
SQL: SELECT COUNT(*) AS tp_count FROM `jt_ques_single` WHERE ( is_show=0 and difficulty=2 and course_id=147 ) LIMIT 1   [ RunTime:0.0004s ]
SQL: SELECT COUNT(*) AS tp_count FROM `jt_ques_single` WHERE ( is_show=0 and difficulty=3 and course_id=147 ) LIMIT 1   [ RunTime:0.0007s ]
SQL: SHOW COLUMNS FROM `jt_ques_double` [ RunTime:0.0217s ]
SQL: SELECT COUNT(*) AS tp_count FROM `jt_ques_double` WHERE ( is_show=0 and difficulty=1 and course_id=147 ) LIMIT 1   [ RunTime:0.0008s ]
SQL: SELECT COUNT(*) AS tp_count FROM `jt_ques_double` WHERE ( is_show=0 and difficulty=2 and course_id=147 ) LIMIT 1   [ RunTime:0.0003s ]
SQL: SELECT COUNT(*) AS tp_count FROM `jt_ques_double` WHERE ( is_show=0 and difficulty=3 and course_id=147 ) LIMIT 1   [ RunTime:0.0006s ]
SQL: SHOW COLUMNS FROM `jt_ques_judge` [ RunTime:0.0217s ]
SQL: SELECT COUNT(*) AS tp_count FROM `jt_ques_judge` WHERE ( is_show=0 and difficulty=1 and course_id=147 ) LIMIT 1   [ RunTime:0.0007s ]
SQL: SELECT COUNT(*) AS tp_count FROM `jt_ques_judge` WHERE ( is_show=0 and difficulty=2 and course_id=147 ) LIMIT 1   [ RunTime:0.0004s ]
SQL: SELECT COUNT(*) AS tp_count FROM `jt_ques_judge` WHERE ( is_show=0 and difficulty=3 and course_id=147 ) LIMIT 1   [ RunTime:0.0003s ]
SQL: SHOW COLUMNS FROM `jt_ques_subj` [ RunTime:0.0212s ]
SQL: SELECT COUNT(*) AS tp_count FROM `jt_ques_subj` WHERE ( difficulty=1 and course_id=147 ) LIMIT 1   [ RunTime:0.0005s ]
SQL: SELECT COUNT(*) AS tp_count FROM `jt_ques_subj` WHERE ( difficulty=2 and course_id=147 ) LIMIT 1   [ RunTime:0.0009s ]
SQL: SELECT COUNT(*) AS tp_count FROM `jt_ques_subj` WHERE ( difficulty=3 and course_id=147 ) LIMIT 1   [ RunTime:0.0008s ]

[ 2018-05-28T20:52:07+08:00 ] 127.0.0.1 /manager.php/Paper/add_random
INFO: [ app_init ] --START--
INFO: Run Behavior\BuildLiteBehavior [ RunTime:0.000056s ]
INFO: [ app_init ] --END-- [ RunTime:0.001208s ]
INFO: [ app_begin ] --START--
INFO: Run Behavior\ReadHtmlCacheBehavior [ RunTime:0.002054s ]
INFO: [ app_begin ] --END-- [ RunTime:0.002351s ]
SQL: SHOW COLUMNS FROM `jt_role` [ RunTime:0.0205s ]
SQL: SELECT * FROM `jt_role` WHERE `id` = 0 LIMIT 1   [ RunTime:0.0008s ]
SQL: SHOW COLUMNS FROM `jt_course` [ RunTime:0.0299s ]
SQL: SELECT * FROM `jt_course`  [ RunTime:0.0006s ]
SQL: SHOW COLUMNS FROM `jt_user` [ RunTime:0.0283s ]
SQL: SELECT * FROM `jt_user` WHERE ( role_id=1 )  [ RunTime:0.0008s ]
INFO: [ view_parse ] --START--
INFO: [ template_filter ] --START--
INFO: Run Behavior\ContentReplaceBehavior [ RunTime:0.000695s ]
INFO: [ template_filter ] --END-- [ RunTime:0.001056s ]
INFO: Run Behavior\ParseTemplateBehavior [ RunTime:0.030122s ]
INFO: [ view_parse ] --END-- [ RunTime:0.030458s ]
INFO: [ view_filter ] --START--
INFO: Run Behavior\WriteHtmlCacheBehavior [ RunTime:0.002118s ]
INFO: [ view_filter ] --END-- [ RunTime:0.002393s ]
INFO: [ app_end ] --START--
INFO: Run Behavior\ShowPageTraceBehavior [ RunTime:0.002906s ]
INFO: [ app_end ] --END-- [ RunTime:0.003181s ]

